2025-10-03T11:13:24.310Z - info: Website generation started at 19:13:23
2025-10-03T11:13:24.959Z - warn: ENOENT: no such file or directory, open '/Users/damithch/Repos/nus-cs2103/cs2103-website-base/node_modules/.cache/gh-pages/https!github.com!nus-cs2103-AY2526S1!website.git/book/_markbind/variables.md'
2025-10-03T11:13:24.959Z - warn: ENOENT: no such file or directory, open '/Users/damithch/Repos/nus-cs2103/cs2103-website-base/node_modules/.cache/gh-pages/https!github.com!nus-cs2103-AY2526S1!website.git/_markbind/variables.md'
2025-10-03T11:13:24.980Z - info: Building assets...
2025-10-03T11:13:27.598Z - info: Assets built
2025-10-03T11:13:27.598Z - info: Generating pages...
2025-10-03T11:13:32.348Z - debug:  
2025-10-03T11:13:32.545Z - debug:  
2025-10-03T11:13:34.979Z - debug:  
2025-10-03T11:13:34.979Z - debug:  
2025-10-03T11:13:34.979Z - debug:  
2025-10-03T11:13:34.979Z - debug:  
2025-10-03T11:13:34.979Z - debug:  
2025-10-03T11:13:34.979Z - debug:  
2025-10-03T11:13:34.979Z - debug:  
2025-10-03T11:13:34.979Z - debug:  
2025-10-03T11:13:34.979Z - debug:  
2025-10-03T11:13:37.100Z - debug:  
2025-10-03T11:13:37.154Z - debug:  
2025-10-03T11:13:37.157Z - debug:  
2025-10-03T11:13:37.165Z - debug:  
2025-10-03T11:13:37.174Z - debug:  
2025-10-03T11:13:37.197Z - debug:  
2025-10-03T11:13:46.978Z - debug:  
2025-10-03T11:14:44.697Z - debug:  
2025-10-03T11:14:57.328Z - debug:  
2025-10-03T11:14:57.376Z - debug:  
2025-10-03T11:15:06.637Z - info: Pages built
2025-10-03T11:15:06.716Z - info: Site data built
2025-10-03T11:15:06.716Z - info: Website generation complete! Total build time: 103.489s
2025-10-03T11:15:06.716Z - info: Build success!
2025-10-03T11:15:32.633Z - info: The website has been deployed at: https://nus-cs2103-ay2526s1.github.io/website
2025-10-03T15:25:33.411Z - info: Website generation started at 23:25:32
2025-10-03T15:25:33.992Z - warn: ENOENT: no such file or directory, open '/Users/damithch/Repos/nus-cs2103/cs2103-website-base/node_modules/.cache/gh-pages/https!github.com!nus-cs2103-AY2526S1!website.git/book/_markbind/variables.md'
2025-10-03T15:25:33.992Z - warn: ENOENT: no such file or directory, open '/Users/damithch/Repos/nus-cs2103/cs2103-website-base/node_modules/.cache/gh-pages/https!github.com!nus-cs2103-AY2526S1!website.git/_markbind/variables.md'
2025-10-03T15:25:34.011Z - info: Building assets...
2025-10-03T15:25:36.940Z - info: Assets built
2025-10-03T15:25:36.940Z - info: Generating pages...
2025-10-03T15:25:45.650Z - debug:  
2025-10-03T15:25:45.650Z - debug:  
2025-10-03T15:25:45.650Z - debug:  
2025-10-03T15:25:45.650Z - debug:  
2025-10-03T15:25:45.650Z - debug:  
2025-10-03T15:25:45.650Z - debug:  
2025-10-03T15:25:45.650Z - debug:  
2025-10-03T15:25:45.650Z - debug:  
2025-10-03T15:25:45.650Z - debug:  
2025-10-03T15:25:45.650Z - debug:  
2025-10-03T15:25:45.650Z - debug:  
2025-10-03T15:25:48.007Z - debug:  
2025-10-03T15:25:48.038Z - debug:  
2025-10-03T15:25:48.083Z - debug:  
2025-10-03T15:25:48.103Z - debug:  
2025-10-03T15:25:48.116Z - debug:  
2025-10-03T15:25:48.134Z - debug:  
2025-10-03T15:25:58.075Z - debug:  
2025-10-03T15:26:56.289Z - debug:  
2025-10-03T15:27:08.591Z - debug:  
2025-10-03T15:27:08.620Z - debug:  
2025-10-03T15:27:18.269Z - info: Pages built
2025-10-03T15:27:18.345Z - info: Site data built
2025-10-03T15:27:18.346Z - info: Website generation complete! Total build time: 106.142s
2025-10-03T15:27:18.346Z - info: Build success!
2025-10-03T15:27:44.808Z - info: The website has been deployed at: https://nus-cs2103-ay2526s1.github.io/website
2025-10-03T15:37:25.095Z - info: Website generation started at 23:37:23
2025-10-03T15:37:25.529Z - warn: ENOENT: no such file or directory, open '/Users/damithch/Repos/nus-cs2103/cs2103-website-base/node_modules/.cache/gh-pages/https!github.com!nus-cs2103-AY2526S1!website.git/book/_markbind/variables.md'
2025-10-03T15:37:25.530Z - warn: ENOENT: no such file or directory, open '/Users/damithch/Repos/nus-cs2103/cs2103-website-base/node_modules/.cache/gh-pages/https!github.com!nus-cs2103-AY2526S1!website.git/_markbind/variables.md'
2025-10-03T15:37:25.551Z - info: Building assets...
2025-10-03T15:37:28.092Z - info: Assets built
2025-10-03T15:37:28.093Z - info: Generating pages...
2025-10-03T15:37:32.820Z - debug:  
2025-10-03T15:37:32.821Z - debug:  
2025-10-03T15:37:36.294Z - debug:  
2025-10-03T15:37:36.294Z - debug:  
2025-10-03T15:37:36.294Z - debug:  
2025-10-03T15:37:36.294Z - debug:  
2025-10-03T15:37:36.294Z - debug:  
2025-10-03T15:37:36.294Z - debug:  
2025-10-03T15:37:36.294Z - debug:  
2025-10-03T15:37:36.294Z - debug:  
2025-10-03T15:37:36.294Z - debug:  
2025-10-03T15:37:38.466Z - debug:  
2025-10-03T15:37:38.485Z - debug:  
2025-10-03T15:37:38.530Z - debug:  
2025-10-03T15:37:38.550Z - debug:  
2025-10-03T15:37:38.562Z - debug:  
2025-10-03T15:37:38.565Z - debug:  
2025-10-03T15:37:48.313Z - debug:  
2025-10-03T15:38:52.697Z - debug:  
2025-10-03T15:39:06.753Z - debug:  
2025-10-03T15:39:07.103Z - debug:  
2025-10-03T15:39:18.501Z - info: Pages built
2025-10-03T15:39:18.584Z - info: Site data built
2025-10-03T15:39:18.584Z - info: Website generation complete! Total build time: 114.805s
2025-10-03T15:39:18.584Z - info: Build success!
2025-10-03T15:39:44.977Z - info: The website has been deployed at: https://nus-cs2103-ay2526s1.github.io/website
