2025-11-02T17:31:52.543Z - info: Website generation (lazy) started at 01:31:51
2025-11-02T17:31:53.165Z - warn: ENOENT: no such file or directory, open '/Users/damithch/Repos/nus-cs2103/cs2103-website-base/node_modules/.cache/gh-pages/https!github.com!nus-cs2103-AY2526S1!website.git/book/_markbind/variables.md'
2025-11-02T17:31:53.165Z - warn: ENOENT: no such file or directory, open '/Users/damithch/Repos/nus-cs2103/cs2103-website-base/node_modules/.cache/gh-pages/https!github.com!nus-cs2103-AY2526S1!website.git/_markbind/variables.md'
2025-11-02T17:31:53.187Z - info: Building assets...
2025-11-02T17:31:56.494Z - info: Assets built
2025-11-02T17:31:56.494Z - info: Generating landing page...
2025-11-02T17:31:56.930Z - info: Landing page built, other pages will be built as you navigate to them!
2025-11-02T17:31:57.000Z - info: Site data built
2025-11-02T17:31:57.000Z - info: Website generation (lazy) complete! Total build time: 5.542s
2025-11-02T17:31:57.010Z - info: Serving "/Users/damithch/Repos/nus-cs2103/cs2103-website-base/_site" at http://127.0.0.1:8080
2025-11-02T17:31:57.010Z - info: Press CTRL+C to stop ...
2025-11-02T17:32:04.210Z - info: Building /Users/damithch/Repos/nus-cs2103/cs2103-website-base/schedule/week7/index as some of its dependencies were changed since the last visit
2025-11-02T17:32:04.680Z - info: Site data built
2025-11-02T17:32:04.680Z - info: Lazy website regeneration complete! Total build time: 0.471s
2025-11-02T17:32:07.138Z - info: Building /Users/damithch/Repos/nus-cs2103/cs2103-website-base/schedule/week7/project as some of its dependencies were changed since the last visit
2025-11-02T17:32:08.264Z - info: Site data built
2025-11-02T17:32:08.264Z - info: Lazy website regeneration complete! Total build time: 1.126s
2025-11-02T17:33:11.822Z - info: [01:33:11] Reload for file change: /Users/damithch/Repos/nus-cs2103/cs2103-website-base/admin/tp-tasks-fragment.md
2025-11-02T17:33:11.823Z - info: Synchronizing opened pages list before reload
2025-11-02T17:33:11.824Z - info: Current opened pages, from most-to-least recent:
2025-11-02T17:33:11.824Z - info: 1. schedule/week7/project
2025-11-02T17:33:12.837Z - info: Rebuilding 1 pages
2025-11-02T17:33:14.123Z - info: Site data built
2025-11-02T17:33:14.123Z - info: Pages rebuilt
2025-11-02T17:33:14.123Z - info: Website regeneration complete! Total build time: 1.288s
2025-11-02T17:38:18.102Z - info: [01:38:18] Reload for file change: /Users/damithch/Repos/nus-cs2103/cs2103-website-base/admin/tp-tasks-fragment.md
2025-11-02T17:38:18.104Z - info: Synchronizing opened pages list before reload
2025-11-02T17:38:18.105Z - info: Current opened pages, from most-to-least recent:
2025-11-02T17:38:18.105Z - info: 1. schedule/week7/project
2025-11-02T17:38:19.121Z - info: Rebuilding 1 pages
2025-11-02T17:38:20.398Z - info: Site data built
2025-11-02T17:38:20.398Z - info: Pages rebuilt
2025-11-02T17:38:20.398Z - info: Website regeneration complete! Total build time: 1.279s
2025-11-02T17:39:09.826Z - info: [01:39:09] Reload for file change: /Users/damithch/Repos/nus-cs2103/cs2103-website-base/admin/tp-tasks-fragment.md
2025-11-02T17:39:09.828Z - info: Synchronizing opened pages list before reload
2025-11-02T17:39:09.829Z - info: Current opened pages, from most-to-least recent:
2025-11-02T17:39:09.829Z - info: 1. schedule/week7/project
2025-11-02T17:39:10.845Z - info: Rebuilding 1 pages
2025-11-02T17:39:12.061Z - info: Site data built
2025-11-02T17:39:12.061Z - info: Pages rebuilt
2025-11-02T17:39:12.061Z - info: Website regeneration complete! Total build time: 1.218s
2025-11-02T17:39:54.107Z - info: [01:39:54] Reload for file change: /Users/damithch/Repos/nus-cs2103/cs2103-website-base/admin/tp-tasks-fragment.md
2025-11-02T17:39:54.109Z - info: Synchronizing opened pages list before reload
2025-11-02T17:39:54.110Z - info: Current opened pages, from most-to-least recent:
2025-11-02T17:39:54.110Z - info: 1. schedule/week7/project
2025-11-02T17:39:55.124Z - info: Rebuilding 1 pages
2025-11-02T17:39:56.363Z - info: Site data built
2025-11-02T17:39:56.363Z - info: Pages rebuilt
2025-11-02T17:39:56.363Z - info: Website regeneration complete! Total build time: 1.241s
2025-11-02T17:41:01.406Z - info: [01:41:01] Reload for file change: /Users/damithch/Repos/nus-cs2103/cs2103-website-base/admin/tp-tasks-fragment.md
2025-11-02T17:41:01.409Z - info: Synchronizing opened pages list before reload
2025-11-02T17:41:01.410Z - info: Current opened pages, from most-to-least recent:
2025-11-02T17:41:01.410Z - info: 1. schedule/week7/project
2025-11-02T17:41:02.428Z - info: Rebuilding 1 pages
2025-11-02T17:41:03.685Z - info: Site data built
2025-11-02T17:41:03.685Z - info: Pages rebuilt
2025-11-02T17:41:03.685Z - info: Website regeneration complete! Total build time: 1.26s
2025-11-02T17:41:14.364Z - info: Website generation started at 01:41:13
2025-11-02T17:41:14.791Z - warn: ENOENT: no such file or directory, open '/Users/damithch/Repos/nus-cs2103/cs2103-website-base/node_modules/.cache/gh-pages/https!github.com!nus-cs2103-AY2526S1!website.git/book/_markbind/variables.md'
2025-11-02T17:41:14.792Z - warn: ENOENT: no such file or directory, open '/Users/damithch/Repos/nus-cs2103/cs2103-website-base/node_modules/.cache/gh-pages/https!github.com!nus-cs2103-AY2526S1!website.git/_markbind/variables.md'
2025-11-02T17:41:14.811Z - info: Building assets...
2025-11-02T17:41:18.132Z - info: Assets built
2025-11-02T17:41:18.133Z - info: Generating pages...
2025-11-02T17:41:25.123Z - debug:  
2025-11-02T17:41:25.401Z - debug:  
2025-11-02T17:41:25.402Z - debug:  
2025-11-02T17:41:28.636Z - debug:  
2025-11-02T17:41:28.636Z - debug:  
2025-11-02T17:41:28.636Z - debug:  
2025-11-02T17:41:28.636Z - debug:  
2025-11-02T17:41:28.636Z - debug:  
2025-11-02T17:41:28.637Z - debug:  
2025-11-02T17:41:28.637Z - debug:  
2025-11-02T17:41:28.637Z - debug:  
2025-11-02T17:41:28.637Z - debug:  
2025-11-02T17:41:31.042Z - debug:  
2025-11-02T17:41:31.046Z - debug:  
2025-11-02T17:41:31.051Z - debug:  
2025-11-02T17:41:31.061Z - debug:  
2025-11-02T17:41:31.065Z - debug:  
2025-11-02T17:41:31.103Z - debug:  
2025-11-02T17:41:41.557Z - debug:  
2025-11-02T17:42:44.057Z - debug:  
2025-11-02T17:42:56.903Z - debug:  
2025-11-02T17:42:56.973Z - debug:  
2025-11-02T17:43:06.610Z - info: Pages built
2025-11-02T17:43:06.687Z - info: Site data built
2025-11-02T17:43:06.687Z - info: Website generation complete! Total build time: 113.429s
2025-11-02T17:43:06.687Z - info: Build success!
2025-11-02T17:43:32.843Z - info: The website has been deployed at: https://nus-cs2103-ay2526s1.github.io/website
2025-11-02T17:47:46.462Z - info: Website generation started at 01:47:45
2025-11-02T17:47:47.093Z - warn: ENOENT: no such file or directory, open '/Users/damithch/Repos/nus-cs2103/cs2103-website-base/node_modules/.cache/gh-pages/https!github.com!nus-cs2103-AY2526S1!website.git/book/_markbind/variables.md'
2025-11-02T17:47:47.093Z - warn: ENOENT: no such file or directory, open '/Users/damithch/Repos/nus-cs2103/cs2103-website-base/node_modules/.cache/gh-pages/https!github.com!nus-cs2103-AY2526S1!website.git/_markbind/variables.md'
2025-11-02T17:47:47.117Z - info: Building assets...
2025-11-02T17:47:49.875Z - info: Assets built
2025-11-02T17:47:49.876Z - info: Generating pages...
2025-11-02T17:47:55.702Z - debug:  
2025-11-02T17:47:55.702Z - debug:  
2025-11-02T17:47:55.702Z - debug:  
2025-11-02T17:47:59.657Z - debug:  
2025-11-02T17:47:59.657Z - debug:  
2025-11-02T17:47:59.657Z - debug:  
2025-11-02T17:47:59.657Z - debug:  
2025-11-02T17:47:59.657Z - debug:  
2025-11-02T17:47:59.657Z - debug:  
2025-11-02T17:47:59.657Z - debug:  
2025-11-02T17:47:59.657Z - debug:  
2025-11-02T17:47:59.657Z - debug:  
2025-11-02T17:48:01.925Z - debug:  
2025-11-02T17:48:02.029Z - debug:  
2025-11-02T17:48:02.067Z - debug:  
2025-11-02T17:48:02.079Z - debug:  
2025-11-02T17:48:02.106Z - debug:  
2025-11-02T17:48:02.177Z - debug:  
2025-11-02T17:48:11.950Z - debug:  
2025-11-02T17:49:11.666Z - debug:  
2025-11-02T17:49:26.670Z - debug:  
2025-11-02T17:49:26.688Z - debug:  
2025-11-02T17:49:36.760Z - info: Pages built
2025-11-02T17:49:36.835Z - info: Site data built
2025-11-02T17:49:36.835Z - info: Website generation complete! Total build time: 111.74s
2025-11-02T17:49:36.835Z - info: Build success!
2025-11-02T17:50:02.348Z - info: The website has been deployed at: https://nus-cs2103-ay2526s1.github.io/website
2025-11-03T08:26:38.851Z - info: Website generation (lazy) started at 16:26:37
2025-11-03T08:26:39.470Z - warn: ENOENT: no such file or directory, open '/Users/damithch/Repos/nus-cs2103/cs2103-website-base/node_modules/.cache/gh-pages/https!github.com!nus-cs2103-AY2526S1!website.git/book/_markbind/variables.md'
2025-11-03T08:26:39.470Z - warn: ENOENT: no such file or directory, open '/Users/damithch/Repos/nus-cs2103/cs2103-website-base/node_modules/.cache/gh-pages/https!github.com!nus-cs2103-AY2526S1!website.git/_markbind/variables.md'
2025-11-03T08:26:39.490Z - info: Building assets...
2025-11-03T08:26:42.082Z - info: Assets built
2025-11-03T08:26:42.082Z - info: Generating landing page...
2025-11-03T08:26:42.521Z - info: Landing page built, other pages will be built as you navigate to them!
2025-11-03T08:26:42.594Z - info: Site data built
2025-11-03T08:26:42.594Z - info: Website generation (lazy) complete! Total build time: 4.944s
2025-11-03T08:26:42.607Z - info: Serving "/Users/damithch/Repos/nus-cs2103/cs2103-website-base/_site" at http://127.0.0.1:8080
2025-11-03T08:26:42.607Z - info: Press CTRL+C to stop ...
2025-11-03T08:26:50.975Z - info: Building /Users/damithch/Repos/nus-cs2103/cs2103-website-base/schedule/week13/index as some of its dependencies were changed since the last visit
2025-11-03T08:26:51.364Z - info: Site data built
2025-11-03T08:26:51.364Z - info: Lazy website regeneration complete! Total build time: 0.389s
2025-11-03T08:28:22.437Z - info: Website generation started at 16:28:20
2025-11-03T08:28:22.823Z - warn: ENOENT: no such file or directory, open '/Users/damithch/Repos/nus-cs2103/cs2103-website-base/node_modules/.cache/gh-pages/https!github.com!nus-cs2103-AY2526S1!website.git/book/_markbind/variables.md'
2025-11-03T08:28:22.824Z - warn: ENOENT: no such file or directory, open '/Users/damithch/Repos/nus-cs2103/cs2103-website-base/node_modules/.cache/gh-pages/https!github.com!nus-cs2103-AY2526S1!website.git/_markbind/variables.md'
2025-11-03T08:28:22.844Z - info: Building assets...
2025-11-03T08:28:26.143Z - info: Assets built
2025-11-03T08:28:26.146Z - info: Generating pages...
2025-11-03T08:28:31.766Z - debug:  
2025-11-03T08:28:31.837Z - debug:  
2025-11-03T08:28:34.813Z - debug:  
2025-11-03T08:28:34.813Z - debug:  
2025-11-03T08:28:34.814Z - debug:  
2025-11-03T08:28:34.814Z - debug:  
2025-11-03T08:28:34.814Z - debug:  
2025-11-03T08:28:34.814Z - debug:  
2025-11-03T08:28:34.814Z - debug:  
2025-11-03T08:28:34.814Z - debug:  
2025-11-03T08:28:34.814Z - debug:  
2025-11-03T08:28:34.814Z - debug:  
2025-11-03T08:28:38.291Z - debug:  
2025-11-03T08:28:38.292Z - debug:  
2025-11-03T08:28:38.292Z - debug:  
2025-11-03T08:28:38.305Z - debug:  
2025-11-03T08:28:38.369Z - debug:  
2025-11-03T08:28:38.371Z - debug:  
2025-11-03T08:28:48.226Z - debug:  
2025-11-03T08:29:50.151Z - debug:  
2025-11-03T08:30:03.882Z - debug:  
2025-11-03T08:30:04.204Z - debug:  
2025-11-03T08:30:14.454Z - info: Pages built
2025-11-03T08:30:14.529Z - info: Site data built
2025-11-03T08:30:14.529Z - info: Website generation complete! Total build time: 113.575s
2025-11-03T08:30:14.529Z - info: Build success!
2025-11-03T08:30:41.755Z - info: The website has been deployed at: https://nus-cs2103-ay2526s1.github.io/website
2025-11-03T12:19:05.873Z - info: Website generation started at 20:19:04
2025-11-03T12:19:06.627Z - warn: ENOENT: no such file or directory, open '/Users/damithch/Repos/nus-cs2103/cs2103-website-base/node_modules/.cache/gh-pages/https!github.com!nus-cs2103-AY2526S1!website.git/book/_markbind/variables.md'
2025-11-03T12:19:06.627Z - warn: ENOENT: no such file or directory, open '/Users/damithch/Repos/nus-cs2103/cs2103-website-base/node_modules/.cache/gh-pages/https!github.com!nus-cs2103-AY2526S1!website.git/_markbind/variables.md'
2025-11-03T12:19:06.647Z - info: Building assets...
2025-11-03T12:19:09.402Z - info: Assets built
2025-11-03T12:19:09.403Z - info: Generating pages...
2025-11-03T12:19:15.475Z - debug:  
2025-11-03T12:19:15.475Z - debug:  
2025-11-03T12:19:15.475Z - debug:  
2025-11-03T12:19:19.625Z - debug:  
2025-11-03T12:19:19.625Z - debug:  
2025-11-03T12:19:19.625Z - debug:  
2025-11-03T12:19:19.625Z - debug:  
2025-11-03T12:19:19.625Z - debug:  
2025-11-03T12:19:19.625Z - debug:  
2025-11-03T12:19:19.625Z - debug:  
2025-11-03T12:19:19.625Z - debug:  
2025-11-03T12:19:19.625Z - debug:  
2025-11-03T12:19:21.880Z - debug:  
2025-11-03T12:19:22.036Z - debug:  
2025-11-03T12:19:22.081Z - debug:  
2025-11-03T12:19:22.128Z - debug:  
2025-11-03T12:19:22.142Z - debug:  
2025-11-03T12:19:22.174Z - debug:  
2025-11-03T12:19:31.156Z - debug:  
2025-11-03T12:20:33.131Z - debug:  
2025-11-03T12:20:45.769Z - debug:  
2025-11-03T12:20:45.792Z - debug:  
2025-11-03T12:20:56.065Z - info: Pages built
2025-11-03T12:20:56.139Z - info: Site data built
2025-11-03T12:20:56.139Z - info: Website generation complete! Total build time: 111.613s
2025-11-03T12:20:56.139Z - info: Build success!
2025-11-03T12:21:22.897Z - info: The website has been deployed at: https://nus-cs2103-ay2526s1.github.io/website
