2025-11-08T12:25:06.794Z - info: Website generation (lazy) started at 20:25:05
2025-11-08T12:25:07.438Z - warn: ENOENT: no such file or directory, open '/Users/damithch/Repos/nus-cs2103/cs2103-website-base/node_modules/.cache/gh-pages/https!github.com!nus-cs2103-AY2526S1!website.git/book/_markbind/variables.md'
2025-11-08T12:25:07.438Z - warn: ENOENT: no such file or directory, open '/Users/damithch/Repos/nus-cs2103/cs2103-website-base/node_modules/.cache/gh-pages/https!github.com!nus-cs2103-AY2526S1!website.git/_markbind/variables.md'
2025-11-08T12:25:07.459Z - info: Building assets...
2025-11-08T12:25:10.794Z - info: Assets built
2025-11-08T12:25:10.795Z - info: Generating landing page...
2025-11-08T12:25:11.284Z - info: Landing page built, other pages will be built as you navigate to them!
2025-11-08T12:25:11.360Z - info: Site data built
2025-11-08T12:25:11.360Z - info: Website generation (lazy) complete! Total build time: 5.925s
2025-11-08T12:25:11.372Z - info: Serving "/Users/damithch/Repos/nus-cs2103/cs2103-website-base/_site" at http://127.0.0.1:8080
2025-11-08T12:25:11.372Z - info: Press CTRL+C to stop ...
2025-11-08T12:25:18.095Z - info: Building /Users/damithch/Repos/nus-cs2103/cs2103-website-base/admin/tp-pe as some of its dependencies were changed since the last visit
2025-11-08T12:25:19.175Z - info: Site data built
2025-11-08T12:25:19.175Z - info: Lazy website regeneration complete! Total build time: 1.081s
2025-11-08T12:29:12.696Z - info: [20:29:12] Reload for file change: /Users/damithch/Repos/nus-cs2103/cs2103-website-base/admin/tp-pe-fragment.md
2025-11-08T12:29:12.697Z - info: Synchronizing opened pages list before reload
2025-11-08T12:29:12.698Z - info: Current opened pages, from most-to-least recent:
2025-11-08T12:29:12.698Z - info: 1. admin/tp-pe
2025-11-08T12:29:13.714Z - info: Rebuilding 1 pages
2025-11-08T12:29:14.684Z - info: Site data built
2025-11-08T12:29:14.684Z - info: Pages rebuilt
2025-11-08T12:29:14.684Z - info: Website regeneration complete! Total build time: 0.973s
2025-11-08T12:30:15.600Z - info: [20:30:15] Reload for file change: /Users/damithch/Repos/nus-cs2103/cs2103-website-base/admin/tp-pe-fragment.md
2025-11-08T12:30:15.602Z - info: Synchronizing opened pages list before reload
2025-11-08T12:30:15.604Z - info: Current opened pages, from most-to-least recent:
2025-11-08T12:30:15.605Z - info: 1. admin/tp-pe
2025-11-08T12:30:16.616Z - info: Rebuilding 1 pages
2025-11-08T12:30:17.601Z - info: Site data built
2025-11-08T12:30:17.601Z - info: Pages rebuilt
2025-11-08T12:30:17.601Z - info: Website regeneration complete! Total build time: 0.986s
2025-11-08T12:30:31.285Z - info: [20:30:31] Reload for file change: /Users/damithch/Repos/nus-cs2103/cs2103-website-base/admin/tp-pe-fragment.md
2025-11-08T12:30:31.286Z - info: Synchronizing opened pages list before reload
2025-11-08T12:30:31.286Z - info: Current opened pages, from most-to-least recent:
2025-11-08T12:30:31.286Z - info: 1. admin/tp-pe
2025-11-08T12:30:32.308Z - info: Rebuilding 1 pages
2025-11-08T12:30:33.242Z - info: Site data built
2025-11-08T12:30:33.242Z - info: Pages rebuilt
2025-11-08T12:30:33.242Z - info: Website regeneration complete! Total build time: 0.937s
2025-11-08T12:31:03.165Z - info: [20:31:03] Reload for file change: /Users/damithch/Repos/nus-cs2103/cs2103-website-base/admin/tp-pe-fragment.md
2025-11-08T12:31:03.166Z - info: Synchronizing opened pages list before reload
2025-11-08T12:31:03.166Z - info: Current opened pages, from most-to-least recent:
2025-11-08T12:31:03.166Z - info: 1. admin/tp-pe
2025-11-08T12:31:04.171Z - info: Rebuilding 1 pages
2025-11-08T12:31:05.119Z - info: Site data built
2025-11-08T12:31:05.119Z - info: Pages rebuilt
2025-11-08T12:31:05.119Z - info: Website regeneration complete! Total build time: 0.95s
2025-11-08T12:32:14.700Z - info: [20:32:14] Reload for file change: /Users/damithch/Repos/nus-cs2103/cs2103-website-base/admin/tp-pe-fragment.md
2025-11-08T12:32:14.704Z - info: Synchronizing opened pages list before reload
2025-11-08T12:32:14.704Z - info: Current opened pages, from most-to-least recent:
2025-11-08T12:32:14.705Z - info: 1. admin/tp-pe
2025-11-08T12:32:15.719Z - info: Rebuilding 1 pages
2025-11-08T12:32:16.681Z - info: Site data built
2025-11-08T12:32:16.681Z - info: Pages rebuilt
2025-11-08T12:32:16.681Z - info: Website regeneration complete! Total build time: 0.965s
2025-11-08T12:32:45.728Z - info: [20:32:45] Reload for file change: /Users/damithch/Repos/nus-cs2103/cs2103-website-base/admin/tp-pe-fragment.md
2025-11-08T12:32:45.731Z - info: Synchronizing opened pages list before reload
2025-11-08T12:32:45.733Z - info: Current opened pages, from most-to-least recent:
2025-11-08T12:32:45.733Z - info: 1. admin/tp-pe
2025-11-08T12:32:46.741Z - info: Rebuilding 1 pages
2025-11-08T12:32:47.679Z - info: Site data built
2025-11-08T12:32:47.679Z - info: Pages rebuilt
2025-11-08T12:32:47.679Z - info: Website regeneration complete! Total build time: 0.94s
2025-11-08T12:36:54.744Z - info: [20:36:54] Reload for file change: /Users/damithch/Repos/nus-cs2103/cs2103-website-base/admin/tp-pe-fragment.md
2025-11-08T12:36:54.746Z - info: Synchronizing opened pages list before reload
2025-11-08T12:36:54.747Z - info: Current opened pages, from most-to-least recent:
2025-11-08T12:36:54.748Z - info: 1. admin/tp-pe
2025-11-08T12:36:55.763Z - info: Rebuilding 1 pages
2025-11-08T12:36:56.700Z - info: Site data built
2025-11-08T12:36:56.700Z - info: Pages rebuilt
2025-11-08T12:36:56.700Z - info: Website regeneration complete! Total build time: 0.94s
2025-11-08T12:37:40.223Z - info: [20:37:40] Reload for file change: /Users/damithch/Repos/nus-cs2103/cs2103-website-base/admin/tp-pe-fragment.md
2025-11-08T12:37:40.227Z - info: Synchronizing opened pages list before reload
2025-11-08T12:37:40.228Z - info: Current opened pages, from most-to-least recent:
2025-11-08T12:37:40.228Z - info: 1. admin/tp-pe
2025-11-08T12:37:41.239Z - info: Rebuilding 1 pages
2025-11-08T12:37:42.186Z - info: Site data built
2025-11-08T12:37:42.186Z - info: Pages rebuilt
2025-11-08T12:37:42.186Z - info: Website regeneration complete! Total build time: 0.95s
2025-11-08T12:43:50.023Z - info: [20:43:50] Reload for file change: /Users/damithch/Repos/nus-cs2103/cs2103-website-base/admin/tp-pe-fragment.md
2025-11-08T12:43:50.024Z - info: Synchronizing opened pages list before reload
2025-11-08T12:43:50.026Z - info: Current opened pages, from most-to-least recent:
2025-11-08T12:43:50.026Z - info: 1. admin/tp-pe
2025-11-08T12:43:51.041Z - info: Rebuilding 1 pages
2025-11-08T12:43:51.985Z - info: Site data built
2025-11-08T12:43:51.986Z - info: Pages rebuilt
2025-11-08T12:43:51.986Z - info: Website regeneration complete! Total build time: 0.947s
2025-11-08T12:44:58.387Z - info: [20:44:58] Reload for file change: /Users/damithch/Repos/nus-cs2103/cs2103-website-base/admin/tp-pe-fragment.md
2025-11-08T12:44:58.403Z - info: Synchronizing opened pages list before reload
2025-11-08T12:44:58.405Z - info: Current opened pages, from most-to-least recent:
2025-11-08T12:44:58.406Z - info: 1. admin/tp-pe
2025-11-08T12:44:59.420Z - info: Rebuilding 1 pages
2025-11-08T12:45:00.396Z - info: Site data built
2025-11-08T12:45:00.396Z - info: Pages rebuilt
2025-11-08T12:45:00.396Z - info: Website regeneration complete! Total build time: 0.979s
2025-11-08T12:49:46.048Z - info: [20:49:46] Reload for file change: /Users/damithch/Repos/nus-cs2103/cs2103-website-base/admin/tp-pe-fragment.md
2025-11-08T12:49:46.055Z - info: Synchronizing opened pages list before reload
2025-11-08T12:49:46.059Z - info: Current opened pages, from most-to-least recent:
2025-11-08T12:49:46.062Z - info: 1. admin/tp-pe
2025-11-08T12:49:47.086Z - info: Rebuilding 1 pages
2025-11-08T12:49:48.051Z - info: Site data built
2025-11-08T12:49:48.051Z - info: Pages rebuilt
2025-11-08T12:49:48.051Z - info: Website regeneration complete! Total build time: 0.967s
2025-11-08T12:49:53.067Z - info: [20:49:53] Reload for file change: /Users/damithch/Repos/nus-cs2103/cs2103-website-base/admin/tp-pe-fragment.md
2025-11-08T12:49:53.068Z - info: Synchronizing opened pages list before reload
2025-11-08T12:49:53.068Z - info: Current opened pages, from most-to-least recent:
2025-11-08T12:49:53.068Z - info: 1. admin/tp-pe
2025-11-08T12:49:54.073Z - info: Rebuilding 1 pages
2025-11-08T12:49:54.912Z - info: Site data built
2025-11-08T12:49:54.912Z - info: Pages rebuilt
2025-11-08T12:49:54.912Z - info: Website regeneration complete! Total build time: 0.841s
2025-11-08T12:50:35.568Z - info: [20:50:35] Reload for file change: /Users/damithch/Repos/nus-cs2103/cs2103-website-base/admin/tp-pe-fragment.md
2025-11-08T12:50:35.569Z - info: Synchronizing opened pages list before reload
2025-11-08T12:50:35.570Z - info: Current opened pages, from most-to-least recent:
2025-11-08T12:50:35.570Z - info: 1. admin/tp-pe
2025-11-08T12:50:36.576Z - info: Rebuilding 1 pages
2025-11-08T12:50:37.526Z - info: Site data built
2025-11-08T12:50:37.526Z - info: Pages rebuilt
2025-11-08T12:50:37.526Z - info: Website regeneration complete! Total build time: 0.953s
2025-11-08T12:50:45.983Z - info: [20:50:45] Reload for file change: /Users/damithch/Repos/nus-cs2103/cs2103-website-base/admin/tp-pe-fragment.md
2025-11-08T12:50:45.983Z - info: Synchronizing opened pages list before reload
2025-11-08T12:50:45.983Z - info: Current opened pages, from most-to-least recent:
2025-11-08T12:50:45.984Z - info: 1. admin/tp-pe
2025-11-08T12:50:46.996Z - info: Rebuilding 1 pages
2025-11-08T12:50:47.976Z - info: Site data built
2025-11-08T12:50:47.977Z - info: Pages rebuilt
2025-11-08T12:50:47.977Z - info: Website regeneration complete! Total build time: 0.982s
2025-11-08T12:51:08.955Z - info: [20:51:08] Reload for file change: /Users/damithch/Repos/nus-cs2103/cs2103-website-base/admin/tp-pe-fragment.md
2025-11-08T12:51:08.957Z - info: Synchronizing opened pages list before reload
2025-11-08T12:51:08.961Z - info: Current opened pages, from most-to-least recent:
2025-11-08T12:51:08.961Z - info: 1. admin/tp-pe
2025-11-08T12:51:09.981Z - info: Rebuilding 1 pages
2025-11-08T12:51:10.948Z - info: Site data built
2025-11-08T12:51:10.948Z - info: Pages rebuilt
2025-11-08T12:51:10.948Z - info: Website regeneration complete! Total build time: 0.977s
2025-11-08T12:53:11.503Z - info: [20:53:11] Reload for file change: /Users/damithch/Repos/nus-cs2103/cs2103-website-base/admin/tp-pe-fragment.md
2025-11-08T12:53:11.506Z - info: Synchronizing opened pages list before reload
2025-11-08T12:53:11.507Z - info: Current opened pages, from most-to-least recent:
2025-11-08T12:53:11.508Z - info: 1. admin/tp-pe
2025-11-08T12:53:12.528Z - info: Rebuilding 1 pages
2025-11-08T12:53:13.482Z - info: Site data built
2025-11-08T12:53:13.482Z - info: Pages rebuilt
2025-11-08T12:53:13.482Z - info: Website regeneration complete! Total build time: 0.958s
2025-11-08T12:53:34.031Z - info: [20:53:34] Reload for file change: /Users/damithch/Repos/nus-cs2103/cs2103-website-base/admin/tp-pe-fragment.md
2025-11-08T12:53:34.033Z - info: Synchronizing opened pages list before reload
2025-11-08T12:53:34.033Z - info: Current opened pages, from most-to-least recent:
2025-11-08T12:53:34.033Z - info: 1. admin/tp-pe
2025-11-08T12:53:35.043Z - info: Rebuilding 1 pages
2025-11-08T12:53:36.045Z - info: Site data built
2025-11-08T12:53:36.045Z - info: Pages rebuilt
2025-11-08T12:53:36.045Z - info: Website regeneration complete! Total build time: 1.005s
2025-11-08T12:55:35.690Z - info: [20:55:35] Reload for file change: /Users/damithch/Repos/nus-cs2103/cs2103-website-base/admin/tp-pe-fragment.md
2025-11-08T12:55:35.704Z - info: Synchronizing opened pages list before reload
2025-11-08T12:55:35.706Z - info: Current opened pages, from most-to-least recent:
2025-11-08T12:55:35.708Z - info: 1. admin/tp-pe
2025-11-08T12:55:36.779Z - info: Rebuilding 1 pages
2025-11-08T12:55:37.782Z - info: Site data built
2025-11-08T12:55:37.782Z - info: Pages rebuilt
2025-11-08T12:55:37.782Z - info: Website regeneration complete! Total build time: 1.01s
2025-11-08T12:58:47.672Z - info: [20:58:47] Reload for file change: /Users/damithch/Repos/nus-cs2103/cs2103-website-base/admin/tp-pe-fragment.md
2025-11-08T12:58:47.677Z - info: Synchronizing opened pages list before reload
2025-11-08T12:58:47.681Z - info: Current opened pages, from most-to-least recent:
2025-11-08T12:58:47.681Z - info: 1. admin/tp-pe
2025-11-08T12:58:48.730Z - info: Rebuilding 1 pages
2025-11-08T12:58:49.711Z - info: Site data built
2025-11-08T12:58:49.711Z - info: Pages rebuilt
2025-11-08T12:58:49.711Z - info: Website regeneration complete! Total build time: 0.995s
2025-11-08T13:03:31.756Z - info: [21:03:31] Reload for file change: /Users/damithch/Repos/nus-cs2103/cs2103-website-base/admin/tp-pe-bug-triaging-guidelines-fragment.md
2025-11-08T13:03:31.760Z - info: Synchronizing opened pages list before reload
2025-11-08T13:03:31.763Z - info: Current opened pages, from most-to-least recent:
2025-11-08T13:03:31.763Z - info: 1. admin/tp-pe
2025-11-08T13:03:32.775Z - info: Rebuilding 1 pages
2025-11-08T13:03:33.753Z - info: Site data built
2025-11-08T13:03:33.753Z - info: Pages rebuilt
2025-11-08T13:03:33.753Z - info: Website regeneration complete! Total build time: 0.98s
2025-11-08T13:04:29.480Z - info: [21:04:29] Reload for file change: /Users/damithch/Repos/nus-cs2103/cs2103-website-base/admin/tp-pe-bug-triaging-guidelines-fragment.md
2025-11-08T13:04:29.494Z - info: Synchronizing opened pages list before reload
2025-11-08T13:04:29.497Z - info: Current opened pages, from most-to-least recent:
2025-11-08T13:04:29.499Z - info: 1. admin/tp-pe
2025-11-08T13:04:30.511Z - info: Rebuilding 1 pages
2025-11-08T13:04:31.497Z - info: Site data built
2025-11-08T13:04:31.497Z - info: Pages rebuilt
2025-11-08T13:04:31.497Z - info: Website regeneration complete! Total build time: 0.988s
2025-11-08T13:09:12.251Z - info: [21:09:12] Reload for file change: /Users/damithch/Repos/nus-cs2103/cs2103-website-base/admin/tp-pe-bug-triaging-guidelines-fragment.md
2025-11-08T13:09:12.260Z - info: Synchronizing opened pages list before reload
2025-11-08T13:09:12.265Z - info: Current opened pages, from most-to-least recent:
2025-11-08T13:09:12.265Z - info: 1. admin/tp-pe
2025-11-08T13:09:12.270Z - info: [21:09:12] Reload for file change: /Users/damithch/Repos/nus-cs2103/cs2103-website-base/admin/tp-pe-fragment.md
2025-11-08T13:09:12.271Z - info: Synchronizing opened pages list before reload
2025-11-08T13:09:12.271Z - info: Current opened pages, from most-to-least recent:
2025-11-08T13:09:12.271Z - info: 1. admin/tp-pe
2025-11-08T13:09:13.291Z - info: Rebuilding 1 pages
2025-11-08T13:09:14.284Z - info: Site data built
2025-11-08T13:09:14.284Z - info: Pages rebuilt
2025-11-08T13:09:14.284Z - info: Website regeneration complete! Total build time: 0.996s
2025-11-08T13:11:22.195Z - info: [21:11:22] Reload for file change: /Users/damithch/Repos/nus-cs2103/cs2103-website-base/admin/tp-pe-fragment.md
2025-11-08T13:11:22.203Z - info: Synchronizing opened pages list before reload
2025-11-08T13:11:22.211Z - info: Current opened pages, from most-to-least recent:
2025-11-08T13:11:22.213Z - info: 1. admin/tp-pe
2025-11-08T13:11:23.239Z - info: Rebuilding 1 pages
2025-11-08T13:11:24.306Z - info: Site data built
2025-11-08T13:11:24.307Z - info: Pages rebuilt
2025-11-08T13:11:24.307Z - info: Website regeneration complete! Total build time: 1.071s
2025-11-08T13:11:42.168Z - info: [21:11:42] Reload for file change: /Users/damithch/Repos/nus-cs2103/cs2103-website-base/admin/tp-pe-fragment.md
2025-11-08T13:11:42.169Z - info: Synchronizing opened pages list before reload
2025-11-08T13:11:42.169Z - info: Current opened pages, from most-to-least recent:
2025-11-08T13:11:42.169Z - info: 1. admin/tp-pe
2025-11-08T13:11:43.190Z - info: Rebuilding 1 pages
2025-11-08T13:11:44.120Z - info: Site data built
2025-11-08T13:11:44.120Z - info: Pages rebuilt
2025-11-08T13:11:44.120Z - info: Website regeneration complete! Total build time: 0.937s
2025-11-08T13:13:19.740Z - info: [21:13:19] Reload for file change: /Users/damithch/Repos/nus-cs2103/cs2103-website-base/admin/tp-pe-fragment.md
2025-11-08T13:13:19.745Z - info: Synchronizing opened pages list before reload
2025-11-08T13:13:19.746Z - info: Current opened pages, from most-to-least recent:
2025-11-08T13:13:19.746Z - info: 1. admin/tp-pe
2025-11-08T13:13:20.755Z - info: Rebuilding 1 pages
2025-11-08T13:13:21.720Z - info: Site data built
2025-11-08T13:13:21.720Z - info: Pages rebuilt
2025-11-08T13:13:21.720Z - info: Website regeneration complete! Total build time: 0.967s
2025-11-08T13:14:37.406Z - info: [21:14:37] Reload for file change: /Users/damithch/Repos/nus-cs2103/cs2103-website-base/admin/tp-pe-fragment.md
2025-11-08T13:14:37.413Z - info: Synchronizing opened pages list before reload
2025-11-08T13:14:37.414Z - info: Current opened pages, from most-to-least recent:
2025-11-08T13:14:37.414Z - info: 1. admin/tp-pe
2025-11-08T13:14:38.425Z - info: Rebuilding 1 pages
2025-11-08T13:14:39.372Z - info: Site data built
2025-11-08T13:14:39.372Z - info: Pages rebuilt
2025-11-08T13:14:39.372Z - info: Website regeneration complete! Total build time: 0.949s
2025-11-08T13:15:54.569Z - info: [21:15:54] Reload for file change: /Users/damithch/Repos/nus-cs2103/cs2103-website-base/admin/tp-pe-fragment.md
2025-11-08T13:15:54.572Z - info: Synchronizing opened pages list before reload
2025-11-08T13:15:54.572Z - info: Current opened pages, from most-to-least recent:
2025-11-08T13:15:54.573Z - info: 1. admin/tp-pe
2025-11-08T13:15:55.580Z - info: Rebuilding 1 pages
2025-11-08T13:15:56.540Z - info: Site data built
2025-11-08T13:15:56.540Z - info: Pages rebuilt
2025-11-08T13:15:56.540Z - info: Website regeneration complete! Total build time: 0.963s
2025-11-08T13:16:18.900Z - info: [21:16:18] Reload for file change: /Users/damithch/Repos/nus-cs2103/cs2103-website-base/admin/tp-pe-fragment.md
2025-11-08T13:16:18.901Z - info: Synchronizing opened pages list before reload
2025-11-08T13:16:18.901Z - info: Current opened pages, from most-to-least recent:
2025-11-08T13:16:18.901Z - info: 1. admin/tp-pe
2025-11-08T13:16:19.912Z - info: Rebuilding 1 pages
2025-11-08T13:16:20.857Z - info: Site data built
2025-11-08T13:16:20.857Z - info: Pages rebuilt
2025-11-08T13:16:20.857Z - info: Website regeneration complete! Total build time: 0.947s
2025-11-08T13:18:58.882Z - info: [21:18:58] Reload for file change: /Users/damithch/Repos/nus-cs2103/cs2103-website-base/admin/tp-pe-fragment.md
2025-11-08T13:18:58.884Z - info: Synchronizing opened pages list before reload
2025-11-08T13:18:58.885Z - info: Current opened pages, from most-to-least recent:
2025-11-08T13:18:58.885Z - info: 1. admin/tp-pe
2025-11-08T13:18:59.893Z - info: Rebuilding 1 pages
2025-11-08T13:19:00.850Z - info: Site data built
2025-11-08T13:19:00.850Z - info: Pages rebuilt
2025-11-08T13:19:00.851Z - info: Website regeneration complete! Total build time: 0.96s
2025-11-08T13:19:21.899Z - info: [21:19:21] Reload for file change: /Users/damithch/Repos/nus-cs2103/cs2103-website-base/admin/tp-pe-fragment.md
2025-11-08T13:19:21.899Z - info: Synchronizing opened pages list before reload
2025-11-08T13:19:21.899Z - info: Current opened pages, from most-to-least recent:
2025-11-08T13:19:21.899Z - info: 1. admin/tp-pe
2025-11-08T13:19:22.918Z - info: Rebuilding 1 pages
2025-11-08T13:19:23.856Z - info: Site data built
2025-11-08T13:19:23.856Z - info: Pages rebuilt
2025-11-08T13:19:23.856Z - info: Website regeneration complete! Total build time: 0.94s
2025-11-08T13:19:59.411Z - info: Website generation started at 21:19:58
2025-11-08T13:19:59.898Z - warn: ENOENT: no such file or directory, open '/Users/damithch/Repos/nus-cs2103/cs2103-website-base/node_modules/.cache/gh-pages/https!github.com!nus-cs2103-AY2526S1!website.git/book/_markbind/variables.md'
2025-11-08T13:19:59.898Z - warn: ENOENT: no such file or directory, open '/Users/damithch/Repos/nus-cs2103/cs2103-website-base/node_modules/.cache/gh-pages/https!github.com!nus-cs2103-AY2526S1!website.git/_markbind/variables.md'
2025-11-08T13:19:59.918Z - info: Building assets...
2025-11-08T13:20:03.363Z - info: Assets built
2025-11-08T13:20:03.364Z - info: Generating pages...
2025-11-08T13:20:13.049Z - debug:  
2025-11-08T13:20:13.049Z - debug:  
2025-11-08T13:20:13.049Z - debug:  
2025-11-08T13:20:13.049Z - debug:  
2025-11-08T13:20:13.050Z - debug:  
2025-11-08T13:20:13.050Z - debug:  
2025-11-08T13:20:13.050Z - debug:  
2025-11-08T13:20:13.050Z - debug:  
2025-11-08T13:20:13.050Z - debug:  
2025-11-08T13:20:13.050Z - debug:  
2025-11-08T13:20:13.050Z - debug:  
2025-11-08T13:20:13.050Z - debug:  
2025-11-08T13:20:15.308Z - debug:  
2025-11-08T13:20:15.309Z - debug:  
2025-11-08T13:20:15.345Z - debug:  
2025-11-08T13:20:15.356Z - debug:  
2025-11-08T13:20:15.367Z - debug:  
2025-11-08T13:20:15.390Z - debug:  
2025-11-08T13:20:24.409Z - debug:  
2025-11-08T13:21:23.180Z - debug:  
2025-11-08T13:21:36.287Z - debug:  
2025-11-08T13:21:36.322Z - debug:  
2025-11-08T13:21:46.083Z - info: Pages built
2025-11-08T13:21:46.156Z - info: Site data built
2025-11-08T13:21:46.156Z - info: Website generation complete! Total build time: 107.809s
2025-11-08T13:21:46.156Z - info: Build success!
2025-11-08T13:22:12.293Z - info: The website has been deployed at: https://nus-cs2103-ay2526s1.github.io/website
