2025-10-27T17:11:58.024Z - info: Website generation (lazy) started at 01:11:56
2025-10-27T17:11:58.517Z - warn: ENOENT: no such file or directory, open '/Users/damithch/Repos/nus-cs2103/cs2103-website-base/node_modules/.cache/gh-pages/https!github.com!nus-cs2103-AY2526S1!website.git/book/_markbind/variables.md'
2025-10-27T17:11:58.518Z - warn: ENOENT: no such file or directory, open '/Users/damithch/Repos/nus-cs2103/cs2103-website-base/node_modules/.cache/gh-pages/https!github.com!nus-cs2103-AY2526S1!website.git/_markbind/variables.md'
2025-10-27T17:11:58.539Z - info: Building assets...
2025-10-27T17:12:01.161Z - info: Assets built
2025-10-27T17:12:01.162Z - info: Generating landing page...
2025-10-27T17:12:01.795Z - info: Landing page built, other pages will be built as you navigate to them!
2025-10-27T17:12:01.871Z - info: Site data built
2025-10-27T17:12:01.872Z - info: Website generation (lazy) complete! Total build time: 5.025s
2025-10-27T17:12:01.885Z - info: Serving "/Users/damithch/Repos/nus-cs2103/cs2103-website-base/_site" at http://127.0.0.1:8080
2025-10-27T17:12:01.885Z - info: Press CTRL+C to stop ...
2025-10-27T17:14:10.627Z - info: Building /Users/damithch/Repos/nus-cs2103/cs2103-website-base/admin/tp-pe as some of its dependencies were changed since the last visit
2025-10-27T17:14:11.577Z - info: Site data built
2025-10-27T17:14:11.577Z - info: Lazy website regeneration complete! Total build time: 0.951s
2025-10-27T17:14:56.861Z - info: [01:14:56] Reload for file change: /Users/damithch/Repos/nus-cs2103/cs2103-website-base/admin/tp-pe-fragment.md
2025-10-27T17:14:56.864Z - info: Synchronizing opened pages list before reload
2025-10-27T17:14:56.865Z - info: Current opened pages, from most-to-least recent:
2025-10-27T17:14:56.865Z - info: 1. admin/tp-pe
2025-10-27T17:14:57.875Z - info: Rebuilding 1 pages
2025-10-27T17:14:58.778Z - info: Site data built
2025-10-27T17:14:58.778Z - info: Pages rebuilt
2025-10-27T17:14:58.778Z - info: Website regeneration complete! Total build time: 0.906s
2025-10-27T17:18:32.729Z - info: [01:18:32] Reload for file change: /Users/damithch/Repos/nus-cs2103/cs2103-website-base/admin/tp-pe-fragment.md
2025-10-27T17:18:32.731Z - info: Synchronizing opened pages list before reload
2025-10-27T17:18:32.733Z - info: Current opened pages, from most-to-least recent:
2025-10-27T17:18:32.734Z - info: 1. admin/tp-pe
2025-10-27T17:18:33.743Z - info: Rebuilding 1 pages
2025-10-27T17:18:34.696Z - info: Site data built
2025-10-27T17:18:34.696Z - info: Pages rebuilt
2025-10-27T17:18:34.696Z - info: Website regeneration complete! Total build time: 0.955s
2025-10-27T17:19:27.298Z - info: [01:19:27] Reload for file change: /Users/damithch/Repos/nus-cs2103/cs2103-website-base/admin/tp-pe-fragment.md
2025-10-27T17:19:27.299Z - info: Synchronizing opened pages list before reload
2025-10-27T17:19:27.299Z - info: Current opened pages, from most-to-least recent:
2025-10-27T17:19:27.299Z - info: 1. admin/tp-pe
2025-10-27T17:19:28.305Z - info: Rebuilding 1 pages
2025-10-27T17:19:29.273Z - info: Site data built
2025-10-27T17:19:29.273Z - info: Pages rebuilt
2025-10-27T17:19:29.273Z - info: Website regeneration complete! Total build time: 0.971s
2025-10-27T17:23:32.337Z - info: [01:23:32] Reload for file change: /Users/damithch/Repos/nus-cs2103/cs2103-website-base/admin/tp-pe-fragment.md
2025-10-27T17:23:32.338Z - info: Synchronizing opened pages list before reload
2025-10-27T17:23:32.338Z - info: Current opened pages, from most-to-least recent:
2025-10-27T17:23:32.338Z - info: 1. admin/tp-pe
2025-10-27T17:23:33.345Z - info: Rebuilding 1 pages
2025-10-27T17:23:34.237Z - info: Site data built
2025-10-27T17:23:34.237Z - info: Pages rebuilt
2025-10-27T17:23:34.237Z - info: Website regeneration complete! Total build time: 0.894s
2025-10-27T17:24:28.123Z - info: [01:24:28] Reload for file change: /Users/damithch/Repos/nus-cs2103/cs2103-website-base/admin/tp-pe-fragment.md
2025-10-27T17:24:28.124Z - info: Synchronizing opened pages list before reload
2025-10-27T17:24:28.125Z - info: Current opened pages, from most-to-least recent:
2025-10-27T17:24:28.125Z - info: 1. admin/tp-pe
2025-10-27T17:24:29.139Z - info: Rebuilding 1 pages
2025-10-27T17:24:30.081Z - info: Site data built
2025-10-27T17:24:30.081Z - info: Pages rebuilt
2025-10-27T17:24:30.081Z - info: Website regeneration complete! Total build time: 0.944s
2025-10-27T17:29:02.715Z - info: [01:29:02] Reload for file change: /Users/damithch/Repos/nus-cs2103/cs2103-website-base/admin/tp-ped-fragment.md
2025-10-27T17:29:02.731Z - info: Synchronizing opened pages list before reload
2025-10-27T17:29:02.751Z - info: Current opened pages, from most-to-least recent:
2025-10-27T17:29:02.751Z - info: 1. admin/tp-pe
2025-10-27T17:29:03.767Z - info: Rebuilding 1 pages
2025-10-27T17:29:04.672Z - info: Site data built
2025-10-27T17:29:04.672Z - info: Pages rebuilt
2025-10-27T17:29:04.672Z - info: Website regeneration complete! Total build time: 0.908s
2025-10-27T17:29:34.374Z - info: [01:29:34] Reload for file change: /Users/damithch/Repos/nus-cs2103/cs2103-website-base/admin/tp-ped-fragment.md
2025-10-27T17:29:34.377Z - info: Synchronizing opened pages list before reload
2025-10-27T17:29:34.378Z - info: Current opened pages, from most-to-least recent:
2025-10-27T17:29:34.378Z - info: 1. admin/tp-pe
2025-10-27T17:29:35.389Z - info: Rebuilding 1 pages
2025-10-27T17:29:36.295Z - info: Site data built
2025-10-27T17:29:36.295Z - info: Pages rebuilt
2025-10-27T17:29:36.295Z - info: Website regeneration complete! Total build time: 0.908s
2025-10-27T17:30:00.301Z - info: [01:30:00] Reload for file change: /Users/damithch/Repos/nus-cs2103/cs2103-website-base/admin/tp-ped-fragment.md
2025-10-27T17:30:00.302Z - info: Synchronizing opened pages list before reload
2025-10-27T17:30:00.302Z - info: Current opened pages, from most-to-least recent:
2025-10-27T17:30:00.303Z - info: 1. admin/tp-pe
2025-10-27T17:30:01.323Z - info: Rebuilding 1 pages
2025-10-27T17:30:02.235Z - info: Site data built
2025-10-27T17:30:02.235Z - info: Pages rebuilt
2025-10-27T17:30:02.235Z - info: Website regeneration complete! Total build time: 0.916s
2025-10-27T17:30:21.000Z - info: [01:30:20] Reload for file change: /Users/damithch/Repos/nus-cs2103/cs2103-website-base/admin/tp-ped-fragment.md
2025-10-27T17:30:21.002Z - info: Synchronizing opened pages list before reload
2025-10-27T17:30:21.004Z - info: Current opened pages, from most-to-least recent:
2025-10-27T17:30:21.004Z - info: 1. admin/tp-pe
2025-10-27T17:30:22.017Z - info: Rebuilding 1 pages
2025-10-27T17:30:23.010Z - info: Site data built
2025-10-27T17:30:23.011Z - info: Pages rebuilt
2025-10-27T17:30:23.011Z - info: Website regeneration complete! Total build time: 0.996s
2025-10-27T17:30:57.813Z - info: [01:30:57] Reload for file change: /Users/damithch/Repos/nus-cs2103/cs2103-website-base/admin/tp-ped-fragment.md
2025-10-27T17:30:57.814Z - info: Synchronizing opened pages list before reload
2025-10-27T17:30:57.814Z - info: Current opened pages, from most-to-least recent:
2025-10-27T17:30:57.814Z - info: 1. admin/tp-pe
2025-10-27T17:30:58.821Z - info: Rebuilding 1 pages
2025-10-27T17:30:59.704Z - info: Site data built
2025-10-27T17:30:59.705Z - info: Pages rebuilt
2025-10-27T17:30:59.705Z - info: Website regeneration complete! Total build time: 0.886s
2025-10-27T17:32:25.125Z - info: [01:32:25] Reload for file change: /Users/damithch/Repos/nus-cs2103/cs2103-website-base/admin/tp-ped-fragment.md
2025-10-27T17:32:25.132Z - info: Synchronizing opened pages list before reload
2025-10-27T17:32:25.137Z - info: Current opened pages, from most-to-least recent:
2025-10-27T17:32:25.138Z - info: 1. admin/tp-pe
2025-10-27T17:32:26.150Z - info: Rebuilding 1 pages
2025-10-27T17:32:27.052Z - info: Site data built
2025-10-27T17:32:27.052Z - info: Pages rebuilt
2025-10-27T17:32:27.052Z - info: Website regeneration complete! Total build time: 0.905s
2025-10-27T17:33:09.720Z - info: [01:33:09] Reload for file change: /Users/damithch/Repos/nus-cs2103/cs2103-website-base/admin/tp-ped-fragment.md
2025-10-27T17:33:09.741Z - info: Synchronizing opened pages list before reload
2025-10-27T17:33:09.743Z - info: Current opened pages, from most-to-least recent:
2025-10-27T17:33:09.744Z - info: 1. admin/tp-pe
2025-10-27T17:33:10.752Z - info: Rebuilding 1 pages
2025-10-27T17:33:11.658Z - info: Site data built
2025-10-27T17:33:11.659Z - info: Pages rebuilt
2025-10-27T17:33:11.659Z - info: Website regeneration complete! Total build time: 0.909s
2025-10-27T17:34:44.110Z - info: [01:34:44] Reload for file change: /Users/damithch/Repos/nus-cs2103/cs2103-website-base/admin/tp-ped-fragment.md
2025-10-27T17:34:44.112Z - info: Synchronizing opened pages list before reload
2025-10-27T17:34:44.112Z - info: Current opened pages, from most-to-least recent:
2025-10-27T17:34:44.113Z - info: 1. admin/tp-pe
2025-10-27T17:34:45.121Z - info: Rebuilding 1 pages
2025-10-27T17:34:46.029Z - info: Site data built
2025-10-27T17:34:46.029Z - info: Pages rebuilt
2025-10-27T17:34:46.029Z - info: Website regeneration complete! Total build time: 0.91s
2025-10-27T17:35:21.017Z - info: [01:35:21] Reload for file change: /Users/damithch/Repos/nus-cs2103/cs2103-website-base/admin/tp-ped-fragment.md
2025-10-27T17:35:21.020Z - info: Synchronizing opened pages list before reload
2025-10-27T17:35:21.023Z - info: Current opened pages, from most-to-least recent:
2025-10-27T17:35:21.025Z - info: 1. admin/tp-pe
2025-10-27T17:35:22.044Z - info: Rebuilding 1 pages
2025-10-27T17:35:22.940Z - info: Site data built
2025-10-27T17:35:22.941Z - info: Pages rebuilt
2025-10-27T17:35:22.941Z - info: Website regeneration complete! Total build time: 0.902s
2025-10-27T17:35:55.112Z - info: [01:35:55] Reload for file change: /Users/damithch/Repos/nus-cs2103/cs2103-website-base/admin/tp-ped-fragment.md
2025-10-27T17:35:55.115Z - info: Synchronizing opened pages list before reload
2025-10-27T17:35:55.116Z - info: Current opened pages, from most-to-least recent:
2025-10-27T17:35:55.116Z - info: 1. admin/tp-pe
2025-10-27T17:35:56.127Z - info: Rebuilding 1 pages
2025-10-27T17:35:57.028Z - info: Site data built
2025-10-27T17:35:57.028Z - info: Pages rebuilt
2025-10-27T17:35:57.028Z - info: Website regeneration complete! Total build time: 0.904s
2025-10-27T17:37:18.977Z - info: [01:37:18] Reload for file change: /Users/damithch/Repos/nus-cs2103/cs2103-website-base/admin/tp-ped-fragment.md
2025-10-27T17:37:18.981Z - info: Synchronizing opened pages list before reload
2025-10-27T17:37:18.983Z - info: Current opened pages, from most-to-least recent:
2025-10-27T17:37:18.984Z - info: 1. admin/tp-pe
2025-10-27T17:37:19.997Z - info: Rebuilding 1 pages
2025-10-27T17:37:20.897Z - info: Site data built
2025-10-27T17:37:20.898Z - info: Pages rebuilt
2025-10-27T17:37:20.898Z - info: Website regeneration complete! Total build time: 0.904s
2025-10-27T17:37:52.452Z - info: [01:37:52] Reload for file change: /Users/damithch/Repos/nus-cs2103/cs2103-website-base/admin/tp-ped-fragment.md
2025-10-27T17:37:52.452Z - info: Synchronizing opened pages list before reload
2025-10-27T17:37:52.453Z - info: Current opened pages, from most-to-least recent:
2025-10-27T17:37:52.453Z - info: 1. admin/tp-pe
2025-10-27T17:37:53.460Z - info: Rebuilding 1 pages
2025-10-27T17:37:54.349Z - info: Site data built
2025-10-27T17:37:54.349Z - info: Pages rebuilt
2025-10-27T17:37:54.349Z - info: Website regeneration complete! Total build time: 0.892s
2025-10-27T17:39:53.270Z - info: [01:39:53] Reload for file change: /Users/damithch/Repos/nus-cs2103/cs2103-website-base/admin/tp-pe-bug-triaging-guidelines-fragment.md
2025-10-27T17:39:53.279Z - info: Synchronizing opened pages list before reload
2025-10-27T17:39:53.280Z - info: Current opened pages, from most-to-least recent:
2025-10-27T17:39:53.281Z - info: 1. admin/tp-pe
2025-10-27T17:39:54.294Z - info: Rebuilding 1 pages
2025-10-27T17:39:55.198Z - info: Site data built
2025-10-27T17:39:55.198Z - info: Pages rebuilt
2025-10-27T17:39:55.198Z - info: Website regeneration complete! Total build time: 0.91s
2025-10-27T17:40:32.599Z - info: [01:40:32] Reload for file change: /Users/damithch/Repos/nus-cs2103/cs2103-website-base/admin/tp-pe-bug-triaging-guidelines-fragment.md
2025-10-27T17:40:32.602Z - info: Synchronizing opened pages list before reload
2025-10-27T17:40:32.603Z - info: Current opened pages, from most-to-least recent:
2025-10-27T17:40:32.603Z - info: 1. admin/tp-pe
2025-10-27T17:40:33.616Z - info: Rebuilding 1 pages
2025-10-27T17:40:34.490Z - info: Site data built
2025-10-27T17:40:34.490Z - info: Pages rebuilt
2025-10-27T17:40:34.490Z - info: Website regeneration complete! Total build time: 0.881s
2025-10-27T17:42:25.261Z - info: Building /Users/damithch/Repos/nus-cs2103/cs2103-website-base/schedule/week11/project as some of its dependencies were changed since the last visit
2025-10-27T17:42:27.382Z - info: Site data built
2025-10-27T17:42:27.382Z - info: Lazy website regeneration complete! Total build time: 2.122s
2025-10-27T17:43:34.642Z - info: Building /Users/damithch/Repos/nus-cs2103/cs2103-website-base/schedule/week12/project as some of its dependencies were changed since the last visit
2025-10-27T17:43:36.838Z - info: Site data built
2025-10-27T17:43:36.839Z - info: Lazy website regeneration complete! Total build time: 2.197s
2025-10-27T17:46:16.717Z - info: [01:46:16] Reload for file change: /Users/damithch/Repos/nus-cs2103/cs2103-website-base/admin/tp-tasks-fragment.md
2025-10-27T17:46:16.720Z - info: Synchronizing opened pages list before reload
2025-10-27T17:46:16.724Z - info: Current opened pages, from most-to-least recent:
2025-10-27T17:46:16.724Z - info: 1. schedule/week12/project
2025-10-27T17:46:17.738Z - info: Rebuilding 1 pages
2025-10-27T17:46:19.896Z - info: Site data built
2025-10-27T17:46:19.896Z - info: Pages rebuilt
2025-10-27T17:46:19.896Z - info: Website regeneration complete! Total build time: 2.166s
2025-10-27T17:47:13.251Z - info: [01:47:13] Reload for file change: /Users/damithch/Repos/nus-cs2103/cs2103-website-base/_course-CS2103/weeklyTpTasks-fragment.md
2025-10-27T17:47:13.253Z - info: Synchronizing opened pages list before reload
2025-10-27T17:47:13.254Z - info: Current opened pages, from most-to-least recent:
2025-10-27T17:47:13.255Z - info: 1. schedule/week12/project
2025-10-27T17:47:14.393Z - info: Rebuilding 1 pages
2025-10-27T17:47:16.236Z - info: Site data built
2025-10-27T17:47:16.236Z - info: Pages rebuilt
2025-10-27T17:47:16.236Z - info: Website regeneration complete! Total build time: 1.844s
2025-10-27T17:47:25.689Z - info: Building /Users/damithch/Repos/nus-cs2103/cs2103-website-base/schedule/week11/project as some of its dependencies were changed since the last visit
2025-10-27T17:47:28.012Z - info: Site data built
2025-10-27T17:47:28.013Z - info: Lazy website regeneration complete! Total build time: 2.323s
2025-10-27T17:49:18.066Z - info: [01:49:18] Reload for file change: /Users/damithch/Repos/nus-cs2103/cs2103-website-base/admin/tp-tasks-fragment.md
2025-10-27T17:49:18.072Z - info: Synchronizing opened pages list before reload
2025-10-27T17:49:18.073Z - info: Current opened pages, from most-to-least recent:
2025-10-27T17:49:18.073Z - info: 1. schedule/week11/project
2025-10-27T17:49:19.086Z - info: Rebuilding 1 pages
2025-10-27T17:49:21.407Z - info: Site data built
2025-10-27T17:49:21.407Z - info: Pages rebuilt
2025-10-27T17:49:21.407Z - info: Website regeneration complete! Total build time: 2.322s
2025-10-27T17:51:44.947Z - info: [01:51:44] Reload for file change: /Users/damithch/Repos/nus-cs2103/cs2103-website-base/admin/tp-tasks-fragment.md
2025-10-27T17:51:44.948Z - info: Synchronizing opened pages list before reload
2025-10-27T17:51:44.949Z - info: Current opened pages, from most-to-least recent:
2025-10-27T17:51:44.950Z - info: 1. schedule/week11/project
2025-10-27T17:51:45.962Z - info: Rebuilding 1 pages
2025-10-27T17:51:48.376Z - info: Site data built
2025-10-27T17:51:48.376Z - info: Pages rebuilt
2025-10-27T17:51:48.376Z - info: Website regeneration complete! Total build time: 2.417s
2025-10-27T17:52:23.758Z - info: [01:52:23] Reload for file change: /Users/damithch/Repos/nus-cs2103/cs2103-website-base/admin/tp-tasks-fragment.md
2025-10-27T17:52:23.759Z - info: Synchronizing opened pages list before reload
2025-10-27T17:52:23.762Z - info: Current opened pages, from most-to-least recent:
2025-10-27T17:52:23.762Z - info: 1. schedule/week11/project
2025-10-27T17:52:24.770Z - info: Rebuilding 1 pages
2025-10-27T17:52:27.056Z - info: Site data built
2025-10-27T17:52:27.056Z - info: Pages rebuilt
2025-10-27T17:52:27.056Z - info: Website regeneration complete! Total build time: 2.288s
2025-10-27T17:52:49.632Z - info: Building /Users/damithch/Repos/nus-cs2103/cs2103-website-base/schedule/week12/index as some of its dependencies were changed since the last visit
2025-10-27T17:52:50.075Z - info: Site data built
2025-10-27T17:52:50.075Z - info: Lazy website regeneration complete! Total build time: 0.444s
2025-10-27T17:52:53.173Z - info: Building /Users/damithch/Repos/nus-cs2103/cs2103-website-base/schedule/week12/project as some of its dependencies were changed since the last visit
2025-10-27T17:52:55.002Z - info: Site data built
2025-10-27T17:52:55.002Z - info: Lazy website regeneration complete! Total build time: 1.83s
2025-10-27T17:54:35.475Z - info: [01:54:35] Reload for file change: /Users/damithch/Repos/nus-cs2103/cs2103-website-base/_markbind/variables.md
2025-10-27T17:54:35.483Z - info: Synchronizing opened pages list before reload
2025-10-27T17:54:35.486Z - info: Current opened pages, from most-to-least recent:
2025-10-27T17:54:35.487Z - info: 1. schedule/week12/project
2025-10-27T17:54:36.529Z - warn: ENOENT: no such file or directory, open '/Users/damithch/Repos/nus-cs2103/cs2103-website-base/node_modules/.cache/gh-pages/https!github.com!nus-cs2103-AY2526S1!website.git/book/_markbind/variables.md'
2025-10-27T17:54:36.530Z - warn: ENOENT: no such file or directory, open '/Users/damithch/Repos/nus-cs2103/cs2103-website-base/node_modules/.cache/gh-pages/https!github.com!nus-cs2103-AY2526S1!website.git/_markbind/variables.md'
2025-10-27T17:54:36.563Z - warn: Rebuilding all pages as variables file was changed, or the --force-reload flag was set
2025-10-27T17:54:36.566Z - info: Rebuilding 1 pages
2025-10-27T17:54:38.414Z - info: Site data built
2025-10-27T17:54:38.414Z - info: Pages rebuilt
2025-10-27T17:54:38.414Z - info: Website regeneration complete! Total build time: 1.916s
2025-10-27T17:59:01.919Z - info: Website generation started at 01:59:00
2025-10-27T17:59:02.348Z - warn: ENOENT: no such file or directory, open '/Users/damithch/Repos/nus-cs2103/cs2103-website-base/node_modules/.cache/gh-pages/https!github.com!nus-cs2103-AY2526S1!website.git/book/_markbind/variables.md'
2025-10-27T17:59:02.348Z - warn: ENOENT: no such file or directory, open '/Users/damithch/Repos/nus-cs2103/cs2103-website-base/node_modules/.cache/gh-pages/https!github.com!nus-cs2103-AY2526S1!website.git/_markbind/variables.md'
2025-10-27T17:59:02.367Z - info: Building assets...
2025-10-27T17:59:06.489Z - info: Assets built
2025-10-27T17:59:06.495Z - info: Generating pages...
2025-10-27T17:59:13.055Z - debug:  
2025-10-27T17:59:13.055Z - debug:  
2025-10-27T17:59:13.055Z - debug:  
2025-10-27T17:59:15.519Z - debug:  
2025-10-27T17:59:15.519Z - debug:  
2025-10-27T17:59:15.519Z - debug:  
2025-10-27T17:59:15.519Z - debug:  
2025-10-27T17:59:15.519Z - debug:  
2025-10-27T17:59:15.519Z - debug:  
2025-10-27T17:59:15.519Z - debug:  
2025-10-27T17:59:15.519Z - debug:  
2025-10-27T17:59:15.519Z - debug:  
2025-10-27T17:59:17.849Z - debug:  
2025-10-27T17:59:17.952Z - debug:  
2025-10-27T17:59:18.219Z - debug:  
2025-10-27T17:59:18.219Z - debug:  
2025-10-27T17:59:18.219Z - debug:  
2025-10-27T17:59:18.221Z - debug:  
2025-10-27T17:59:28.005Z - debug:  
2025-10-27T18:00:28.389Z - debug:  
2025-10-27T18:00:44.030Z - debug:  
2025-10-27T18:00:44.060Z - debug:  
2025-10-27T18:00:54.130Z - info: Pages built
2025-10-27T18:00:54.215Z - info: Site data built
2025-10-27T18:00:54.215Z - info: Website generation complete! Total build time: 113.383s
2025-10-27T18:00:54.215Z - info: Build success!
2025-10-27T18:01:20.303Z - info: The website has been deployed at: https://nus-cs2103-ay2526s1.github.io/website
2025-10-28T13:58:22.791Z - info: Website generation started at 21:58:21
2025-10-28T13:58:23.329Z - warn: ENOENT: no such file or directory, open '/Users/damithch/Repos/nus-cs2103/cs2103-website-base/node_modules/.cache/gh-pages/https!github.com!nus-cs2103-AY2526S1!website.git/book/_markbind/variables.md'
2025-10-28T13:58:23.330Z - warn: ENOENT: no such file or directory, open '/Users/damithch/Repos/nus-cs2103/cs2103-website-base/node_modules/.cache/gh-pages/https!github.com!nus-cs2103-AY2526S1!website.git/_markbind/variables.md'
2025-10-28T13:58:23.357Z - info: Building assets...
