2025-08-10T15:49:35.830Z - info: Website generation started at 23:49:34
2025-08-10T15:49:36.292Z - warn: ENOENT: no such file or directory, open '/Users/damithch/Repos/nus-cs2103/cs2103-website-base/node_modules/.cache/gh-pages/https!github.com!nus-cs2103-AY2526S1!website.git/book/_markbind/variables.md'
2025-08-10T15:49:36.293Z - warn: ENOENT: no such file or directory, open '/Users/damithch/Repos/nus-cs2103/cs2103-website-base/node_modules/.cache/gh-pages/https!github.com!nus-cs2103-AY2526S1!website.git/_markbind/variables.md'
2025-08-10T15:49:36.313Z - info: Building assets...
2025-08-10T15:49:40.154Z - info: Assets built
2025-08-10T15:49:40.157Z - info: Generating pages...
2025-08-10T15:49:44.908Z - debug:  
2025-08-10T15:49:47.305Z - debug:  
2025-08-10T15:49:47.305Z - debug:  
2025-08-10T15:49:47.305Z - debug:  
2025-08-10T15:49:47.305Z - debug:  
2025-08-10T15:49:47.305Z - debug:  
2025-08-10T15:49:47.305Z - debug:  
2025-08-10T15:49:47.305Z - debug:  
2025-08-10T15:49:47.305Z - debug:  
2025-08-10T15:49:47.305Z - debug:  
2025-08-10T15:49:47.305Z - debug:  
2025-08-10T15:49:49.285Z - debug:  
2025-08-10T15:49:49.542Z - debug:  
2025-08-10T15:49:49.548Z - debug:  
2025-08-10T15:49:49.603Z - debug:  
2025-08-10T15:49:49.664Z - debug:  
2025-08-10T15:49:49.675Z - debug:  
2025-08-10T15:49:58.638Z - debug:  
2025-08-10T15:50:02.630Z - warn: Empty reference in /Users/damithch/Repos/nus-cs2103/cs2103-website-base/book/gitAndGithub/log/unit-inElsewhere-asFlat.md:
Segment '#title' in file: /Users/damithch/Repos/nus-cs2103/cs2103-website-base/book/gitAndGithub/log/text.md is empty
2025-08-10T15:50:55.900Z - debug:  
2025-08-10T15:51:08.649Z - debug:  
2025-08-10T15:51:08.659Z - debug:  
2025-08-10T15:51:15.996Z - info: Pages built
2025-08-10T15:51:16.073Z - info: Site data built
2025-08-10T15:51:16.073Z - info: Website generation complete! Total build time: 101.602s
2025-08-10T15:51:16.073Z - info: Build success!
2025-08-10T15:51:40.291Z - info: The website has been deployed at: https://nus-cs2103-ay2526s1.github.io/website
