2025-12-01T05:08:36.393Z - info: Website generation (lazy) started at 13:08:35
2025-12-01T05:08:37.253Z - warn: ENOENT: no such file or directory, open '/Users/damithch/Repos/nus-cs2103/cs2103-website-base/node_modules/.cache/gh-pages/https!github.com!nus-cs2103-AY2526S1!website.git/book/_markbind/variables.md'
2025-12-01T05:08:37.254Z - warn: ENOENT: no such file or directory, open '/Users/damithch/Repos/nus-cs2103/cs2103-website-base/node_modules/.cache/gh-pages/https!github.com!nus-cs2103-AY2526S1!website.git/_markbind/variables.md'
2025-12-01T05:08:37.291Z - info: Building assets...
2025-12-01T05:08:40.986Z - info: Assets built
2025-12-01T05:08:40.988Z - info: Generating landing page...
2025-12-01T05:08:41.601Z - info: Landing page built, other pages will be built as you navigate to them!
2025-12-01T05:08:41.688Z - info: Site data built
2025-12-01T05:08:41.688Z - info: Website generation (lazy) complete! Total build time: 6.686s
2025-12-01T05:08:42.708Z - info: Serving "/Users/damithch/Repos/nus-cs2103/cs2103-website-base/_site" at http://127.0.0.1:54967
2025-12-01T05:08:42.709Z - info: Press CTRL+C to stop ...
2025-12-01T05:08:47.853Z - info: Building /Users/damithch/Repos/nus-cs2103/cs2103-website-base/admin/exams as some of its dependencies were changed since the last visit
2025-12-01T05:08:48.679Z - info: Site data built
2025-12-01T05:08:48.679Z - info: Lazy website regeneration complete! Total build time: 0.826s
2025-12-01T05:11:32.270Z - info: [13:11:32] Reload for file change: /Users/damithch/Repos/nus-cs2103/cs2103-website-base/admin/exam-doubts-fragment.md
2025-12-01T05:11:32.276Z - info: Synchronizing opened pages list before reload
2025-12-01T05:11:32.279Z - info: Current opened pages, from most-to-least recent:
2025-12-01T05:11:32.280Z - info: 1. admin/exams
2025-12-01T05:11:33.314Z - info: Rebuilding 1 pages
2025-12-01T05:11:33.713Z - info: Site data built
2025-12-01T05:11:33.713Z - info: Pages rebuilt
2025-12-01T05:11:33.713Z - info: Website regeneration complete! Total build time: 0.402s
2025-12-01T05:12:44.057Z - info: [13:12:44] Reload for file change: /Users/damithch/Repos/nus-cs2103/cs2103-website-base/admin/exam-doubts-fragment.md
2025-12-01T05:12:44.058Z - info: Synchronizing opened pages list before reload
2025-12-01T05:12:44.059Z - info: Current opened pages, from most-to-least recent:
2025-12-01T05:12:44.060Z - info: 1. admin/exams
2025-12-01T05:12:45.067Z - info: Rebuilding 1 pages
2025-12-01T05:12:45.448Z - info: Site data built
2025-12-01T05:12:45.448Z - info: Pages rebuilt
2025-12-01T05:12:45.448Z - info: Website regeneration complete! Total build time: 0.383s
