2025-12-17T17:59:34.585Z - info: Website generation started at 01:59:33
2025-12-17T17:59:35.260Z - warn: ENOENT: no such file or directory, open '/Users/damithch/Repos/nus-cs2103/cs2103-website-base/node_modules/.cache/gh-pages/https!github.com!nus-cs2103-AY2526S1!website.git/book/_markbind/variables.md'
2025-12-17T17:59:35.261Z - warn: ENOENT: no such file or directory, open '/Users/damithch/Repos/nus-cs2103/cs2103-website-base/node_modules/.cache/gh-pages/https!github.com!nus-cs2103-AY2526S1!website.git/_markbind/variables.md'
2025-12-17T17:59:35.281Z - info: Building assets...
2025-12-17T17:59:38.046Z - info: Assets built
2025-12-17T17:59:38.046Z - info: Generating pages...
2025-12-17T17:59:47.321Z - debug:  
2025-12-17T17:59:47.321Z - debug:  
2025-12-17T17:59:47.321Z - debug:  
2025-12-17T17:59:47.321Z - debug:  
2025-12-17T17:59:47.321Z - debug:  
2025-12-17T17:59:47.321Z - debug:  
2025-12-17T17:59:47.321Z - debug:  
2025-12-17T17:59:47.321Z - debug:  
2025-12-17T17:59:47.321Z - debug:  
2025-12-17T17:59:47.321Z - debug:  
2025-12-17T17:59:47.321Z - debug:  
2025-12-17T17:59:47.321Z - debug:  
2025-12-17T17:59:49.744Z - debug:  
2025-12-17T17:59:49.888Z - debug:  
2025-12-17T17:59:49.891Z - debug:  
2025-12-17T17:59:49.919Z - debug:  
2025-12-17T17:59:49.920Z - debug:  
2025-12-17T17:59:49.954Z - debug:  
2025-12-17T17:59:59.882Z - debug:  
2025-12-17T18:00:55.688Z - debug:  
2025-12-17T18:00:55.688Z - debug:  
2025-12-17T18:01:05.675Z - debug:  
2025-12-17T18:01:19.542Z - debug:  
2025-12-17T18:01:19.557Z - debug:  
2025-12-17T18:01:29.696Z - info: Pages built
2025-12-17T18:01:29.779Z - info: Site data built
2025-12-17T18:01:29.779Z - info: Website generation complete! Total build time: 116.429s
2025-12-17T18:01:29.779Z - info: Build success!
2025-12-17T18:07:12.471Z - info: Website generation started at 02:07:11
2025-12-17T18:07:12.880Z - warn: ENOENT: no such file or directory, open '/Users/damithch/Repos/nus-cs2103/cs2103-website-base/node_modules/.cache/gh-pages/https!github.com!nus-cs2103-AY2526S1!website.git/book/_markbind/variables.md'
2025-12-17T18:07:12.881Z - warn: ENOENT: no such file or directory, open '/Users/damithch/Repos/nus-cs2103/cs2103-website-base/node_modules/.cache/gh-pages/https!github.com!nus-cs2103-AY2526S1!website.git/_markbind/variables.md'
2025-12-17T18:07:12.907Z - info: Building assets...
2025-12-17T18:07:17.179Z - info: Assets built
2025-12-17T18:07:17.188Z - info: Generating pages...
2025-12-17T18:07:22.736Z - debug:  
2025-12-17T18:07:22.736Z - debug:  
2025-12-17T18:07:22.737Z - debug:  
2025-12-17T18:07:27.288Z - debug:  
2025-12-17T18:07:27.288Z - debug:  
2025-12-17T18:07:27.288Z - debug:  
2025-12-17T18:07:27.289Z - debug:  
2025-12-17T18:07:27.289Z - debug:  
2025-12-17T18:07:27.289Z - debug:  
2025-12-17T18:07:27.289Z - debug:  
2025-12-17T18:07:27.289Z - debug:  
2025-12-17T18:07:27.289Z - debug:  
2025-12-17T18:07:29.805Z - debug:  
2025-12-17T18:07:29.883Z - debug:  
2025-12-17T18:07:29.893Z - debug:  
2025-12-17T18:07:29.896Z - debug:  
2025-12-17T18:07:29.905Z - debug:  
2025-12-17T18:07:29.906Z - debug:  
2025-12-17T18:07:40.934Z - debug:  
2025-12-17T18:08:37.132Z - debug:  
2025-12-17T18:08:37.133Z - debug:  
2025-12-17T18:08:46.867Z - debug:  
2025-12-17T18:09:00.469Z - debug:  
2025-12-17T18:09:00.532Z - debug:  
2025-12-17T18:09:11.311Z - info: Pages built
2025-12-17T18:09:11.401Z - info: Site data built
2025-12-17T18:09:11.401Z - info: Website generation complete! Total build time: 120.32s
2025-12-17T18:09:11.401Z - info: Build success!
2025-12-17T18:09:39.196Z - info: The website has been deployed at: https://nus-cs2103-ay2526s1.github.io/website
2025-12-17T18:11:09.208Z - info: Website generation (lazy) started at 02:11:07
2025-12-17T18:11:09.676Z - warn: ENOENT: no such file or directory, open '/Users/damithch/Repos/nus-cs2103/cs2103-website-base/node_modules/.cache/gh-pages/https!github.com!nus-cs2103-AY2526S1!website.git/book/_markbind/variables.md'
2025-12-17T18:11:09.676Z - warn: ENOENT: no such file or directory, open '/Users/damithch/Repos/nus-cs2103/cs2103-website-base/node_modules/.cache/gh-pages/https!github.com!nus-cs2103-AY2526S1!website.git/_markbind/variables.md'
2025-12-17T18:11:09.699Z - info: Building assets...
2025-12-17T18:11:13.384Z - info: Assets built
2025-12-17T18:11:13.386Z - info: Generating landing page...
2025-12-17T18:11:15.176Z - info: Landing page built, other pages will be built as you navigate to them!
2025-12-17T18:11:15.404Z - info: Site data built
2025-12-17T18:11:15.404Z - info: Website generation (lazy) complete! Total build time: 7.753s
2025-12-17T18:11:15.429Z - info: Serving "/Users/damithch/Repos/nus-cs2103/cs2103-website-base/_site" at http://127.0.0.1:8080
2025-12-17T18:11:15.430Z - info: Press CTRL+C to stop ...
2025-12-17T18:12:22.279Z - info: Website generation started at 02:12:21
2025-12-17T18:12:22.644Z - warn: ENOENT: no such file or directory, open '/Users/damithch/Repos/nus-cs2103/cs2103-website-base/node_modules/.cache/gh-pages/https!github.com!nus-cs2103-AY2526S1!website.git/book/_markbind/variables.md'
2025-12-17T18:12:22.644Z - warn: ENOENT: no such file or directory, open '/Users/damithch/Repos/nus-cs2103/cs2103-website-base/node_modules/.cache/gh-pages/https!github.com!nus-cs2103-AY2526S1!website.git/_markbind/variables.md'
2025-12-17T18:12:22.664Z - info: Building assets...
