2025-10-06T08:37:01.900Z - info: Website generation (lazy) started at 16:37:00
2025-10-06T08:37:02.430Z - warn: ENOENT: no such file or directory, open '/Users/damithch/Repos/nus-cs2103/cs2103-website-base/node_modules/.cache/gh-pages/https!github.com!nus-cs2103-AY2526S1!website.git/book/_markbind/variables.md'
2025-10-06T08:37:02.431Z - warn: ENOENT: no such file or directory, open '/Users/damithch/Repos/nus-cs2103/cs2103-website-base/node_modules/.cache/gh-pages/https!github.com!nus-cs2103-AY2526S1!website.git/_markbind/variables.md'
2025-10-06T08:37:02.450Z - info: Building assets...
2025-10-06T08:37:05.266Z - info: Assets built
2025-10-06T08:37:05.267Z - info: Generating landing page...
2025-10-06T08:37:05.818Z - info: Landing page built, other pages will be built as you navigate to them!
2025-10-06T08:37:05.890Z - info: Site data built
2025-10-06T08:37:05.890Z - info: Website generation (lazy) complete! Total build time: 5.245s
2025-10-06T08:37:05.904Z - info: Serving "/Users/damithch/Repos/nus-cs2103/cs2103-website-base/_site" at http://127.0.0.1:8080
2025-10-06T08:37:05.904Z - info: Press CTRL+C to stop ...
2025-10-06T08:37:21.089Z - info: Building /Users/damithch/Repos/nus-cs2103/cs2103-website-base/se-book-adapted/index as some of its dependencies were changed since the last visit
2025-10-06T08:37:21.315Z - info: Site data built
2025-10-06T08:37:21.316Z - info: Lazy website regeneration complete! Total build time: 0.228s
2025-10-06T08:37:28.098Z - info: Building /Users/damithch/Repos/nus-cs2103/cs2103-website-base/se-book-adapted/print as some of its dependencies were changed since the last visit
2025-10-06T08:37:32.687Z - debug:  
2025-10-06T08:37:32.687Z - debug:  
2025-10-06T08:37:32.687Z - debug:  
2025-10-06T08:37:32.687Z - debug:  
2025-10-06T08:37:32.687Z - debug:  
2025-10-06T08:37:32.687Z - debug:  
2025-10-06T08:37:32.687Z - debug:  
2025-10-06T08:37:32.687Z - debug:  
2025-10-06T08:37:32.687Z - debug:  
2025-10-06T08:37:32.687Z - debug:  
2025-10-06T08:37:32.687Z - debug:  
2025-10-06T08:37:32.975Z - info: Site data built
2025-10-06T08:37:32.975Z - info: Lazy website regeneration complete! Total build time: 4.877s
2025-10-06T08:39:53.584Z - info: Building /Users/damithch/Repos/nus-cs2103/cs2103-website-base/admin/uml-reference-sheet as some of its dependencies were changed since the last visit
2025-10-06T08:39:53.683Z - info: Site data built
2025-10-06T08:39:53.683Z - info: Lazy website regeneration complete! Total build time: 0.099s
2025-10-06T08:42:29.677Z - info: [16:42:29] Reload for file add: /Users/damithch/Repos/nus-cs2103/cs2103-website-base/admin/exam-reference-sheet.md
2025-10-06T08:42:29.682Z - info: Synchronizing opened pages list before reload
2025-10-06T08:42:29.682Z - info: Current opened pages, from most-to-least recent:
2025-10-06T08:42:29.682Z - info: 1. admin/uml-reference-sheet
2025-10-06T08:42:29.683Z - info: 2. se-book-adapted/index
2025-10-06T08:42:30.910Z - info: Pages or site config modified, updating pages...
2025-10-06T08:42:32.073Z - info: Building /Users/damithch/Repos/nus-cs2103/cs2103-website-base/admin/uml-reference-sheet as some of its dependencies were changed since the last visit
2025-10-06T08:42:32.073Z - info: Building /Users/damithch/Repos/nus-cs2103/cs2103-website-base/se-book-adapted/index as some of its dependencies were changed since the last visit
2025-10-06T08:42:32.321Z - info: Site data built
2025-10-06T08:42:32.321Z - info: Lazy website regeneration complete! Total build time: 0.248s
2025-10-06T08:44:49.999Z - info: [16:44:49] Reload for file change: /Users/damithch/Repos/nus-cs2103/cs2103-website-base/admin/exam-reference-sheet.md
2025-10-06T08:44:50.002Z - info: Synchronizing opened pages list before reload
2025-10-06T08:44:50.003Z - info: Current opened pages, from most-to-least recent:
2025-10-06T08:44:50.003Z - info: 1. admin/uml-reference-sheet
2025-10-06T08:44:50.028Z - info: [16:44:50] Reload for file change: /Users/damithch/Repos/nus-cs2103/cs2103-website-base/admin/uml-reference-sheet.md
2025-10-06T08:44:50.028Z - info: Synchronizing opened pages list before reload
2025-10-06T08:44:50.028Z - info: Current opened pages, from most-to-least recent:
2025-10-06T08:44:50.028Z - info: 1. admin/uml-reference-sheet
2025-10-06T08:44:51.015Z - info: Rebuilding 1 pages
2025-10-06T08:44:51.085Z - info: Site data built
2025-10-06T08:44:51.085Z - info: Pages rebuilt
2025-10-06T08:44:51.085Z - info: Website regeneration complete! Total build time: 0.075s
2025-10-06T08:45:14.703Z - info: Building /Users/damithch/Repos/nus-cs2103/cs2103-website-base/admin/exam-reference-sheet as some of its dependencies were changed since the last visit
2025-10-06T08:45:14.783Z - info: Site data built
2025-10-06T08:45:14.783Z - info: Lazy website regeneration complete! Total build time: 0.081s
2025-10-06T08:46:14.333Z - info: [16:46:14] Reload for file change: /Users/damithch/Repos/nus-cs2103/cs2103-website-base/admin/uml-reference-sheet.md
2025-10-06T08:46:14.334Z - info: Synchronizing opened pages list before reload
2025-10-06T08:46:14.334Z - info: Current opened pages, from most-to-least recent:
2025-10-06T08:46:14.335Z - info: 1. admin/exam-reference-sheet
2025-10-06T08:46:14.339Z - info: [16:46:14] Reload for file change: /Users/damithch/Repos/nus-cs2103/cs2103-website-base/admin/exam-reference-sheet.md
2025-10-06T08:46:14.339Z - info: Synchronizing opened pages list before reload
2025-10-06T08:46:14.340Z - info: Current opened pages, from most-to-least recent:
2025-10-06T08:46:14.340Z - info: 1. admin/exam-reference-sheet
2025-10-06T08:46:15.349Z - info: Rebuilding 1 pages
2025-10-06T08:46:15.421Z - info: Site data built
2025-10-06T08:46:15.421Z - info: Pages rebuilt
2025-10-06T08:46:15.421Z - info: Website regeneration complete! Total build time: 0.075s
2025-10-06T08:46:35.017Z - info: [16:46:35] Reload for file change: /Users/damithch/Repos/nus-cs2103/cs2103-website-base/admin/uml-reference-sheet.md
2025-10-06T08:46:35.017Z - info: Synchronizing opened pages list before reload
2025-10-06T08:46:35.017Z - info: Current opened pages, from most-to-least recent:
2025-10-06T08:46:35.017Z - info: 1. admin/exam-reference-sheet
2025-10-06T08:46:36.023Z - info: Rebuilding 1 pages
2025-10-06T08:46:36.078Z - info: Site data built
2025-10-06T08:46:36.078Z - info: Pages rebuilt
2025-10-06T08:46:36.078Z - info: Website regeneration complete! Total build time: 0.056s
2025-10-06T08:47:13.018Z - info: [16:47:13] Reload for file change: /Users/damithch/Repos/nus-cs2103/cs2103-website-base/admin/uml-reference-sheet.md
2025-10-06T08:47:13.019Z - info: Synchronizing opened pages list before reload
2025-10-06T08:47:13.019Z - info: Current opened pages, from most-to-least recent:
2025-10-06T08:47:13.020Z - info: 1. admin/exam-reference-sheet
2025-10-06T08:47:14.025Z - info: Rebuilding 1 pages
2025-10-06T08:47:14.074Z - info: Site data built
2025-10-06T08:47:14.074Z - info: Pages rebuilt
2025-10-06T08:47:14.074Z - info: Website regeneration complete! Total build time: 0.052s
2025-10-06T08:47:30.072Z - info: [16:47:30] Reload for file change: /Users/damithch/Repos/nus-cs2103/cs2103-website-base/admin/uml-reference-sheet.md
2025-10-06T08:47:30.072Z - info: Synchronizing opened pages list before reload
2025-10-06T08:47:30.072Z - info: Current opened pages, from most-to-least recent:
2025-10-06T08:47:30.072Z - info: 1. admin/exam-reference-sheet
2025-10-06T08:47:31.086Z - info: Rebuilding 1 pages
2025-10-06T08:47:31.133Z - info: Site data built
2025-10-06T08:47:31.133Z - info: Pages rebuilt
2025-10-06T08:47:31.133Z - info: Website regeneration complete! Total build time: 0.049s
2025-10-06T08:47:40.061Z - info: [16:47:40] Reload for file change: /Users/damithch/Repos/nus-cs2103/cs2103-website-base/admin/uml-reference-sheet.md
2025-10-06T08:47:40.061Z - info: Synchronizing opened pages list before reload
2025-10-06T08:47:40.061Z - info: Current opened pages, from most-to-least recent:
2025-10-06T08:47:40.061Z - info: 1. admin/exam-reference-sheet
2025-10-06T08:47:41.074Z - info: Rebuilding 1 pages
2025-10-06T08:47:41.142Z - info: Site data built
2025-10-06T08:47:41.142Z - info: Pages rebuilt
2025-10-06T08:47:41.142Z - info: Website regeneration complete! Total build time: 0.07s
2025-10-06T12:41:49.023Z - info: Website generation (lazy) started at 20:41:47
2025-10-06T12:41:49.610Z - warn: ENOENT: no such file or directory, open '/Users/damithch/Repos/nus-cs2103/cs2103-website-base/node_modules/.cache/gh-pages/https!github.com!nus-cs2103-AY2526S1!website.git/book/_markbind/variables.md'
2025-10-06T12:41:49.610Z - warn: ENOENT: no such file or directory, open '/Users/damithch/Repos/nus-cs2103/cs2103-website-base/node_modules/.cache/gh-pages/https!github.com!nus-cs2103-AY2526S1!website.git/_markbind/variables.md'
2025-10-06T12:41:49.630Z - info: Building assets...
2025-10-06T12:41:52.333Z - info: Assets built
2025-10-06T12:41:52.334Z - info: Generating landing page...
2025-10-06T12:41:52.795Z - info: Landing page built, other pages will be built as you navigate to them!
2025-10-06T12:41:52.883Z - info: Site data built
2025-10-06T12:41:52.884Z - info: Website generation (lazy) complete! Total build time: 5.011s
2025-10-06T12:41:52.897Z - info: Serving "/Users/damithch/Repos/nus-cs2103/cs2103-website-base/_site" at http://127.0.0.1:8080
2025-10-06T12:41:52.897Z - info: Press CTRL+C to stop ...
2025-10-06T12:44:17.847Z - info: [20:44:17] Reload for file change: /Users/damithch/Repos/nus-cs2103/cs2103-website-base/book/testing/testingTypes/dogfooding/what/text.md
2025-10-06T12:44:17.849Z - info: Synchronizing opened pages list before reload
2025-10-06T12:44:17.851Z - info: Current opened pages, from most-to-least recent:
2025-10-06T12:44:17.851Z - info: 1. index
2025-10-06T12:44:18.863Z - info: Rebuilding 1 pages
2025-10-06T12:44:19.303Z - info: Site data built
2025-10-06T12:44:19.303Z - info: Pages rebuilt
2025-10-06T12:44:19.303Z - info: Website regeneration complete! Total build time: 0.443s
2025-10-06T12:44:59.159Z - info: Building /Users/damithch/Repos/nus-cs2103/cs2103-website-base/admin/uml-reference-sheet as some of its dependencies were changed since the last visit
2025-10-06T12:44:59.311Z - info: Site data built
2025-10-06T12:44:59.312Z - info: Lazy website regeneration complete! Total build time: 0.153s
2025-10-06T12:45:08.956Z - info: Building /Users/damithch/Repos/nus-cs2103/cs2103-website-base/admin/exam-reference-sheet as some of its dependencies were changed since the last visit
2025-10-06T12:45:09.015Z - info: Site data built
2025-10-06T12:45:09.016Z - info: Lazy website regeneration complete! Total build time: 0.06s
2025-10-06T12:46:25.623Z - info: [20:46:25] Reload for file change: /Users/damithch/Repos/nus-cs2103/cs2103-website-base/admin/exam-reference-sheet.md
2025-10-06T12:46:25.628Z - info: Synchronizing opened pages list before reload
2025-10-06T12:46:25.629Z - info: Current opened pages, from most-to-least recent:
2025-10-06T12:46:25.630Z - info: 1. admin/exam-reference-sheet
2025-10-06T12:46:25.631Z - info: 2. index
2025-10-06T12:46:26.645Z - info: Rebuilding 1 pages
2025-10-06T12:46:26.722Z - info: Site data built
2025-10-06T12:46:26.722Z - info: Pages rebuilt
2025-10-06T12:46:26.722Z - info: Website regeneration complete! Total build time: 0.079s
2025-10-06T12:47:47.485Z - info: [20:47:47] Reload for file change: /Users/damithch/Repos/nus-cs2103/cs2103-website-base/admin/exam-reference-sheet.md
2025-10-06T12:47:47.487Z - info: Synchronizing opened pages list before reload
2025-10-06T12:47:47.488Z - info: Current opened pages, from most-to-least recent:
2025-10-06T12:47:47.488Z - info: 1. admin/exam-reference-sheet
2025-10-06T12:47:47.622Z - info: [20:47:47] Reload for file change: /Users/damithch/Repos/nus-cs2103/cs2103-website-base/admin/exam-reference-sheet.md
2025-10-06T12:47:47.622Z - info: Synchronizing opened pages list before reload
2025-10-06T12:47:47.622Z - info: Current opened pages, from most-to-least recent:
2025-10-06T12:47:47.623Z - info: 1. admin/exam-reference-sheet
2025-10-06T12:47:48.498Z - info: Rebuilding 1 pages
2025-10-06T12:47:48.595Z - info: Site data built
2025-10-06T12:47:48.595Z - info: Pages rebuilt
2025-10-06T12:47:48.595Z - info: Website regeneration complete! Total build time: 0.102s
2025-10-06T12:49:37.502Z - info: [20:49:37] Reload for file change: /Users/damithch/Repos/nus-cs2103/cs2103-website-base/admin/exam-reference-sheet.md
2025-10-06T12:49:37.510Z - info: Synchronizing opened pages list before reload
2025-10-06T12:49:37.511Z - info: Current opened pages, from most-to-least recent:
2025-10-06T12:49:37.512Z - info: 1. admin/exam-reference-sheet
2025-10-06T12:49:38.549Z - info: Rebuilding 1 pages
2025-10-06T12:49:38.626Z - info: Site data built
2025-10-06T12:49:38.626Z - info: Pages rebuilt
2025-10-06T12:49:38.626Z - info: Website regeneration complete! Total build time: 0.08s
2025-10-06T12:50:01.150Z - info: [20:50:01] Reload for file change: /Users/damithch/Repos/nus-cs2103/cs2103-website-base/admin/exam-reference-sheet.md
2025-10-06T12:50:01.151Z - info: Synchronizing opened pages list before reload
2025-10-06T12:50:01.154Z - info: Current opened pages, from most-to-least recent:
2025-10-06T12:50:01.154Z - info: 1. admin/exam-reference-sheet
2025-10-06T12:50:02.184Z - info: Rebuilding 1 pages
2025-10-06T12:50:02.298Z - info: Site data built
2025-10-06T12:50:02.299Z - info: Pages rebuilt
2025-10-06T12:50:02.299Z - info: Website regeneration complete! Total build time: 0.119s
2025-10-06T12:53:20.373Z - info: [20:53:20] Reload for file change: /Users/damithch/Repos/nus-cs2103/cs2103-website-base/admin/exam-reference-sheet.md
2025-10-06T12:53:20.375Z - info: Synchronizing opened pages list before reload
2025-10-06T12:53:20.376Z - info: Current opened pages, from most-to-least recent:
2025-10-06T12:53:20.376Z - info: 1. admin/exam-reference-sheet
2025-10-06T12:53:21.384Z - info: Rebuilding 1 pages
2025-10-06T12:53:21.464Z - info: Site data built
2025-10-06T12:53:21.465Z - info: Pages rebuilt
2025-10-06T12:53:21.465Z - info: Website regeneration complete! Total build time: 0.084s
2025-10-06T12:54:41.096Z - info: [20:54:41] Reload for file change: /Users/damithch/Repos/nus-cs2103/cs2103-website-base/admin/exam-reference-sheet.md
2025-10-06T12:54:41.101Z - info: Synchronizing opened pages list before reload
2025-10-06T12:54:41.102Z - info: Current opened pages, from most-to-least recent:
2025-10-06T12:54:41.102Z - info: 1. admin/exam-reference-sheet
2025-10-06T12:54:42.118Z - info: Rebuilding 1 pages
2025-10-06T12:54:42.193Z - info: Site data built
2025-10-06T12:54:42.193Z - info: Pages rebuilt
2025-10-06T12:54:42.193Z - info: Website regeneration complete! Total build time: 0.078s
2025-10-06T12:54:53.599Z - info: [20:54:53] Reload for file change: /Users/damithch/Repos/nus-cs2103/cs2103-website-base/admin/exam-reference-sheet.md
2025-10-06T12:54:53.600Z - info: Synchronizing opened pages list before reload
2025-10-06T12:54:53.601Z - info: Current opened pages, from most-to-least recent:
2025-10-06T12:54:53.601Z - info: 1. admin/exam-reference-sheet
2025-10-06T12:54:54.613Z - info: Rebuilding 1 pages
2025-10-06T12:54:54.702Z - info: Site data built
2025-10-06T12:54:54.702Z - info: Pages rebuilt
2025-10-06T12:54:54.702Z - info: Website regeneration complete! Total build time: 0.092s
2025-10-06T12:55:20.967Z - info: [20:55:20] Reload for file change: /Users/damithch/Repos/nus-cs2103/cs2103-website-base/admin/exam-reference-sheet.md
2025-10-06T12:55:20.967Z - info: Synchronizing opened pages list before reload
2025-10-06T12:55:20.967Z - info: Current opened pages, from most-to-least recent:
2025-10-06T12:55:20.967Z - info: 1. admin/exam-reference-sheet
2025-10-06T12:55:21.978Z - info: Rebuilding 1 pages
2025-10-06T12:55:22.037Z - info: Site data built
2025-10-06T12:55:22.037Z - info: Pages rebuilt
2025-10-06T12:55:22.037Z - info: Website regeneration complete! Total build time: 0.066s
2025-10-06T13:00:18.170Z - info: [21:00:18] Reload for file change: /Users/damithch/Repos/nus-cs2103/cs2103-website-base/admin/exam-reference-sheet.md
2025-10-06T13:00:18.172Z - info: Synchronizing opened pages list before reload
2025-10-06T13:00:18.172Z - info: Current opened pages, from most-to-least recent:
2025-10-06T13:00:18.173Z - info: 1. admin/exam-reference-sheet
2025-10-06T13:00:19.201Z - info: Rebuilding 1 pages
2025-10-06T13:00:19.288Z - info: Site data built
2025-10-06T13:00:19.288Z - info: Pages rebuilt
2025-10-06T13:00:19.288Z - info: Website regeneration complete! Total build time: 0.09s
2025-10-06T13:01:26.288Z - info: [21:01:26] Reload for file change: /Users/damithch/Repos/nus-cs2103/cs2103-website-base/admin/exam-reference-sheet.md
2025-10-06T13:01:26.290Z - info: Synchronizing opened pages list before reload
2025-10-06T13:01:26.290Z - info: Current opened pages, from most-to-least recent:
2025-10-06T13:01:26.290Z - info: 1. admin/exam-reference-sheet
2025-10-06T13:01:27.302Z - info: Rebuilding 1 pages
2025-10-06T13:01:27.416Z - info: Site data built
2025-10-06T13:01:27.416Z - info: Pages rebuilt
2025-10-06T13:01:27.416Z - info: Website regeneration complete! Total build time: 0.119s
2025-10-06T13:02:42.536Z - info: [21:02:42] Reload for file change: /Users/damithch/Repos/nus-cs2103/cs2103-website-base/admin/exam-reference-sheet.md
2025-10-06T13:02:42.538Z - info: Synchronizing opened pages list before reload
2025-10-06T13:02:42.540Z - info: Current opened pages, from most-to-least recent:
2025-10-06T13:02:42.541Z - info: 1. admin/exam-reference-sheet
2025-10-06T13:02:43.585Z - info: Rebuilding 1 pages
2025-10-06T13:02:43.657Z - info: Site data built
2025-10-06T13:02:43.657Z - info: Pages rebuilt
2025-10-06T13:02:43.657Z - info: Website regeneration complete! Total build time: 0.075s
2025-10-06T13:02:54.744Z - info: [21:02:54] Reload for file change: /Users/damithch/Repos/nus-cs2103/cs2103-website-base/admin/exam-reference-sheet.md
2025-10-06T13:02:54.744Z - info: Synchronizing opened pages list before reload
2025-10-06T13:02:54.744Z - info: Current opened pages, from most-to-least recent:
2025-10-06T13:02:54.744Z - info: 1. admin/exam-reference-sheet
2025-10-06T13:02:55.750Z - info: Rebuilding 1 pages
2025-10-06T13:02:55.823Z - info: Site data built
2025-10-06T13:02:55.824Z - info: Pages rebuilt
2025-10-06T13:02:55.824Z - info: Website regeneration complete! Total build time: 0.076s
2025-10-06T13:03:40.859Z - info: [21:03:40] Reload for file change: /Users/damithch/Repos/nus-cs2103/cs2103-website-base/admin/exam-reference-sheet.md
2025-10-06T13:03:40.863Z - info: Synchronizing opened pages list before reload
2025-10-06T13:03:40.865Z - info: Current opened pages, from most-to-least recent:
2025-10-06T13:03:40.865Z - info: 1. admin/exam-reference-sheet
2025-10-06T13:03:41.885Z - info: Rebuilding 1 pages
2025-10-06T13:03:41.968Z - info: Site data built
2025-10-06T13:03:41.968Z - info: Pages rebuilt
2025-10-06T13:03:41.968Z - info: Website regeneration complete! Total build time: 0.087s
2025-10-06T13:04:16.020Z - info: [21:04:16] Reload for file change: /Users/damithch/Repos/nus-cs2103/cs2103-website-base/admin/exam-reference-sheet.md
2025-10-06T13:04:16.116Z - info: Synchronizing opened pages list before reload
2025-10-06T13:04:16.119Z - info: Current opened pages, from most-to-least recent:
2025-10-06T13:04:16.120Z - info: 1. admin/exam-reference-sheet
2025-10-06T13:04:17.136Z - info: Rebuilding 1 pages
2025-10-06T13:04:17.226Z - info: Site data built
2025-10-06T13:04:17.226Z - info: Pages rebuilt
2025-10-06T13:04:17.226Z - info: Website regeneration complete! Total build time: 0.092s
2025-10-06T13:04:48.391Z - info: [21:04:48] Reload for file change: /Users/damithch/Repos/nus-cs2103/cs2103-website-base/admin/exam-reference-sheet.md
2025-10-06T13:04:48.391Z - info: Synchronizing opened pages list before reload
2025-10-06T13:04:48.391Z - info: Current opened pages, from most-to-least recent:
2025-10-06T13:04:48.391Z - info: 1. admin/exam-reference-sheet
2025-10-06T13:04:49.407Z - info: Rebuilding 1 pages
2025-10-06T13:04:49.483Z - info: Site data built
2025-10-06T13:04:49.483Z - info: Pages rebuilt
2025-10-06T13:04:49.483Z - info: Website regeneration complete! Total build time: 0.079s
2025-10-06T13:04:59.000Z - info: [21:04:59] Reload for file change: /Users/damithch/Repos/nus-cs2103/cs2103-website-base/admin/exam-reference-sheet.md
2025-10-06T13:04:59.001Z - info: Synchronizing opened pages list before reload
2025-10-06T13:04:59.001Z - info: Current opened pages, from most-to-least recent:
2025-10-06T13:04:59.001Z - info: 1. admin/exam-reference-sheet
2025-10-06T13:05:00.018Z - info: Rebuilding 1 pages
2025-10-06T13:05:00.114Z - info: Site data built
2025-10-06T13:05:00.114Z - info: Pages rebuilt
2025-10-06T13:05:00.114Z - info: Website regeneration complete! Total build time: 0.099s
2025-10-06T13:05:19.208Z - info: [21:05:19] Reload for file change: /Users/damithch/Repos/nus-cs2103/cs2103-website-base/admin/exam-reference-sheet.md
2025-10-06T13:05:19.208Z - info: Synchronizing opened pages list before reload
2025-10-06T13:05:19.208Z - info: Current opened pages, from most-to-least recent:
2025-10-06T13:05:19.208Z - info: 1. admin/exam-reference-sheet
2025-10-06T13:05:20.229Z - info: Rebuilding 1 pages
2025-10-06T13:05:20.311Z - info: Site data built
2025-10-06T13:05:20.311Z - info: Pages rebuilt
2025-10-06T13:05:20.311Z - info: Website regeneration complete! Total build time: 0.091s
2025-10-06T13:05:33.950Z - info: [21:05:33] Reload for file change: /Users/damithch/Repos/nus-cs2103/cs2103-website-base/admin/exam-reference-sheet.md
2025-10-06T13:05:33.951Z - info: Synchronizing opened pages list before reload
2025-10-06T13:05:33.951Z - info: Current opened pages, from most-to-least recent:
2025-10-06T13:05:33.951Z - info: 1. admin/exam-reference-sheet
2025-10-06T13:05:34.958Z - info: Rebuilding 1 pages
2025-10-06T13:05:35.039Z - info: Site data built
2025-10-06T13:05:35.039Z - info: Pages rebuilt
2025-10-06T13:05:35.039Z - info: Website regeneration complete! Total build time: 0.083s
2025-10-06T13:06:01.506Z - info: [21:06:01] Reload for file change: /Users/damithch/Repos/nus-cs2103/cs2103-website-base/admin/exam-reference-sheet.md
2025-10-06T13:06:01.506Z - info: Synchronizing opened pages list before reload
2025-10-06T13:06:01.506Z - info: Current opened pages, from most-to-least recent:
2025-10-06T13:06:01.507Z - info: 1. admin/exam-reference-sheet
2025-10-06T13:06:02.532Z - info: Rebuilding 1 pages
2025-10-06T13:06:02.609Z - info: Site data built
2025-10-06T13:06:02.609Z - info: Pages rebuilt
2025-10-06T13:06:02.609Z - info: Website regeneration complete! Total build time: 0.09s
2025-10-06T13:07:03.193Z - info: [21:07:03] Reload for file change: /Users/damithch/Repos/nus-cs2103/cs2103-website-base/admin/exam-reference-sheet.md
2025-10-06T13:07:03.196Z - info: Synchronizing opened pages list before reload
2025-10-06T13:07:03.198Z - info: Current opened pages, from most-to-least recent:
2025-10-06T13:07:03.200Z - info: 1. admin/exam-reference-sheet
2025-10-06T13:07:04.250Z - info: Rebuilding 1 pages
2025-10-06T13:07:04.353Z - info: Site data built
2025-10-06T13:07:04.353Z - info: Pages rebuilt
2025-10-06T13:07:04.353Z - info: Website regeneration complete! Total build time: 0.106s
2025-10-06T13:07:17.785Z - info: [21:07:17] Reload for file change: /Users/damithch/Repos/nus-cs2103/cs2103-website-base/admin/exam-reference-sheet.md
2025-10-06T13:07:17.786Z - info: Synchronizing opened pages list before reload
2025-10-06T13:07:17.786Z - info: Current opened pages, from most-to-least recent:
2025-10-06T13:07:17.786Z - info: 1. admin/exam-reference-sheet
2025-10-06T13:07:18.790Z - info: Rebuilding 1 pages
2025-10-06T13:07:18.880Z - info: Site data built
2025-10-06T13:07:18.880Z - info: Pages rebuilt
2025-10-06T13:07:18.880Z - info: Website regeneration complete! Total build time: 0.092s
2025-10-06T13:08:07.752Z - info: [21:08:07] Reload for file change: /Users/damithch/Repos/nus-cs2103/cs2103-website-base/book/oop/inheritance/substitutability/text.md
2025-10-06T13:08:07.754Z - info: Synchronizing opened pages list before reload
2025-10-06T13:08:07.754Z - info: Current opened pages, from most-to-least recent:
2025-10-06T13:08:07.754Z - info: 1. admin/exam-reference-sheet
2025-10-06T13:08:07.757Z - info: [21:08:07] Reload for file change: /Users/damithch/Repos/nus-cs2103/cs2103-website-base/admin/exam-reference-sheet.md
2025-10-06T13:08:07.757Z - info: Synchronizing opened pages list before reload
2025-10-06T13:08:07.757Z - info: Current opened pages, from most-to-least recent:
2025-10-06T13:08:07.757Z - info: 1. admin/exam-reference-sheet
2025-10-06T13:08:08.769Z - info: Assets built
2025-10-06T13:08:08.773Z - info: Rebuilding 1 pages
2025-10-06T13:08:08.866Z - info: Site data built
2025-10-06T13:08:08.866Z - info: Pages rebuilt
2025-10-06T13:08:08.866Z - info: Website regeneration complete! Total build time: 0.096s
2025-10-06T13:08:50.373Z - info: [21:08:50] Reload for file change: /Users/damithch/Repos/nus-cs2103/cs2103-website-base/admin/exam-reference-sheet.md
2025-10-06T13:08:50.381Z - info: Synchronizing opened pages list before reload
2025-10-06T13:08:50.396Z - info: Current opened pages, from most-to-least recent:
2025-10-06T13:08:50.412Z - info: 1. admin/exam-reference-sheet
2025-10-06T13:08:51.467Z - info: Rebuilding 1 pages
2025-10-06T13:08:51.562Z - info: Site data built
2025-10-06T13:08:51.562Z - info: Pages rebuilt
2025-10-06T13:08:51.562Z - info: Website regeneration complete! Total build time: 0.098s
2025-10-06T13:10:13.741Z - info: [21:10:13] Reload for file change: /Users/damithch/Repos/nus-cs2103/cs2103-website-base/admin/exam-reference-sheet.md
2025-10-06T13:10:13.769Z - info: Synchronizing opened pages list before reload
2025-10-06T13:10:13.769Z - info: Current opened pages, from most-to-least recent:
2025-10-06T13:10:13.770Z - info: 1. admin/exam-reference-sheet
2025-10-06T13:10:14.787Z - info: Rebuilding 1 pages
2025-10-06T13:10:14.864Z - info: Site data built
2025-10-06T13:10:14.864Z - info: Pages rebuilt
2025-10-06T13:10:14.865Z - info: Website regeneration complete! Total build time: 0.083s
2025-10-06T13:11:18.644Z - info: [21:11:18] Reload for file change: /Users/damithch/Repos/nus-cs2103/cs2103-website-base/admin/exam-reference-sheet.md
2025-10-06T13:11:18.648Z - info: Synchronizing opened pages list before reload
2025-10-06T13:11:18.648Z - info: Current opened pages, from most-to-least recent:
2025-10-06T13:11:18.649Z - info: 1. admin/exam-reference-sheet
2025-10-06T13:11:19.692Z - info: Rebuilding 1 pages
2025-10-06T13:11:19.776Z - info: Site data built
2025-10-06T13:11:19.776Z - info: Pages rebuilt
2025-10-06T13:11:19.776Z - info: Website regeneration complete! Total build time: 0.086s
2025-10-06T13:11:45.936Z - info: [21:11:45] Reload for file change: /Users/damithch/Repos/nus-cs2103/cs2103-website-base/admin/exam-reference-sheet.md
2025-10-06T13:11:45.936Z - info: Synchronizing opened pages list before reload
2025-10-06T13:11:45.936Z - info: Current opened pages, from most-to-least recent:
2025-10-06T13:11:45.936Z - info: 1. admin/exam-reference-sheet
2025-10-06T13:11:46.942Z - info: Rebuilding 1 pages
2025-10-06T13:11:47.031Z - info: Site data built
2025-10-06T13:11:47.031Z - info: Pages rebuilt
2025-10-06T13:11:47.031Z - info: Website regeneration complete! Total build time: 0.091s
2025-10-06T13:12:20.560Z - info: [21:12:20] Reload for file change: /Users/damithch/Repos/nus-cs2103/cs2103-website-base/admin/exam-reference-sheet.md
2025-10-06T13:12:20.568Z - info: Synchronizing opened pages list before reload
2025-10-06T13:12:20.570Z - info: Current opened pages, from most-to-least recent:
2025-10-06T13:12:20.570Z - info: 1. admin/exam-reference-sheet
2025-10-06T13:12:21.584Z - info: Rebuilding 1 pages
2025-10-06T13:12:21.662Z - info: Site data built
2025-10-06T13:12:21.662Z - info: Pages rebuilt
2025-10-06T13:12:21.662Z - info: Website regeneration complete! Total build time: 0.084s
2025-10-06T13:19:18.011Z - info: [21:19:18] Reload for file change: /Users/damithch/Repos/nus-cs2103/cs2103-website-base/admin/exam-reference-sheet.md
2025-10-06T13:19:18.013Z - info: Synchronizing opened pages list before reload
2025-10-06T13:19:18.015Z - info: Current opened pages, from most-to-least recent:
2025-10-06T13:19:18.015Z - info: 1. admin/exam-reference-sheet
2025-10-06T13:19:19.051Z - info: Rebuilding 1 pages
2025-10-06T13:19:19.157Z - info: Site data built
2025-10-06T13:19:19.157Z - info: Pages rebuilt
2025-10-06T13:19:19.157Z - info: Website regeneration complete! Total build time: 0.11s
2025-10-06T13:20:38.506Z - info: [21:20:38] Reload for file change: /Users/damithch/Repos/nus-cs2103/cs2103-website-base/admin/exam-reference-sheet.md
2025-10-06T13:20:38.520Z - info: Synchronizing opened pages list before reload
2025-10-06T13:20:38.526Z - info: Current opened pages, from most-to-least recent:
2025-10-06T13:20:38.527Z - info: 1. admin/exam-reference-sheet
2025-10-06T13:20:39.593Z - info: Rebuilding 1 pages
2025-10-06T13:20:39.666Z - info: Site data built
2025-10-06T13:20:39.666Z - info: Pages rebuilt
2025-10-06T13:20:39.666Z - info: Website regeneration complete! Total build time: 0.097s
2025-10-06T13:22:16.616Z - info: [21:22:16] Reload for file change: /Users/damithch/Repos/nus-cs2103/cs2103-website-base/admin/exam-reference-sheet.md
2025-10-06T13:22:16.654Z - info: Synchronizing opened pages list before reload
2025-10-06T13:22:16.667Z - info: Current opened pages, from most-to-least recent:
2025-10-06T13:22:16.669Z - info: 1. admin/exam-reference-sheet
2025-10-06T13:22:17.722Z - info: Rebuilding 1 pages
2025-10-06T13:22:17.827Z - info: Site data built
2025-10-06T13:22:17.827Z - info: Pages rebuilt
2025-10-06T13:22:17.827Z - info: Website regeneration complete! Total build time: 0.115s
2025-10-06T13:26:43.442Z - info: [21:26:43] Reload for file change: /Users/damithch/Repos/nus-cs2103/cs2103-website-base/admin/exam-reference-sheet.md
2025-10-06T13:26:43.443Z - info: Synchronizing opened pages list before reload
2025-10-06T13:26:43.444Z - info: Current opened pages, from most-to-least recent:
2025-10-06T13:26:43.444Z - info: 1. admin/exam-reference-sheet
2025-10-06T13:26:44.456Z - info: Rebuilding 1 pages
2025-10-06T13:26:44.567Z - info: Site data built
2025-10-06T13:26:44.567Z - info: Pages rebuilt
2025-10-06T13:26:44.567Z - info: Website regeneration complete! Total build time: 0.114s
2025-10-06T13:27:40.433Z - info: [21:27:40] Reload for file change: /Users/damithch/Repos/nus-cs2103/cs2103-website-base/admin/exam-reference-sheet.md
2025-10-06T13:27:40.446Z - info: Synchronizing opened pages list before reload
2025-10-06T13:27:40.456Z - info: Current opened pages, from most-to-least recent:
2025-10-06T13:27:40.456Z - info: 1. admin/exam-reference-sheet
2025-10-06T13:27:41.465Z - info: Rebuilding 1 pages
2025-10-06T13:27:41.535Z - info: Site data built
2025-10-06T13:27:41.535Z - info: Pages rebuilt
2025-10-06T13:27:41.536Z - info: Website regeneration complete! Total build time: 0.074s
2025-10-06T13:28:34.626Z - info: [21:28:34] Reload for file change: /Users/damithch/Repos/nus-cs2103/cs2103-website-base/admin/exam-reference-sheet.md
2025-10-06T13:28:34.628Z - info: Synchronizing opened pages list before reload
2025-10-06T13:28:34.630Z - info: Current opened pages, from most-to-least recent:
2025-10-06T13:28:34.631Z - info: 1. admin/exam-reference-sheet
2025-10-06T13:28:35.665Z - info: Rebuilding 1 pages
2025-10-06T13:28:35.789Z - info: Site data built
2025-10-06T13:28:35.789Z - info: Pages rebuilt
2025-10-06T13:28:35.789Z - info: Website regeneration complete! Total build time: 0.127s
2025-10-06T13:28:59.373Z - info: [21:28:59] Reload for file change: /Users/damithch/Repos/nus-cs2103/cs2103-website-base/admin/exam-reference-sheet.md
2025-10-06T13:28:59.373Z - info: Synchronizing opened pages list before reload
2025-10-06T13:28:59.374Z - info: Current opened pages, from most-to-least recent:
2025-10-06T13:28:59.374Z - info: 1. admin/exam-reference-sheet
2025-10-06T13:29:00.378Z - info: Rebuilding 1 pages
2025-10-06T13:29:00.478Z - info: Site data built
2025-10-06T13:29:00.478Z - info: Pages rebuilt
2025-10-06T13:29:00.478Z - info: Website regeneration complete! Total build time: 0.102s
2025-10-06T13:31:09.252Z - info: [21:31:09] Reload for file change: /Users/damithch/Repos/nus-cs2103/cs2103-website-base/admin/exam-reference-sheet.md
2025-10-06T13:31:09.252Z - info: Synchronizing opened pages list before reload
2025-10-06T13:31:09.253Z - info: Current opened pages, from most-to-least recent:
2025-10-06T13:31:09.253Z - info: 1. admin/exam-reference-sheet
2025-10-06T13:31:10.259Z - info: Rebuilding 1 pages
2025-10-06T13:31:10.353Z - info: Site data built
2025-10-06T13:31:10.353Z - info: Pages rebuilt
2025-10-06T13:31:10.353Z - info: Website regeneration complete! Total build time: 0.097s
2025-10-06T14:46:00.522Z - info: [22:46:00] Reload for file change: /Users/damithch/Repos/nus-cs2103/cs2103-website-base/book/modeling/modelingStructures/objectOrientedDomainModels/text.md
2025-10-06T14:46:00.529Z - info: Synchronizing opened pages list before reload
2025-10-06T14:46:00.530Z - info: Current opened pages, from most-to-least recent:
2025-10-06T14:46:00.530Z - info: 1. admin/exam-reference-sheet
2025-10-06T14:46:01.570Z - info: Assets built
2025-10-06T14:53:49.929Z - info: [22:53:49] Reload for file change: /Users/damithch/Repos/nus-cs2103/cs2103-website-base/admin/exam-reference-sheet.md
2025-10-06T14:53:49.931Z - info: Synchronizing opened pages list before reload
2025-10-06T14:53:49.931Z - info: Current opened pages, from most-to-least recent:
2025-10-06T14:53:49.931Z - info: 1. admin/exam-reference-sheet
2025-10-06T14:53:50.971Z - info: Rebuilding 1 pages
2025-10-06T14:53:51.096Z - info: Site data built
2025-10-06T14:53:51.096Z - info: Pages rebuilt
2025-10-06T14:53:51.097Z - info: Website regeneration complete! Total build time: 0.15s
