2025-09-14T06:00:18.133Z - info: Website generation (lazy) started at 14:00:16
2025-09-14T06:00:18.830Z - warn: ENOENT: no such file or directory, open '/Users/damithch/Repos/nus-cs2103/cs2103-website-base/node_modules/.cache/gh-pages/https!github.com!nus-cs2103-AY2526S1!website.git/book/_markbind/variables.md'
2025-09-14T06:00:18.830Z - warn: ENOENT: no such file or directory, open '/Users/damithch/Repos/nus-cs2103/cs2103-website-base/node_modules/.cache/gh-pages/https!github.com!nus-cs2103-AY2526S1!website.git/_markbind/variables.md'
2025-09-14T06:00:18.850Z - info: Building assets...
2025-09-14T06:00:21.607Z - info: Assets built
2025-09-14T06:00:21.607Z - info: Generating landing page...
2025-09-14T06:00:22.079Z - info: Landing page built, other pages will be built as you navigate to them!
2025-09-14T06:00:22.153Z - info: Site data built
2025-09-14T06:00:22.153Z - info: Website generation (lazy) complete! Total build time: 5.419s
2025-09-14T06:00:22.165Z - info: Serving "/Users/damithch/Repos/nus-cs2103/cs2103-website-base/_site" at http://127.0.0.1:8080
2025-09-14T06:00:22.165Z - info: Press CTRL+C to stop ...
2025-09-14T06:00:29.200Z - info: Building /Users/damithch/Repos/nus-cs2103/cs2103-website-base/se-book-adapted/git-trail/index as some of its dependencies were changed since the last visit
2025-09-14T06:00:29.662Z - info: Site data built
2025-09-14T06:00:29.663Z - info: Lazy website regeneration complete! Total build time: 0.463s
2025-09-14T06:00:38.202Z - info: Building /Users/damithch/Repos/nus-cs2103/cs2103-website-base/book/gitAndGithub/trail/recordingFolderHistory/index as some of its dependencies were changed since the last visit
2025-09-14T06:00:38.723Z - info: Site data built
2025-09-14T06:00:38.723Z - info: Lazy website regeneration complete! Total build time: 0.521s
2025-09-14T06:26:31.501Z - info: [14:26:31] Reload for file change: /Users/damithch/Repos/nus-cs2103/cs2103-website-base/book/gitAndGithub/init/text.md
2025-09-14T06:26:31.506Z - info: Synchronizing opened pages list before reload
2025-09-14T06:26:31.508Z - info: Current opened pages, from most-to-least recent:
2025-09-14T06:26:31.508Z - info: 1. book/gitAndGithub/trail/recordingFolderHistory/index
2025-09-14T06:26:32.550Z - info: Rebuilding 1 pages
2025-09-14T06:26:33.116Z - info: Site data built
2025-09-14T06:26:33.116Z - info: Pages rebuilt
2025-09-14T06:26:33.116Z - info: Website regeneration complete! Total build time: 0.603s
2025-09-14T06:28:08.411Z - info: [14:28:08] Reload for file change: /Users/damithch/Repos/nus-cs2103/cs2103-website-base/book/gitAndGithub/init/text.md
2025-09-14T06:28:08.421Z - info: Synchronizing opened pages list before reload
2025-09-14T06:28:08.426Z - info: Current opened pages, from most-to-least recent:
2025-09-14T06:28:08.427Z - info: 1. book/gitAndGithub/trail/recordingFolderHistory/index
2025-09-14T06:28:09.446Z - info: Rebuilding 1 pages
2025-09-14T06:28:09.978Z - info: Site data built
2025-09-14T06:28:09.978Z - info: Pages rebuilt
2025-09-14T06:28:09.978Z - info: Website regeneration complete! Total build time: 0.538s
2025-09-14T06:29:26.023Z - info: [14:29:26] Reload for file change: /Users/damithch/Repos/nus-cs2103/cs2103-website-base/book/gitAndGithub/init/text.md
2025-09-14T06:29:26.032Z - info: Synchronizing opened pages list before reload
2025-09-14T06:29:26.039Z - info: Current opened pages, from most-to-least recent:
2025-09-14T06:29:26.039Z - info: 1. book/gitAndGithub/trail/recordingFolderHistory/index
2025-09-14T06:29:27.065Z - info: Rebuilding 1 pages
2025-09-14T06:29:27.576Z - info: Site data built
2025-09-14T06:29:27.576Z - info: Pages rebuilt
2025-09-14T06:29:27.576Z - info: Website regeneration complete! Total build time: 0.52s
2025-09-14T06:31:01.115Z - info: [14:31:01] Reload for file change: /Users/damithch/Repos/nus-cs2103/cs2103-website-base/book/gitAndGithub/init/text.md
2025-09-14T06:31:01.118Z - info: Synchronizing opened pages list before reload
2025-09-14T06:31:01.118Z - info: Current opened pages, from most-to-least recent:
2025-09-14T06:31:01.118Z - info: 1. book/gitAndGithub/trail/recordingFolderHistory/index
2025-09-14T06:31:02.125Z - info: Rebuilding 1 pages
2025-09-14T06:31:02.597Z - info: Site data built
2025-09-14T06:31:02.597Z - info: Pages rebuilt
2025-09-14T06:31:02.597Z - info: Website regeneration complete! Total build time: 0.473s
2025-09-14T06:33:35.292Z - info: [14:33:35] Reload for file change: /Users/damithch/Repos/nus-cs2103/cs2103-website-base/book/gitAndGithub/init/text.md
2025-09-14T06:33:35.296Z - info: Synchronizing opened pages list before reload
2025-09-14T06:33:35.299Z - info: Current opened pages, from most-to-least recent:
2025-09-14T06:33:35.300Z - info: 1. book/gitAndGithub/trail/recordingFolderHistory/index
2025-09-14T06:33:36.307Z - info: Rebuilding 1 pages
2025-09-14T06:33:36.805Z - info: Site data built
2025-09-14T06:33:36.805Z - info: Pages rebuilt
2025-09-14T06:33:36.805Z - info: Website regeneration complete! Total build time: 0.501s
2025-09-14T06:35:40.382Z - info: [14:35:40] Reload for file change: /Users/damithch/Repos/nus-cs2103/cs2103-website-base/book/gitAndGithub/init/text.md
2025-09-14T06:35:40.387Z - info: Synchronizing opened pages list before reload
2025-09-14T06:35:40.388Z - info: Current opened pages, from most-to-least recent:
2025-09-14T06:35:40.388Z - info: 1. book/gitAndGithub/trail/recordingFolderHistory/index
2025-09-14T06:35:41.396Z - info: Rebuilding 1 pages
2025-09-14T06:35:41.905Z - info: Site data built
2025-09-14T06:35:41.905Z - info: Pages rebuilt
2025-09-14T06:35:41.905Z - info: Website regeneration complete! Total build time: 0.511s
2025-09-14T06:37:21.436Z - info: [14:37:21] Reload for file change: /Users/damithch/Repos/nus-cs2103/cs2103-website-base/book/gitAndGithub/init/text.md
2025-09-14T06:37:21.438Z - info: Synchronizing opened pages list before reload
2025-09-14T06:37:21.439Z - info: Current opened pages, from most-to-least recent:
2025-09-14T06:37:21.439Z - info: 1. book/gitAndGithub/trail/recordingFolderHistory/index
2025-09-14T06:37:22.445Z - info: Rebuilding 1 pages
2025-09-14T06:37:22.947Z - info: Site data built
2025-09-14T06:37:22.947Z - info: Pages rebuilt
2025-09-14T06:37:22.947Z - info: Website regeneration complete! Total build time: 0.505s
2025-09-14T06:38:33.139Z - info: [14:38:33] Reload for file change: /Users/damithch/Repos/nus-cs2103/cs2103-website-base/book/gitAndGithub/init/text.md
2025-09-14T06:38:33.139Z - info: Synchronizing opened pages list before reload
2025-09-14T06:38:33.139Z - info: Current opened pages, from most-to-least recent:
2025-09-14T06:38:33.140Z - info: 1. book/gitAndGithub/trail/recordingFolderHistory/index
2025-09-14T06:38:34.150Z - info: Rebuilding 1 pages
2025-09-14T06:38:34.638Z - info: Site data built
2025-09-14T06:38:34.638Z - info: Pages rebuilt
2025-09-14T06:38:34.638Z - info: Website regeneration complete! Total build time: 0.493s
2025-09-14T06:39:00.132Z - info: [14:39:00] Reload for file change: /Users/damithch/Repos/nus-cs2103/cs2103-website-base/book/gitAndGithub/init/text.md
2025-09-14T06:39:00.132Z - info: Synchronizing opened pages list before reload
2025-09-14T06:39:00.132Z - info: Current opened pages, from most-to-least recent:
2025-09-14T06:39:00.132Z - info: 1. book/gitAndGithub/trail/recordingFolderHistory/index
2025-09-14T06:39:01.139Z - info: Rebuilding 1 pages
2025-09-14T06:39:01.623Z - info: Site data built
2025-09-14T06:39:01.623Z - info: Pages rebuilt
2025-09-14T06:39:01.623Z - info: Website regeneration complete! Total build time: 0.486s
2025-09-14T06:40:44.272Z - info: [14:40:44] Reload for file change: /Users/damithch/Repos/nus-cs2103/cs2103-website-base/book/gitAndGithub/init/text.md
2025-09-14T06:40:44.274Z - info: Synchronizing opened pages list before reload
2025-09-14T06:40:44.275Z - info: Current opened pages, from most-to-least recent:
2025-09-14T06:40:44.275Z - info: 1. book/gitAndGithub/trail/recordingFolderHistory/index
2025-09-14T06:40:45.283Z - info: Rebuilding 1 pages
2025-09-14T06:40:45.754Z - info: Site data built
2025-09-14T06:40:45.754Z - info: Pages rebuilt
2025-09-14T06:40:45.754Z - info: Website regeneration complete! Total build time: 0.474s
2025-09-14T07:30:14.559Z - info: [15:30:14] Reload for file change: /Users/damithch/Repos/nus-cs2103/cs2103-website-base/book/common/macros.njk
2025-09-14T07:30:14.563Z - info: Synchronizing opened pages list before reload
2025-09-14T07:30:14.564Z - info: Current opened pages, from most-to-least recent:
2025-09-14T07:30:14.564Z - info: 1. book/gitAndGithub/trail/recordingFolderHistory/index
2025-09-14T07:30:15.589Z - info: Rebuilding 1 pages
2025-09-14T07:30:16.123Z - info: Site data built
2025-09-14T07:30:16.123Z - info: Pages rebuilt
2025-09-14T07:30:16.123Z - info: Website regeneration complete! Total build time: 0.554s
2025-09-14T07:35:14.145Z - info: [15:35:14] Reload for file change: /Users/damithch/Repos/nus-cs2103/cs2103-website-base/book/common/macros.njk
2025-09-14T07:35:14.146Z - info: Synchronizing opened pages list before reload
2025-09-14T07:35:14.147Z - info: Current opened pages, from most-to-least recent:
2025-09-14T07:35:14.147Z - info: 1. book/gitAndGithub/trail/recordingFolderHistory/index
2025-09-14T07:35:14.150Z - info: [15:35:14] Reload for file change: /Users/damithch/Repos/nus-cs2103/cs2103-website-base/book/gitAndGithub/init/text.md
2025-09-14T07:35:14.151Z - info: Synchronizing opened pages list before reload
2025-09-14T07:35:14.151Z - info: Current opened pages, from most-to-least recent:
2025-09-14T07:35:14.151Z - info: 1. book/gitAndGithub/trail/recordingFolderHistory/index
2025-09-14T07:35:15.161Z - info: Rebuilding 1 pages
2025-09-14T07:35:15.628Z - info: Site data built
2025-09-14T07:35:15.628Z - info: Pages rebuilt
2025-09-14T07:35:15.628Z - info: Website regeneration complete! Total build time: 0.47s
2025-09-14T07:37:30.358Z - info: [15:37:30] Reload for file change: /Users/damithch/Repos/nus-cs2103/cs2103-website-base/book/gitAndGithub/init/text.md
2025-09-14T07:37:30.360Z - info: Synchronizing opened pages list before reload
2025-09-14T07:37:30.360Z - info: Current opened pages, from most-to-least recent:
2025-09-14T07:37:30.360Z - info: 1. book/gitAndGithub/trail/recordingFolderHistory/index
2025-09-14T07:37:31.368Z - info: Rebuilding 1 pages
2025-09-14T07:37:31.431Z - error:  Template render error: (/Users/damithch/Repos/nus-cs2103/cs2103-website-base/book/gitAndGithub/init/text.md) [Line 47, Column 16]
  Template render error: (/Users/damithch/Repos/nus-cs2103/cs2103-website-base/book/gitAndGithub/init/text.md) [Line 403, Column 9]
  Error: Unable to call `caller`, which is undefined or falsey
    at Object._prettifyError (/opt/homebrew/lib/node_modules/markbind-cli/node_modules/nunjucks/src/lib.js:32:11)
    at /opt/homebrew/lib/node_modules/markbind-cli/node_modules/@markbind/core/src/patches/nunjucks/context-overrides-frame.js:383:17
    at Template.root [as rootRenderFunc] (eval at _compile (/opt/homebrew/lib/node_modules/markbind-cli/node_modules/nunjucks/src/environment.js:527:18), <anonymous>:399:3)
    at Template.render (/opt/homebrew/lib/node_modules/markbind-cli/node_modules/@markbind/core/src/patches/nunjucks/context-overrides-frame.js:372:8)
    at /opt/homebrew/lib/node_modules/markbind-cli/node_modules/@markbind/core/src/patches/nunjucks/context-overrides-frame.js:54:25
    at createTemplate (/opt/homebrew/lib/node_modules/markbind-cli/node_modules/@markbind/core/src/patches/nunjucks/load-event.js:121:7)
    at handle (/opt/homebrew/lib/node_modules/markbind-cli/node_modules/@markbind/core/src/patches/nunjucks/load-event.js:133:9)
    at /opt/homebrew/lib/node_modules/markbind-cli/node_modules/@markbind/core/src/patches/nunjucks/load-event.js:145:7
    at next (/opt/homebrew/lib/node_modules/markbind-cli/node_modules/nunjucks/src/lib.js:258:7)
    at Object.asyncIter (/opt/homebrew/lib/node_modules/markbind-cli/node_modules/nunjucks/src/lib.js:263:3)
    at Environment.getTemplate (/opt/homebrew/lib/node_modules/markbind-cli/node_modules/@markbind/core/src/patches/nunjucks/load-event.js:127:7)
    at Environment.render (/opt/homebrew/lib/node_modules/markbind-cli/node_modules/@markbind/core/src/patches/nunjucks/context-overrides-frame.js:48:8)
    at VariableRenderer.renderFile (/opt/homebrew/lib/node_modules/markbind-cli/node_modules/@markbind/core/src/variables/VariableRenderer.js:73:24)
    at VariableProcessor.renderWithSiteVariables (/opt/homebrew/lib/node_modules/markbind-cli/node_modules/@markbind/core/src/variables/VariableProcessor.js:154:57)
    at VariableProcessor.renderIncludeFile (/opt/homebrew/lib/node_modules/markbind-cli/node_modules/@markbind/core/src/variables/VariableProcessor.js:231:38)
    at processInclude (/opt/homebrew/lib/node_modules/markbind-cli/node_modules/@markbind/core/src/html/includePanelProcessor.js:198:68)
2025-09-14T07:37:31.466Z - error:  Template render error: (/Users/damithch/Repos/nus-cs2103/cs2103-website-base/book/gitAndGithub/init/text.md) [Line 47, Column 16]
  Template render error: (/Users/damithch/Repos/nus-cs2103/cs2103-website-base/book/gitAndGithub/init/text.md) [Line 403, Column 9]
  Error: Unable to call `caller`, which is undefined or falsey
    at Object._prettifyError (/opt/homebrew/lib/node_modules/markbind-cli/node_modules/nunjucks/src/lib.js:32:11)
    at /opt/homebrew/lib/node_modules/markbind-cli/node_modules/@markbind/core/src/patches/nunjucks/context-overrides-frame.js:383:17
    at Template.root [as rootRenderFunc] (eval at _compile (/opt/homebrew/lib/node_modules/markbind-cli/node_modules/nunjucks/src/environment.js:527:18), <anonymous>:399:3)
    at Template.render (/opt/homebrew/lib/node_modules/markbind-cli/node_modules/@markbind/core/src/patches/nunjucks/context-overrides-frame.js:372:8)
    at /opt/homebrew/lib/node_modules/markbind-cli/node_modules/@markbind/core/src/patches/nunjucks/context-overrides-frame.js:54:25
    at Environment.getTemplate (/opt/homebrew/lib/node_modules/markbind-cli/node_modules/@markbind/core/src/patches/nunjucks/load-event.js:85:7)
    at Environment.render (/opt/homebrew/lib/node_modules/markbind-cli/node_modules/@markbind/core/src/patches/nunjucks/context-overrides-frame.js:48:8)
    at VariableRenderer.renderFile (/opt/homebrew/lib/node_modules/markbind-cli/node_modules/@markbind/core/src/variables/VariableRenderer.js:73:24)
    at VariableProcessor.renderWithSiteVariables (/opt/homebrew/lib/node_modules/markbind-cli/node_modules/@markbind/core/src/variables/VariableProcessor.js:154:57)
    at VariableProcessor.renderIncludeFile (/opt/homebrew/lib/node_modules/markbind-cli/node_modules/@markbind/core/src/variables/VariableProcessor.js:231:38)
    at processInclude (/opt/homebrew/lib/node_modules/markbind-cli/node_modules/@markbind/core/src/html/includePanelProcessor.js:198:68)
    at NodeProcessor.processNode (/opt/homebrew/lib/node_modules/markbind-cli/node_modules/@markbind/core/src/html/NodeProcessor.js:173:71)
    at NodeProcessor.traverse (/opt/homebrew/lib/node_modules/markbind-cli/node_modules/@markbind/core/src/html/NodeProcessor.js:345:24)
    at /opt/homebrew/lib/node_modules/markbind-cli/node_modules/@markbind/core/src/html/NodeProcessor.js:349:22
    at Array.forEach (<anonymous>)
    at NodeProcessor.traverse (/opt/homebrew/lib/node_modules/markbind-cli/node_modules/@markbind/core/src/html/NodeProcessor.js:348:27)
2025-09-14T07:37:31.467Z - error:  Template render error: (/Users/damithch/Repos/nus-cs2103/cs2103-website-base/book/gitAndGithub/init/text.md) [Line 47, Column 16]
  Template render error: (/Users/damithch/Repos/nus-cs2103/cs2103-website-base/book/gitAndGithub/init/text.md) [Line 403, Column 9]
  Error: Unable to call `caller`, which is undefined or falsey
    at Object._prettifyError (/opt/homebrew/lib/node_modules/markbind-cli/node_modules/nunjucks/src/lib.js:32:11)
    at /opt/homebrew/lib/node_modules/markbind-cli/node_modules/@markbind/core/src/patches/nunjucks/context-overrides-frame.js:383:17
    at Template.root [as rootRenderFunc] (eval at _compile (/opt/homebrew/lib/node_modules/markbind-cli/node_modules/nunjucks/src/environment.js:527:18), <anonymous>:399:3)
    at Template.render (/opt/homebrew/lib/node_modules/markbind-cli/node_modules/@markbind/core/src/patches/nunjucks/context-overrides-frame.js:372:8)
    at /opt/homebrew/lib/node_modules/markbind-cli/node_modules/@markbind/core/src/patches/nunjucks/context-overrides-frame.js:54:25
    at Environment.getTemplate (/opt/homebrew/lib/node_modules/markbind-cli/node_modules/@markbind/core/src/patches/nunjucks/load-event.js:85:7)
    at Environment.render (/opt/homebrew/lib/node_modules/markbind-cli/node_modules/@markbind/core/src/patches/nunjucks/context-overrides-frame.js:48:8)
    at VariableRenderer.renderFile (/opt/homebrew/lib/node_modules/markbind-cli/node_modules/@markbind/core/src/variables/VariableRenderer.js:73:24)
    at VariableProcessor.renderWithSiteVariables (/opt/homebrew/lib/node_modules/markbind-cli/node_modules/@markbind/core/src/variables/VariableProcessor.js:154:57)
    at VariableProcessor.renderIncludeFile (/opt/homebrew/lib/node_modules/markbind-cli/node_modules/@markbind/core/src/variables/VariableProcessor.js:231:38)
    at processInclude (/opt/homebrew/lib/node_modules/markbind-cli/node_modules/@markbind/core/src/html/includePanelProcessor.js:198:68)
    at NodeProcessor.processNode (/opt/homebrew/lib/node_modules/markbind-cli/node_modules/@markbind/core/src/html/NodeProcessor.js:173:71)
    at NodeProcessor.traverse (/opt/homebrew/lib/node_modules/markbind-cli/node_modules/@markbind/core/src/html/NodeProcessor.js:345:24)
    at /opt/homebrew/lib/node_modules/markbind-cli/node_modules/@markbind/core/src/html/NodeProcessor.js:349:22
    at Array.forEach (<anonymous>)
    at NodeProcessor.traverse (/opt/homebrew/lib/node_modules/markbind-cli/node_modules/@markbind/core/src/html/NodeProcessor.js:348:27)
2025-09-14T07:37:31.810Z - info: Site data built
2025-09-14T07:37:31.810Z - info: Pages rebuilt
2025-09-14T07:37:31.810Z - info: Website regeneration complete! Total build time: 0.444s
2025-09-14T07:38:15.256Z - info: [15:38:15] Reload for file change: /Users/damithch/Repos/nus-cs2103/cs2103-website-base/book/common/macros.njk
2025-09-14T07:38:15.257Z - info: Synchronizing opened pages list before reload
2025-09-14T07:38:15.257Z - info: Current opened pages, from most-to-least recent:
2025-09-14T07:38:15.257Z - info: 1. book/gitAndGithub/trail/recordingFolderHistory/index
2025-09-14T07:38:16.269Z - info: Rebuilding 1 pages
2025-09-14T07:38:16.735Z - info: Site data built
2025-09-14T07:38:16.735Z - info: Pages rebuilt
2025-09-14T07:38:16.735Z - info: Website regeneration complete! Total build time: 0.468s
2025-09-14T07:39:14.389Z - info: [15:39:14] Reload for file change: /Users/damithch/Repos/nus-cs2103/cs2103-website-base/book/gitAndGithub/init/text.md
2025-09-14T07:39:14.389Z - info: Synchronizing opened pages list before reload
2025-09-14T07:39:14.390Z - info: Current opened pages, from most-to-least recent:
2025-09-14T07:39:14.390Z - info: 1. book/gitAndGithub/trail/recordingFolderHistory/index
2025-09-14T07:39:15.396Z - info: Rebuilding 1 pages
2025-09-14T07:39:15.892Z - info: Site data built
2025-09-14T07:39:15.892Z - info: Pages rebuilt
2025-09-14T07:39:15.893Z - info: Website regeneration complete! Total build time: 0.499s
2025-09-14T07:42:16.280Z - info: [15:42:16] Reload for file change: /Users/damithch/Repos/nus-cs2103/cs2103-website-base/book/gitAndGithub/init/text.md
2025-09-14T07:42:16.286Z - info: Synchronizing opened pages list before reload
2025-09-14T07:42:16.286Z - info: Current opened pages, from most-to-least recent:
2025-09-14T07:42:16.287Z - info: 1. book/gitAndGithub/trail/recordingFolderHistory/index
2025-09-14T07:42:17.297Z - info: Rebuilding 1 pages
2025-09-14T07:42:17.840Z - info: Site data built
2025-09-14T07:42:17.840Z - info: Pages rebuilt
2025-09-14T07:42:17.840Z - info: Website regeneration complete! Total build time: 0.546s
2025-09-14T07:43:40.838Z - info: [15:43:40] Reload for file change: /Users/damithch/Repos/nus-cs2103/cs2103-website-base/book/common/macros.njk
2025-09-14T07:43:40.840Z - info: Synchronizing opened pages list before reload
2025-09-14T07:43:40.840Z - info: Current opened pages, from most-to-least recent:
2025-09-14T07:43:40.840Z - info: 1. book/gitAndGithub/trail/recordingFolderHistory/index
2025-09-14T07:43:41.849Z - info: Rebuilding 1 pages
2025-09-14T07:43:42.353Z - info: Site data built
2025-09-14T07:43:42.354Z - info: Pages rebuilt
2025-09-14T07:43:42.354Z - info: Website regeneration complete! Total build time: 0.508s
2025-09-14T07:44:23.979Z - info: [15:44:23] Reload for file change: /Users/damithch/Repos/nus-cs2103/cs2103-website-base/book/gitAndGithub/init/text.md
2025-09-14T07:44:23.981Z - info: Synchronizing opened pages list before reload
2025-09-14T07:44:23.982Z - info: Current opened pages, from most-to-least recent:
2025-09-14T07:44:23.982Z - info: 1. book/gitAndGithub/trail/recordingFolderHistory/index
2025-09-14T07:44:24.987Z - info: Rebuilding 1 pages
2025-09-14T07:44:25.478Z - info: Site data built
2025-09-14T07:44:25.478Z - info: Pages rebuilt
2025-09-14T07:44:25.478Z - info: Website regeneration complete! Total build time: 0.493s
2025-09-14T07:44:31.292Z - info: [15:44:31] Reload for file change: /Users/damithch/Repos/nus-cs2103/cs2103-website-base/book/gitAndGithub/init/text.md
2025-09-14T07:44:31.292Z - info: Synchronizing opened pages list before reload
2025-09-14T07:44:31.292Z - info: Current opened pages, from most-to-least recent:
2025-09-14T07:44:31.292Z - info: 1. book/gitAndGithub/trail/recordingFolderHistory/index
2025-09-14T07:44:32.296Z - info: Rebuilding 1 pages
2025-09-14T07:44:32.684Z - info: Site data built
2025-09-14T07:44:32.684Z - info: Pages rebuilt
2025-09-14T07:44:32.684Z - info: Website regeneration complete! Total build time: 0.389s
2025-09-14T07:46:18.202Z - info: [15:46:18] Reload for file change: /Users/damithch/Repos/nus-cs2103/cs2103-website-base/book/gitAndGithub/init/text.md
2025-09-14T07:46:18.204Z - info: Synchronizing opened pages list before reload
2025-09-14T07:46:18.204Z - info: Current opened pages, from most-to-least recent:
2025-09-14T07:46:18.205Z - info: 1. book/gitAndGithub/trail/recordingFolderHistory/index
2025-09-14T07:46:19.211Z - info: Rebuilding 1 pages
2025-09-14T07:46:19.705Z - info: Site data built
2025-09-14T07:46:19.705Z - info: Pages rebuilt
2025-09-14T07:46:19.705Z - info: Website regeneration complete! Total build time: 0.497s
2025-09-14T08:00:27.502Z - info: [16:00:27] Reload for file change: /Users/damithch/Repos/nus-cs2103/cs2103-website-base/book/gitAndGithub/stage/text.md
2025-09-14T08:00:27.505Z - info: Synchronizing opened pages list before reload
2025-09-14T08:00:27.506Z - info: Current opened pages, from most-to-least recent:
2025-09-14T08:00:27.506Z - info: 1. book/gitAndGithub/trail/recordingFolderHistory/index
2025-09-14T08:00:28.526Z - info: Rebuilding 1 pages
2025-09-14T08:00:29.065Z - info: Site data built
2025-09-14T08:00:29.065Z - info: Pages rebuilt
2025-09-14T08:00:29.066Z - info: Website regeneration complete! Total build time: 0.554s
2025-09-14T08:00:58.941Z - info: [16:00:58] Reload for file change: /Users/damithch/Repos/nus-cs2103/cs2103-website-base/book/gitAndGithub/stage/text.md
2025-09-14T08:00:58.952Z - info: Synchronizing opened pages list before reload
2025-09-14T08:00:58.957Z - info: Current opened pages, from most-to-least recent:
2025-09-14T08:00:58.958Z - info: 1. book/gitAndGithub/trail/recordingFolderHistory/index
2025-09-14T08:00:59.973Z - info: Rebuilding 1 pages
2025-09-14T08:01:00.573Z - info: Site data built
2025-09-14T08:01:00.573Z - info: Pages rebuilt
2025-09-14T08:01:00.573Z - info: Website regeneration complete! Total build time: 0.603s
2025-09-14T08:02:00.847Z - info: [16:02:00] Reload for file change: /Users/damithch/Repos/nus-cs2103/cs2103-website-base/book/gitAndGithub/stage/text.md
2025-09-14T08:02:00.848Z - info: Synchronizing opened pages list before reload
2025-09-14T08:02:00.849Z - info: Current opened pages, from most-to-least recent:
2025-09-14T08:02:00.849Z - info: 1. book/gitAndGithub/trail/recordingFolderHistory/index
2025-09-14T08:02:01.855Z - info: Rebuilding 1 pages
2025-09-14T08:02:02.370Z - info: Site data built
2025-09-14T08:02:02.370Z - info: Pages rebuilt
2025-09-14T08:02:02.370Z - info: Website regeneration complete! Total build time: 0.517s
2025-09-14T08:04:06.922Z - info: [16:04:06] Reload for file change: /Users/damithch/Repos/nus-cs2103/cs2103-website-base/book/gitAndGithub/stage/text.md
2025-09-14T08:04:06.936Z - info: Synchronizing opened pages list before reload
2025-09-14T08:04:06.945Z - info: Current opened pages, from most-to-least recent:
2025-09-14T08:04:06.948Z - info: 1. book/gitAndGithub/trail/recordingFolderHistory/index
2025-09-14T08:04:07.957Z - info: Rebuilding 1 pages
2025-09-14T08:04:08.493Z - info: Site data built
2025-09-14T08:04:08.493Z - info: Pages rebuilt
2025-09-14T08:04:08.493Z - info: Website regeneration complete! Total build time: 0.54s
2025-09-14T08:04:43.363Z - info: [16:04:43] Reload for file change: /Users/damithch/Repos/nus-cs2103/cs2103-website-base/book/gitAndGithub/stage/text.md
2025-09-14T08:04:43.382Z - info: Synchronizing opened pages list before reload
2025-09-14T08:04:43.384Z - info: Current opened pages, from most-to-least recent:
2025-09-14T08:04:43.384Z - info: 1. book/gitAndGithub/trail/recordingFolderHistory/index
2025-09-14T08:04:44.405Z - info: Rebuilding 1 pages
2025-09-14T08:04:44.926Z - info: Site data built
2025-09-14T08:04:44.926Z - info: Pages rebuilt
2025-09-14T08:04:44.926Z - info: Website regeneration complete! Total build time: 0.524s
2025-09-14T08:05:00.995Z - info: [16:05:00] Reload for file change: /Users/damithch/Repos/nus-cs2103/cs2103-website-base/book/gitAndGithub/stage/text.md
2025-09-14T08:05:00.997Z - info: Synchronizing opened pages list before reload
2025-09-14T08:05:00.997Z - info: Current opened pages, from most-to-least recent:
2025-09-14T08:05:00.997Z - info: 1. book/gitAndGithub/trail/recordingFolderHistory/index
2025-09-14T08:05:02.012Z - info: Rebuilding 1 pages
2025-09-14T08:05:02.503Z - info: Site data built
2025-09-14T08:05:02.503Z - info: Pages rebuilt
2025-09-14T08:05:02.503Z - info: Website regeneration complete! Total build time: 0.493s
2025-09-14T08:06:26.931Z - info: [16:06:26] Reload for file change: /Users/damithch/Repos/nus-cs2103/cs2103-website-base/book/gitAndGithub/init/text.md
2025-09-14T08:06:26.934Z - info: Synchronizing opened pages list before reload
2025-09-14T08:06:26.934Z - info: Current opened pages, from most-to-least recent:
2025-09-14T08:06:26.935Z - info: 1. book/gitAndGithub/trail/recordingFolderHistory/index
2025-09-14T08:06:26.937Z - info: [16:06:26] Reload for file change: /Users/damithch/Repos/nus-cs2103/cs2103-website-base/book/gitAndGithub/stage/text.md
2025-09-14T08:06:26.937Z - info: Synchronizing opened pages list before reload
2025-09-14T08:06:26.937Z - info: Current opened pages, from most-to-least recent:
2025-09-14T08:06:26.937Z - info: 1. book/gitAndGithub/trail/recordingFolderHistory/index
2025-09-14T08:06:27.946Z - info: Rebuilding 1 pages
2025-09-14T08:06:28.517Z - info: Site data built
2025-09-14T08:06:28.517Z - info: Pages rebuilt
2025-09-14T08:06:28.517Z - info: Website regeneration complete! Total build time: 0.575s
2025-09-14T08:07:33.180Z - info: [16:07:33] Reload for file change: /Users/damithch/Repos/nus-cs2103/cs2103-website-base/book/gitAndGithub/stage/text.md
2025-09-14T08:07:33.187Z - info: Synchronizing opened pages list before reload
2025-09-14T08:07:33.189Z - info: Current opened pages, from most-to-least recent:
2025-09-14T08:07:33.190Z - info: 1. book/gitAndGithub/trail/recordingFolderHistory/index
2025-09-14T08:07:34.207Z - info: Rebuilding 1 pages
2025-09-14T08:07:34.765Z - info: Site data built
2025-09-14T08:07:34.765Z - info: Pages rebuilt
2025-09-14T08:07:34.765Z - info: Website regeneration complete! Total build time: 0.559s
2025-09-14T08:08:20.807Z - info: [16:08:20] Reload for file change: /Users/damithch/Repos/nus-cs2103/cs2103-website-base/book/gitAndGithub/stage/text.md
2025-09-14T08:08:20.810Z - info: Synchronizing opened pages list before reload
2025-09-14T08:08:20.818Z - info: Current opened pages, from most-to-least recent:
2025-09-14T08:08:20.819Z - info: 1. book/gitAndGithub/trail/recordingFolderHistory/index
2025-09-14T08:08:21.835Z - info: Rebuilding 1 pages
2025-09-14T08:08:22.368Z - info: Site data built
2025-09-14T08:08:22.369Z - info: Pages rebuilt
2025-09-14T08:08:22.369Z - info: Website regeneration complete! Total build time: 0.54s
2025-09-14T08:11:03.017Z - info: [16:11:03] Reload for file change: /Users/damithch/Repos/nus-cs2103/cs2103-website-base/book/gitAndGithub/stage/text.md
2025-09-14T08:11:03.018Z - info: Synchronizing opened pages list before reload
2025-09-14T08:11:03.018Z - info: Current opened pages, from most-to-least recent:
2025-09-14T08:11:03.018Z - info: 1. book/gitAndGithub/trail/recordingFolderHistory/index
2025-09-14T08:11:04.029Z - info: Rebuilding 1 pages
2025-09-14T08:11:04.524Z - info: Site data built
2025-09-14T08:11:04.524Z - info: Pages rebuilt
2025-09-14T08:11:04.524Z - info: Website regeneration complete! Total build time: 0.497s
2025-09-14T08:11:17.073Z - info: [16:11:17] Reload for file change: /Users/damithch/Repos/nus-cs2103/cs2103-website-base/book/gitAndGithub/stage/text.md
2025-09-14T08:11:17.074Z - info: Synchronizing opened pages list before reload
2025-09-14T08:11:17.074Z - info: Current opened pages, from most-to-least recent:
2025-09-14T08:11:17.074Z - info: 1. book/gitAndGithub/trail/recordingFolderHistory/index
2025-09-14T08:11:18.079Z - info: Rebuilding 1 pages
2025-09-14T08:11:18.588Z - info: Site data built
2025-09-14T08:11:18.588Z - info: Pages rebuilt
2025-09-14T08:11:18.588Z - info: Website regeneration complete! Total build time: 0.511s
2025-09-14T08:15:27.021Z - info: [16:15:27] Reload for file change: /Users/damithch/Repos/nus-cs2103/cs2103-website-base/book/gitAndGithub/stage/text.md
2025-09-14T08:15:27.026Z - info: Synchronizing opened pages list before reload
2025-09-14T08:15:27.027Z - info: Current opened pages, from most-to-least recent:
2025-09-14T08:15:27.027Z - info: 1. book/gitAndGithub/trail/recordingFolderHistory/index
2025-09-14T08:15:28.032Z - info: Rebuilding 1 pages
2025-09-14T08:15:28.526Z - info: Site data built
2025-09-14T08:15:28.526Z - info: Pages rebuilt
2025-09-14T08:15:28.526Z - info: Website regeneration complete! Total build time: 0.495s
2025-09-14T08:17:10.514Z - info: [16:17:10] Reload for file change: /Users/damithch/Repos/nus-cs2103/cs2103-website-base/book/common/macros.njk
2025-09-14T08:17:10.515Z - info: Synchronizing opened pages list before reload
2025-09-14T08:17:10.516Z - info: Current opened pages, from most-to-least recent:
2025-09-14T08:17:10.516Z - info: 1. book/gitAndGithub/trail/recordingFolderHistory/index
2025-09-14T08:17:10.517Z - info: [16:17:10] Reload for file change: /Users/damithch/Repos/nus-cs2103/cs2103-website-base/book/gitAndGithub/stage/text.md
2025-09-14T08:17:10.517Z - info: Synchronizing opened pages list before reload
2025-09-14T08:17:10.517Z - info: Current opened pages, from most-to-least recent:
2025-09-14T08:17:10.517Z - info: 1. book/gitAndGithub/trail/recordingFolderHistory/index
2025-09-14T08:17:11.522Z - info: Rebuilding 1 pages
2025-09-14T08:17:12.103Z - info: Site data built
2025-09-14T08:17:12.103Z - info: Pages rebuilt
2025-09-14T08:17:12.103Z - info: Website regeneration complete! Total build time: 0.584s
2025-09-14T08:17:25.745Z - info: Building /Users/damithch/Repos/nus-cs2103/cs2103-website-base/book/gitAndGithub/stage/index as some of its dependencies were changed since the last visit
2025-09-14T08:17:26.015Z - info: Site data built
2025-09-14T08:17:26.015Z - info: Lazy website regeneration complete! Total build time: 0.271s
2025-09-14T08:18:29.960Z - info: [16:18:29] Reload for file change: /Users/damithch/Repos/nus-cs2103/cs2103-website-base/book/common/macros.njk
2025-09-14T08:18:29.962Z - info: Synchronizing opened pages list before reload
2025-09-14T08:18:29.963Z - info: Current opened pages, from most-to-least recent:
2025-09-14T08:18:29.964Z - info: 1. book/gitAndGithub/stage/index
2025-09-14T08:18:29.964Z - info: 2. book/gitAndGithub/trail/recordingFolderHistory/index
2025-09-14T08:18:30.972Z - info: Rebuilding 2 pages
2025-09-14T08:18:31.520Z - info: Site data built
2025-09-14T08:18:31.520Z - info: Pages rebuilt
2025-09-14T08:18:31.520Z - info: Website regeneration complete! Total build time: 0.55s
2025-09-14T08:18:54.570Z - info: [16:18:54] Reload for file change: /Users/damithch/Repos/nus-cs2103/cs2103-website-base/book/gitAndGithub/stage/text.md
2025-09-14T08:18:54.571Z - info: Synchronizing opened pages list before reload
2025-09-14T08:18:54.571Z - info: Current opened pages, from most-to-least recent:
2025-09-14T08:18:54.571Z - info: 1. book/gitAndGithub/stage/index
2025-09-14T08:18:54.571Z - info: 2. book/gitAndGithub/trail/recordingFolderHistory/index
2025-09-14T08:18:55.578Z - info: Rebuilding 2 pages
2025-09-14T08:18:56.190Z - info: Site data built
2025-09-14T08:18:56.190Z - info: Pages rebuilt
2025-09-14T08:18:56.190Z - info: Website regeneration complete! Total build time: 0.614s
2025-09-14T08:20:03.063Z - info: [16:20:03] Reload for file change: /Users/damithch/Repos/nus-cs2103/cs2103-website-base/book/common/macros.njk
2025-09-14T08:20:03.065Z - info: Synchronizing opened pages list before reload
2025-09-14T08:20:03.066Z - info: Current opened pages, from most-to-least recent:
2025-09-14T08:20:03.067Z - info: 1. book/gitAndGithub/stage/index
2025-09-14T08:20:03.067Z - info: 2. book/gitAndGithub/trail/recordingFolderHistory/index
2025-09-14T08:20:04.074Z - info: Rebuilding 2 pages
2025-09-14T08:20:04.704Z - info: Site data built
2025-09-14T08:20:04.705Z - info: Pages rebuilt
2025-09-14T08:20:04.705Z - info: Website regeneration complete! Total build time: 0.634s
2025-09-14T08:20:13.968Z - info: [16:20:13] Reload for file change: /Users/damithch/Repos/nus-cs2103/cs2103-website-base/book/common/macros.njk
2025-09-14T08:20:13.969Z - info: Synchronizing opened pages list before reload
2025-09-14T08:20:13.969Z - info: Current opened pages, from most-to-least recent:
2025-09-14T08:20:13.969Z - info: 1. book/gitAndGithub/stage/index
2025-09-14T08:20:13.969Z - info: 2. book/gitAndGithub/trail/recordingFolderHistory/index
2025-09-14T08:20:14.980Z - info: Rebuilding 2 pages
2025-09-14T08:20:15.602Z - info: Site data built
2025-09-14T08:20:15.602Z - info: Pages rebuilt
2025-09-14T08:20:15.602Z - info: Website regeneration complete! Total build time: 0.624s
2025-09-14T08:20:40.762Z - info: [16:20:40] Reload for file change: /Users/damithch/Repos/nus-cs2103/cs2103-website-base/book/common/macros.njk
2025-09-14T08:20:40.762Z - info: Synchronizing opened pages list before reload
2025-09-14T08:20:40.762Z - info: Current opened pages, from most-to-least recent:
2025-09-14T08:20:40.762Z - info: 1. book/gitAndGithub/stage/index
2025-09-14T08:20:40.762Z - info: 2. book/gitAndGithub/trail/recordingFolderHistory/index
2025-09-14T08:20:41.777Z - info: Rebuilding 2 pages
2025-09-14T08:20:42.368Z - info: Site data built
2025-09-14T08:20:42.368Z - info: Pages rebuilt
2025-09-14T08:20:42.368Z - info: Website regeneration complete! Total build time: 0.592s
2025-09-14T08:21:00.579Z - info: [16:21:00] Reload for file change: /Users/damithch/Repos/nus-cs2103/cs2103-website-base/book/common/macros.njk
2025-09-14T08:21:00.579Z - info: Synchronizing opened pages list before reload
2025-09-14T08:21:00.579Z - info: Current opened pages, from most-to-least recent:
2025-09-14T08:21:00.580Z - info: 1. book/gitAndGithub/stage/index
2025-09-14T08:21:00.580Z - info: 2. book/gitAndGithub/trail/recordingFolderHistory/index
2025-09-14T08:21:01.588Z - info: Rebuilding 2 pages
2025-09-14T08:21:02.236Z - info: Site data built
2025-09-14T08:21:02.236Z - info: Pages rebuilt
2025-09-14T08:21:02.236Z - info: Website regeneration complete! Total build time: 0.65s
2025-09-14T08:21:07.641Z - info: [16:21:07] Reload for file change: /Users/damithch/Repos/nus-cs2103/cs2103-website-base/book/common/macros.njk
2025-09-14T08:21:07.642Z - info: Synchronizing opened pages list before reload
2025-09-14T08:21:07.642Z - info: Current opened pages, from most-to-least recent:
2025-09-14T08:21:07.642Z - info: 1. book/gitAndGithub/stage/index
2025-09-14T08:21:07.642Z - info: 2. book/gitAndGithub/trail/recordingFolderHistory/index
2025-09-14T08:21:08.647Z - info: Rebuilding 2 pages
2025-09-14T08:21:09.199Z - info: Site data built
2025-09-14T08:21:09.199Z - info: Pages rebuilt
2025-09-14T08:21:09.199Z - info: Website regeneration complete! Total build time: 0.554s
2025-09-14T08:21:32.274Z - info: [16:21:32] Reload for file change: /Users/damithch/Repos/nus-cs2103/cs2103-website-base/book/common/macros.njk
2025-09-14T08:21:32.274Z - info: Synchronizing opened pages list before reload
2025-09-14T08:21:32.275Z - info: Current opened pages, from most-to-least recent:
2025-09-14T08:21:32.275Z - info: 1. book/gitAndGithub/stage/index
2025-09-14T08:21:32.275Z - info: 2. book/gitAndGithub/trail/recordingFolderHistory/index
2025-09-14T08:21:33.279Z - info: Rebuilding 2 pages
2025-09-14T08:21:33.889Z - info: Site data built
2025-09-14T08:21:33.889Z - info: Pages rebuilt
2025-09-14T08:21:33.889Z - info: Website regeneration complete! Total build time: 0.611s
2025-09-14T08:21:41.718Z - info: [16:21:41] Reload for file change: /Users/damithch/Repos/nus-cs2103/cs2103-website-base/book/common/macros.njk
2025-09-14T08:21:41.718Z - info: Synchronizing opened pages list before reload
2025-09-14T08:21:41.718Z - info: Current opened pages, from most-to-least recent:
2025-09-14T08:21:41.718Z - info: 1. book/gitAndGithub/stage/index
2025-09-14T08:21:41.718Z - info: 2. book/gitAndGithub/trail/recordingFolderHistory/index
2025-09-14T08:21:42.723Z - info: Rebuilding 2 pages
2025-09-14T08:21:43.311Z - info: Site data built
2025-09-14T08:21:43.311Z - info: Pages rebuilt
2025-09-14T08:21:43.311Z - info: Website regeneration complete! Total build time: 0.589s
2025-09-14T08:21:53.884Z - info: [16:21:53] Reload for file change: /Users/damithch/Repos/nus-cs2103/cs2103-website-base/book/common/macros.njk
2025-09-14T08:21:53.884Z - info: Synchronizing opened pages list before reload
2025-09-14T08:21:53.884Z - info: Current opened pages, from most-to-least recent:
2025-09-14T08:21:53.884Z - info: 1. book/gitAndGithub/stage/index
2025-09-14T08:21:53.884Z - info: 2. book/gitAndGithub/trail/recordingFolderHistory/index
2025-09-14T08:21:54.886Z - info: Rebuilding 2 pages
2025-09-14T08:21:55.490Z - info: Site data built
2025-09-14T08:21:55.490Z - info: Pages rebuilt
2025-09-14T08:21:55.490Z - info: Website regeneration complete! Total build time: 0.606s
2025-09-14T08:22:18.339Z - info: [16:22:18] Reload for file change: /Users/damithch/Repos/nus-cs2103/cs2103-website-base/book/common/macros.njk
2025-09-14T08:22:18.340Z - info: Synchronizing opened pages list before reload
2025-09-14T08:22:18.340Z - info: Current opened pages, from most-to-least recent:
2025-09-14T08:22:18.340Z - info: 1. book/gitAndGithub/stage/index
2025-09-14T08:22:18.340Z - info: 2. book/gitAndGithub/trail/recordingFolderHistory/index
2025-09-14T08:22:19.347Z - info: Rebuilding 2 pages
2025-09-14T08:22:19.875Z - info: Site data built
2025-09-14T08:22:19.875Z - info: Pages rebuilt
2025-09-14T08:22:19.875Z - info: Website regeneration complete! Total build time: 0.53s
2025-09-14T08:22:55.285Z - info: [16:22:55] Reload for file change: /Users/damithch/Repos/nus-cs2103/cs2103-website-base/book/common/macros.njk
2025-09-14T08:22:55.293Z - info: Synchronizing opened pages list before reload
2025-09-14T08:22:55.295Z - info: Current opened pages, from most-to-least recent:
2025-09-14T08:22:55.295Z - info: 1. book/gitAndGithub/stage/index
2025-09-14T08:22:55.295Z - info: 2. book/gitAndGithub/trail/recordingFolderHistory/index
2025-09-14T08:22:56.305Z - info: Rebuilding 2 pages
2025-09-14T08:22:56.945Z - info: Site data built
2025-09-14T08:22:56.945Z - info: Pages rebuilt
2025-09-14T08:22:56.945Z - info: Website regeneration complete! Total build time: 0.642s
2025-09-14T08:23:17.425Z - info: [16:23:17] Reload for file change: /Users/damithch/Repos/nus-cs2103/cs2103-website-base/book/common/macros.njk
2025-09-14T08:23:17.428Z - info: Synchronizing opened pages list before reload
2025-09-14T08:23:17.429Z - info: Current opened pages, from most-to-least recent:
2025-09-14T08:23:17.430Z - info: 1. book/gitAndGithub/stage/index
2025-09-14T08:23:17.430Z - info: 2. book/gitAndGithub/trail/recordingFolderHistory/index
2025-09-14T08:23:18.447Z - info: Rebuilding 2 pages
2025-09-14T08:23:19.098Z - info: Site data built
2025-09-14T08:23:19.098Z - info: Pages rebuilt
2025-09-14T08:23:19.098Z - info: Website regeneration complete! Total build time: 0.654s
2025-09-14T08:23:42.863Z - info: [16:23:42] Reload for file change: /Users/damithch/Repos/nus-cs2103/cs2103-website-base/book/common/macros.njk
2025-09-14T08:23:42.865Z - info: Synchronizing opened pages list before reload
2025-09-14T08:23:42.865Z - info: Current opened pages, from most-to-least recent:
2025-09-14T08:23:42.865Z - info: 1. book/gitAndGithub/stage/index
2025-09-14T08:23:42.865Z - info: 2. book/gitAndGithub/trail/recordingFolderHistory/index
2025-09-14T08:23:43.880Z - info: Rebuilding 2 pages
2025-09-14T08:23:44.494Z - info: Site data built
2025-09-14T08:23:44.494Z - info: Pages rebuilt
2025-09-14T08:23:44.494Z - info: Website regeneration complete! Total build time: 0.617s
2025-09-14T08:24:28.662Z - info: [16:24:28] Reload for file change: /Users/damithch/Repos/nus-cs2103/cs2103-website-base/book/common/macros.njk
2025-09-14T08:24:28.662Z - info: Synchronizing opened pages list before reload
2025-09-14T08:24:28.662Z - info: Current opened pages, from most-to-least recent:
2025-09-14T08:24:28.662Z - info: 1. book/gitAndGithub/stage/index
2025-09-14T08:24:28.662Z - info: 2. book/gitAndGithub/trail/recordingFolderHistory/index
2025-09-14T08:24:29.667Z - info: Rebuilding 2 pages
2025-09-14T08:24:30.287Z - info: Site data built
2025-09-14T08:24:30.288Z - info: Pages rebuilt
2025-09-14T08:24:30.288Z - info: Website regeneration complete! Total build time: 0.623s
2025-09-14T08:24:53.842Z - info: [16:24:53] Reload for file change: /Users/damithch/Repos/nus-cs2103/cs2103-website-base/book/common/macros.njk
2025-09-14T08:24:53.843Z - info: Synchronizing opened pages list before reload
2025-09-14T08:24:53.844Z - info: Current opened pages, from most-to-least recent:
2025-09-14T08:24:53.844Z - info: 1. book/gitAndGithub/stage/index
2025-09-14T08:24:53.844Z - info: 2. book/gitAndGithub/trail/recordingFolderHistory/index
2025-09-14T08:24:54.857Z - info: Rebuilding 2 pages
2025-09-14T08:24:55.489Z - info: Site data built
2025-09-14T08:24:55.489Z - info: Pages rebuilt
2025-09-14T08:24:55.489Z - info: Website regeneration complete! Total build time: 0.635s
2025-09-14T08:25:24.503Z - info: [16:25:24] Reload for file change: /Users/damithch/Repos/nus-cs2103/cs2103-website-base/book/common/macros.njk
2025-09-14T08:25:24.503Z - info: Synchronizing opened pages list before reload
2025-09-14T08:25:24.503Z - info: Current opened pages, from most-to-least recent:
2025-09-14T08:25:24.503Z - info: 1. book/gitAndGithub/stage/index
2025-09-14T08:25:24.503Z - info: 2. book/gitAndGithub/trail/recordingFolderHistory/index
2025-09-14T08:25:25.512Z - info: Rebuilding 2 pages
2025-09-14T08:25:26.168Z - info: Site data built
2025-09-14T08:25:26.168Z - info: Pages rebuilt
2025-09-14T08:25:26.168Z - info: Website regeneration complete! Total build time: 0.658s
2025-09-14T08:25:45.476Z - info: [16:25:45] Reload for file change: /Users/damithch/Repos/nus-cs2103/cs2103-website-base/book/common/macros.njk
2025-09-14T08:25:45.477Z - info: Synchronizing opened pages list before reload
2025-09-14T08:25:45.477Z - info: Current opened pages, from most-to-least recent:
2025-09-14T08:25:45.477Z - info: 1. book/gitAndGithub/stage/index
2025-09-14T08:25:45.477Z - info: 2. book/gitAndGithub/trail/recordingFolderHistory/index
2025-09-14T08:25:46.484Z - info: Rebuilding 2 pages
2025-09-14T08:25:47.092Z - info: Site data built
2025-09-14T08:25:47.092Z - info: Pages rebuilt
2025-09-14T08:25:47.092Z - info: Website regeneration complete! Total build time: 0.61s
2025-09-14T08:26:34.159Z - info: [16:26:34] Reload for file change: /Users/damithch/Repos/nus-cs2103/cs2103-website-base/book/gitAndGithub/stage/text.md
2025-09-14T08:26:34.159Z - info: Synchronizing opened pages list before reload
2025-09-14T08:26:34.159Z - info: Current opened pages, from most-to-least recent:
2025-09-14T08:26:34.160Z - info: 1. book/gitAndGithub/stage/index
2025-09-14T08:26:34.160Z - info: 2. book/gitAndGithub/trail/recordingFolderHistory/index
2025-09-14T08:26:35.173Z - info: Rebuilding 2 pages
2025-09-14T08:26:35.785Z - info: Site data built
2025-09-14T08:26:35.785Z - info: Pages rebuilt
2025-09-14T08:26:35.785Z - info: Website regeneration complete! Total build time: 0.615s
2025-09-14T08:30:11.454Z - info: [16:30:11] Reload for file change: /Users/damithch/Repos/nus-cs2103/cs2103-website-base/book/common/macros.njk
2025-09-14T08:30:11.457Z - info: Synchronizing opened pages list before reload
2025-09-14T08:30:11.458Z - info: Current opened pages, from most-to-least recent:
2025-09-14T08:30:11.458Z - info: 1. book/gitAndGithub/stage/index
2025-09-14T08:30:11.458Z - info: 2. book/gitAndGithub/trail/recordingFolderHistory/index
2025-09-14T08:30:12.462Z - info: Rebuilding 2 pages
2025-09-14T08:30:13.113Z - info: Site data built
2025-09-14T08:30:13.113Z - info: Pages rebuilt
2025-09-14T08:30:13.113Z - info: Website regeneration complete! Total build time: 0.653s
2025-09-14T08:30:34.257Z - info: [16:30:34] Reload for file change: /Users/damithch/Repos/nus-cs2103/cs2103-website-base/book/common/macros.njk
2025-09-14T08:30:34.257Z - info: Synchronizing opened pages list before reload
2025-09-14T08:30:34.258Z - info: Current opened pages, from most-to-least recent:
2025-09-14T08:30:34.258Z - info: 1. book/gitAndGithub/stage/index
2025-09-14T08:30:34.258Z - info: 2. book/gitAndGithub/trail/recordingFolderHistory/index
2025-09-14T08:30:35.260Z - info: Rebuilding 2 pages
2025-09-14T08:30:35.880Z - info: Site data built
2025-09-14T08:30:35.880Z - info: Pages rebuilt
2025-09-14T08:30:35.881Z - info: Website regeneration complete! Total build time: 0.622s
2025-09-14T08:31:19.006Z - info: [16:31:19] Reload for file change: /Users/damithch/Repos/nus-cs2103/cs2103-website-base/book/common/macros.njk
2025-09-14T08:31:19.007Z - info: Synchronizing opened pages list before reload
2025-09-14T08:31:19.007Z - info: Current opened pages, from most-to-least recent:
2025-09-14T08:31:19.007Z - info: 1. book/gitAndGithub/stage/index
2025-09-14T08:31:19.007Z - info: 2. book/gitAndGithub/trail/recordingFolderHistory/index
2025-09-14T08:31:20.013Z - info: Rebuilding 2 pages
2025-09-14T08:31:20.627Z - info: Site data built
2025-09-14T08:31:20.627Z - info: Pages rebuilt
2025-09-14T08:31:20.627Z - info: Website regeneration complete! Total build time: 0.616s
2025-09-14T08:34:40.901Z - info: Website generation started at 16:34:39
2025-09-14T08:34:41.545Z - warn: ENOENT: no such file or directory, open '/Users/damithch/Repos/nus-cs2103/cs2103-website-base/node_modules/.cache/gh-pages/https!github.com!nus-cs2103-AY2526S1!website.git/book/_markbind/variables.md'
2025-09-14T08:34:41.545Z - warn: ENOENT: no such file or directory, open '/Users/damithch/Repos/nus-cs2103/cs2103-website-base/node_modules/.cache/gh-pages/https!github.com!nus-cs2103-AY2526S1!website.git/_markbind/variables.md'
2025-09-14T08:34:41.564Z - info: Building assets...
2025-09-14T08:34:45.235Z - info: Assets built
2025-09-14T08:34:45.236Z - info: Generating pages...
2025-09-14T08:34:51.376Z - debug:  
2025-09-14T08:34:51.376Z - debug:  
2025-09-14T08:34:55.352Z - debug:  
2025-09-14T08:34:55.352Z - debug:  
2025-09-14T08:34:55.352Z - debug:  
2025-09-14T08:34:55.352Z - debug:  
2025-09-14T08:34:55.352Z - debug:  
2025-09-14T08:34:55.352Z - debug:  
2025-09-14T08:34:55.353Z - debug:  
2025-09-14T08:34:55.353Z - debug:  
2025-09-14T08:34:55.353Z - debug:  
2025-09-14T08:34:57.887Z - debug:  
2025-09-14T08:34:57.890Z - debug:  
2025-09-14T08:34:57.928Z - debug:  
2025-09-14T08:34:57.953Z - debug:  
2025-09-14T08:34:57.964Z - debug:  
2025-09-14T08:34:57.972Z - debug:  
2025-09-14T08:35:07.786Z - debug:  
2025-09-14T08:36:09.072Z - debug:  
2025-09-14T08:36:20.843Z - debug:  
2025-09-14T08:36:20.873Z - debug:  
2025-09-14T08:36:30.889Z - info: Pages built
2025-09-14T08:36:30.965Z - info: Site data built
2025-09-14T08:36:30.965Z - info: Website generation complete! Total build time: 111.196s
2025-09-14T08:36:30.965Z - info: Build success!
2025-09-14T08:36:56.059Z - info: The website has been deployed at: https://nus-cs2103-ay2526s1.github.io/website
