2025-10-02T03:40:52.252Z - info: Website generation (lazy) started at 11:40:50
2025-10-02T03:40:52.735Z - warn: ENOENT: no such file or directory, open '/Users/damithch/Repos/nus-cs2103/cs2103-website-base/node_modules/.cache/gh-pages/https!github.com!nus-cs2103-AY2526S1!website.git/book/_markbind/variables.md'
2025-10-02T03:40:52.735Z - warn: ENOENT: no such file or directory, open '/Users/damithch/Repos/nus-cs2103/cs2103-website-base/node_modules/.cache/gh-pages/https!github.com!nus-cs2103-AY2526S1!website.git/_markbind/variables.md'
2025-10-02T03:40:52.754Z - info: Building assets...
2025-10-02T03:40:55.438Z - info: Assets built
2025-10-02T03:40:55.439Z - info: Generating landing page...
2025-10-02T03:40:55.941Z - info: Landing page built, other pages will be built as you navigate to them!
2025-10-02T03:40:56.009Z - info: Site data built
2025-10-02T03:40:56.009Z - info: Website generation (lazy) complete! Total build time: 5.072s
2025-10-02T03:40:56.018Z - info: Serving "/Users/damithch/Repos/nus-cs2103/cs2103-website-base/_site" at http://127.0.0.1:8080
2025-10-02T03:40:56.018Z - info: Press CTRL+C to stop ...
2025-10-02T03:40:59.777Z - info: Building /Users/damithch/Repos/nus-cs2103/cs2103-website-base/schedule/week7/project as some of its dependencies were changed since the last visit
2025-10-02T03:41:00.915Z - info: Site data built
2025-10-02T03:41:00.915Z - info: Lazy website regeneration complete! Total build time: 1.139s
2025-10-02T03:41:30.067Z - info: [11:41:30] Reload for file change: /Users/damithch/Repos/nus-cs2103/cs2103-website-base/admin/appendixE-gitHub.md
2025-10-02T03:41:30.069Z - info: Synchronizing opened pages list before reload
2025-10-02T03:41:30.069Z - info: Current opened pages, from most-to-least recent:
2025-10-02T03:41:30.070Z - info: 1. schedule/week7/project
2025-10-02T03:41:31.076Z - info: Rebuilding 1 pages
2025-10-02T03:41:32.267Z - info: Site data built
2025-10-02T03:41:32.267Z - info: Pages rebuilt
2025-10-02T03:41:32.267Z - info: Website regeneration complete! Total build time: 1.194s
2025-10-02T03:42:50.839Z - info: [11:42:50] Reload for file change: /Users/damithch/Repos/nus-cs2103/cs2103-website-base/admin/tp-tasks-fragment.md
2025-10-02T03:42:50.843Z - info: Synchronizing opened pages list before reload
2025-10-02T03:42:50.844Z - info: Current opened pages, from most-to-least recent:
2025-10-02T03:42:50.845Z - info: 1. schedule/week7/project
2025-10-02T03:42:51.850Z - info: Rebuilding 1 pages
2025-10-02T03:42:53.065Z - info: Site data built
2025-10-02T03:42:53.065Z - info: Pages rebuilt
2025-10-02T03:42:53.065Z - info: Website regeneration complete! Total build time: 1.217s
2025-10-02T03:43:38.417Z - info: Website generation started at 11:43:37
2025-10-02T03:43:38.770Z - warn: ENOENT: no such file or directory, open '/Users/damithch/Repos/nus-cs2103/cs2103-website-base/node_modules/.cache/gh-pages/https!github.com!nus-cs2103-AY2526S1!website.git/book/_markbind/variables.md'
2025-10-02T03:43:38.770Z - warn: ENOENT: no such file or directory, open '/Users/damithch/Repos/nus-cs2103/cs2103-website-base/node_modules/.cache/gh-pages/https!github.com!nus-cs2103-AY2526S1!website.git/_markbind/variables.md'
2025-10-02T03:43:38.790Z - info: Building assets...
2025-10-02T03:43:41.383Z - info: Assets built
2025-10-02T03:43:41.384Z - info: Generating pages...
2025-10-02T03:43:49.840Z - debug:  
2025-10-02T03:43:49.840Z - debug:  
2025-10-02T03:43:49.840Z - debug:  
2025-10-02T03:43:49.841Z - debug:  
2025-10-02T03:43:49.841Z - debug:  
2025-10-02T03:43:49.841Z - debug:  
2025-10-02T03:43:49.841Z - debug:  
2025-10-02T03:43:49.841Z - debug:  
2025-10-02T03:43:49.841Z - debug:  
2025-10-02T03:43:49.841Z - debug:  
2025-10-02T03:43:49.841Z - debug:  
2025-10-02T03:43:54.028Z - debug:  
2025-10-02T03:43:54.038Z - debug:  
2025-10-02T03:43:54.039Z - debug:  
2025-10-02T03:43:54.095Z - debug:  
2025-10-02T03:43:54.097Z - debug:  
2025-10-02T03:43:54.105Z - debug:  
2025-10-02T03:44:03.102Z - debug:  
2025-10-02T03:45:01.825Z - debug:  
2025-10-02T03:45:13.993Z - debug:  
2025-10-02T03:45:14.039Z - debug:  
2025-10-02T03:45:23.608Z - info: Pages built
2025-10-02T03:45:23.695Z - info: Site data built
2025-10-02T03:45:23.695Z - info: Website generation complete! Total build time: 106.329s
2025-10-02T03:45:23.695Z - info: Build success!
2025-10-02T03:45:49.393Z - info: The website has been deployed at: https://nus-cs2103-ay2526s1.github.io/website
2025-10-02T08:09:18.164Z - info: Website generation (lazy) started at 16:09:16
2025-10-02T08:09:18.702Z - warn: ENOENT: no such file or directory, open '/Users/damithch/Repos/nus-cs2103/cs2103-website-base/node_modules/.cache/gh-pages/https!github.com!nus-cs2103-AY2526S1!website.git/book/_markbind/variables.md'
2025-10-02T08:09:18.703Z - warn: ENOENT: no such file or directory, open '/Users/damithch/Repos/nus-cs2103/cs2103-website-base/node_modules/.cache/gh-pages/https!github.com!nus-cs2103-AY2526S1!website.git/_markbind/variables.md'
2025-10-02T08:09:18.735Z - info: Building assets...
2025-10-02T08:09:21.804Z - info: Assets built
2025-10-02T08:09:21.805Z - info: Generating landing page...
2025-10-02T08:09:22.879Z - info: Landing page built, other pages will be built as you navigate to them!
2025-10-02T08:09:22.963Z - info: Site data built
2025-10-02T08:09:22.963Z - info: Website generation (lazy) complete! Total build time: 6.102s
2025-10-02T08:09:22.974Z - info: Serving "/Users/damithch/Repos/nus-cs2103/cs2103-website-base/_site" at http://127.0.0.1:8080
2025-10-02T08:09:22.974Z - info: Press CTRL+C to stop ...
2025-10-02T08:24:45.013Z - info: Building /Users/damithch/Repos/nus-cs2103/cs2103-website-base/schedule/week8/index as some of its dependencies were changed since the last visit
2025-10-02T08:24:45.907Z - info: Site data built
2025-10-02T08:24:45.908Z - info: Lazy website regeneration complete! Total build time: 0.897s
2025-10-02T08:24:56.474Z - info: Building /Users/damithch/Repos/nus-cs2103/cs2103-website-base/schedule/week8/admin as some of its dependencies were changed since the last visit
2025-10-02T08:24:56.679Z - info: Site data built
2025-10-02T08:24:56.680Z - info: Lazy website regeneration complete! Total build time: 0.206s
2025-10-02T08:33:30.601Z - info: Building /Users/damithch/Repos/nus-cs2103/cs2103-website-base/se-book-adapted/index as some of its dependencies were changed since the last visit
2025-10-02T08:33:30.776Z - info: Site data built
2025-10-02T08:33:30.776Z - info: Lazy website regeneration complete! Total build time: 0.176s
2025-10-02T08:33:33.510Z - info: Building /Users/damithch/Repos/nus-cs2103/cs2103-website-base/se-book-adapted/chapters/requirements as some of its dependencies were changed since the last visit
2025-10-02T08:33:33.633Z - info: Site data built
2025-10-02T08:33:33.633Z - info: Lazy website regeneration complete! Total build time: 0.123s
2025-10-02T08:33:44.968Z - info: Building /Users/damithch/Repos/nus-cs2103/cs2103-website-base/se-book-adapted/chapters/specifyingRequirements as some of its dependencies were changed since the last visit
2025-10-02T08:33:45.325Z - info: Site data built
2025-10-02T08:33:45.326Z - info: Lazy website regeneration complete! Total build time: 0.358s
2025-10-02T08:39:39.170Z - info: [16:39:39] Reload for file change: /Users/damithch/Repos/nus-cs2103/cs2103-website-base/book/specifyingRequirements/glossary/what/text.md
2025-10-02T08:39:39.172Z - info: Synchronizing opened pages list before reload
2025-10-02T08:39:39.174Z - info: Current opened pages, from most-to-least recent:
2025-10-02T08:39:39.175Z - info: 1. se-book-adapted/chapters/specifyingRequirements
2025-10-02T08:39:40.186Z - info: Rebuilding 1 pages
2025-10-02T08:39:40.518Z - info: Site data built
2025-10-02T08:39:40.518Z - info: Pages rebuilt
2025-10-02T08:39:40.518Z - info: Website regeneration complete! Total build time: 0.335s
2025-10-02T08:47:32.616Z - info: Building /Users/damithch/Repos/nus-cs2103/cs2103-website-base/schedule/week8/topics as some of its dependencies were changed since the last visit
2025-10-02T08:47:36.227Z - debug:  
2025-10-02T08:47:36.316Z - debug:  
2025-10-02T08:47:36.374Z - debug:  
2025-10-02T08:47:36.397Z - debug:  
2025-10-02T08:47:36.404Z - debug:  
2025-10-02T08:47:36.730Z - debug:  
2025-10-02T08:47:36.779Z - debug:  
2025-10-02T08:47:36.812Z - debug:  
2025-10-02T08:47:36.830Z - debug:  
2025-10-02T08:47:36.860Z - debug:  
2025-10-02T08:47:36.865Z - debug:  
2025-10-02T08:47:36.911Z - debug:  
2025-10-02T08:47:36.957Z - debug:  
2025-10-02T08:47:36.995Z - debug:  
2025-10-02T08:47:37.059Z - debug:  
2025-10-02T08:47:37.202Z - info: Site data built
2025-10-02T08:47:37.202Z - info: Lazy website regeneration complete! Total build time: 4.587s
2025-10-02T08:48:40.047Z - info: Building /Users/damithch/Repos/nus-cs2103/cs2103-website-base/schedule/week8/project as some of its dependencies were changed since the last visit
2025-10-02T08:48:41.161Z - info: Site data built
2025-10-02T08:48:41.162Z - info: Lazy website regeneration complete! Total build time: 1.116s
2025-10-02T08:51:14.071Z - info: [16:51:14] Reload for file change: /Users/damithch/Repos/nus-cs2103/cs2103-website-base/admin/ip-tasks-fragment.md
2025-10-02T08:51:14.073Z - info: Synchronizing opened pages list before reload
2025-10-02T08:51:14.073Z - info: Current opened pages, from most-to-least recent:
2025-10-02T08:51:14.073Z - info: 1. schedule/week8/project
2025-10-02T08:51:15.086Z - info: Rebuilding 1 pages
2025-10-02T08:51:16.194Z - info: Site data built
2025-10-02T08:51:16.194Z - info: Pages rebuilt
2025-10-02T08:51:16.194Z - info: Website regeneration complete! Total build time: 1.11s
2025-10-02T08:53:43.240Z - info: [16:53:43] Reload for file change: /Users/damithch/Repos/nus-cs2103/cs2103-website-base/admin/tp-tasks-fragment.md
2025-10-02T08:53:43.242Z - info: Synchronizing opened pages list before reload
2025-10-02T08:53:43.243Z - info: Current opened pages, from most-to-least recent:
2025-10-02T08:53:43.243Z - info: 1. schedule/week8/project
2025-10-02T08:53:44.248Z - info: Rebuilding 1 pages
2025-10-02T08:53:45.354Z - info: Site data built
2025-10-02T08:53:45.354Z - info: Pages rebuilt
2025-10-02T08:53:45.354Z - info: Website regeneration complete! Total build time: 1.107s
2025-10-02T08:56:18.267Z - info: [16:56:18] Reload for file change: /Users/damithch/Repos/nus-cs2103/cs2103-website-base/admin/tp-tasks-fragment.md
2025-10-02T08:56:18.268Z - info: Synchronizing opened pages list before reload
2025-10-02T08:56:18.269Z - info: Current opened pages, from most-to-least recent:
2025-10-02T08:56:18.269Z - info: 1. schedule/week8/project
2025-10-02T08:56:19.280Z - info: Rebuilding 1 pages
2025-10-02T08:56:20.410Z - info: Site data built
2025-10-02T08:56:20.410Z - info: Pages rebuilt
2025-10-02T08:56:20.410Z - info: Website regeneration complete! Total build time: 1.132s
2025-10-02T08:59:50.620Z - info: [16:59:50] Reload for file change: /Users/damithch/Repos/nus-cs2103/cs2103-website-base/admin/tp-tasks-fragment.md
2025-10-02T08:59:50.621Z - info: Synchronizing opened pages list before reload
2025-10-02T08:59:50.621Z - info: No pages are currently opened
2025-10-02T08:59:51.633Z - info: No pages needed to be rebuilt
2025-10-02T09:00:01.091Z - info: Building /Users/damithch/Repos/nus-cs2103/cs2103-website-base/schedule/week8/project as some of its dependencies were changed since the last visit
2025-10-02T09:00:02.217Z - info: Site data built
2025-10-02T09:00:02.217Z - info: Lazy website regeneration complete! Total build time: 1.126s
2025-10-02T09:01:08.214Z - info: Building /Users/damithch/Repos/nus-cs2103/cs2103-website-base/schedule/week7/project as some of its dependencies were changed since the last visit
2025-10-02T09:01:09.457Z - info: Site data built
2025-10-02T09:01:09.457Z - info: Lazy website regeneration complete! Total build time: 1.243s
2025-10-02T09:02:38.708Z - info: [17:02:38] Reload for file change: /Users/damithch/Repos/nus-cs2103/cs2103-website-base/admin/tp-tasks-fragment.md
2025-10-02T09:02:38.709Z - info: Synchronizing opened pages list before reload
2025-10-02T09:02:38.709Z - info: Current opened pages, from most-to-least recent:
2025-10-02T09:02:38.710Z - info: 1. schedule/week8/project
2025-10-02T09:02:39.718Z - info: Rebuilding 1 pages
2025-10-02T09:02:40.855Z - info: Site data built
2025-10-02T09:02:40.855Z - info: Pages rebuilt
2025-10-02T09:02:40.855Z - info: Website regeneration complete! Total build time: 1.139s
2025-10-02T09:02:58.597Z - info: Building /Users/damithch/Repos/nus-cs2103/cs2103-website-base/schedule/week8/tutorial as some of its dependencies were changed since the last visit
2025-10-02T09:02:58.920Z - info: Site data built
2025-10-02T09:02:58.920Z - info: Lazy website regeneration complete! Total build time: 0.323s
2025-10-02T09:03:39.400Z - info: Website generation started at 17:03:38
2025-10-02T09:03:40.056Z - warn: ENOENT: no such file or directory, open '/Users/damithch/Repos/nus-cs2103/cs2103-website-base/node_modules/.cache/gh-pages/https!github.com!nus-cs2103-AY2526S1!website.git/book/_markbind/variables.md'
2025-10-02T09:03:40.057Z - warn: ENOENT: no such file or directory, open '/Users/damithch/Repos/nus-cs2103/cs2103-website-base/node_modules/.cache/gh-pages/https!github.com!nus-cs2103-AY2526S1!website.git/_markbind/variables.md'
2025-10-02T09:03:40.078Z - info: Building assets...
2025-10-02T09:03:42.684Z - info: Assets built
2025-10-02T09:03:42.684Z - info: Generating pages...
2025-10-02T09:03:47.682Z - debug:  
2025-10-02T09:03:47.682Z - debug:  
2025-10-02T09:03:50.657Z - debug:  
2025-10-02T09:03:50.657Z - debug:  
2025-10-02T09:03:50.657Z - debug:  
2025-10-02T09:03:50.658Z - debug:  
2025-10-02T09:03:50.658Z - debug:  
2025-10-02T09:03:50.658Z - debug:  
2025-10-02T09:03:50.658Z - debug:  
2025-10-02T09:03:50.658Z - debug:  
2025-10-02T09:03:50.658Z - debug:  
2025-10-02T09:03:52.743Z - debug:  
2025-10-02T09:03:53.008Z - debug:  
2025-10-02T09:03:53.050Z - debug:  
2025-10-02T09:03:53.084Z - debug:  
2025-10-02T09:03:53.098Z - debug:  
2025-10-02T09:03:53.114Z - debug:  
2025-10-02T09:04:03.587Z - debug:  
2025-10-02T09:05:07.490Z - debug:  
2025-10-02T09:05:21.194Z - debug:  
2025-10-02T09:05:21.605Z - debug:  
2025-10-02T09:05:32.406Z - info: Pages built
2025-10-02T09:05:32.480Z - info: Site data built
2025-10-02T09:05:32.480Z - info: Website generation complete! Total build time: 114.376s
2025-10-02T09:05:32.480Z - info: Build success!
2025-10-02T09:26:11.161Z - error: uncaughtException: Cloning into '/Users/damithch/Repos/nus-cs2103/cs2103-website-base/node_modules/.cache/gh-pages/https!github.com!nus-cs2103-AY2526S1!website.git'...
error: RPC failed; curl 92 HTTP/2 stream 5 was not closed cleanly: CANCEL (err 8)
error: 4720 bytes of body are still expected
fetch-pack: unexpected disconnect while reading sideband packet
fatal: early EOF
fatal: fetch-pack: invalid index-pack output
 date=Thu Oct 02 2025 17:26:11 GMT+0800 (Singapore Standard Time), pid=15268, uid=502, gid=20, cwd=/Users/damithch/Repos/nus-cs2103/cs2103-website-base, execPath=/opt/homebrew/Cellar/node@20/20.18.1/bin/node, version=v20.18.1, argv=[/opt/homebrew/Cellar/node@20/20.18.1/bin/node, /opt/homebrew/bin/markbind, deploy], rss=43843584, heapTotal=671236096, heapUsed=548098416, external=2253775, arrayBuffers=37850, loadavg=[7.32666015625, 8.60107421875, 7.63525390625], uptime=11032
ProcessError: Cloning into '/Users/damithch/Repos/nus-cs2103/cs2103-website-base/node_modules/.cache/gh-pages/https!github.com!nus-cs2103-AY2526S1!website.git'...
error: RPC failed; curl 92 HTTP/2 stream 5 was not closed cleanly: CANCEL (err 8)
error: 4720 bytes of body are still expected
fetch-pack: unexpected disconnect while reading sideband packet
fatal: early EOF
fatal: fetch-pack: invalid index-pack output

    at ChildProcess.<anonymous> (/opt/homebrew/lib/node_modules/markbind-cli/node_modules/gh-pages/lib/git.js:42:16)
    at ChildProcess.emit (node:events:518:28)
    at maybeClose (node:internal/child_process:1104:16)
    at Socket.<anonymous> (node:internal/child_process:456:11)
    at Socket.emit (node:events:518:28)
    at Pipe.<anonymous> (node:net:343:12)
2025-10-02T09:33:46.215Z - info: Website generation started at 17:33:44
2025-10-02T09:33:46.718Z - info: Building assets...
2025-10-02T09:33:47.948Z - info: Assets built
2025-10-02T09:33:47.948Z - info: Generating pages...
2025-10-02T09:33:53.620Z - debug:  
2025-10-02T09:33:53.620Z - debug:  
2025-10-02T09:33:56.363Z - debug:  
2025-10-02T09:33:56.363Z - debug:  
2025-10-02T09:33:56.364Z - debug:  
2025-10-02T09:33:56.364Z - debug:  
2025-10-02T09:33:56.364Z - debug:  
2025-10-02T09:33:56.364Z - debug:  
2025-10-02T09:33:56.364Z - debug:  
2025-10-02T09:33:56.364Z - debug:  
2025-10-02T09:33:56.364Z - debug:  
2025-10-02T09:33:59.113Z - debug:  
2025-10-02T09:33:59.169Z - debug:  
2025-10-02T09:33:59.209Z - debug:  
2025-10-02T09:33:59.222Z - debug:  
2025-10-02T09:33:59.613Z - debug:  
2025-10-02T09:33:59.689Z - debug:  
2025-10-02T09:34:10.164Z - debug:  
2025-10-02T09:35:16.806Z - debug:  
2025-10-02T09:35:29.808Z - debug:  
2025-10-02T09:35:29.986Z - debug:  
2025-10-02T09:35:40.952Z - info: Pages built
2025-10-02T09:35:41.021Z - info: Site data built
2025-10-02T09:35:41.021Z - info: Website generation complete! Total build time: 116.072s
2025-10-02T09:35:41.022Z - info: Build success!
2025-10-02T09:44:42.668Z - info: Website generation started at 17:44:41
2025-10-02T09:44:42.996Z - info: Building assets...
2025-10-02T09:44:44.200Z - info: Assets built
2025-10-02T09:44:44.200Z - info: Generating pages...
2025-10-02T09:44:48.635Z - debug:  
2025-10-02T09:44:48.635Z - debug:  
2025-10-02T09:44:52.065Z - debug:  
2025-10-02T09:44:52.066Z - debug:  
2025-10-02T09:44:52.066Z - debug:  
2025-10-02T09:44:52.066Z - debug:  
2025-10-02T09:44:52.066Z - debug:  
2025-10-02T09:44:52.066Z - debug:  
2025-10-02T09:44:52.066Z - debug:  
2025-10-02T09:44:52.066Z - debug:  
2025-10-02T09:44:52.066Z - debug:  
2025-10-02T09:44:54.028Z - debug:  
2025-10-02T09:44:54.331Z - debug:  
2025-10-02T09:44:54.339Z - debug:  
2025-10-02T09:44:54.411Z - debug:  
2025-10-02T09:44:54.449Z - debug:  
2025-10-02T09:44:54.462Z - debug:  
2025-10-02T09:45:04.630Z - debug:  
2025-10-02T09:46:10.294Z - debug:  
2025-10-02T09:46:28.368Z - debug:  
2025-10-02T09:46:28.513Z - debug:  
2025-10-02T09:46:40.303Z - info: Pages built
2025-10-02T09:46:40.379Z - info: Site data built
2025-10-02T09:46:40.379Z - info: Website generation complete! Total build time: 118.471s
2025-10-02T09:46:40.379Z - info: Build success!
2025-10-02T09:47:05.653Z - info: The website has been deployed at: https://nus-cs2103-ay2526s1.github.io/website
