2025-08-10T16:34:24.531Z - info: Website generation (lazy) started at 00:34:23
2025-08-10T16:34:25.064Z - warn: ENOENT: no such file or directory, open '/Users/damithch/Repos/nus-cs2103/cs2103-website-base/node_modules/.cache/gh-pages/https!github.com!nus-cs2103-AY2526S1!website.git/book/_markbind/variables.md'
2025-08-10T16:34:25.064Z - warn: ENOENT: no such file or directory, open '/Users/damithch/Repos/nus-cs2103/cs2103-website-base/node_modules/.cache/gh-pages/https!github.com!nus-cs2103-AY2526S1!website.git/_markbind/variables.md'
2025-08-10T16:34:25.084Z - info: Building assets...
2025-08-10T16:34:28.516Z - info: Assets built
2025-08-10T16:34:28.517Z - info: Generating landing page...
2025-08-10T16:34:29.140Z - info: Landing page built, other pages will be built as you navigate to them!
2025-08-10T16:34:29.310Z - info: Site data built
2025-08-10T16:34:29.310Z - info: Website generation (lazy) complete! Total build time: 6.017s
2025-08-10T16:34:29.326Z - info: Serving "/Users/damithch/Repos/nus-cs2103/cs2103-website-base/_site" at http://127.0.0.1:8080
2025-08-10T16:34:29.326Z - info: Press CTRL+C to stop ...
2025-08-10T16:34:42.098Z - info: [00:34:42] Reload for file change: /Users/damithch/Repos/nus-cs2103/cs2103-website-base/_markbind/variables.md
2025-08-10T16:34:42.099Z - info: Synchronizing opened pages list before reload
2025-08-10T16:34:42.099Z - info: Current opened pages, from most-to-least recent:
2025-08-10T16:34:42.099Z - info: 1. index
2025-08-10T16:34:43.121Z - warn: ENOENT: no such file or directory, open '/Users/damithch/Repos/nus-cs2103/cs2103-website-base/node_modules/.cache/gh-pages/https!github.com!nus-cs2103-AY2526S1!website.git/book/_markbind/variables.md'
2025-08-10T16:34:43.121Z - warn: ENOENT: no such file or directory, open '/Users/damithch/Repos/nus-cs2103/cs2103-website-base/node_modules/.cache/gh-pages/https!github.com!nus-cs2103-AY2526S1!website.git/_markbind/variables.md'
2025-08-10T16:34:43.152Z - warn: Rebuilding all pages as variables file was changed, or the --force-reload flag was set
2025-08-10T16:34:43.155Z - info: Rebuilding 1 pages
2025-08-10T16:34:43.467Z - info: Site data built
2025-08-10T16:34:43.467Z - info: Pages rebuilt
2025-08-10T16:34:43.467Z - info: Website regeneration complete! Total build time: 0.363s
2025-08-10T16:34:48.004Z - info: Building /Users/damithch/Repos/nus-cs2103/cs2103-website-base/schedule/week2/index as some of its dependencies were changed since the last visit
2025-08-10T16:34:48.253Z - info: Site data built
2025-08-10T16:34:48.253Z - info: Lazy website regeneration complete! Total build time: 0.25s
2025-08-10T16:48:12.434Z - info: Building /Users/damithch/Repos/nus-cs2103/cs2103-website-base/admin/instructors as some of its dependencies were changed since the last visit
2025-08-10T16:48:12.679Z - info: Site data built
2025-08-10T16:48:12.679Z - info: Lazy website regeneration complete! Total build time: 0.246s
2025-08-10T16:48:37.710Z - info: Website generation started at 00:48:36
2025-08-10T16:48:38.113Z - warn: ENOENT: no such file or directory, open '/Users/damithch/Repos/nus-cs2103/cs2103-website-base/node_modules/.cache/gh-pages/https!github.com!nus-cs2103-AY2526S1!website.git/book/_markbind/variables.md'
2025-08-10T16:48:38.114Z - warn: ENOENT: no such file or directory, open '/Users/damithch/Repos/nus-cs2103/cs2103-website-base/node_modules/.cache/gh-pages/https!github.com!nus-cs2103-AY2526S1!website.git/_markbind/variables.md'
2025-08-10T16:48:38.135Z - info: Building assets...
2025-08-10T16:48:40.688Z - info: Assets built
2025-08-10T16:48:40.688Z - info: Generating pages...
2025-08-10T16:48:46.567Z - debug:  
2025-08-10T16:48:46.929Z - debug:  
2025-08-10T16:48:50.172Z - debug:  
2025-08-10T16:48:50.172Z - debug:  
2025-08-10T16:48:50.172Z - debug:  
2025-08-10T16:48:50.172Z - debug:  
2025-08-10T16:48:50.173Z - debug:  
2025-08-10T16:48:50.173Z - debug:  
2025-08-10T16:48:50.173Z - debug:  
2025-08-10T16:48:50.173Z - debug:  
2025-08-10T16:48:50.173Z - debug:  
2025-08-10T16:48:52.434Z - debug:  
2025-08-10T16:48:52.663Z - debug:  
2025-08-10T16:48:52.700Z - debug:  
2025-08-10T16:48:52.737Z - debug:  
2025-08-10T16:48:52.774Z - debug:  
2025-08-10T16:48:52.796Z - debug:  
2025-08-10T16:49:02.051Z - debug:  
2025-08-10T16:49:06.049Z - warn: Empty reference in /Users/damithch/Repos/nus-cs2103/cs2103-website-base/book/gitAndGithub/log/unit-inElsewhere-asFlat.md:
Segment '#title' in file: /Users/damithch/Repos/nus-cs2103/cs2103-website-base/book/gitAndGithub/log/text.md is empty
2025-08-10T16:50:00.532Z - debug:  
2025-08-10T16:50:13.349Z - debug:  
2025-08-10T16:50:13.361Z - debug:  
2025-08-10T16:50:21.130Z - info: Pages built
2025-08-10T16:50:21.209Z - info: Site data built
2025-08-10T16:50:21.209Z - info: Website generation complete! Total build time: 104.538s
2025-08-10T16:50:21.209Z - info: Build success!
2025-08-10T16:50:45.475Z - info: The website has been deployed at: https://nus-cs2103-ay2526s1.github.io/website
2025-08-11T04:19:43.133Z - info: Website generation (lazy) started at 12:19:41
2025-08-11T04:19:43.671Z - warn: ENOENT: no such file or directory, open '/Users/damithch/Repos/nus-cs2103/cs2103-website-base/node_modules/.cache/gh-pages/https!github.com!nus-cs2103-AY2526S1!website.git/book/_markbind/variables.md'
2025-08-11T04:19:43.671Z - warn: ENOENT: no such file or directory, open '/Users/damithch/Repos/nus-cs2103/cs2103-website-base/node_modules/.cache/gh-pages/https!github.com!nus-cs2103-AY2526S1!website.git/_markbind/variables.md'
2025-08-11T04:19:43.691Z - info: Building assets...
2025-08-11T04:19:46.296Z - info: Assets built
2025-08-11T04:19:46.297Z - info: Generating landing page...
2025-08-11T04:19:46.674Z - info: Landing page built, other pages will be built as you navigate to them!
2025-08-11T04:19:46.748Z - info: Site data built
2025-08-11T04:19:46.748Z - info: Website generation (lazy) complete! Total build time: 4.909s
2025-08-11T04:19:46.758Z - info: Serving "/Users/damithch/Repos/nus-cs2103/cs2103-website-base/_site" at http://127.0.0.1:8080
2025-08-11T04:19:46.758Z - info: Press CTRL+C to stop ...
2025-08-11T04:19:59.509Z - info: Building /Users/damithch/Repos/nus-cs2103/cs2103-website-base/schedule/week1/topics as some of its dependencies were changed since the last visit
2025-08-11T04:20:01.763Z - debug:  
2025-08-11T04:20:02.032Z - info: Site data built
2025-08-11T04:20:02.033Z - info: Lazy website regeneration complete! Total build time: 2.524s
2025-08-11T04:20:08.598Z - info: Building /Users/damithch/Repos/nus-cs2103/cs2103-website-base/book/gitAndGithub/gitPrep/index as some of its dependencies were changed since the last visit
2025-08-11T04:20:08.749Z - info: Site data built
2025-08-11T04:20:08.749Z - info: Lazy website regeneration complete! Total build time: 0.151s
2025-08-11T04:23:36.922Z - info: [12:23:36] Reload for file change: /Users/damithch/Repos/nus-cs2103/cs2103-website-base/book/gitAndGithub/gitPrep/text.md
2025-08-11T04:23:36.922Z - info: Synchronizing opened pages list before reload
2025-08-11T04:23:36.923Z - info: Current opened pages, from most-to-least recent:
2025-08-11T04:23:36.923Z - info: 1. book/gitAndGithub/gitPrep/index
2025-08-11T04:23:36.923Z - info: 2. schedule/week1/topics
2025-08-11T04:23:37.929Z - info: Rebuilding 2 pages
2025-08-11T04:23:40.717Z - info: Site data built
2025-08-11T04:23:40.718Z - info: Pages rebuilt
2025-08-11T04:23:40.718Z - info: Website regeneration complete! Total build time: 2.791s
2025-08-11T04:24:38.313Z - info: [12:24:38] Reload for file change: /Users/damithch/Repos/nus-cs2103/cs2103-website-base/book/gitAndGithub/gitPrep/text.md
2025-08-11T04:24:38.314Z - info: Synchronizing opened pages list before reload
2025-08-11T04:24:38.316Z - info: Current opened pages, from most-to-least recent:
2025-08-11T04:24:38.316Z - info: 1. book/gitAndGithub/gitPrep/index
2025-08-11T04:24:39.331Z - info: Rebuilding 1 pages
2025-08-11T04:24:39.542Z - info: Site data built
2025-08-11T04:24:39.543Z - info: Pages rebuilt
2025-08-11T04:24:39.543Z - info: Website regeneration complete! Total build time: 0.214s
2025-08-11T04:28:35.267Z - info: [12:28:35] Reload for file change: /Users/damithch/Repos/nus-cs2103/cs2103-website-base/book/gitAndGithub/gitPrep/text.md
2025-08-11T04:28:35.268Z - info: Synchronizing opened pages list before reload
2025-08-11T04:28:35.268Z - info: Current opened pages, from most-to-least recent:
2025-08-11T04:28:35.268Z - info: 1. book/gitAndGithub/gitPrep/index
2025-08-11T04:28:36.286Z - info: Rebuilding 1 pages
2025-08-11T04:28:36.461Z - info: Site data built
2025-08-11T04:28:36.461Z - info: Pages rebuilt
2025-08-11T04:28:36.461Z - info: Website regeneration complete! Total build time: 0.177s
2025-08-11T04:30:46.105Z - info: [12:30:46] Reload for file change: /Users/damithch/Repos/nus-cs2103/cs2103-website-base/book/gitAndGithub/gitPrep/text.md
2025-08-11T04:30:46.106Z - info: Synchronizing opened pages list before reload
2025-08-11T04:30:46.107Z - info: Current opened pages, from most-to-least recent:
2025-08-11T04:30:46.107Z - info: 1. book/gitAndGithub/gitPrep/index
2025-08-11T04:30:47.119Z - info: Rebuilding 1 pages
2025-08-11T04:30:47.299Z - info: Site data built
2025-08-11T04:30:47.299Z - info: Pages rebuilt
2025-08-11T04:30:47.299Z - info: Website regeneration complete! Total build time: 0.184s
2025-08-11T04:31:01.103Z - info: [12:31:01] Reload for file change: /Users/damithch/Repos/nus-cs2103/cs2103-website-base/book/gitAndGithub/gitPrep/text.md
2025-08-11T04:31:01.104Z - info: Synchronizing opened pages list before reload
2025-08-11T04:31:01.104Z - info: Current opened pages, from most-to-least recent:
2025-08-11T04:31:01.104Z - info: 1. book/gitAndGithub/gitPrep/index
2025-08-11T04:31:02.117Z - info: Rebuilding 1 pages
2025-08-11T04:31:02.262Z - info: Site data built
2025-08-11T04:31:02.262Z - info: Pages rebuilt
2025-08-11T04:31:02.262Z - info: Website regeneration complete! Total build time: 0.146s
2025-08-11T04:32:53.028Z - info: [12:32:53] Reload for file change: /Users/damithch/Repos/nus-cs2103/cs2103-website-base/book/gitAndGithub/gitPrep/text.md
2025-08-11T04:32:53.029Z - info: Synchronizing opened pages list before reload
2025-08-11T04:32:53.029Z - info: Current opened pages, from most-to-least recent:
2025-08-11T04:32:53.029Z - info: 1. book/gitAndGithub/gitPrep/index
2025-08-11T04:32:54.035Z - info: Rebuilding 1 pages
2025-08-11T04:32:54.205Z - info: Site data built
2025-08-11T04:32:54.205Z - info: Pages rebuilt
2025-08-11T04:32:54.205Z - info: Website regeneration complete! Total build time: 0.172s
2025-08-11T04:33:45.717Z - info: Website generation started at 12:33:44
2025-08-11T04:33:46.142Z - warn: ENOENT: no such file or directory, open '/Users/damithch/Repos/nus-cs2103/cs2103-website-base/node_modules/.cache/gh-pages/https!github.com!nus-cs2103-AY2526S1!website.git/book/_markbind/variables.md'
2025-08-11T04:33:46.143Z - warn: ENOENT: no such file or directory, open '/Users/damithch/Repos/nus-cs2103/cs2103-website-base/node_modules/.cache/gh-pages/https!github.com!nus-cs2103-AY2526S1!website.git/_markbind/variables.md'
2025-08-11T04:33:46.165Z - info: Building assets...
2025-08-11T04:33:48.854Z - info: Assets built
2025-08-11T04:33:48.854Z - info: Generating pages...
2025-08-11T04:33:54.798Z - debug:  
2025-08-11T04:33:54.798Z - debug:  
2025-08-11T04:33:58.020Z - debug:  
2025-08-11T04:33:58.020Z - debug:  
2025-08-11T04:33:58.020Z - debug:  
2025-08-11T04:33:58.020Z - debug:  
2025-08-11T04:33:58.020Z - debug:  
2025-08-11T04:33:58.020Z - debug:  
2025-08-11T04:33:58.020Z - debug:  
2025-08-11T04:33:58.020Z - debug:  
2025-08-11T04:33:58.020Z - debug:  
2025-08-11T04:34:00.316Z - debug:  
2025-08-11T04:34:00.498Z - debug:  
2025-08-11T04:34:00.565Z - debug:  
2025-08-11T04:34:00.608Z - debug:  
2025-08-11T04:34:00.621Z - debug:  
2025-08-11T04:34:00.643Z - debug:  
2025-08-11T04:34:10.951Z - debug:  
2025-08-11T04:34:15.381Z - warn: Empty reference in /Users/damithch/Repos/nus-cs2103/cs2103-website-base/book/gitAndGithub/log/unit-inElsewhere-asFlat.md:
Segment '#title' in file: /Users/damithch/Repos/nus-cs2103/cs2103-website-base/book/gitAndGithub/log/text.md is empty
2025-08-11T04:35:09.168Z - debug:  
2025-08-11T04:35:20.855Z - debug:  
2025-08-11T04:35:20.871Z - debug:  
2025-08-11T04:35:27.379Z - info: Pages built
2025-08-11T04:35:27.456Z - info: Site data built
2025-08-11T04:35:27.456Z - info: Website generation complete! Total build time: 102.866s
2025-08-11T04:35:27.456Z - info: Build success!
2025-08-11T04:35:51.829Z - info: The website has been deployed at: https://nus-cs2103-ay2526s1.github.io/website
