2025-07-16T09:01:32.460Z - info: Website generation (lazy) started at 17:01:31
2025-07-16T09:01:32.907Z - warn: ENOENT: no such file or directory, open '/Users/damithch/Repos/nus-cs2103/cs2103-website-base/node_modules/.cache/gh-pages/https!github.com!nus-cs2103-AY2526S1!website.git/book/_markbind/variables.md'
2025-07-16T09:01:32.908Z - warn: ENOENT: no such file or directory, open '/Users/damithch/Repos/nus-cs2103/cs2103-website-base/node_modules/.cache/gh-pages/https!github.com!nus-cs2103-AY2526S1!website.git/_markbind/variables.md'
2025-07-16T09:01:32.933Z - info: Building assets...
2025-07-16T09:01:35.020Z - info: Assets built
2025-07-16T09:01:35.021Z - info: Generating landing page...
2025-07-16T09:01:36.394Z - info: Landing page built, other pages will be built as you navigate to them!
2025-07-16T09:01:36.486Z - info: Site data built
2025-07-16T09:01:36.486Z - info: Website generation (lazy) complete! Total build time: 5.04s
2025-07-16T09:01:36.498Z - info: Serving "/Users/damithch/Repos/nus-cs2103/cs2103-website-base/_site" at http://127.0.0.1:8080
2025-07-16T09:01:36.498Z - info: Press CTRL+C to stop ...
2025-07-16T09:03:42.600Z - info: [17:03:42] Reload for file change: /Users/damithch/Repos/nus-cs2103/cs2103-website-base/_markbind/variables.md
2025-07-16T09:03:42.602Z - info: Synchronizing opened pages list before reload
2025-07-16T09:03:42.603Z - info: Current opened pages, from most-to-least recent:
2025-07-16T09:03:42.603Z - info: 1. index
2025-07-16T09:03:43.630Z - warn: ENOENT: no such file or directory, open '/Users/damithch/Repos/nus-cs2103/cs2103-website-base/node_modules/.cache/gh-pages/https!github.com!nus-cs2103-AY2526S1!website.git/book/_markbind/variables.md'
2025-07-16T09:03:43.631Z - warn: ENOENT: no such file or directory, open '/Users/damithch/Repos/nus-cs2103/cs2103-website-base/node_modules/.cache/gh-pages/https!github.com!nus-cs2103-AY2526S1!website.git/_markbind/variables.md'
2025-07-16T09:03:43.652Z - warn: Rebuilding all pages as variables file was changed, or the --force-reload flag was set
2025-07-16T09:03:43.655Z - info: Rebuilding 1 pages
2025-07-16T09:03:44.555Z - info: Site data built
2025-07-16T09:03:44.555Z - info: Pages rebuilt
2025-07-16T09:03:44.555Z - info: Website regeneration complete! Total build time: 0.944s
2025-07-16T09:06:47.750Z - info: [17:06:47] Reload for file change: /Users/damithch/Repos/nus-cs2103/cs2103-website-base/_markbind/variables.md
2025-07-16T09:06:47.755Z - info: Synchronizing opened pages list before reload
2025-07-16T09:06:47.756Z - info: Current opened pages, from most-to-least recent:
2025-07-16T09:06:47.757Z - info: 1. index
2025-07-16T09:06:48.798Z - warn: ENOENT: no such file or directory, open '/Users/damithch/Repos/nus-cs2103/cs2103-website-base/node_modules/.cache/gh-pages/https!github.com!nus-cs2103-AY2526S1!website.git/book/_markbind/variables.md'
2025-07-16T09:06:48.799Z - warn: ENOENT: no such file or directory, open '/Users/damithch/Repos/nus-cs2103/cs2103-website-base/node_modules/.cache/gh-pages/https!github.com!nus-cs2103-AY2526S1!website.git/_markbind/variables.md'
2025-07-16T09:06:48.824Z - warn: Rebuilding all pages as variables file was changed, or the --force-reload flag was set
2025-07-16T09:06:48.826Z - info: Rebuilding 1 pages
2025-07-16T09:06:49.771Z - info: Site data built
2025-07-16T09:06:49.771Z - info: Pages rebuilt
2025-07-16T09:06:49.771Z - info: Website regeneration complete! Total build time: 1.002s
2025-07-16T09:07:53.262Z - info: [17:07:53] Reload for file change: /Users/damithch/Repos/nus-cs2103/cs2103-website-base/_markbind/variables.md
2025-07-16T09:07:53.264Z - info: Synchronizing opened pages list before reload
2025-07-16T09:07:53.265Z - info: Current opened pages, from most-to-least recent:
2025-07-16T09:07:53.265Z - info: 1. index
2025-07-16T09:07:54.298Z - warn: ENOENT: no such file or directory, open '/Users/damithch/Repos/nus-cs2103/cs2103-website-base/node_modules/.cache/gh-pages/https!github.com!nus-cs2103-AY2526S1!website.git/book/_markbind/variables.md'
2025-07-16T09:07:54.299Z - warn: ENOENT: no such file or directory, open '/Users/damithch/Repos/nus-cs2103/cs2103-website-base/node_modules/.cache/gh-pages/https!github.com!nus-cs2103-AY2526S1!website.git/_markbind/variables.md'
2025-07-16T09:07:54.327Z - warn: Rebuilding all pages as variables file was changed, or the --force-reload flag was set
2025-07-16T09:07:54.329Z - info: Rebuilding 1 pages
2025-07-16T09:07:55.275Z - info: Site data built
2025-07-16T09:07:55.275Z - info: Pages rebuilt
2025-07-16T09:07:55.276Z - info: Website regeneration complete! Total build time: 1.004s
2025-07-16T09:13:58.664Z - info: [17:13:58] Reload for file change: /Users/damithch/Repos/nus-cs2103/cs2103-website-base/_markbind/variables.md
2025-07-16T09:13:58.667Z - info: Synchronizing opened pages list before reload
2025-07-16T09:13:58.668Z - info: Current opened pages, from most-to-least recent:
2025-07-16T09:13:58.670Z - info: 1. index
2025-07-16T09:13:59.698Z - warn: ENOENT: no such file or directory, open '/Users/damithch/Repos/nus-cs2103/cs2103-website-base/node_modules/.cache/gh-pages/https!github.com!nus-cs2103-AY2526S1!website.git/book/_markbind/variables.md'
2025-07-16T09:13:59.698Z - warn: ENOENT: no such file or directory, open '/Users/damithch/Repos/nus-cs2103/cs2103-website-base/node_modules/.cache/gh-pages/https!github.com!nus-cs2103-AY2526S1!website.git/_markbind/variables.md'
2025-07-16T09:13:59.723Z - warn: Rebuilding all pages as variables file was changed, or the --force-reload flag was set
2025-07-16T09:13:59.725Z - info: Rebuilding 1 pages
2025-07-16T09:14:00.677Z - info: Site data built
2025-07-16T09:14:00.677Z - info: Pages rebuilt
2025-07-16T09:14:00.677Z - info: Website regeneration complete! Total build time: 1.001s
2025-07-16T09:14:14.244Z - info: [17:14:14] Reload for file change: /Users/damithch/Repos/nus-cs2103/cs2103-website-base/_markbind/variables.md
2025-07-16T09:14:14.244Z - info: Synchronizing opened pages list before reload
2025-07-16T09:14:14.244Z - info: Current opened pages, from most-to-least recent:
2025-07-16T09:14:14.244Z - info: 1. index
2025-07-16T09:14:15.273Z - warn: ENOENT: no such file or directory, open '/Users/damithch/Repos/nus-cs2103/cs2103-website-base/node_modules/.cache/gh-pages/https!github.com!nus-cs2103-AY2526S1!website.git/book/_markbind/variables.md'
2025-07-16T09:14:15.273Z - warn: ENOENT: no such file or directory, open '/Users/damithch/Repos/nus-cs2103/cs2103-website-base/node_modules/.cache/gh-pages/https!github.com!nus-cs2103-AY2526S1!website.git/_markbind/variables.md'
2025-07-16T09:14:15.297Z - warn: Rebuilding all pages as variables file was changed, or the --force-reload flag was set
2025-07-16T09:14:15.299Z - info: Rebuilding 1 pages
2025-07-16T09:14:16.196Z - info: Site data built
2025-07-16T09:14:16.196Z - info: Pages rebuilt
2025-07-16T09:14:16.196Z - info: Website regeneration complete! Total build time: 0.949s
2025-07-16T09:15:34.378Z - info: [17:15:34] Reload for file change: /Users/damithch/Repos/nus-cs2103/cs2103-website-base/book/gitAndGithub/interactiveRebase/images/sourcetreeIndicateModifications.png
2025-07-16T09:15:34.378Z - info: Synchronizing opened pages list before reload
2025-07-16T09:15:34.379Z - info: Current opened pages, from most-to-least recent:
2025-07-16T09:15:34.379Z - info: 1. index
2025-07-16T09:15:35.390Z - info: Assets built
2025-07-16T09:18:33.717Z - info: Website generation started at 17:18:32
2025-07-16T09:18:34.099Z - warn: ENOENT: no such file or directory, open '/Users/damithch/Repos/nus-cs2103/cs2103-website-base/node_modules/.cache/gh-pages/https!github.com!nus-cs2103-AY2526S1!website.git/book/_markbind/variables.md'
2025-07-16T09:18:34.100Z - warn: ENOENT: no such file or directory, open '/Users/damithch/Repos/nus-cs2103/cs2103-website-base/node_modules/.cache/gh-pages/https!github.com!nus-cs2103-AY2526S1!website.git/_markbind/variables.md'
2025-07-16T09:18:34.125Z - info: Building assets...
