2025-08-07T16:01:37.961Z - info: [00:01:37] Reload for file change: /Users/damithch/Repos/nus-cs2103/cs2103-website-base/book/gitAndGithub/branch/text.md
2025-08-07T16:01:37.974Z - info: Synchronizing opened pages list before reload
2025-08-07T16:01:37.974Z - info: Current opened pages, from most-to-least recent:
2025-08-07T16:01:37.974Z - info: 1. book/gitAndGithub/trail/branchingLocally/index
2025-08-07T16:01:38.981Z - info: Rebuilding 1 pages
2025-08-07T16:01:39.298Z - info: Site data built
2025-08-07T16:01:39.298Z - info: Pages rebuilt
2025-08-07T16:01:39.298Z - info: Website regeneration complete! Total build time: 0.319s
2025-08-07T16:01:46.430Z - info: [00:01:46] Reload for file change: /Users/damithch/Repos/nus-cs2103/cs2103-website-base/book/gitAndGithub/branch/text.md
2025-08-07T16:01:46.431Z - info: Synchronizing opened pages list before reload
2025-08-07T16:01:46.431Z - info: Current opened pages, from most-to-least recent:
2025-08-07T16:01:46.431Z - info: 1. book/gitAndGithub/trail/branchingLocally/index
2025-08-07T16:01:47.447Z - info: Rebuilding 1 pages
2025-08-07T16:01:47.732Z - info: Site data built
2025-08-07T16:01:47.732Z - info: Pages rebuilt
2025-08-07T16:01:47.732Z - info: Website regeneration complete! Total build time: 0.286s
2025-08-07T16:04:42.761Z - info: [00:04:42] Reload for file change: /Users/damithch/Repos/nus-cs2103/cs2103-website-base/book/gitAndGithub/branch/text.md
2025-08-07T16:04:42.771Z - info: Synchronizing opened pages list before reload
2025-08-07T16:04:42.772Z - info: Current opened pages, from most-to-least recent:
2025-08-07T16:04:42.772Z - info: 1. book/gitAndGithub/trail/branchingLocally/index
2025-08-07T16:04:43.777Z - info: Rebuilding 1 pages
2025-08-07T16:04:44.116Z - info: Site data built
2025-08-07T16:04:44.116Z - info: Pages rebuilt
2025-08-07T16:04:44.116Z - info: Website regeneration complete! Total build time: 0.342s
2025-08-07T16:05:30.715Z - info: [00:05:30] Reload for file change: /Users/damithch/Repos/nus-cs2103/cs2103-website-base/book/gitAndGithub/branch/text.md
2025-08-07T16:05:30.716Z - info: Synchronizing opened pages list before reload
2025-08-07T16:05:30.716Z - info: Current opened pages, from most-to-least recent:
2025-08-07T16:05:30.716Z - info: 1. book/gitAndGithub/trail/branchingLocally/index
2025-08-07T16:05:31.723Z - info: Rebuilding 1 pages
2025-08-07T16:05:32.041Z - info: Site data built
2025-08-07T16:05:32.041Z - info: Pages rebuilt
2025-08-07T16:05:32.041Z - info: Website regeneration complete! Total build time: 0.32s
2025-08-07T16:06:16.520Z - info: [00:06:16] Reload for file change: /Users/damithch/Repos/nus-cs2103/cs2103-website-base/book/gitAndGithub/branch/text.md
2025-08-07T16:06:16.521Z - info: Synchronizing opened pages list before reload
2025-08-07T16:06:16.521Z - info: Current opened pages, from most-to-least recent:
2025-08-07T16:06:16.521Z - info: 1. book/gitAndGithub/trail/branchingLocally/index
2025-08-07T16:06:17.526Z - info: Rebuilding 1 pages
2025-08-07T16:06:17.838Z - info: Site data built
2025-08-07T16:06:17.838Z - info: Pages rebuilt
2025-08-07T16:06:17.839Z - info: Website regeneration complete! Total build time: 0.314s
2025-08-07T16:09:42.963Z - info: Website generation started at 00:09:41
2025-08-07T16:09:43.418Z - warn: ENOENT: no such file or directory, open '/Users/damithch/Repos/nus-cs2103/cs2103-website-base/node_modules/.cache/gh-pages/https!github.com!nus-cs2103-AY2526S1!website.git/book/_markbind/variables.md'
2025-08-07T16:09:43.418Z - warn: ENOENT: no such file or directory, open '/Users/damithch/Repos/nus-cs2103/cs2103-website-base/node_modules/.cache/gh-pages/https!github.com!nus-cs2103-AY2526S1!website.git/_markbind/variables.md'
2025-08-07T16:09:43.441Z - info: Building assets...
2025-08-07T16:09:46.047Z - info: Assets built
2025-08-07T16:09:46.047Z - info: Generating pages...
2025-08-07T16:09:54.200Z - debug:  
2025-08-07T16:09:54.200Z - debug:  
2025-08-07T16:09:54.200Z - debug:  
2025-08-07T16:09:54.200Z - debug:  
2025-08-07T16:09:54.200Z - debug:  
2025-08-07T16:09:54.200Z - debug:  
2025-08-07T16:09:54.200Z - debug:  
2025-08-07T16:09:54.200Z - debug:  
2025-08-07T16:09:54.200Z - debug:  
2025-08-07T16:09:54.200Z - debug:  
2025-08-07T16:09:54.200Z - debug:  
2025-08-07T16:09:56.484Z - debug:  
2025-08-07T16:09:56.494Z - debug:  
2025-08-07T16:09:56.508Z - debug:  
2025-08-07T16:09:56.553Z - debug:  
2025-08-07T16:09:56.557Z - debug:  
2025-08-07T16:09:56.577Z - debug:  
2025-08-07T16:10:06.048Z - debug:  
2025-08-07T16:10:09.959Z - warn: Empty reference in /Users/damithch/Repos/nus-cs2103/cs2103-website-base/book/gitAndGithub/log/unit-inElsewhere-asFlat.md:
Segment '#title' in file: /Users/damithch/Repos/nus-cs2103/cs2103-website-base/book/gitAndGithub/log/text.md is empty
2025-08-07T16:11:00.633Z - debug:  
2025-08-07T16:11:12.632Z - debug:  
2025-08-07T16:11:12.658Z - debug:  
2025-08-07T16:11:19.612Z - info: Pages built
2025-08-07T16:11:19.696Z - info: Site data built
2025-08-07T16:11:19.696Z - info: Website generation complete! Total build time: 97.909s
2025-08-07T16:11:19.696Z - info: Build success!
2025-08-07T16:11:45.113Z - info: The website has been deployed at: https://nus-cs2103-ay2526s1.github.io/website
2025-08-08T15:02:02.889Z - info: Website generation (lazy) started at 23:02:01
2025-08-08T15:02:03.501Z - warn: ENOENT: no such file or directory, open '/Users/damithch/Repos/nus-cs2103/cs2103-website-base/node_modules/.cache/gh-pages/https!github.com!nus-cs2103-AY2526S1!website.git/book/_markbind/variables.md'
2025-08-08T15:02:03.501Z - warn: ENOENT: no such file or directory, open '/Users/damithch/Repos/nus-cs2103/cs2103-website-base/node_modules/.cache/gh-pages/https!github.com!nus-cs2103-AY2526S1!website.git/_markbind/variables.md'
2025-08-08T15:02:03.521Z - info: Building assets...
2025-08-08T15:02:06.216Z - info: Assets built
2025-08-08T15:02:06.216Z - info: Generating landing page...
2025-08-08T15:02:07.055Z - info: Landing page built, other pages will be built as you navigate to them!
2025-08-08T15:02:07.135Z - info: Site data built
2025-08-08T15:02:07.135Z - info: Website generation (lazy) complete! Total build time: 5.903s
2025-08-08T15:02:07.149Z - info: Serving "/Users/damithch/Repos/nus-cs2103/cs2103-website-base/_site" at http://127.0.0.1:8080
2025-08-08T15:02:07.149Z - info: Press CTRL+C to stop ...
2025-08-08T15:03:05.468Z - info: [23:03:05] Reload for file change: /Users/damithch/Repos/nus-cs2103/cs2103-website-base/_markbind/variables.md
2025-08-08T15:03:05.469Z - info: Synchronizing opened pages list before reload
2025-08-08T15:03:05.470Z - info: Current opened pages, from most-to-least recent:
2025-08-08T15:03:05.471Z - info: 1. index
2025-08-08T15:03:06.498Z - warn: ENOENT: no such file or directory, open '/Users/damithch/Repos/nus-cs2103/cs2103-website-base/node_modules/.cache/gh-pages/https!github.com!nus-cs2103-AY2526S1!website.git/book/_markbind/variables.md'
2025-08-08T15:03:06.499Z - warn: ENOENT: no such file or directory, open '/Users/damithch/Repos/nus-cs2103/cs2103-website-base/node_modules/.cache/gh-pages/https!github.com!nus-cs2103-AY2526S1!website.git/_markbind/variables.md'
2025-08-08T15:03:06.531Z - warn: Rebuilding all pages as variables file was changed, or the --force-reload flag was set
2025-08-08T15:03:06.534Z - info: Rebuilding 1 pages
2025-08-08T15:03:06.690Z - info: Site data built
2025-08-08T15:03:06.691Z - info: Pages rebuilt
2025-08-08T15:03:06.691Z - info: Website regeneration complete! Total build time: 0.214s
2025-08-08T15:03:29.447Z - info: Building /Users/damithch/Repos/nus-cs2103/cs2103-website-base/schedule/week1/index as some of its dependencies were changed since the last visit
2025-08-08T15:03:29.781Z - info: Site data built
2025-08-08T15:03:29.781Z - info: Lazy website regeneration complete! Total build time: 0.334s
2025-08-08T15:04:53.158Z - info: [23:04:53] Reload for file change: /Users/damithch/Repos/nus-cs2103/cs2103-website-base/admin/courseBriefings.md
2025-08-08T15:04:53.159Z - info: Synchronizing opened pages list before reload
2025-08-08T15:04:53.160Z - info: Current opened pages, from most-to-least recent:
2025-08-08T15:04:53.160Z - info: 1. schedule/week1/index
2025-08-08T15:04:54.174Z - info: Rebuilding 1 pages
2025-08-08T15:04:54.455Z - info: Site data built
2025-08-08T15:04:54.455Z - info: Pages rebuilt
2025-08-08T15:04:54.455Z - info: Website regeneration complete! Total build time: 0.283s
2025-08-08T15:10:52.632Z - info: [23:10:52] Reload for file add: /Users/damithch/Repos/nus-cs2103/cs2103-website-base/admin/images/ccButton.png
2025-08-08T15:10:52.633Z - info: Synchronizing opened pages list before reload
2025-08-08T15:10:52.633Z - info: Current opened pages, from most-to-least recent:
2025-08-08T15:10:52.633Z - info: 1. schedule/week1/index
2025-08-08T15:10:53.786Z - info: Assets built
2025-08-08T15:11:39.637Z - info: [23:11:39] Reload for file change: /Users/damithch/Repos/nus-cs2103/cs2103-website-base/admin/courseBriefings.md
2025-08-08T15:11:39.638Z - info: Synchronizing opened pages list before reload
2025-08-08T15:11:39.639Z - info: Current opened pages, from most-to-least recent:
2025-08-08T15:11:39.639Z - info: 1. schedule/week1/index
2025-08-08T15:11:40.659Z - info: Rebuilding 1 pages
2025-08-08T15:11:40.891Z - info: Site data built
2025-08-08T15:11:40.891Z - info: Pages rebuilt
2025-08-08T15:11:40.891Z - info: Website regeneration complete! Total build time: 0.239s
2025-08-08T15:16:19.072Z - info: [23:16:19] Reload for file change: /Users/damithch/Repos/nus-cs2103/cs2103-website-base/admin/common-notices-fragment.md
2025-08-08T15:16:19.074Z - info: Synchronizing opened pages list before reload
2025-08-08T15:16:19.075Z - info: Current opened pages, from most-to-least recent:
2025-08-08T15:16:19.075Z - info: 1. schedule/week1/index
2025-08-08T15:16:20.089Z - info: Rebuilding 1 pages
2025-08-08T15:16:20.366Z - info: Site data built
2025-08-08T15:16:20.366Z - info: Pages rebuilt
2025-08-08T15:16:20.366Z - info: Website regeneration complete! Total build time: 0.28s
2025-08-08T15:18:32.683Z - info: Building /Users/damithch/Repos/nus-cs2103/cs2103-website-base/schedule/week1/admin as some of its dependencies were changed since the last visit
2025-08-08T15:18:34.780Z - debug:  
2025-08-08T15:18:34.868Z - info: Site data built
2025-08-08T15:18:34.868Z - info: Lazy website regeneration complete! Total build time: 2.185s
2025-08-08T15:20:39.812Z - info: [23:20:39] Reload for file change: /Users/damithch/Repos/nus-cs2103/cs2103-website-base/admin/admin-tasks-fragment.md
2025-08-08T15:20:39.817Z - info: Synchronizing opened pages list before reload
2025-08-08T15:20:39.817Z - info: Current opened pages, from most-to-least recent:
2025-08-08T15:20:39.818Z - info: 1. schedule/week1/admin
2025-08-08T15:20:40.824Z - info: Rebuilding 1 pages
2025-08-08T15:20:41.850Z - info: Site data built
2025-08-08T15:20:41.850Z - info: Pages rebuilt
2025-08-08T15:20:41.850Z - info: Website regeneration complete! Total build time: 1.028s
2025-08-08T15:20:49.090Z - info: [23:20:49] Reload for file change: /Users/damithch/Repos/nus-cs2103/cs2103-website-base/admin/admin-tasks-fragment.md
2025-08-08T15:20:49.091Z - info: Synchronizing opened pages list before reload
2025-08-08T15:20:49.091Z - info: Current opened pages, from most-to-least recent:
2025-08-08T15:20:49.091Z - info: 1. schedule/week1/admin
2025-08-08T15:20:50.094Z - info: Rebuilding 1 pages
2025-08-08T15:20:51.041Z - info: Site data built
2025-08-08T15:20:51.041Z - info: Pages rebuilt
2025-08-08T15:20:51.042Z - info: Website regeneration complete! Total build time: 0.949s
2025-08-08T15:20:59.404Z - info: [23:20:59] Reload for file change: /Users/damithch/Repos/nus-cs2103/cs2103-website-base/admin/admin-tasks-fragment.md
2025-08-08T15:20:59.405Z - info: Synchronizing opened pages list before reload
2025-08-08T15:20:59.405Z - info: Current opened pages, from most-to-least recent:
2025-08-08T15:20:59.405Z - info: 1. schedule/week1/admin
2025-08-08T15:21:00.420Z - info: Rebuilding 1 pages
2025-08-08T15:21:01.383Z - info: Site data built
2025-08-08T15:21:01.383Z - info: Pages rebuilt
2025-08-08T15:21:01.383Z - info: Website regeneration complete! Total build time: 0.965s
2025-08-08T15:21:21.340Z - info: [23:21:21] Reload for file change: /Users/damithch/Repos/nus-cs2103/cs2103-website-base/admin/admin-tasks-fragment.md
2025-08-08T15:21:21.341Z - info: Synchronizing opened pages list before reload
2025-08-08T15:21:21.341Z - info: Current opened pages, from most-to-least recent:
2025-08-08T15:21:21.341Z - info: 1. schedule/week1/admin
2025-08-08T15:21:22.347Z - info: Rebuilding 1 pages
2025-08-08T15:21:23.378Z - info: Site data built
2025-08-08T15:21:23.378Z - info: Pages rebuilt
2025-08-08T15:21:23.378Z - info: Website regeneration complete! Total build time: 1.032s
2025-08-08T15:23:06.784Z - info: Building /Users/damithch/Repos/nus-cs2103/cs2103-website-base/schedule/week1/topics as some of its dependencies were changed since the last visit
2025-08-08T15:23:08.369Z - debug:  
2025-08-08T15:23:08.503Z - info: Site data built
2025-08-08T15:23:08.503Z - info: Lazy website regeneration complete! Total build time: 1.72s
2025-08-08T15:24:22.263Z - info: [23:24:22] Reload for file change: /Users/damithch/Repos/nus-cs2103/cs2103-website-base/schedule/week1/commentary-cs2103-fragment.md
2025-08-08T15:24:22.265Z - info: Synchronizing opened pages list before reload
2025-08-08T15:24:22.266Z - info: Current opened pages, from most-to-least recent:
2025-08-08T15:24:22.266Z - info: 1. schedule/week1/topics
2025-08-08T15:24:23.283Z - info: Rebuilding 1 pages
2025-08-08T15:24:24.940Z - info: Site data built
2025-08-08T15:24:24.941Z - info: Pages rebuilt
2025-08-08T15:24:24.941Z - info: Website regeneration complete! Total build time: 1.668s
2025-08-08T15:24:51.996Z - info: [23:24:51] Reload for file change: /Users/damithch/Repos/nus-cs2103/cs2103-website-base/schedule/week1/commentary-cs2103-fragment.md
2025-08-08T15:24:51.997Z - info: Synchronizing opened pages list before reload
2025-08-08T15:24:51.997Z - info: Current opened pages, from most-to-least recent:
2025-08-08T15:24:51.997Z - info: 1. schedule/week1/topics
2025-08-08T15:24:53.004Z - info: Rebuilding 1 pages
2025-08-08T15:24:54.565Z - info: Site data built
2025-08-08T15:24:54.565Z - info: Pages rebuilt
2025-08-08T15:24:54.565Z - info: Website regeneration complete! Total build time: 1.562s
2025-08-08T15:26:56.512Z - info: [23:26:56] Reload for file change: /Users/damithch/Repos/nus-cs2103/cs2103-website-base/schedule/week1/commentary-cs2103-fragment.md
2025-08-08T15:26:56.514Z - info: Synchronizing opened pages list before reload
2025-08-08T15:26:56.515Z - info: Current opened pages, from most-to-least recent:
2025-08-08T15:26:56.515Z - info: 1. schedule/week1/topics
2025-08-08T15:26:57.524Z - info: Rebuilding 1 pages
2025-08-08T15:26:59.180Z - info: Site data built
2025-08-08T15:26:59.180Z - info: Pages rebuilt
2025-08-08T15:26:59.180Z - info: Website regeneration complete! Total build time: 1.657s
2025-08-08T15:30:31.679Z - info: [23:30:31] Reload for file change: /Users/damithch/Repos/nus-cs2103/cs2103-website-base/book/gitAndGithub/trail/text.md
2025-08-08T15:30:31.680Z - info: Synchronizing opened pages list before reload
2025-08-08T15:30:31.681Z - info: Current opened pages, from most-to-least recent:
2025-08-08T15:30:31.681Z - info: 1. schedule/week1/topics
2025-08-08T15:30:32.697Z - info: Rebuilding 1 pages
2025-08-08T15:30:34.412Z - info: Site data built
2025-08-08T15:30:34.412Z - info: Pages rebuilt
2025-08-08T15:30:34.412Z - info: Website regeneration complete! Total build time: 1.717s
2025-08-08T15:32:42.579Z - info: [23:32:42] Reload for file change: /Users/damithch/Repos/nus-cs2103/cs2103-website-base/book/gitAndGithub/trail/text.md
2025-08-08T15:32:42.581Z - info: Synchronizing opened pages list before reload
2025-08-08T15:32:42.583Z - info: Current opened pages, from most-to-least recent:
2025-08-08T15:32:42.584Z - info: 1. schedule/week1/topics
2025-08-08T15:32:43.594Z - info: Rebuilding 1 pages
2025-08-08T15:32:45.237Z - info: Site data built
2025-08-08T15:32:45.237Z - info: Pages rebuilt
2025-08-08T15:32:45.237Z - info: Website regeneration complete! Total build time: 1.646s
2025-08-08T15:34:17.484Z - info: [23:34:17] Reload for file change: /Users/damithch/Repos/nus-cs2103/cs2103-website-base/book/gitAndGithub/trail/text.md
2025-08-08T15:34:17.485Z - info: Synchronizing opened pages list before reload
2025-08-08T15:34:17.486Z - info: Current opened pages, from most-to-least recent:
2025-08-08T15:34:17.486Z - info: 1. schedule/week1/topics
2025-08-08T15:34:18.497Z - info: Rebuilding 1 pages
2025-08-08T15:34:20.145Z - info: Site data built
2025-08-08T15:34:20.146Z - info: Pages rebuilt
2025-08-08T15:34:20.146Z - info: Website regeneration complete! Total build time: 1.652s
2025-08-08T15:37:10.299Z - info: [23:37:10] Reload for file change: /Users/damithch/Repos/nus-cs2103/cs2103-website-base/book/gitAndGithub/trail/text.md
2025-08-08T15:37:10.301Z - info: Synchronizing opened pages list before reload
2025-08-08T15:37:10.302Z - info: Current opened pages, from most-to-least recent:
2025-08-08T15:37:10.303Z - info: 1. schedule/week1/topics
2025-08-08T15:37:11.311Z - info: Rebuilding 1 pages
2025-08-08T15:37:13.015Z - info: [23:37:13] Reload for file change: /Users/damithch/Repos/nus-cs2103/cs2103-website-base/book/gitAndGithub/trail/text.md
2025-08-08T15:37:13.015Z - info: Synchronizing opened pages list before reload
2025-08-08T15:37:13.015Z - info: Current opened pages, from most-to-least recent:
2025-08-08T15:37:13.015Z - info: 1. schedule/week1/topics
2025-08-08T15:37:13.150Z - info: Site data built
2025-08-08T15:37:13.150Z - info: Pages rebuilt
2025-08-08T15:37:13.150Z - info: Website regeneration complete! Total build time: 1.842s
2025-08-08T15:37:14.017Z - info: Rebuilding 1 pages
2025-08-08T15:37:15.531Z - info: [23:37:15] Reload for file change: /Users/damithch/Repos/nus-cs2103/cs2103-website-base/book/gitAndGithub/trail/text.md
2025-08-08T15:37:15.531Z - info: Synchronizing opened pages list before reload
2025-08-08T15:37:15.531Z - info: Current opened pages, from most-to-least recent:
2025-08-08T15:37:15.531Z - info: 1. schedule/week1/topics
2025-08-08T15:37:15.651Z - info: Site data built
2025-08-08T15:37:15.651Z - info: Pages rebuilt
2025-08-08T15:37:15.651Z - info: Website regeneration complete! Total build time: 1.635s
2025-08-08T15:37:16.532Z - info: Rebuilding 1 pages
2025-08-08T15:37:18.010Z - info: Site data built
2025-08-08T15:37:18.010Z - info: Pages rebuilt
2025-08-08T15:37:18.010Z - info: Website regeneration complete! Total build time: 1.479s
2025-08-08T15:37:52.843Z - info: [23:37:52] Reload for file change: /Users/damithch/Repos/nus-cs2103/cs2103-website-base/book/gitAndGithub/trail/text.md
2025-08-08T15:37:52.844Z - info: Synchronizing opened pages list before reload
2025-08-08T15:37:52.844Z - info: Current opened pages, from most-to-least recent:
2025-08-08T15:37:52.844Z - info: 1. schedule/week1/topics
2025-08-08T15:37:53.848Z - info: Rebuilding 1 pages
2025-08-08T15:37:55.536Z - info: Site data built
2025-08-08T15:37:55.536Z - info: Pages rebuilt
2025-08-08T15:37:55.536Z - info: Website regeneration complete! Total build time: 1.69s
2025-08-08T15:38:24.800Z - info: [23:38:24] Reload for file change: /Users/damithch/Repos/nus-cs2103/cs2103-website-base/book/gitAndGithub/trail/text.md
2025-08-08T15:38:24.801Z - info: Synchronizing opened pages list before reload
2025-08-08T15:38:24.801Z - info: Current opened pages, from most-to-least recent:
2025-08-08T15:38:24.802Z - info: 1. schedule/week1/topics
2025-08-08T15:38:25.817Z - info: Rebuilding 1 pages
2025-08-08T15:38:27.456Z - info: Site data built
2025-08-08T15:38:27.456Z - info: Pages rebuilt
2025-08-08T15:38:27.456Z - info: Website regeneration complete! Total build time: 1.641s
2025-08-08T15:38:45.630Z - info: [23:38:45] Reload for file change: /Users/damithch/Repos/nus-cs2103/cs2103-website-base/book/gitAndGithub/trail/text.md
2025-08-08T15:38:45.631Z - info: Synchronizing opened pages list before reload
2025-08-08T15:38:45.631Z - info: Current opened pages, from most-to-least recent:
2025-08-08T15:38:45.631Z - info: 1. schedule/week1/topics
2025-08-08T15:38:46.649Z - info: Rebuilding 1 pages
2025-08-08T15:38:48.319Z - info: Site data built
2025-08-08T15:38:48.319Z - info: Pages rebuilt
2025-08-08T15:38:48.319Z - info: Website regeneration complete! Total build time: 1.672s
2025-08-08T15:40:26.107Z - info: [23:40:26] Reload for file change: /Users/damithch/Repos/nus-cs2103/cs2103-website-base/book/gitAndGithub/trail/text.md
2025-08-08T15:40:26.108Z - info: Synchronizing opened pages list before reload
2025-08-08T15:40:26.109Z - info: Current opened pages, from most-to-least recent:
2025-08-08T15:40:26.109Z - info: 1. schedule/week1/topics
2025-08-08T15:40:27.127Z - info: Rebuilding 1 pages
2025-08-08T15:40:28.820Z - info: Site data built
2025-08-08T15:40:28.820Z - info: Pages rebuilt
2025-08-08T15:40:28.821Z - info: Website regeneration complete! Total build time: 1.696s
2025-08-08T15:40:50.823Z - info: [23:40:50] Reload for file change: /Users/damithch/Repos/nus-cs2103/cs2103-website-base/book/gitAndGithub/trail/text.md
2025-08-08T15:40:50.823Z - info: Synchronizing opened pages list before reload
2025-08-08T15:40:50.824Z - info: Current opened pages, from most-to-least recent:
2025-08-08T15:40:50.824Z - info: 1. schedule/week1/topics
2025-08-08T15:40:51.837Z - info: Rebuilding 1 pages
2025-08-08T15:40:53.533Z - info: Site data built
2025-08-08T15:40:53.533Z - info: Pages rebuilt
2025-08-08T15:40:53.533Z - info: Website regeneration complete! Total build time: 1.699s
2025-08-08T15:41:00.923Z - info: [23:41:00] Reload for file change: /Users/damithch/Repos/nus-cs2103/cs2103-website-base/book/gitAndGithub/trail/text.md
2025-08-08T15:41:00.923Z - info: Synchronizing opened pages list before reload
2025-08-08T15:41:00.924Z - info: Current opened pages, from most-to-least recent:
2025-08-08T15:41:00.924Z - info: 1. schedule/week1/topics
2025-08-08T15:41:01.932Z - info: Rebuilding 1 pages
2025-08-08T15:41:03.542Z - info: Site data built
2025-08-08T15:41:03.542Z - info: Pages rebuilt
2025-08-08T15:41:03.542Z - info: Website regeneration complete! Total build time: 1.615s
2025-08-08T15:41:16.875Z - info: [23:41:16] Reload for file change: /Users/damithch/Repos/nus-cs2103/cs2103-website-base/book/gitAndGithub/trail/text.md
2025-08-08T15:41:16.875Z - info: Synchronizing opened pages list before reload
2025-08-08T15:41:16.875Z - info: Current opened pages, from most-to-least recent:
2025-08-08T15:41:16.875Z - info: 1. schedule/week1/topics
2025-08-08T15:41:17.887Z - info: Rebuilding 1 pages
2025-08-08T15:41:19.482Z - info: Site data built
2025-08-08T15:41:19.482Z - info: Pages rebuilt
2025-08-08T15:41:19.482Z - info: Website regeneration complete! Total build time: 1.597s
2025-08-08T15:41:44.204Z - info: [23:41:44] Reload for file change: /Users/damithch/Repos/nus-cs2103/cs2103-website-base/book/gitAndGithub/trail/text.md
2025-08-08T15:41:44.204Z - info: Synchronizing opened pages list before reload
2025-08-08T15:41:44.205Z - info: Current opened pages, from most-to-least recent:
2025-08-08T15:41:44.205Z - info: 1. schedule/week1/topics
2025-08-08T15:41:45.220Z - info: Rebuilding 1 pages
2025-08-08T15:41:46.835Z - info: [23:41:46] Reload for file change: /Users/damithch/Repos/nus-cs2103/cs2103-website-base/book/gitAndGithub/trail/text.md
2025-08-08T15:41:46.836Z - info: Synchronizing opened pages list before reload
2025-08-08T15:41:46.836Z - info: Current opened pages, from most-to-least recent:
2025-08-08T15:41:46.836Z - info: 1. schedule/week1/topics
2025-08-08T15:41:46.969Z - info: Site data built
2025-08-08T15:41:46.969Z - info: Pages rebuilt
2025-08-08T15:41:46.969Z - info: Website regeneration complete! Total build time: 1.751s
2025-08-08T15:41:47.837Z - info: Rebuilding 1 pages
2025-08-08T15:41:49.367Z - info: [23:41:49] Reload for file change: /Users/damithch/Repos/nus-cs2103/cs2103-website-base/book/gitAndGithub/trail/text.md
2025-08-08T15:41:49.367Z - info: Synchronizing opened pages list before reload
2025-08-08T15:41:49.367Z - info: Current opened pages, from most-to-least recent:
2025-08-08T15:41:49.368Z - info: 1. schedule/week1/topics
2025-08-08T15:41:49.488Z - info: Site data built
2025-08-08T15:41:49.488Z - info: Pages rebuilt
2025-08-08T15:41:49.488Z - info: Website regeneration complete! Total build time: 1.652s
2025-08-08T15:41:50.370Z - info: Rebuilding 1 pages
2025-08-08T15:41:51.831Z - info: Site data built
2025-08-08T15:41:51.831Z - info: Pages rebuilt
2025-08-08T15:41:51.831Z - info: Website regeneration complete! Total build time: 1.462s
2025-08-08T15:42:36.748Z - info: [23:42:36] Reload for file change: /Users/damithch/Repos/nus-cs2103/cs2103-website-base/book/gitAndGithub/trail/text.md
2025-08-08T15:42:36.749Z - info: Synchronizing opened pages list before reload
2025-08-08T15:42:36.750Z - info: Current opened pages, from most-to-least recent:
2025-08-08T15:42:36.750Z - info: 1. schedule/week1/topics
2025-08-08T15:42:37.768Z - info: Rebuilding 1 pages
2025-08-08T15:42:39.441Z - info: Site data built
2025-08-08T15:42:39.441Z - info: Pages rebuilt
2025-08-08T15:42:39.441Z - info: Website regeneration complete! Total build time: 1.675s
2025-08-08T15:43:39.990Z - info: [23:43:39] Reload for file change: /Users/damithch/Repos/nus-cs2103/cs2103-website-base/book/gitAndGithub/trail/text.md
2025-08-08T15:43:39.991Z - info: Synchronizing opened pages list before reload
2025-08-08T15:43:39.991Z - info: Current opened pages, from most-to-least recent:
2025-08-08T15:43:39.991Z - info: 1. schedule/week1/topics
2025-08-08T15:43:41.003Z - info: Rebuilding 1 pages
2025-08-08T15:43:42.650Z - info: Site data built
2025-08-08T15:43:42.650Z - info: Pages rebuilt
2025-08-08T15:43:42.650Z - info: Website regeneration complete! Total build time: 1.649s
2025-08-08T15:44:09.710Z - info: [23:44:09] Reload for file change: /Users/damithch/Repos/nus-cs2103/cs2103-website-base/book/gitAndGithub/trail/text.md
2025-08-08T15:44:09.710Z - info: Synchronizing opened pages list before reload
2025-08-08T15:44:09.711Z - info: Current opened pages, from most-to-least recent:
2025-08-08T15:44:09.711Z - info: 1. schedule/week1/topics
2025-08-08T15:44:10.722Z - info: Rebuilding 1 pages
2025-08-08T15:44:12.358Z - info: Site data built
2025-08-08T15:44:12.358Z - info: Pages rebuilt
2025-08-08T15:44:12.358Z - info: Website regeneration complete! Total build time: 1.637s
2025-08-08T15:44:55.771Z - info: [23:44:55] Reload for file change: /Users/damithch/Repos/nus-cs2103/cs2103-website-base/book/gitAndGithub/trail/text.md
2025-08-08T15:44:55.772Z - info: Synchronizing opened pages list before reload
2025-08-08T15:44:55.772Z - info: Current opened pages, from most-to-least recent:
2025-08-08T15:44:55.772Z - info: 1. schedule/week1/topics
2025-08-08T15:44:56.777Z - info: Rebuilding 1 pages
2025-08-08T15:44:58.404Z - info: Site data built
2025-08-08T15:44:58.404Z - info: Pages rebuilt
2025-08-08T15:44:58.404Z - info: Website regeneration complete! Total build time: 1.629s
2025-08-08T15:45:27.881Z - info: [23:45:27] Reload for file change: /Users/damithch/Repos/nus-cs2103/cs2103-website-base/book/gitAndGithub/trail/text.md
2025-08-08T15:45:27.882Z - info: Synchronizing opened pages list before reload
2025-08-08T15:45:27.882Z - info: Current opened pages, from most-to-least recent:
2025-08-08T15:45:27.883Z - info: 1. schedule/week1/topics
2025-08-08T15:45:28.897Z - info: Rebuilding 1 pages
2025-08-08T15:45:30.564Z - info: Site data built
2025-08-08T15:45:30.564Z - info: Pages rebuilt
2025-08-08T15:45:30.564Z - info: Website regeneration complete! Total build time: 1.669s
2025-08-08T15:45:48.936Z - info: [23:45:48] Reload for file change: /Users/damithch/Repos/nus-cs2103/cs2103-website-base/book/gitAndGithub/trail/text.md
2025-08-08T15:45:48.937Z - info: Synchronizing opened pages list before reload
2025-08-08T15:45:48.937Z - info: Current opened pages, from most-to-least recent:
2025-08-08T15:45:48.938Z - info: 1. schedule/week1/topics
2025-08-08T15:45:49.956Z - info: Rebuilding 1 pages
2025-08-08T15:45:51.583Z - info: Site data built
2025-08-08T15:45:51.584Z - info: Pages rebuilt
2025-08-08T15:45:51.584Z - info: Website regeneration complete! Total build time: 1.631s
2025-08-08T15:46:02.788Z - info: [23:46:02] Reload for file change: /Users/damithch/Repos/nus-cs2103/cs2103-website-base/book/gitAndGithub/trail/text.md
2025-08-08T15:46:02.789Z - info: Synchronizing opened pages list before reload
2025-08-08T15:46:02.789Z - info: Current opened pages, from most-to-least recent:
2025-08-08T15:46:02.789Z - info: 1. schedule/week1/topics
2025-08-08T15:46:03.798Z - info: Rebuilding 1 pages
2025-08-08T15:46:05.430Z - info: Site data built
2025-08-08T15:46:05.430Z - info: Pages rebuilt
2025-08-08T15:46:05.430Z - info: Website regeneration complete! Total build time: 1.633s
2025-08-08T15:47:22.223Z - info: [23:47:22] Reload for file change: /Users/damithch/Repos/nus-cs2103/cs2103-website-base/book/gitAndGithub/trail/text.md
2025-08-08T15:47:22.224Z - info: Synchronizing opened pages list before reload
2025-08-08T15:47:22.225Z - info: Current opened pages, from most-to-least recent:
2025-08-08T15:47:22.225Z - info: 1. schedule/week1/topics
2025-08-08T15:47:23.238Z - info: Rebuilding 1 pages
2025-08-08T15:47:24.902Z - info: Site data built
2025-08-08T15:47:24.902Z - info: Pages rebuilt
2025-08-08T15:47:24.902Z - info: Website regeneration complete! Total build time: 1.666s
2025-08-08T15:47:47.901Z - info: [23:47:47] Reload for file change: /Users/damithch/Repos/nus-cs2103/cs2103-website-base/book/gitAndGithub/trail/text.md
2025-08-08T15:47:47.906Z - info: Synchronizing opened pages list before reload
2025-08-08T15:47:47.909Z - info: Current opened pages, from most-to-least recent:
2025-08-08T15:47:47.910Z - info: 1. schedule/week1/topics
2025-08-08T15:47:47.989Z - info: [23:47:47] Reload for file change: /Users/damithch/Repos/nus-cs2103/cs2103-website-base/book/gitAndGithub/trail/text.md
2025-08-08T15:47:47.989Z - info: Synchronizing opened pages list before reload
2025-08-08T15:47:47.989Z - info: Current opened pages, from most-to-least recent:
2025-08-08T15:47:47.989Z - info: 1. schedule/week1/topics
2025-08-08T15:47:48.919Z - info: Rebuilding 1 pages
2025-08-08T15:47:50.631Z - info: Site data built
2025-08-08T15:47:50.631Z - info: Pages rebuilt
2025-08-08T15:47:50.631Z - info: Website regeneration complete! Total build time: 1.714s
2025-08-08T15:48:01.141Z - info: [23:48:01] Reload for file change: /Users/damithch/Repos/nus-cs2103/cs2103-website-base/book/gitAndGithub/trail/text.md
2025-08-08T15:48:01.142Z - info: Synchronizing opened pages list before reload
2025-08-08T15:48:01.142Z - info: Current opened pages, from most-to-least recent:
2025-08-08T15:48:01.142Z - info: 1. schedule/week1/topics
2025-08-08T15:48:02.147Z - info: Rebuilding 1 pages
2025-08-08T15:48:03.783Z - info: Site data built
2025-08-08T15:48:03.784Z - info: Pages rebuilt
2025-08-08T15:48:03.784Z - info: Website regeneration complete! Total build time: 1.638s
2025-08-08T15:48:26.397Z - info: [23:48:26] Reload for file change: /Users/damithch/Repos/nus-cs2103/cs2103-website-base/book/gitAndGithub/trail/text.md
2025-08-08T15:48:26.397Z - info: Synchronizing opened pages list before reload
2025-08-08T15:48:26.398Z - info: Current opened pages, from most-to-least recent:
2025-08-08T15:48:26.398Z - info: 1. schedule/week1/topics
2025-08-08T15:48:27.414Z - info: Rebuilding 1 pages
2025-08-08T15:48:29.059Z - info: Site data built
2025-08-08T15:48:29.060Z - info: Pages rebuilt
2025-08-08T15:48:29.060Z - info: Website regeneration complete! Total build time: 1.649s
2025-08-08T15:48:39.657Z - info: [23:48:39] Reload for file change: /Users/damithch/Repos/nus-cs2103/cs2103-website-base/book/gitAndGithub/trail/text.md
2025-08-08T15:48:39.658Z - info: Synchronizing opened pages list before reload
2025-08-08T15:48:39.658Z - info: Current opened pages, from most-to-least recent:
2025-08-08T15:48:39.659Z - info: 1. schedule/week1/topics
2025-08-08T15:48:40.661Z - info: Rebuilding 1 pages
2025-08-08T15:48:42.293Z - info: Site data built
2025-08-08T15:48:42.293Z - info: Pages rebuilt
2025-08-08T15:48:42.293Z - info: Website regeneration complete! Total build time: 1.633s
2025-08-08T15:48:56.943Z - info: [23:48:56] Reload for file change: /Users/damithch/Repos/nus-cs2103/cs2103-website-base/book/gitAndGithub/trail/text.md
2025-08-08T15:48:56.944Z - info: Synchronizing opened pages list before reload
2025-08-08T15:48:56.945Z - info: Current opened pages, from most-to-least recent:
2025-08-08T15:48:56.945Z - info: 1. schedule/week1/topics
2025-08-08T15:48:57.961Z - info: Rebuilding 1 pages
2025-08-08T15:48:59.604Z - info: Site data built
2025-08-08T15:48:59.604Z - info: Pages rebuilt
2025-08-08T15:48:59.604Z - info: Website regeneration complete! Total build time: 1.652s
2025-08-08T15:49:11.928Z - info: [23:49:11] Reload for file change: /Users/damithch/Repos/nus-cs2103/cs2103-website-base/book/gitAndGithub/trail/text.md
2025-08-08T15:49:11.928Z - info: Synchronizing opened pages list before reload
2025-08-08T15:49:11.928Z - info: Current opened pages, from most-to-least recent:
2025-08-08T15:49:11.929Z - info: 1. schedule/week1/topics
2025-08-08T15:49:12.938Z - info: Rebuilding 1 pages
2025-08-08T15:49:14.576Z - info: Site data built
2025-08-08T15:49:14.577Z - info: Pages rebuilt
2025-08-08T15:49:14.577Z - info: Website regeneration complete! Total build time: 1.641s
2025-08-08T15:49:46.689Z - info: [23:49:46] Reload for file change: /Users/damithch/Repos/nus-cs2103/cs2103-website-base/book/gitAndGithub/trail/text.md
2025-08-08T15:49:46.690Z - info: Synchronizing opened pages list before reload
2025-08-08T15:49:46.690Z - info: Current opened pages, from most-to-least recent:
2025-08-08T15:49:46.690Z - info: 1. schedule/week1/topics
2025-08-08T15:49:47.700Z - info: Rebuilding 1 pages
2025-08-08T15:49:49.348Z - info: Site data built
2025-08-08T15:49:49.348Z - info: Pages rebuilt
2025-08-08T15:49:49.348Z - info: Website regeneration complete! Total build time: 1.65s
2025-08-08T15:50:27.390Z - info: [23:50:27] Reload for file change: /Users/damithch/Repos/nus-cs2103/cs2103-website-base/book/gitAndGithub/trail/text.md
2025-08-08T15:50:27.391Z - info: Synchronizing opened pages list before reload
2025-08-08T15:50:27.392Z - info: Current opened pages, from most-to-least recent:
2025-08-08T15:50:27.392Z - info: 1. schedule/week1/topics
2025-08-08T15:50:28.402Z - info: Rebuilding 1 pages
2025-08-08T15:50:30.063Z - info: Site data built
2025-08-08T15:50:30.063Z - info: Pages rebuilt
2025-08-08T15:50:30.063Z - info: Website regeneration complete! Total build time: 1.662s
2025-08-08T15:51:35.171Z - info: [23:51:35] Reload for file change: /Users/damithch/Repos/nus-cs2103/cs2103-website-base/book/gitAndGithub/trail/text.md
2025-08-08T15:51:35.174Z - info: Synchronizing opened pages list before reload
2025-08-08T15:51:35.175Z - info: Current opened pages, from most-to-least recent:
2025-08-08T15:51:35.175Z - info: 1. schedule/week1/topics
2025-08-08T15:51:36.183Z - info: Rebuilding 1 pages
2025-08-08T15:51:37.849Z - info: Site data built
2025-08-08T15:51:37.849Z - info: Pages rebuilt
2025-08-08T15:51:37.849Z - info: Website regeneration complete! Total build time: 1.668s
2025-08-08T15:51:52.999Z - info: [23:51:52] Reload for file change: /Users/damithch/Repos/nus-cs2103/cs2103-website-base/book/gitAndGithub/trail/text.md
2025-08-08T15:51:53.000Z - info: Synchronizing opened pages list before reload
2025-08-08T15:51:53.000Z - info: Current opened pages, from most-to-least recent:
2025-08-08T15:51:53.000Z - info: 1. schedule/week1/topics
2025-08-08T15:51:54.017Z - info: Rebuilding 1 pages
2025-08-08T15:51:55.661Z - info: Site data built
2025-08-08T15:51:55.661Z - info: Pages rebuilt
2025-08-08T15:51:55.661Z - info: Website regeneration complete! Total build time: 1.646s
2025-08-08T15:52:20.097Z - info: [23:52:20] Reload for file change: /Users/damithch/Repos/nus-cs2103/cs2103-website-base/book/gitAndGithub/trail/text.md
2025-08-08T15:52:20.098Z - info: Synchronizing opened pages list before reload
2025-08-08T15:52:20.098Z - info: Current opened pages, from most-to-least recent:
2025-08-08T15:52:20.098Z - info: 1. schedule/week1/topics
2025-08-08T15:52:21.109Z - info: Rebuilding 1 pages
2025-08-08T15:52:22.737Z - info: Site data built
2025-08-08T15:52:22.737Z - info: Pages rebuilt
2025-08-08T15:52:22.737Z - info: Website regeneration complete! Total build time: 1.631s
2025-08-08T15:52:31.312Z - info: [23:52:31] Reload for file change: /Users/damithch/Repos/nus-cs2103/cs2103-website-base/book/gitAndGithub/trail/text.md
2025-08-08T15:52:31.312Z - info: Synchronizing opened pages list before reload
2025-08-08T15:52:31.312Z - info: Current opened pages, from most-to-least recent:
2025-08-08T15:52:31.312Z - info: 1. schedule/week1/topics
2025-08-08T15:52:32.326Z - info: Rebuilding 1 pages
2025-08-08T15:52:33.979Z - info: Site data built
2025-08-08T15:52:33.979Z - info: Pages rebuilt
2025-08-08T15:52:33.979Z - info: Website regeneration complete! Total build time: 1.654s
2025-08-08T15:53:04.368Z - info: [23:53:04] Reload for file change: /Users/damithch/Repos/nus-cs2103/cs2103-website-base/book/gitAndGithub/trail/text.md
2025-08-08T15:53:04.369Z - info: Synchronizing opened pages list before reload
2025-08-08T15:53:04.369Z - info: Current opened pages, from most-to-least recent:
2025-08-08T15:53:04.369Z - info: 1. schedule/week1/topics
2025-08-08T15:53:05.383Z - info: Rebuilding 1 pages
2025-08-08T15:53:07.055Z - info: Site data built
2025-08-08T15:53:07.055Z - info: Pages rebuilt
2025-08-08T15:53:07.055Z - info: Website regeneration complete! Total build time: 1.675s
2025-08-08T15:53:21.694Z - info: [23:53:21] Reload for file change: /Users/damithch/Repos/nus-cs2103/cs2103-website-base/book/gitAndGithub/trail/text.md
2025-08-08T15:53:21.695Z - info: Synchronizing opened pages list before reload
2025-08-08T15:53:21.695Z - info: Current opened pages, from most-to-least recent:
2025-08-08T15:53:21.695Z - info: 1. schedule/week1/topics
2025-08-08T15:53:22.707Z - info: Rebuilding 1 pages
2025-08-08T15:53:24.343Z - info: Site data built
2025-08-08T15:53:24.343Z - info: Pages rebuilt
2025-08-08T15:53:24.343Z - info: Website regeneration complete! Total build time: 1.638s
2025-08-08T15:54:36.790Z - info: Building /Users/damithch/Repos/nus-cs2103/cs2103-website-base/schedule/week1/project as some of its dependencies were changed since the last visit
2025-08-08T15:54:36.942Z - info: Site data built
2025-08-08T15:54:36.942Z - info: Lazy website regeneration complete! Total build time: 0.152s
2025-08-08T15:54:39.364Z - info: Building /Users/damithch/Repos/nus-cs2103/cs2103-website-base/schedule/week1/tutorial as some of its dependencies were changed since the last visit
2025-08-08T15:54:39.472Z - info: Site data built
2025-08-08T15:54:39.473Z - info: Lazy website regeneration complete! Total build time: 0.11s
2025-08-08T15:54:51.915Z - info: Website generation started at 23:54:50
2025-08-08T15:54:52.492Z - warn: ENOENT: no such file or directory, open '/Users/damithch/Repos/nus-cs2103/cs2103-website-base/node_modules/.cache/gh-pages/https!github.com!nus-cs2103-AY2526S1!website.git/book/_markbind/variables.md'
2025-08-08T15:54:52.493Z - warn: ENOENT: no such file or directory, open '/Users/damithch/Repos/nus-cs2103/cs2103-website-base/node_modules/.cache/gh-pages/https!github.com!nus-cs2103-AY2526S1!website.git/_markbind/variables.md'
2025-08-08T15:54:52.514Z - info: Building assets...
2025-08-08T15:54:55.534Z - info: Assets built
2025-08-08T15:54:55.535Z - info: Generating pages...
2025-08-08T15:54:59.979Z - debug:  
2025-08-08T15:55:00.140Z - debug:  
2025-08-08T15:55:03.140Z - debug:  
2025-08-08T15:55:03.140Z - debug:  
2025-08-08T15:55:03.140Z - debug:  
2025-08-08T15:55:03.140Z - debug:  
2025-08-08T15:55:03.140Z - debug:  
2025-08-08T15:55:03.140Z - debug:  
2025-08-08T15:55:03.140Z - debug:  
2025-08-08T15:55:03.140Z - debug:  
2025-08-08T15:55:03.140Z - debug:  
2025-08-08T15:55:05.764Z - debug:  
2025-08-08T15:55:05.802Z - debug:  
2025-08-08T15:55:05.844Z - debug:  
2025-08-08T15:55:05.882Z - debug:  
2025-08-08T15:55:05.888Z - debug:  
2025-08-08T15:55:05.889Z - debug:  
2025-08-08T15:55:15.383Z - debug:  
2025-08-08T15:55:19.582Z - warn: Empty reference in /Users/damithch/Repos/nus-cs2103/cs2103-website-base/book/gitAndGithub/log/unit-inElsewhere-asFlat.md:
Segment '#title' in file: /Users/damithch/Repos/nus-cs2103/cs2103-website-base/book/gitAndGithub/log/text.md is empty
2025-08-08T15:56:12.636Z - debug:  
2025-08-08T15:56:24.022Z - debug:  
2025-08-08T15:56:24.290Z - debug:  
2025-08-08T15:56:31.002Z - info: Pages built
2025-08-08T15:56:31.077Z - info: Site data built
2025-08-08T15:56:31.077Z - info: Website generation complete! Total build time: 100.343s
2025-08-08T15:56:31.077Z - info: Build success!
2025-08-08T15:56:55.550Z - info: The website has been deployed at: https://nus-cs2103-ay2526s1.github.io/website
