2025-08-27T19:12:53.388Z - info: Website generation started at 03:12:52
2025-08-27T19:12:54.167Z - warn: ENOENT: no such file or directory, open '/Users/damithch/Repos/nus-cs2103/cs2103-website-base/node_modules/.cache/gh-pages/https!github.com!nus-cs2103-AY2526S1!website.git/book/_markbind/variables.md'
2025-08-27T19:12:54.167Z - warn: ENOENT: no such file or directory, open '/Users/damithch/Repos/nus-cs2103/cs2103-website-base/node_modules/.cache/gh-pages/https!github.com!nus-cs2103-AY2526S1!website.git/_markbind/variables.md'
2025-08-27T19:12:54.187Z - info: Building assets...
2025-08-27T19:12:56.751Z - info: Assets built
2025-08-27T19:12:56.752Z - info: Generating pages...
2025-08-27T19:13:01.269Z - debug:  
2025-08-27T19:13:01.829Z - debug:  
2025-08-27T19:13:06.499Z - debug:  
2025-08-27T19:13:06.499Z - debug:  
2025-08-27T19:13:06.499Z - debug:  
2025-08-27T19:13:06.499Z - debug:  
2025-08-27T19:13:06.499Z - debug:  
2025-08-27T19:13:06.499Z - debug:  
2025-08-27T19:13:06.499Z - debug:  
2025-08-27T19:13:06.499Z - debug:  
2025-08-27T19:13:06.499Z - debug:  
2025-08-27T19:13:08.991Z - debug:  
2025-08-27T19:13:09.313Z - debug:  
2025-08-27T19:13:09.405Z - debug:  
2025-08-27T19:13:09.418Z - debug:  
2025-08-27T19:13:09.470Z - debug:  
2025-08-27T19:13:09.473Z - debug:  
2025-08-27T19:13:18.895Z - debug:  
2025-08-27T19:13:23.499Z - warn: Empty reference in /Users/damithch/Repos/nus-cs2103/cs2103-website-base/book/gitAndGithub/log/unit-inElsewhere-asFlat.md:
Segment '#title' in file: /Users/damithch/Repos/nus-cs2103/cs2103-website-base/book/gitAndGithub/log/text.md is empty
2025-08-27T19:14:15.461Z - debug:  
2025-08-27T19:14:30.548Z - debug:  
2025-08-27T19:14:30.954Z - debug:  
2025-08-27T19:14:38.524Z - info: Pages built
2025-08-27T19:14:38.601Z - info: Site data built
2025-08-27T19:14:38.601Z - info: Website generation complete! Total build time: 106.525s
2025-08-27T19:14:38.601Z - info: Build success!
2025-08-27T19:15:04.704Z - info: The website has been deployed at: https://nus-cs2103-ay2526s1.github.io/website
