2025-08-12T06:05:08.994Z - info: Website generation (lazy) started at 14:05:07
2025-08-12T06:05:09.502Z - warn: ENOENT: no such file or directory, open '/Users/damithch/Repos/nus-cs2103/cs2103-website-base/node_modules/.cache/gh-pages/https!github.com!nus-cs2103-AY2526S1!website.git/book/_markbind/variables.md'
2025-08-12T06:05:09.502Z - warn: ENOENT: no such file or directory, open '/Users/damithch/Repos/nus-cs2103/cs2103-website-base/node_modules/.cache/gh-pages/https!github.com!nus-cs2103-AY2526S1!website.git/_markbind/variables.md'
2025-08-12T06:05:09.522Z - info: Building assets...
2025-08-12T06:05:12.228Z - info: Assets built
2025-08-12T06:05:12.229Z - info: Generating landing page...
2025-08-12T06:05:12.782Z - info: Landing page built, other pages will be built as you navigate to them!
2025-08-12T06:05:12.926Z - info: Site data built
2025-08-12T06:05:12.926Z - info: Website generation (lazy) complete! Total build time: 5.347s
2025-08-12T06:05:12.941Z - info: Serving "/Users/damithch/Repos/nus-cs2103/cs2103-website-base/_site" at http://127.0.0.1:8080
2025-08-12T06:05:12.941Z - info: Press CTRL+C to stop ...
2025-08-12T06:05:21.004Z - info: Building /Users/damithch/Repos/nus-cs2103/cs2103-website-base/se-book-adapted/git-trail/index as some of its dependencies were changed since the last visit
2025-08-12T06:05:21.364Z - info: Site data built
2025-08-12T06:05:21.364Z - info: Lazy website regeneration complete! Total build time: 0.36s
2025-08-12T06:05:31.098Z - info: Building /Users/damithch/Repos/nus-cs2103/cs2103-website-base/book/gitAndGithub/trail/branchingLocally/index as some of its dependencies were changed since the last visit
2025-08-12T06:05:31.482Z - info: Site data built
2025-08-12T06:05:31.483Z - info: Lazy website regeneration complete! Total build time: 0.385s
2025-08-12T06:05:36.149Z - info: Building /Users/damithch/Repos/nus-cs2103/cs2103-website-base/book/gitAndGithub/branchRename/index as some of its dependencies were changed since the last visit
2025-08-12T06:05:36.234Z - info: Site data built
2025-08-12T06:05:36.234Z - info: Lazy website regeneration complete! Total build time: 0.085s
2025-08-12T06:07:08.640Z - info: [14:07:08] Reload for file change: /Users/damithch/Repos/nus-cs2103/cs2103-website-base/book/gitAndGithub/branchRename/text.md
2025-08-12T06:07:08.642Z - info: Synchronizing opened pages list before reload
2025-08-12T06:07:08.644Z - info: Current opened pages, from most-to-least recent:
2025-08-12T06:07:08.644Z - info: 1. book/gitAndGithub/branchRename/index
2025-08-12T06:07:08.644Z - info: 2. book/gitAndGithub/trail/branchingLocally/index
2025-08-12T06:07:09.653Z - info: Rebuilding 2 pages
2025-08-12T06:07:10.036Z - info: Site data built
2025-08-12T06:07:10.036Z - info: Pages rebuilt
2025-08-12T06:07:10.036Z - info: Website regeneration complete! Total build time: 0.385s
2025-08-12T06:07:55.820Z - info: [14:07:55] Reload for file change: /Users/damithch/Repos/nus-cs2103/cs2103-website-base/book/gitAndGithub/branchRename/text.md
2025-08-12T06:07:55.821Z - info: Synchronizing opened pages list before reload
2025-08-12T06:07:55.822Z - info: No pages are currently opened
2025-08-12T06:07:56.833Z - info: No pages needed to be rebuilt
2025-08-12T06:07:59.160Z - info: Building /Users/damithch/Repos/nus-cs2103/cs2103-website-base/book/gitAndGithub/branchRename/index as some of its dependencies were changed since the last visit
2025-08-12T06:07:59.294Z - info: Site data built
2025-08-12T06:07:59.295Z - info: Lazy website regeneration complete! Total build time: 0.135s
2025-08-12T06:08:58.249Z - info: Building /Users/damithch/Repos/nus-cs2103/cs2103-website-base/book/gitAndGithub/trail/branchingLocally/index as some of its dependencies were changed since the last visit
2025-08-12T06:08:58.561Z - info: Site data built
2025-08-12T06:08:58.561Z - info: Lazy website regeneration complete! Total build time: 0.313s
2025-08-12T06:10:07.939Z - info: [14:10:07] Reload for file change: /Users/damithch/Repos/nus-cs2103/cs2103-website-base/book/gitAndGithub/branchRename/text.md
2025-08-12T06:10:07.941Z - info: Synchronizing opened pages list before reload
2025-08-12T06:10:07.941Z - info: Current opened pages, from most-to-least recent:
2025-08-12T06:10:07.942Z - info: 1. book/gitAndGithub/trail/branchingLocally/index
2025-08-12T06:10:08.949Z - info: Rebuilding 1 pages
2025-08-12T06:10:09.296Z - info: Site data built
2025-08-12T06:10:09.296Z - info: Pages rebuilt
2025-08-12T06:10:09.296Z - info: Website regeneration complete! Total build time: 0.349s
2025-08-12T06:18:22.206Z - info: [14:18:22] Reload for file change: /Users/damithch/Repos/nus-cs2103/cs2103-website-base/book/gitAndGithub/branchRename/text.md
2025-08-12T06:18:22.215Z - info: Synchronizing opened pages list before reload
2025-08-12T06:18:22.221Z - info: No pages are currently opened
2025-08-12T06:18:23.242Z - info: No pages needed to be rebuilt
2025-08-12T06:18:23.319Z - info: Building /Users/damithch/Repos/nus-cs2103/cs2103-website-base/book/gitAndGithub/branchRename/index as some of its dependencies were changed since the last visit
2025-08-12T06:18:23.456Z - info: Site data built
2025-08-12T06:18:23.456Z - info: Lazy website regeneration complete! Total build time: 0.137s
2025-08-12T06:19:28.094Z - info: [14:19:28] Reload for file change: /Users/damithch/Repos/nus-cs2103/cs2103-website-base/book/gitAndGithub/branchRename/text.md
2025-08-12T06:19:28.095Z - info: Synchronizing opened pages list before reload
2025-08-12T06:19:28.095Z - info: Current opened pages, from most-to-least recent:
2025-08-12T06:19:28.096Z - info: 1. book/gitAndGithub/branchRename/index
2025-08-12T06:19:29.115Z - info: Rebuilding 1 pages
2025-08-12T06:19:29.221Z - info: Site data built
2025-08-12T06:19:29.221Z - info: Pages rebuilt
2025-08-12T06:19:29.221Z - info: Website regeneration complete! Total build time: 0.113s
2025-08-12T06:20:20.910Z - info: [14:20:20] Reload for file change: /Users/damithch/Repos/nus-cs2103/cs2103-website-base/book/gitAndGithub/branchRename/text.md
2025-08-12T06:20:20.910Z - info: Synchronizing opened pages list before reload
2025-08-12T06:20:20.911Z - info: Current opened pages, from most-to-least recent:
2025-08-12T06:20:20.911Z - info: 1. book/gitAndGithub/branchRename/index
2025-08-12T06:20:21.915Z - info: Rebuilding 1 pages
2025-08-12T06:20:22.035Z - info: Site data built
2025-08-12T06:20:22.035Z - info: Pages rebuilt
2025-08-12T06:20:22.035Z - info: Website regeneration complete! Total build time: 0.122s
2025-08-12T06:22:46.743Z - info: [14:22:46] Reload for file change: /Users/damithch/Repos/nus-cs2103/cs2103-website-base/book/gitAndGithub/branchRename/text.md
2025-08-12T06:22:46.745Z - info: Synchronizing opened pages list before reload
2025-08-12T06:22:46.745Z - info: Current opened pages, from most-to-least recent:
2025-08-12T06:22:46.745Z - info: 1. book/gitAndGithub/branchRename/index
2025-08-12T06:22:47.751Z - info: Rebuilding 1 pages
2025-08-12T06:22:47.850Z - info: Site data built
2025-08-12T06:22:47.850Z - info: Pages rebuilt
2025-08-12T06:22:47.850Z - info: Website regeneration complete! Total build time: 0.102s
2025-08-12T06:24:33.167Z - info: [14:24:33] Reload for file change: /Users/damithch/Repos/nus-cs2103/cs2103-website-base/book/common/macros.njk
2025-08-12T06:24:33.172Z - info: Synchronizing opened pages list before reload
2025-08-12T06:24:33.174Z - info: Current opened pages, from most-to-least recent:
2025-08-12T06:24:33.174Z - info: 1. book/gitAndGithub/branchRename/index
2025-08-12T06:24:34.180Z - info: Rebuilding 1 pages
2025-08-12T06:24:34.292Z - info: Site data built
2025-08-12T06:24:34.293Z - info: Pages rebuilt
2025-08-12T06:24:34.293Z - info: Website regeneration complete! Total build time: 0.115s
2025-08-12T06:25:31.767Z - info: [14:25:31] Reload for file change: /Users/damithch/Repos/nus-cs2103/cs2103-website-base/book/common/macros.njk
2025-08-12T06:25:31.767Z - info: Synchronizing opened pages list before reload
2025-08-12T06:25:31.768Z - info: Current opened pages, from most-to-least recent:
2025-08-12T06:25:31.768Z - info: 1. book/gitAndGithub/branchRename/index
2025-08-12T06:25:32.780Z - info: Rebuilding 1 pages
2025-08-12T06:25:32.888Z - info: Site data built
2025-08-12T06:25:32.888Z - info: Pages rebuilt
2025-08-12T06:25:32.888Z - info: Website regeneration complete! Total build time: 0.11s
2025-08-12T06:25:49.526Z - info: [14:25:49] Reload for file change: /Users/damithch/Repos/nus-cs2103/cs2103-website-base/book/gitAndGithub/branchRename/text.md
2025-08-12T06:25:49.527Z - info: Synchronizing opened pages list before reload
2025-08-12T06:25:49.527Z - info: Current opened pages, from most-to-least recent:
2025-08-12T06:25:49.527Z - info: 1. book/gitAndGithub/branchRename/index
2025-08-12T06:25:50.535Z - info: Rebuilding 1 pages
2025-08-12T06:25:50.652Z - info: Site data built
2025-08-12T06:25:50.652Z - info: Pages rebuilt
2025-08-12T06:25:50.652Z - info: Website regeneration complete! Total build time: 0.119s
2025-08-12T06:26:38.140Z - info: [14:26:38] Reload for file change: /Users/damithch/Repos/nus-cs2103/cs2103-website-base/book/gitAndGithub/branchRename/text.md
2025-08-12T06:26:38.140Z - info: Synchronizing opened pages list before reload
2025-08-12T06:26:38.141Z - info: Current opened pages, from most-to-least recent:
2025-08-12T06:26:38.141Z - info: 1. book/gitAndGithub/branchRename/index
2025-08-12T06:26:39.143Z - info: Rebuilding 1 pages
2025-08-12T06:26:39.356Z - info: Site data built
2025-08-12T06:26:39.356Z - info: Pages rebuilt
2025-08-12T06:26:39.356Z - info: Website regeneration complete! Total build time: 0.214s
2025-08-12T06:29:50.043Z - info: [14:29:50] Reload for file change: /Users/damithch/Repos/nus-cs2103/cs2103-website-base/book/gitAndGithub/branchRename/text.md
2025-08-12T06:29:50.044Z - info: Synchronizing opened pages list before reload
2025-08-12T06:29:50.045Z - info: Current opened pages, from most-to-least recent:
2025-08-12T06:29:50.045Z - info: 1. book/gitAndGithub/branchRename/index
2025-08-12T06:29:51.052Z - info: Rebuilding 1 pages
2025-08-12T06:29:51.162Z - info: Site data built
2025-08-12T06:29:51.162Z - info: Pages rebuilt
2025-08-12T06:29:51.162Z - info: Website regeneration complete! Total build time: 0.112s
2025-08-12T06:30:39.679Z - info: [14:30:39] Reload for file change: /Users/damithch/Repos/nus-cs2103/cs2103-website-base/book/gitAndGithub/branchRename/text.md
2025-08-12T06:30:39.680Z - info: Synchronizing opened pages list before reload
2025-08-12T06:30:39.681Z - info: Current opened pages, from most-to-least recent:
2025-08-12T06:30:39.681Z - info: 1. book/gitAndGithub/branchRename/index
2025-08-12T06:30:40.686Z - info: Rebuilding 1 pages
2025-08-12T06:30:40.778Z - info: Site data built
2025-08-12T06:30:40.778Z - info: Pages rebuilt
2025-08-12T06:30:40.778Z - info: Website regeneration complete! Total build time: 0.094s
2025-08-12T07:01:16.836Z - info: [15:01:16] Reload for file change: /Users/damithch/Repos/nus-cs2103/cs2103-website-base/book/gitAndGithub/branchRename/text.md
2025-08-12T07:01:16.838Z - info: Synchronizing opened pages list before reload
2025-08-12T07:01:16.838Z - info: Current opened pages, from most-to-least recent:
2025-08-12T07:01:16.838Z - info: 1. book/gitAndGithub/branchRename/index
2025-08-12T07:01:17.855Z - info: Rebuilding 1 pages
2025-08-12T07:01:17.894Z - error:  Template render error: (/Users/damithch/Repos/nus-cs2103/cs2103-website-base/book/gitAndGithub/branchRename/text.md) [Line 114, Column 15]
  Template render error: (/Users/damithch/Repos/nus-cs2103/cs2103-website-base/book/gitAndGithub/branchRename/text.md) [Line 298, Column 12]
  Error: Unable to call `sidebar`, which is undefined or falsey
    at Object._prettifyError (/opt/homebrew/lib/node_modules/markbind-cli/node_modules/nunjucks/src/lib.js:32:11)
    at /opt/homebrew/lib/node_modules/markbind-cli/node_modules/@markbind/core/src/patches/nunjucks/context-overrides-frame.js:383:17
    at Template.root [as rootRenderFunc] (eval at _compile (/opt/homebrew/lib/node_modules/markbind-cli/node_modules/nunjucks/src/environment.js:527:18), <anonymous>:365:3)
    at Template.render (/opt/homebrew/lib/node_modules/markbind-cli/node_modules/@markbind/core/src/patches/nunjucks/context-overrides-frame.js:372:8)
    at /opt/homebrew/lib/node_modules/markbind-cli/node_modules/@markbind/core/src/patches/nunjucks/context-overrides-frame.js:54:25
    at createTemplate (/opt/homebrew/lib/node_modules/markbind-cli/node_modules/@markbind/core/src/patches/nunjucks/load-event.js:121:7)
    at handle (/opt/homebrew/lib/node_modules/markbind-cli/node_modules/@markbind/core/src/patches/nunjucks/load-event.js:133:9)
    at /opt/homebrew/lib/node_modules/markbind-cli/node_modules/@markbind/core/src/patches/nunjucks/load-event.js:145:7
    at next (/opt/homebrew/lib/node_modules/markbind-cli/node_modules/nunjucks/src/lib.js:258:7)
    at Object.asyncIter (/opt/homebrew/lib/node_modules/markbind-cli/node_modules/nunjucks/src/lib.js:263:3)
    at Environment.getTemplate (/opt/homebrew/lib/node_modules/markbind-cli/node_modules/@markbind/core/src/patches/nunjucks/load-event.js:127:7)
    at Environment.render (/opt/homebrew/lib/node_modules/markbind-cli/node_modules/@markbind/core/src/patches/nunjucks/context-overrides-frame.js:48:8)
    at VariableRenderer.renderFile (/opt/homebrew/lib/node_modules/markbind-cli/node_modules/@markbind/core/src/variables/VariableRenderer.js:73:24)
    at VariableProcessor.renderWithSiteVariables (/opt/homebrew/lib/node_modules/markbind-cli/node_modules/@markbind/core/src/variables/VariableProcessor.js:154:57)
    at VariableProcessor.renderIncludeFile (/opt/homebrew/lib/node_modules/markbind-cli/node_modules/@markbind/core/src/variables/VariableProcessor.js:231:38)
    at processInclude (/opt/homebrew/lib/node_modules/markbind-cli/node_modules/@markbind/core/src/html/includePanelProcessor.js:198:68)
2025-08-12T07:01:17.897Z - error:  Template render error: (/Users/damithch/Repos/nus-cs2103/cs2103-website-base/book/gitAndGithub/branchRename/text.md) [Line 114, Column 15]
  Template render error: (/Users/damithch/Repos/nus-cs2103/cs2103-website-base/book/gitAndGithub/branchRename/text.md) [Line 298, Column 12]
  Error: Unable to call `sidebar`, which is undefined or falsey
    at Object._prettifyError (/opt/homebrew/lib/node_modules/markbind-cli/node_modules/nunjucks/src/lib.js:32:11)
    at /opt/homebrew/lib/node_modules/markbind-cli/node_modules/@markbind/core/src/patches/nunjucks/context-overrides-frame.js:383:17
    at Template.root [as rootRenderFunc] (eval at _compile (/opt/homebrew/lib/node_modules/markbind-cli/node_modules/nunjucks/src/environment.js:527:18), <anonymous>:365:3)
    at Template.render (/opt/homebrew/lib/node_modules/markbind-cli/node_modules/@markbind/core/src/patches/nunjucks/context-overrides-frame.js:372:8)
    at /opt/homebrew/lib/node_modules/markbind-cli/node_modules/@markbind/core/src/patches/nunjucks/context-overrides-frame.js:54:25
    at Environment.getTemplate (/opt/homebrew/lib/node_modules/markbind-cli/node_modules/@markbind/core/src/patches/nunjucks/load-event.js:85:7)
    at Environment.render (/opt/homebrew/lib/node_modules/markbind-cli/node_modules/@markbind/core/src/patches/nunjucks/context-overrides-frame.js:48:8)
    at VariableRenderer.renderFile (/opt/homebrew/lib/node_modules/markbind-cli/node_modules/@markbind/core/src/variables/VariableRenderer.js:73:24)
    at VariableProcessor.renderWithSiteVariables (/opt/homebrew/lib/node_modules/markbind-cli/node_modules/@markbind/core/src/variables/VariableProcessor.js:154:57)
    at VariableProcessor.renderIncludeFile (/opt/homebrew/lib/node_modules/markbind-cli/node_modules/@markbind/core/src/variables/VariableProcessor.js:231:38)
    at processInclude (/opt/homebrew/lib/node_modules/markbind-cli/node_modules/@markbind/core/src/html/includePanelProcessor.js:198:68)
    at NodeProcessor.processNode (/opt/homebrew/lib/node_modules/markbind-cli/node_modules/@markbind/core/src/html/NodeProcessor.js:173:71)
    at NodeProcessor.traverse (/opt/homebrew/lib/node_modules/markbind-cli/node_modules/@markbind/core/src/html/NodeProcessor.js:345:24)
    at /opt/homebrew/lib/node_modules/markbind-cli/node_modules/@markbind/core/src/html/NodeProcessor.js:349:22
    at Array.forEach (<anonymous>)
    at NodeProcessor.traverse (/opt/homebrew/lib/node_modules/markbind-cli/node_modules/@markbind/core/src/html/NodeProcessor.js:348:27)
2025-08-12T07:01:17.898Z - error:  Template render error: (/Users/damithch/Repos/nus-cs2103/cs2103-website-base/book/gitAndGithub/branchRename/text.md) [Line 114, Column 15]
  Template render error: (/Users/damithch/Repos/nus-cs2103/cs2103-website-base/book/gitAndGithub/branchRename/text.md) [Line 298, Column 12]
  Error: Unable to call `sidebar`, which is undefined or falsey
    at Object._prettifyError (/opt/homebrew/lib/node_modules/markbind-cli/node_modules/nunjucks/src/lib.js:32:11)
    at /opt/homebrew/lib/node_modules/markbind-cli/node_modules/@markbind/core/src/patches/nunjucks/context-overrides-frame.js:383:17
    at Template.root [as rootRenderFunc] (eval at _compile (/opt/homebrew/lib/node_modules/markbind-cli/node_modules/nunjucks/src/environment.js:527:18), <anonymous>:365:3)
    at Template.render (/opt/homebrew/lib/node_modules/markbind-cli/node_modules/@markbind/core/src/patches/nunjucks/context-overrides-frame.js:372:8)
    at /opt/homebrew/lib/node_modules/markbind-cli/node_modules/@markbind/core/src/patches/nunjucks/context-overrides-frame.js:54:25
    at Environment.getTemplate (/opt/homebrew/lib/node_modules/markbind-cli/node_modules/@markbind/core/src/patches/nunjucks/load-event.js:85:7)
    at Environment.render (/opt/homebrew/lib/node_modules/markbind-cli/node_modules/@markbind/core/src/patches/nunjucks/context-overrides-frame.js:48:8)
    at VariableRenderer.renderFile (/opt/homebrew/lib/node_modules/markbind-cli/node_modules/@markbind/core/src/variables/VariableRenderer.js:73:24)
    at VariableProcessor.renderWithSiteVariables (/opt/homebrew/lib/node_modules/markbind-cli/node_modules/@markbind/core/src/variables/VariableProcessor.js:154:57)
    at VariableProcessor.renderIncludeFile (/opt/homebrew/lib/node_modules/markbind-cli/node_modules/@markbind/core/src/variables/VariableProcessor.js:231:38)
    at processInclude (/opt/homebrew/lib/node_modules/markbind-cli/node_modules/@markbind/core/src/html/includePanelProcessor.js:198:68)
    at NodeProcessor.processNode (/opt/homebrew/lib/node_modules/markbind-cli/node_modules/@markbind/core/src/html/NodeProcessor.js:173:71)
    at NodeProcessor.traverse (/opt/homebrew/lib/node_modules/markbind-cli/node_modules/@markbind/core/src/html/NodeProcessor.js:345:24)
    at /opt/homebrew/lib/node_modules/markbind-cli/node_modules/@markbind/core/src/html/NodeProcessor.js:349:22
    at Array.forEach (<anonymous>)
    at NodeProcessor.traverse (/opt/homebrew/lib/node_modules/markbind-cli/node_modules/@markbind/core/src/html/NodeProcessor.js:348:27)
2025-08-12T07:01:17.935Z - info: Site data built
2025-08-12T07:01:17.935Z - info: Pages rebuilt
2025-08-12T07:01:17.935Z - info: Website regeneration complete! Total build time: 0.094s
2025-08-12T07:01:27.709Z - info: [15:01:27] Reload for file change: /Users/damithch/Repos/nus-cs2103/cs2103-website-base/book/gitAndGithub/branchRename/text.md
2025-08-12T07:01:27.709Z - info: Synchronizing opened pages list before reload
2025-08-12T07:01:27.709Z - info: Current opened pages, from most-to-least recent:
2025-08-12T07:01:27.709Z - info: 1. book/gitAndGithub/branchRename/index
2025-08-12T07:01:28.713Z - info: Rebuilding 1 pages
2025-08-12T07:01:28.805Z - info: Site data built
2025-08-12T07:01:28.805Z - info: Pages rebuilt
2025-08-12T07:01:28.805Z - info: Website regeneration complete! Total build time: 0.093s
2025-08-12T07:01:35.482Z - info: [15:01:35] Reload for file change: /Users/damithch/Repos/nus-cs2103/cs2103-website-base/book/gitAndGithub/branchRename/text.md
2025-08-12T07:01:35.482Z - info: Synchronizing opened pages list before reload
2025-08-12T07:01:35.483Z - info: Current opened pages, from most-to-least recent:
2025-08-12T07:01:35.483Z - info: 1. book/gitAndGithub/branchRename/index
2025-08-12T07:01:36.491Z - info: Rebuilding 1 pages
2025-08-12T07:01:36.568Z - info: Site data built
2025-08-12T07:01:36.568Z - info: Pages rebuilt
2025-08-12T07:01:36.568Z - info: Website regeneration complete! Total build time: 0.079s
2025-08-12T07:04:24.656Z - info: [15:04:24] Reload for file change: /Users/damithch/Repos/nus-cs2103/cs2103-website-base/book/gitAndGithub/branchRename/text.md
2025-08-12T07:04:24.657Z - info: Synchronizing opened pages list before reload
2025-08-12T07:04:24.658Z - info: Current opened pages, from most-to-least recent:
2025-08-12T07:04:24.658Z - info: 1. book/gitAndGithub/branchRename/index
2025-08-12T07:04:25.663Z - info: Rebuilding 1 pages
2025-08-12T07:04:25.764Z - info: Site data built
2025-08-12T07:04:25.764Z - info: Pages rebuilt
2025-08-12T07:04:25.764Z - info: Website regeneration complete! Total build time: 0.103s
2025-08-12T07:05:43.958Z - info: [15:05:43] Reload for file change: /Users/damithch/Repos/nus-cs2103/cs2103-website-base/book/gitAndGithub/branchRename/text.md
2025-08-12T07:05:43.960Z - info: Synchronizing opened pages list before reload
2025-08-12T07:05:43.961Z - info: Current opened pages, from most-to-least recent:
2025-08-12T07:05:43.961Z - info: 1. book/gitAndGithub/branchRename/index
2025-08-12T07:05:44.971Z - info: Rebuilding 1 pages
2025-08-12T07:05:45.092Z - info: Site data built
2025-08-12T07:05:45.092Z - info: Pages rebuilt
2025-08-12T07:05:45.092Z - info: Website regeneration complete! Total build time: 0.124s
2025-08-12T07:06:45.416Z - info: [15:06:45] Reload for file change: /Users/damithch/Repos/nus-cs2103/cs2103-website-base/book/gitAndGithub/branchRename/text.md
2025-08-12T07:06:45.416Z - info: Synchronizing opened pages list before reload
2025-08-12T07:06:45.417Z - info: Current opened pages, from most-to-least recent:
2025-08-12T07:06:45.417Z - info: 1. book/gitAndGithub/branchRename/index
2025-08-12T07:06:46.426Z - info: Rebuilding 1 pages
2025-08-12T07:06:46.529Z - info: Site data built
2025-08-12T07:06:46.529Z - info: Pages rebuilt
2025-08-12T07:06:46.529Z - info: Website regeneration complete! Total build time: 0.105s
2025-08-12T07:13:30.710Z - info: [15:13:30] Reload for file add: /Users/damithch/Repos/nus-cs2103/cs2103-website-base/book/gitAndGithub/branchRename/images/sourcetreeGroupedBranches.png
2025-08-12T07:13:30.711Z - info: Synchronizing opened pages list before reload
2025-08-12T07:13:30.712Z - info: Current opened pages, from most-to-least recent:
2025-08-12T07:13:30.712Z - info: 1. book/gitAndGithub/branchRename/index
2025-08-12T07:13:31.859Z - info: Assets built
2025-08-12T07:14:15.746Z - info: [15:14:15] Reload for file change: /Users/damithch/Repos/nus-cs2103/cs2103-website-base/book/gitAndGithub/branchRename/text.md
2025-08-12T07:14:15.747Z - info: Synchronizing opened pages list before reload
2025-08-12T07:14:15.747Z - info: Current opened pages, from most-to-least recent:
2025-08-12T07:14:15.747Z - info: 1. book/gitAndGithub/branchRename/index
2025-08-12T07:14:16.759Z - info: Rebuilding 1 pages
2025-08-12T07:14:16.879Z - info: Site data built
2025-08-12T07:14:16.879Z - info: Pages rebuilt
2025-08-12T07:14:16.879Z - info: Website regeneration complete! Total build time: 0.122s
2025-08-12T07:14:23.119Z - info: [15:14:23] Reload for file change: /Users/damithch/Repos/nus-cs2103/cs2103-website-base/book/gitAndGithub/branchRename/text.md
2025-08-12T07:14:23.119Z - info: Synchronizing opened pages list before reload
2025-08-12T07:14:23.120Z - info: Current opened pages, from most-to-least recent:
2025-08-12T07:14:23.120Z - info: 1. book/gitAndGithub/branchRename/index
2025-08-12T07:14:24.140Z - info: Rebuilding 1 pages
2025-08-12T07:14:24.226Z - info: Site data built
2025-08-12T07:14:24.226Z - info: Pages rebuilt
2025-08-12T07:14:24.226Z - info: Website regeneration complete! Total build time: 0.088s
2025-08-12T07:15:31.341Z - info: [15:15:31] Reload for file change: /Users/damithch/Repos/nus-cs2103/cs2103-website-base/book/gitAndGithub/branchRename/text.md
2025-08-12T07:15:31.342Z - info: Synchronizing opened pages list before reload
2025-08-12T07:15:31.342Z - info: Current opened pages, from most-to-least recent:
2025-08-12T07:15:31.342Z - info: 1. book/gitAndGithub/branchRename/index
2025-08-12T07:15:32.347Z - info: Rebuilding 1 pages
2025-08-12T07:15:32.454Z - info: Site data built
2025-08-12T07:15:32.454Z - info: Pages rebuilt
2025-08-12T07:15:32.454Z - info: Website regeneration complete! Total build time: 0.109s
2025-08-12T07:17:44.238Z - info: [15:17:44] Reload for file change: /Users/damithch/Repos/nus-cs2103/cs2103-website-base/book/gitAndGithub/branchRename/text.md
2025-08-12T07:17:44.239Z - info: Synchronizing opened pages list before reload
2025-08-12T07:17:44.239Z - info: Current opened pages, from most-to-least recent:
2025-08-12T07:17:44.240Z - info: 1. book/gitAndGithub/branchRename/index
2025-08-12T07:17:45.247Z - info: Rebuilding 1 pages
2025-08-12T07:17:45.350Z - info: Site data built
2025-08-12T07:17:45.350Z - info: Pages rebuilt
2025-08-12T07:17:45.350Z - info: Website regeneration complete! Total build time: 0.105s
2025-08-12T07:18:21.899Z - info: [15:18:21] Reload for file change: /Users/damithch/Repos/nus-cs2103/cs2103-website-base/book/gitAndGithub/branchRename/text.md
2025-08-12T07:18:21.900Z - info: Synchronizing opened pages list before reload
2025-08-12T07:18:21.900Z - info: Current opened pages, from most-to-least recent:
2025-08-12T07:18:21.900Z - info: 1. book/gitAndGithub/branchRename/index
2025-08-12T07:18:22.906Z - info: Rebuilding 1 pages
2025-08-12T07:18:23.019Z - info: Site data built
2025-08-12T07:18:23.019Z - info: Pages rebuilt
2025-08-12T07:18:23.019Z - info: Website regeneration complete! Total build time: 0.114s
2025-08-12T07:19:48.662Z - info: [15:19:48] Reload for file change: /Users/damithch/Repos/nus-cs2103/cs2103-website-base/book/gitAndGithub/branchRename/text.md
2025-08-12T07:19:48.662Z - info: Synchronizing opened pages list before reload
2025-08-12T07:19:48.663Z - info: Current opened pages, from most-to-least recent:
2025-08-12T07:19:48.663Z - info: 1. book/gitAndGithub/branchRename/index
2025-08-12T07:19:49.671Z - info: Rebuilding 1 pages
2025-08-12T07:19:49.768Z - info: Site data built
2025-08-12T07:19:49.768Z - info: Pages rebuilt
2025-08-12T07:19:49.768Z - info: Website regeneration complete! Total build time: 0.099s
2025-08-12T07:22:23.546Z - info: [15:22:23] Reload for file change: /Users/damithch/Repos/nus-cs2103/cs2103-website-base/book/common/macros.njk
2025-08-12T07:22:23.547Z - info: Synchronizing opened pages list before reload
2025-08-12T07:22:23.548Z - info: Current opened pages, from most-to-least recent:
2025-08-12T07:22:23.548Z - info: 1. book/gitAndGithub/branchRename/index
2025-08-12T07:22:24.563Z - info: Rebuilding 1 pages
2025-08-12T07:22:24.668Z - info: Site data built
2025-08-12T07:22:24.668Z - info: Pages rebuilt
2025-08-12T07:22:24.668Z - info: Website regeneration complete! Total build time: 0.106s
2025-08-12T07:22:38.779Z - info: [15:22:38] Reload for file change: /Users/damithch/Repos/nus-cs2103/cs2103-website-base/book/common/macros.njk
2025-08-12T07:22:38.779Z - info: Synchronizing opened pages list before reload
2025-08-12T07:22:38.779Z - info: Current opened pages, from most-to-least recent:
2025-08-12T07:22:38.779Z - info: 1. book/gitAndGithub/branchRename/index
2025-08-12T07:22:39.796Z - info: Rebuilding 1 pages
2025-08-12T07:22:39.889Z - info: Site data built
2025-08-12T07:22:39.889Z - info: Pages rebuilt
2025-08-12T07:22:39.889Z - info: Website regeneration complete! Total build time: 0.094s
2025-08-12T07:23:14.184Z - info: Building /Users/damithch/Repos/nus-cs2103/cs2103-website-base/book/gitAndGithub/trail/branchingLocally/index as some of its dependencies were changed since the last visit
2025-08-12T07:23:14.506Z - info: Site data built
2025-08-12T07:23:14.506Z - info: Lazy website regeneration complete! Total build time: 0.323s
2025-08-12T07:23:20.192Z - info: Building /Users/damithch/Repos/nus-cs2103/cs2103-website-base/book/gitAndGithub/branchDelete/index as some of its dependencies were changed since the last visit
2025-08-12T07:23:20.296Z - info: Site data built
2025-08-12T07:23:20.296Z - info: Lazy website regeneration complete! Total build time: 0.105s
2025-08-12T07:34:15.820Z - info: [15:34:15] Reload for file change: /Users/damithch/Repos/nus-cs2103/cs2103-website-base/book/gitAndGithub/branchDelete/text.md
2025-08-12T07:34:15.823Z - info: Synchronizing opened pages list before reload
2025-08-12T07:34:15.824Z - info: Current opened pages, from most-to-least recent:
2025-08-12T07:34:15.824Z - info: 1. book/gitAndGithub/branchDelete/index
2025-08-12T07:34:15.825Z - info: 2. book/gitAndGithub/trail/branchingLocally/index
2025-08-12T07:34:16.832Z - info: Rebuilding 2 pages
2025-08-12T07:34:17.225Z - info: Site data built
2025-08-12T07:34:17.225Z - info: Pages rebuilt
2025-08-12T07:34:17.225Z - info: Website regeneration complete! Total build time: 0.395s
2025-08-12T07:35:34.627Z - info: [15:35:34] Reload for file change: /Users/damithch/Repos/nus-cs2103/cs2103-website-base/book/gitAndGithub/branchDelete/text.md
2025-08-12T07:35:34.630Z - info: Synchronizing opened pages list before reload
2025-08-12T07:35:34.632Z - info: Current opened pages, from most-to-least recent:
2025-08-12T07:35:34.632Z - info: 1. book/gitAndGithub/branchDelete/index
2025-08-12T07:35:35.640Z - info: Rebuilding 1 pages
2025-08-12T07:35:35.832Z - info: Site data built
2025-08-12T07:35:35.832Z - info: Pages rebuilt
2025-08-12T07:35:35.832Z - info: Website regeneration complete! Total build time: 0.194s
2025-08-12T07:35:43.175Z - info: [15:35:43] Reload for file change: /Users/damithch/Repos/nus-cs2103/cs2103-website-base/book/gitAndGithub/branchDelete/text.md
2025-08-12T07:35:43.175Z - info: Synchronizing opened pages list before reload
2025-08-12T07:35:43.175Z - info: Current opened pages, from most-to-least recent:
2025-08-12T07:35:43.176Z - info: 1. book/gitAndGithub/branchDelete/index
2025-08-12T07:35:44.196Z - info: Rebuilding 1 pages
2025-08-12T07:35:44.326Z - info: Site data built
2025-08-12T07:35:44.326Z - info: Pages rebuilt
2025-08-12T07:35:44.326Z - info: Website regeneration complete! Total build time: 0.132s
2025-08-12T07:36:42.986Z - info: [15:36:42] Reload for file change: /Users/damithch/Repos/nus-cs2103/cs2103-website-base/book/gitAndGithub/branchDelete/text.md
2025-08-12T07:36:42.987Z - info: Synchronizing opened pages list before reload
2025-08-12T07:36:42.987Z - info: Current opened pages, from most-to-least recent:
2025-08-12T07:36:42.987Z - info: 1. book/gitAndGithub/branchDelete/index
2025-08-12T07:36:43.993Z - info: Rebuilding 1 pages
2025-08-12T07:36:44.171Z - info: Site data built
2025-08-12T07:36:44.171Z - info: Pages rebuilt
2025-08-12T07:36:44.171Z - info: Website regeneration complete! Total build time: 0.181s
2025-08-12T07:36:57.461Z - info: [15:36:57] Reload for file change: /Users/damithch/Repos/nus-cs2103/cs2103-website-base/book/gitAndGithub/branchDelete/text.md
2025-08-12T07:36:57.462Z - info: Synchronizing opened pages list before reload
2025-08-12T07:36:57.462Z - info: Current opened pages, from most-to-least recent:
2025-08-12T07:36:57.462Z - info: 1. book/gitAndGithub/branchDelete/index
2025-08-12T07:36:58.478Z - info: Rebuilding 1 pages
2025-08-12T07:36:58.602Z - info: Site data built
2025-08-12T07:36:58.602Z - info: Pages rebuilt
2025-08-12T07:36:58.602Z - info: Website regeneration complete! Total build time: 0.128s
2025-08-12T07:37:27.656Z - info: [15:37:27] Reload for file change: /Users/damithch/Repos/nus-cs2103/cs2103-website-base/book/gitAndGithub/branchDelete/text.md
2025-08-12T07:37:27.656Z - info: Synchronizing opened pages list before reload
2025-08-12T07:37:27.656Z - info: Current opened pages, from most-to-least recent:
2025-08-12T07:37:27.656Z - info: 1. book/gitAndGithub/branchDelete/index
2025-08-12T07:37:28.662Z - info: Rebuilding 1 pages
2025-08-12T07:37:28.794Z - info: Site data built
2025-08-12T07:37:28.794Z - info: Pages rebuilt
2025-08-12T07:37:28.794Z - info: Website regeneration complete! Total build time: 0.135s
2025-08-12T07:37:41.295Z - info: [15:37:41] Reload for file change: /Users/damithch/Repos/nus-cs2103/cs2103-website-base/book/gitAndGithub/branchDelete/text.md
2025-08-12T07:37:41.295Z - info: Synchronizing opened pages list before reload
2025-08-12T07:37:41.295Z - info: Current opened pages, from most-to-least recent:
2025-08-12T07:37:41.295Z - info: 1. book/gitAndGithub/branchDelete/index
2025-08-12T07:37:42.298Z - info: Rebuilding 1 pages
2025-08-12T07:37:42.442Z - info: Site data built
2025-08-12T07:37:42.442Z - info: Pages rebuilt
2025-08-12T07:37:42.442Z - info: Website regeneration complete! Total build time: 0.146s
2025-08-12T07:38:05.253Z - info: [15:38:05] Reload for file change: /Users/damithch/Repos/nus-cs2103/cs2103-website-base/book/gitAndGithub/branchDelete/text.md
2025-08-12T07:38:05.255Z - info: Synchronizing opened pages list before reload
2025-08-12T07:38:05.256Z - info: Current opened pages, from most-to-least recent:
2025-08-12T07:38:05.257Z - info: 1. book/gitAndGithub/branchDelete/index
2025-08-12T07:38:06.265Z - info: Rebuilding 1 pages
2025-08-12T07:38:06.395Z - info: Site data built
2025-08-12T07:38:06.395Z - info: Pages rebuilt
2025-08-12T07:38:06.395Z - info: Website regeneration complete! Total build time: 0.131s
2025-08-12T07:42:37.912Z - info: [15:42:37] Reload for file change: /Users/damithch/Repos/nus-cs2103/cs2103-website-base/book/gitAndGithub/branchDelete/text.md
2025-08-12T07:42:37.913Z - info: Synchronizing opened pages list before reload
2025-08-12T07:42:37.913Z - info: Current opened pages, from most-to-least recent:
2025-08-12T07:42:37.913Z - info: 1. book/gitAndGithub/branchDelete/index
2025-08-12T07:42:38.922Z - info: Rebuilding 1 pages
2025-08-12T07:42:39.077Z - info: Site data built
2025-08-12T07:42:39.077Z - info: Pages rebuilt
2025-08-12T07:42:39.077Z - info: Website regeneration complete! Total build time: 0.157s
2025-08-12T07:43:17.403Z - info: [15:43:17] Reload for file change: /Users/damithch/Repos/nus-cs2103/cs2103-website-base/book/gitAndGithub/branchDelete/text.md
2025-08-12T07:43:17.403Z - info: Synchronizing opened pages list before reload
2025-08-12T07:43:17.403Z - info: Current opened pages, from most-to-least recent:
2025-08-12T07:43:17.403Z - info: 1. book/gitAndGithub/branchDelete/index
2025-08-12T07:43:18.414Z - info: Rebuilding 1 pages
2025-08-12T07:43:18.547Z - info: Site data built
2025-08-12T07:43:18.547Z - info: Pages rebuilt
2025-08-12T07:43:18.547Z - info: Website regeneration complete! Total build time: 0.135s
2025-08-12T07:43:33.561Z - info: [15:43:33] Reload for file change: /Users/damithch/Repos/nus-cs2103/cs2103-website-base/book/gitAndGithub/branchDelete/text.md
2025-08-12T07:43:33.561Z - info: Synchronizing opened pages list before reload
2025-08-12T07:43:33.561Z - info: Current opened pages, from most-to-least recent:
2025-08-12T07:43:33.562Z - info: 1. book/gitAndGithub/branchDelete/index
2025-08-12T07:43:34.567Z - info: Rebuilding 1 pages
2025-08-12T07:43:34.698Z - info: Site data built
2025-08-12T07:43:34.698Z - info: Pages rebuilt
2025-08-12T07:43:34.698Z - info: Website regeneration complete! Total build time: 0.133s
2025-08-12T07:44:48.433Z - info: [15:44:48] Reload for file change: /Users/damithch/Repos/nus-cs2103/cs2103-website-base/book/gitAndGithub/branchDelete/text.md
2025-08-12T07:44:48.437Z - info: Synchronizing opened pages list before reload
2025-08-12T07:44:48.438Z - info: Current opened pages, from most-to-least recent:
2025-08-12T07:44:48.439Z - info: 1. book/gitAndGithub/branchDelete/index
2025-08-12T07:44:49.446Z - info: Rebuilding 1 pages
2025-08-12T07:44:49.594Z - info: Site data built
2025-08-12T07:44:49.594Z - info: Pages rebuilt
2025-08-12T07:44:49.594Z - info: Website regeneration complete! Total build time: 0.15s
2025-08-12T07:47:43.967Z - info: [15:47:43] Reload for file change: /Users/damithch/Repos/nus-cs2103/cs2103-website-base/book/gitAndGithub/branchDelete/text.md
2025-08-12T07:47:43.969Z - info: Synchronizing opened pages list before reload
2025-08-12T07:47:43.970Z - info: Current opened pages, from most-to-least recent:
2025-08-12T07:47:43.970Z - info: 1. book/gitAndGithub/branchDelete/index
2025-08-12T07:47:44.979Z - info: Rebuilding 1 pages
2025-08-12T07:47:45.130Z - info: Site data built
2025-08-12T07:47:45.131Z - info: Pages rebuilt
2025-08-12T07:47:45.131Z - info: Website regeneration complete! Total build time: 0.154s
2025-08-12T07:47:53.869Z - info: Building /Users/damithch/Repos/nus-cs2103/cs2103-website-base/book/gitAndGithub/trail/branchingLocally/index as some of its dependencies were changed since the last visit
2025-08-12T07:47:54.212Z - info: Site data built
2025-08-12T07:47:54.212Z - info: Lazy website regeneration complete! Total build time: 0.344s
2025-08-12T07:48:29.878Z - info: Website generation started at 15:48:28
2025-08-12T07:48:30.426Z - warn: ENOENT: no such file or directory, open '/Users/damithch/Repos/nus-cs2103/cs2103-website-base/node_modules/.cache/gh-pages/https!github.com!nus-cs2103-AY2526S1!website.git/book/_markbind/variables.md'
2025-08-12T07:48:30.426Z - warn: ENOENT: no such file or directory, open '/Users/damithch/Repos/nus-cs2103/cs2103-website-base/node_modules/.cache/gh-pages/https!github.com!nus-cs2103-AY2526S1!website.git/_markbind/variables.md'
2025-08-12T07:48:30.451Z - info: Building assets...
2025-08-12T07:48:33.879Z - info: Assets built
2025-08-12T07:48:33.881Z - info: Generating pages...
2025-08-12T07:48:41.471Z - debug:  
2025-08-12T07:48:41.471Z - debug:  
2025-08-12T07:48:41.471Z - debug:  
2025-08-12T07:48:41.471Z - debug:  
2025-08-12T07:48:41.471Z - debug:  
2025-08-12T07:48:41.471Z - debug:  
2025-08-12T07:48:41.471Z - debug:  
2025-08-12T07:48:41.471Z - debug:  
2025-08-12T07:48:41.471Z - debug:  
2025-08-12T07:48:41.471Z - debug:  
2025-08-12T07:48:41.471Z - debug:  
2025-08-12T07:48:43.713Z - debug:  
2025-08-12T07:48:43.717Z - debug:  
2025-08-12T07:48:43.732Z - debug:  
2025-08-12T07:48:43.749Z - debug:  
2025-08-12T07:48:43.772Z - debug:  
2025-08-12T07:48:43.773Z - debug:  
2025-08-12T07:48:52.872Z - debug:  
2025-08-12T07:48:56.800Z - warn: Empty reference in /Users/damithch/Repos/nus-cs2103/cs2103-website-base/book/gitAndGithub/log/unit-inElsewhere-asFlat.md:
Segment '#title' in file: /Users/damithch/Repos/nus-cs2103/cs2103-website-base/book/gitAndGithub/log/text.md is empty
2025-08-12T07:49:48.213Z - debug:  
2025-08-12T07:49:59.906Z - debug:  
2025-08-12T07:49:59.938Z - debug:  
2025-08-12T07:50:06.404Z - info: Pages built
2025-08-12T07:50:06.478Z - info: Site data built
2025-08-12T07:50:06.478Z - info: Website generation complete! Total build time: 97.997s
2025-08-12T07:50:06.478Z - info: Build success!
2025-08-12T07:50:29.147Z - info: The website has been deployed at: https://nus-cs2103-ay2526s1.github.io/website
2025-08-12T09:51:34.133Z - info: Website generation (lazy) started at 17:51:32
2025-08-12T09:51:34.563Z - warn: ENOENT: no such file or directory, open '/Users/damithch/Repos/nus-cs2103/cs2103-website-base/node_modules/.cache/gh-pages/https!github.com!nus-cs2103-AY2526S1!website.git/book/_markbind/variables.md'
2025-08-12T09:51:34.563Z - warn: ENOENT: no such file or directory, open '/Users/damithch/Repos/nus-cs2103/cs2103-website-base/node_modules/.cache/gh-pages/https!github.com!nus-cs2103-AY2526S1!website.git/_markbind/variables.md'
2025-08-12T09:51:34.582Z - info: Building assets...
2025-08-12T09:51:37.879Z - info: Assets built
2025-08-12T09:51:37.880Z - info: Generating landing page...
2025-08-12T09:51:38.832Z - info: Landing page built, other pages will be built as you navigate to them!
2025-08-12T09:51:38.908Z - info: Site data built
2025-08-12T09:51:38.908Z - info: Website generation (lazy) complete! Total build time: 6.059s
2025-08-12T09:51:38.918Z - info: Serving "/Users/damithch/Repos/nus-cs2103/cs2103-website-base/_site" at http://127.0.0.1:8080
2025-08-12T09:51:38.918Z - info: Press CTRL+C to stop ...
2025-08-12T09:51:45.144Z - info: Building /Users/damithch/Repos/nus-cs2103/cs2103-website-base/schedule/week1/index as some of its dependencies were changed since the last visit
2025-08-12T09:51:45.316Z - info: Site data built
2025-08-12T09:51:45.316Z - info: Lazy website regeneration complete! Total build time: 0.172s
2025-08-12T09:51:48.690Z - info: Building /Users/damithch/Repos/nus-cs2103/cs2103-website-base/schedule/week1/admin as some of its dependencies were changed since the last visit
2025-08-12T09:51:48.961Z - info: Site data built
2025-08-12T09:51:48.961Z - info: Lazy website regeneration complete! Total build time: 0.271s
2025-08-12T09:53:03.250Z - info: [17:53:03] Reload for file change: /Users/damithch/Repos/nus-cs2103/cs2103-website-base/admin/index-tic2002-fragment.md
2025-08-12T09:53:03.251Z - info: Synchronizing opened pages list before reload
2025-08-12T09:53:03.252Z - info: Current opened pages, from most-to-least recent:
2025-08-12T09:53:03.252Z - info: 1. schedule/week1/admin
2025-08-12T09:53:04.260Z - info: Rebuilding 1 pages
2025-08-12T09:53:04.532Z - info: Site data built
2025-08-12T09:53:04.532Z - info: Pages rebuilt
2025-08-12T09:53:04.532Z - info: Website regeneration complete! Total build time: 0.274s
2025-08-12T09:53:30.503Z - info: Building /Users/damithch/Repos/nus-cs2103/cs2103-website-base/schedule/week2/index as some of its dependencies were changed since the last visit
2025-08-12T09:53:30.679Z - info: Site data built
2025-08-12T09:53:30.679Z - info: Lazy website regeneration complete! Total build time: 0.176s
2025-08-12T09:53:59.774Z - info: Website generation started at 17:53:58
2025-08-12T09:54:00.012Z - warn: ENOENT: no such file or directory, open '/Users/damithch/Repos/nus-cs2103/cs2103-website-base/node_modules/.cache/gh-pages/https!github.com!nus-cs2103-AY2526S1!website.git/book/_markbind/variables.md'
2025-08-12T09:54:00.013Z - warn: ENOENT: no such file or directory, open '/Users/damithch/Repos/nus-cs2103/cs2103-website-base/node_modules/.cache/gh-pages/https!github.com!nus-cs2103-AY2526S1!website.git/_markbind/variables.md'
2025-08-12T09:54:00.032Z - info: Building assets...
2025-08-12T09:54:03.830Z - info: Assets built
2025-08-12T09:54:03.832Z - info: Generating pages...
2025-08-12T09:54:10.768Z - debug:  
2025-08-12T09:54:10.768Z - debug:  
2025-08-12T09:54:10.768Z - debug:  
2025-08-12T09:54:10.769Z - debug:  
2025-08-12T09:54:10.769Z - debug:  
2025-08-12T09:54:10.769Z - debug:  
2025-08-12T09:54:10.769Z - debug:  
2025-08-12T09:54:10.769Z - debug:  
2025-08-12T09:54:10.769Z - debug:  
2025-08-12T09:54:10.769Z - debug:  
2025-08-12T09:54:10.769Z - debug:  
2025-08-12T09:54:10.769Z - debug:  
2025-08-12T09:54:10.769Z - debug:  
2025-08-12T09:54:10.769Z - debug:  
2025-08-12T09:54:10.769Z - debug:  
2025-08-12T09:54:13.310Z - debug:  
2025-08-12T09:54:20.187Z - debug:  
2025-08-12T09:54:23.329Z - warn: Empty reference in /Users/damithch/Repos/nus-cs2103/cs2103-website-base/book/gitAndGithub/log/unit-inElsewhere-asFlat.md:
Segment '#title' in file: /Users/damithch/Repos/nus-cs2103/cs2103-website-base/book/gitAndGithub/log/text.md is empty
2025-08-12T09:54:26.274Z - debug:  
2025-08-12T09:54:50.461Z - info: Pages built
2025-08-12T09:54:50.530Z - info: Site data built
2025-08-12T09:54:50.531Z - info: Website generation complete! Total build time: 51.655s
2025-08-12T09:54:50.531Z - info: Build success!
2025-08-12T09:55:11.934Z - info: The website has been deployed at: https://nus-tic2002-ay2526s1.github.io/website
2025-08-12T15:18:09.727Z - info: Website generation started at 23:18:08
2025-08-12T15:18:10.143Z - warn: ENOENT: no such file or directory, open '/Users/damithch/Repos/nus-cs2103/cs2103-website-base/node_modules/.cache/gh-pages/https!github.com!nus-tic2002-AY2526S1!website.git/book/_markbind/variables.md'
2025-08-12T15:18:10.143Z - warn: ENOENT: no such file or directory, open '/Users/damithch/Repos/nus-cs2103/cs2103-website-base/node_modules/.cache/gh-pages/https!github.com!nus-tic2002-AY2526S1!website.git/_markbind/variables.md'
2025-08-12T15:18:10.162Z - info: Building assets...
