2025-08-15T17:39:15.582Z - info: Website generation (lazy) started at 01:39:14
2025-08-15T17:39:15.873Z - warn: ENOENT: no such file or directory, open '/Users/damithch/Repos/nus-cs2103/cs2103-website-base/node_modules/.cache/gh-pages/https!github.com!nus-cs2103-AY2526S1!website.git/book/_markbind/variables.md'
2025-08-15T17:39:15.873Z - warn: ENOENT: no such file or directory, open '/Users/damithch/Repos/nus-cs2103/cs2103-website-base/node_modules/.cache/gh-pages/https!github.com!nus-cs2103-AY2526S1!website.git/_markbind/variables.md'
2025-08-15T17:39:15.892Z - info: Building assets...
2025-08-15T17:39:18.529Z - info: Assets built
2025-08-15T17:39:18.530Z - info: Generating landing page...
2025-08-15T17:39:18.895Z - info: Landing page built, other pages will be built as you navigate to them!
2025-08-15T17:39:18.969Z - info: Site data built
2025-08-15T17:39:18.970Z - info: Website generation (lazy) complete! Total build time: 4.523s
2025-08-15T17:39:18.979Z - info: Serving "/Users/damithch/Repos/nus-cs2103/cs2103-website-base/_site" at http://127.0.0.1:8080
2025-08-15T17:39:18.979Z - info: Press CTRL+C to stop ...
2025-08-15T17:39:23.763Z - info: Building /Users/damithch/Repos/nus-cs2103/cs2103-website-base/admin/instructors as some of its dependencies were changed since the last visit
2025-08-15T17:39:24.007Z - info: Site data built
2025-08-15T17:39:24.007Z - info: Lazy website regeneration complete! Total build time: 0.245s
2025-08-15T17:39:57.837Z - info: [01:39:57] Reload for file deletion: /Users/damithch/Repos/nus-cs2103/cs2103-website-base/admin/images/damith.jpg
2025-08-15T17:39:57.838Z - info: Synchronizing opened pages list before reload
2025-08-15T17:39:57.838Z - info: Current opened pages, from most-to-least recent:
2025-08-15T17:39:57.838Z - info: 1. admin/instructors
2025-08-15T17:39:58.947Z - debug: Assets removed
2025-08-15T17:40:46.635Z - info: [01:40:46] Reload for file add: /Users/damithch/Repos/nus-cs2103/cs2103-website-base/admin/images/damith-face-2025 (low res).png
2025-08-15T17:40:46.636Z - info: Synchronizing opened pages list before reload
2025-08-15T17:40:46.636Z - info: Current opened pages, from most-to-least recent:
2025-08-15T17:40:46.636Z - info: 1. admin/instructors
2025-08-15T17:40:47.715Z - info: Assets built
2025-08-15T17:40:56.921Z - info: [01:40:56] Reload for file deletion: /Users/damithch/Repos/nus-cs2103/cs2103-website-base/admin/images/damith-face-2025 (low res).png
2025-08-15T17:40:56.921Z - info: Synchronizing opened pages list before reload
2025-08-15T17:40:56.922Z - info: Current opened pages, from most-to-least recent:
2025-08-15T17:40:56.922Z - info: 1. admin/instructors
2025-08-15T17:40:57.013Z - info: [01:40:57] Reload for file add: /Users/damithch/Repos/nus-cs2103/cs2103-website-base/admin/images/damith.png
2025-08-15T17:40:57.013Z - info: Synchronizing opened pages list before reload
2025-08-15T17:40:57.013Z - info: Current opened pages, from most-to-least recent:
2025-08-15T17:40:57.013Z - info: 1. admin/instructors
2025-08-15T17:40:58.013Z - debug: Assets removed
2025-08-15T17:40:58.066Z - info: Assets built
2025-08-15T18:21:19.151Z - info: [02:21:19] Reload for file change: /Users/damithch/Repos/nus-cs2103/cs2103-website-base/book/gitAndGithub/merge/detour-undoMerge-fragment.md
2025-08-15T18:21:19.153Z - info: Synchronizing opened pages list before reload
2025-08-15T18:21:19.154Z - info: Current opened pages, from most-to-least recent:
2025-08-15T18:21:19.156Z - info: 1. admin/instructors
2025-08-15T18:21:20.162Z - info: Assets built
2025-08-15T19:10:51.478Z - info: Website generation started at 03:10:50
2025-08-15T19:10:51.998Z - warn: ENOENT: no such file or directory, open '/Users/damithch/Repos/nus-cs2103/cs2103-website-base/node_modules/.cache/gh-pages/https!github.com!nus-cs2103-AY2526S1!website.git/book/_markbind/variables.md'
2025-08-15T19:10:51.999Z - warn: ENOENT: no such file or directory, open '/Users/damithch/Repos/nus-cs2103/cs2103-website-base/node_modules/.cache/gh-pages/https!github.com!nus-cs2103-AY2526S1!website.git/_markbind/variables.md'
2025-08-15T19:10:52.036Z - info: Building assets...
2025-08-15T19:10:55.266Z - info: Assets built
2025-08-15T19:10:55.268Z - info: Generating pages...
2025-08-15T19:10:59.975Z - debug:  
2025-08-15T19:10:59.976Z - debug:  
2025-08-15T19:11:03.410Z - debug:  
2025-08-15T19:11:03.410Z - debug:  
2025-08-15T19:11:03.410Z - debug:  
2025-08-15T19:11:03.410Z - debug:  
2025-08-15T19:11:03.410Z - debug:  
2025-08-15T19:11:03.410Z - debug:  
2025-08-15T19:11:03.410Z - debug:  
2025-08-15T19:11:03.410Z - debug:  
2025-08-15T19:11:03.410Z - debug:  
2025-08-15T19:11:05.786Z - debug:  
2025-08-15T19:11:05.816Z - debug:  
2025-08-15T19:11:05.832Z - debug:  
2025-08-15T19:11:05.860Z - debug:  
2025-08-15T19:11:05.875Z - debug:  
2025-08-15T19:11:05.889Z - debug:  
2025-08-15T19:11:15.686Z - debug:  
2025-08-15T19:11:20.016Z - warn: Empty reference in /Users/damithch/Repos/nus-cs2103/cs2103-website-base/book/gitAndGithub/log/unit-inElsewhere-asFlat.md:
Segment '#title' in file: /Users/damithch/Repos/nus-cs2103/cs2103-website-base/book/gitAndGithub/log/text.md is empty
2025-08-15T19:12:14.464Z - debug:  
2025-08-15T19:12:26.487Z - debug:  
2025-08-15T19:12:26.497Z - debug:  
2025-08-15T19:12:33.293Z - info: Pages built
2025-08-15T19:12:33.365Z - info: Site data built
2025-08-15T19:12:33.365Z - info: Website generation complete! Total build time: 103.023s
2025-08-15T19:12:33.365Z - info: Build success!
2025-08-15T19:13:00.077Z - info: The website has been deployed at: https://nus-cs2103-ay2526s1.github.io/website
2025-08-16T03:37:32.808Z - info: Website generation (lazy) started at 11:37:31
2025-08-16T03:37:33.265Z - warn: ENOENT: no such file or directory, open '/Users/damithch/Repos/nus-cs2103/cs2103-website-base/node_modules/.cache/gh-pages/https!github.com!nus-cs2103-AY2526S1!website.git/book/_markbind/variables.md'
2025-08-16T03:37:33.265Z - warn: ENOENT: no such file or directory, open '/Users/damithch/Repos/nus-cs2103/cs2103-website-base/node_modules/.cache/gh-pages/https!github.com!nus-cs2103-AY2526S1!website.git/_markbind/variables.md'
2025-08-16T03:37:33.285Z - info: Building assets...
2025-08-16T03:37:35.995Z - info: Assets built
2025-08-16T03:37:35.995Z - info: Generating landing page...
2025-08-16T03:37:36.356Z - info: Landing page built, other pages will be built as you navigate to them!
2025-08-16T03:37:36.427Z - info: Site data built
2025-08-16T03:37:36.428Z - info: Website generation (lazy) complete! Total build time: 4.901s
2025-08-16T03:37:36.439Z - info: Serving "/Users/damithch/Repos/nus-cs2103/cs2103-website-base/_site" at http://127.0.0.1:8080
2025-08-16T03:37:36.440Z - info: Press CTRL+C to stop ...
2025-08-16T03:37:40.728Z - info: Building /Users/damithch/Repos/nus-cs2103/cs2103-website-base/schedule/week1/topics as some of its dependencies were changed since the last visit
2025-08-16T03:37:42.933Z - debug:  
2025-08-16T03:37:43.249Z - info: Site data built
2025-08-16T03:37:43.249Z - info: Lazy website regeneration complete! Total build time: 2.522s
2025-08-16T03:40:26.936Z - info: [11:40:26] Reload for file change: /Users/damithch/Repos/nus-cs2103/cs2103-website-base/book/common/macros.njk
2025-08-16T03:40:26.938Z - info: Synchronizing opened pages list before reload
2025-08-16T03:40:26.939Z - info: Current opened pages, from most-to-least recent:
2025-08-16T03:40:26.939Z - info: 1. schedule/week1/topics
2025-08-16T03:40:26.941Z - info: [11:40:26] Reload for file change: /Users/damithch/Repos/nus-cs2103/cs2103-website-base/book/gitAndGithub/gitPrep/text.md
2025-08-16T03:40:26.942Z - info: Synchronizing opened pages list before reload
2025-08-16T03:40:26.942Z - info: Current opened pages, from most-to-least recent:
2025-08-16T03:40:26.942Z - info: 1. schedule/week1/topics
2025-08-16T03:40:27.946Z - info: Rebuilding 1 pages
2025-08-16T03:40:29.717Z - info: Site data built
2025-08-16T03:40:29.717Z - info: Pages rebuilt
2025-08-16T03:40:29.717Z - info: Website regeneration complete! Total build time: 1.774s
2025-08-16T03:42:14.494Z - info: [11:42:14] Reload for file change: /Users/damithch/Repos/nus-cs2103/cs2103-website-base/book/common/macros.njk
2025-08-16T03:42:14.499Z - info: Synchronizing opened pages list before reload
2025-08-16T03:42:14.501Z - info: Current opened pages, from most-to-least recent:
2025-08-16T03:42:14.503Z - info: 1. schedule/week1/topics
2025-08-16T03:42:14.569Z - info: [11:42:14] Reload for file change: /Users/damithch/Repos/nus-cs2103/cs2103-website-base/book/common/macros.njk
2025-08-16T03:42:14.569Z - info: Synchronizing opened pages list before reload
2025-08-16T03:42:14.569Z - info: Current opened pages, from most-to-least recent:
2025-08-16T03:42:14.569Z - info: 1. schedule/week1/topics
2025-08-16T03:42:14.569Z - info: [11:42:14] Reload for file change: /Users/damithch/Repos/nus-cs2103/cs2103-website-base/book/gitAndGithub/gitPrep/text.md
2025-08-16T03:42:14.569Z - info: Synchronizing opened pages list before reload
2025-08-16T03:42:14.569Z - info: Current opened pages, from most-to-least recent:
2025-08-16T03:42:14.569Z - info: 1. schedule/week1/topics
2025-08-16T03:42:15.509Z - info: Rebuilding 1 pages
2025-08-16T03:42:17.193Z - info: Site data built
2025-08-16T03:42:17.194Z - info: Pages rebuilt
2025-08-16T03:42:17.194Z - info: Website regeneration complete! Total build time: 1.688s
2025-08-16T03:42:40.230Z - info: Building /Users/damithch/Repos/nus-cs2103/cs2103-website-base/book/gitAndGithub/gitPrep/index as some of its dependencies were changed since the last visit
2025-08-16T03:42:40.434Z - info: Site data built
2025-08-16T03:42:40.434Z - info: Lazy website regeneration complete! Total build time: 0.204s
2025-08-16T03:43:19.421Z - info: [11:43:19] Reload for file change: /Users/damithch/Repos/nus-cs2103/cs2103-website-base/book/common/macros.njk
2025-08-16T03:43:19.422Z - info: Synchronizing opened pages list before reload
2025-08-16T03:43:19.422Z - info: Current opened pages, from most-to-least recent:
2025-08-16T03:43:19.422Z - info: 1. book/gitAndGithub/gitPrep/index
2025-08-16T03:43:19.422Z - info: 2. schedule/week1/topics
2025-08-16T03:43:20.425Z - info: Rebuilding 2 pages
2025-08-16T03:43:22.170Z - info: Site data built
2025-08-16T03:43:22.170Z - info: Pages rebuilt
2025-08-16T03:43:22.170Z - info: Website regeneration complete! Total build time: 1.746s
2025-08-16T03:44:04.062Z - info: [11:44:04] Reload for file change: /Users/damithch/Repos/nus-cs2103/cs2103-website-base/book/common/macros.njk
2025-08-16T03:44:04.066Z - info: Synchronizing opened pages list before reload
2025-08-16T03:44:04.070Z - info: Current opened pages, from most-to-least recent:
2025-08-16T03:44:04.071Z - info: 1. book/gitAndGithub/gitPrep/index
2025-08-16T03:44:05.079Z - info: Rebuilding 1 pages
2025-08-16T03:44:05.242Z - info: Site data built
2025-08-16T03:44:05.242Z - info: Pages rebuilt
2025-08-16T03:44:05.242Z - info: Website regeneration complete! Total build time: 0.166s
2025-08-16T03:44:57.190Z - info: [11:44:57] Reload for file change: /Users/damithch/Repos/nus-cs2103/cs2103-website-base/book/common/macros.njk
2025-08-16T03:44:57.192Z - info: Synchronizing opened pages list before reload
2025-08-16T03:44:57.192Z - info: Current opened pages, from most-to-least recent:
2025-08-16T03:44:57.192Z - info: 1. book/gitAndGithub/gitPrep/index
2025-08-16T03:44:58.205Z - info: Rebuilding 1 pages
2025-08-16T03:44:58.363Z - info: Site data built
2025-08-16T03:44:58.363Z - info: Pages rebuilt
2025-08-16T03:44:58.364Z - info: Website regeneration complete! Total build time: 0.16s
2025-08-16T03:45:32.946Z - info: [11:45:32] Reload for file change: /Users/damithch/Repos/nus-cs2103/cs2103-website-base/book/common/macros.njk
2025-08-16T03:45:32.947Z - info: Synchronizing opened pages list before reload
2025-08-16T03:45:32.947Z - info: Current opened pages, from most-to-least recent:
2025-08-16T03:45:32.948Z - info: 1. book/gitAndGithub/gitPrep/index
2025-08-16T03:45:33.954Z - info: Rebuilding 1 pages
2025-08-16T03:45:34.120Z - info: Site data built
2025-08-16T03:45:34.120Z - info: Pages rebuilt
2025-08-16T03:45:34.120Z - info: Website regeneration complete! Total build time: 0.168s
2025-08-16T03:46:16.437Z - info: Website generation started at 11:46:15
2025-08-16T03:46:16.851Z - warn: ENOENT: no such file or directory, open '/Users/damithch/Repos/nus-cs2103/cs2103-website-base/node_modules/.cache/gh-pages/https!github.com!nus-cs2103-AY2526S1!website.git/book/_markbind/variables.md'
2025-08-16T03:46:16.851Z - warn: ENOENT: no such file or directory, open '/Users/damithch/Repos/nus-cs2103/cs2103-website-base/node_modules/.cache/gh-pages/https!github.com!nus-cs2103-AY2526S1!website.git/_markbind/variables.md'
2025-08-16T03:46:16.870Z - info: Building assets...
2025-08-16T03:46:19.331Z - info: Assets built
2025-08-16T03:46:19.332Z - info: Generating pages...
2025-08-16T03:46:23.556Z - debug:  
2025-08-16T03:46:23.556Z - debug:  
2025-08-16T03:46:27.356Z - debug:  
2025-08-16T03:46:27.356Z - debug:  
2025-08-16T03:46:27.356Z - debug:  
2025-08-16T03:46:27.356Z - debug:  
2025-08-16T03:46:27.357Z - debug:  
2025-08-16T03:46:27.357Z - debug:  
2025-08-16T03:46:27.357Z - debug:  
2025-08-16T03:46:27.357Z - debug:  
2025-08-16T03:46:27.357Z - debug:  
2025-08-16T03:46:30.013Z - debug:  
2025-08-16T03:46:30.097Z - debug:  
2025-08-16T03:46:30.098Z - debug:  
2025-08-16T03:46:30.098Z - debug:  
2025-08-16T03:46:30.098Z - debug:  
2025-08-16T03:46:30.098Z - debug:  
2025-08-16T03:46:39.626Z - debug:  
2025-08-16T03:46:44.090Z - warn: Empty reference in /Users/damithch/Repos/nus-cs2103/cs2103-website-base/book/gitAndGithub/log/unit-inElsewhere-asFlat.md:
Segment '#title' in file: /Users/damithch/Repos/nus-cs2103/cs2103-website-base/book/gitAndGithub/log/text.md is empty
2025-08-16T03:47:36.359Z - debug:  
2025-08-16T03:47:51.504Z - debug:  
2025-08-16T03:47:51.526Z - debug:  
2025-08-16T03:47:58.482Z - info: Pages built
2025-08-16T03:47:58.560Z - info: Site data built
2025-08-16T03:47:58.560Z - info: Website generation complete! Total build time: 103.353s
2025-08-16T03:47:58.561Z - info: Build success!
2025-08-16T03:48:23.087Z - info: The website has been deployed at: https://nus-cs2103-ay2526s1.github.io/website
2025-08-16T05:38:32.969Z - info: Website generation (lazy) started at 13:38:31
2025-08-16T05:38:33.433Z - warn: ENOENT: no such file or directory, open '/Users/damithch/Repos/nus-cs2103/cs2103-website-base/node_modules/.cache/gh-pages/https!github.com!nus-cs2103-AY2526S1!website.git/book/_markbind/variables.md'
2025-08-16T05:38:33.433Z - warn: ENOENT: no such file or directory, open '/Users/damithch/Repos/nus-cs2103/cs2103-website-base/node_modules/.cache/gh-pages/https!github.com!nus-cs2103-AY2526S1!website.git/_markbind/variables.md'
2025-08-16T05:38:33.454Z - info: Building assets...
2025-08-16T05:38:36.105Z - info: Assets built
2025-08-16T05:38:36.106Z - info: Generating landing page...
2025-08-16T05:38:36.481Z - info: Landing page built, other pages will be built as you navigate to them!
2025-08-16T05:38:36.587Z - info: Site data built
2025-08-16T05:38:36.588Z - info: Website generation (lazy) complete! Total build time: 4.878s
2025-08-16T05:38:36.599Z - info: Serving "/Users/damithch/Repos/nus-cs2103/cs2103-website-base/_site" at http://127.0.0.1:8080
2025-08-16T05:38:36.599Z - info: Press CTRL+C to stop ...
2025-08-16T05:38:49.302Z - info: Building /Users/damithch/Repos/nus-cs2103/cs2103-website-base/schedule/week1/topics as some of its dependencies were changed since the last visit
2025-08-16T05:38:51.661Z - debug:  
2025-08-16T05:38:51.885Z - info: Site data built
2025-08-16T05:38:51.885Z - info: Lazy website regeneration complete! Total build time: 2.583s
2025-08-16T05:39:32.427Z - info: Website generation started at 13:39:31
2025-08-16T05:39:32.705Z - warn: ENOENT: no such file or directory, open '/Users/damithch/Repos/nus-cs2103/cs2103-website-base/node_modules/.cache/gh-pages/https!github.com!nus-cs2103-AY2526S1!website.git/book/_markbind/variables.md'
2025-08-16T05:39:32.705Z - warn: ENOENT: no such file or directory, open '/Users/damithch/Repos/nus-cs2103/cs2103-website-base/node_modules/.cache/gh-pages/https!github.com!nus-cs2103-AY2526S1!website.git/_markbind/variables.md'
2025-08-16T05:39:32.726Z - info: Building assets...
2025-08-16T05:39:35.810Z - info: Assets built
2025-08-16T05:39:35.811Z - info: Generating pages...
2025-08-16T05:39:40.670Z - debug:  
2025-08-16T05:39:40.670Z - debug:  
2025-08-16T05:39:44.045Z - debug:  
2025-08-16T05:39:44.045Z - debug:  
2025-08-16T05:39:44.046Z - debug:  
2025-08-16T05:39:44.046Z - debug:  
2025-08-16T05:39:44.046Z - debug:  
2025-08-16T05:39:44.046Z - debug:  
2025-08-16T05:39:44.046Z - debug:  
2025-08-16T05:39:44.046Z - debug:  
2025-08-16T05:39:44.046Z - debug:  
2025-08-16T05:39:46.785Z - debug:  
2025-08-16T05:39:47.039Z - debug:  
2025-08-16T05:39:47.069Z - debug:  
2025-08-16T05:39:47.114Z - debug:  
2025-08-16T05:39:47.117Z - debug:  
2025-08-16T05:39:47.166Z - debug:  
2025-08-16T05:39:57.424Z - debug:  
2025-08-16T05:40:02.050Z - warn: Empty reference in /Users/damithch/Repos/nus-cs2103/cs2103-website-base/book/gitAndGithub/log/unit-inElsewhere-asFlat.md:
Segment '#title' in file: /Users/damithch/Repos/nus-cs2103/cs2103-website-base/book/gitAndGithub/log/text.md is empty
2025-08-16T05:41:01.321Z - debug:  
2025-08-16T05:41:13.377Z - debug:  
2025-08-16T05:41:13.419Z - debug:  
2025-08-16T05:41:21.001Z - info: Pages built
2025-08-16T05:41:21.080Z - info: Site data built
2025-08-16T05:41:21.080Z - info: Website generation complete! Total build time: 109.578s
2025-08-16T05:41:21.080Z - info: Build success!
2025-08-16T05:41:46.959Z - info: The website has been deployed at: https://nus-cs2103-ay2526s1.github.io/website
2025-08-16T07:13:15.574Z - info: Website generation started at 15:13:14
2025-08-16T07:13:16.067Z - warn: ENOENT: no such file or directory, open '/Users/damithch/Repos/nus-cs2103/cs2103-website-base/node_modules/.cache/gh-pages/https!github.com!nus-cs2103-AY2526S1!website.git/book/_markbind/variables.md'
2025-08-16T07:13:16.068Z - warn: ENOENT: no such file or directory, open '/Users/damithch/Repos/nus-cs2103/cs2103-website-base/node_modules/.cache/gh-pages/https!github.com!nus-cs2103-AY2526S1!website.git/_markbind/variables.md'
2025-08-16T07:13:16.087Z - info: Building assets...
2025-08-16T07:13:18.753Z - info: Assets built
2025-08-16T07:13:18.753Z - info: Generating pages...
2025-08-16T07:13:23.706Z - debug:  
2025-08-16T07:13:23.707Z - debug:  
2025-08-16T07:13:26.251Z - debug:  
2025-08-16T07:13:26.251Z - debug:  
2025-08-16T07:13:26.251Z - debug:  
2025-08-16T07:13:26.251Z - debug:  
2025-08-16T07:13:26.251Z - debug:  
2025-08-16T07:13:26.251Z - debug:  
2025-08-16T07:13:26.251Z - debug:  
2025-08-16T07:13:26.251Z - debug:  
2025-08-16T07:13:26.251Z - debug:  
2025-08-16T07:13:29.347Z - debug:  
2025-08-16T07:13:29.352Z - debug:  
2025-08-16T07:13:29.440Z - debug:  
2025-08-16T07:13:29.442Z - debug:  
2025-08-16T07:13:29.446Z - debug:  
2025-08-16T07:13:29.464Z - debug:  
2025-08-16T07:13:38.930Z - debug:  
2025-08-16T07:13:43.211Z - warn: Empty reference in /Users/damithch/Repos/nus-cs2103/cs2103-website-base/book/gitAndGithub/log/unit-inElsewhere-asFlat.md:
Segment '#title' in file: /Users/damithch/Repos/nus-cs2103/cs2103-website-base/book/gitAndGithub/log/text.md is empty
2025-08-16T07:14:36.725Z - debug:  
2025-08-16T07:14:48.742Z - debug:  
2025-08-16T07:14:48.832Z - debug:  
2025-08-16T07:14:55.521Z - info: Pages built
2025-08-16T07:14:55.597Z - info: Site data built
2025-08-16T07:14:55.597Z - info: Website generation complete! Total build time: 101.34s
2025-08-16T07:14:55.597Z - info: Build success!
2025-08-16T07:15:19.379Z - info: The website has been deployed at: https://nus-cs2103-ay2526s1.github.io/website
2025-08-16T07:25:30.422Z - info: Website generation (lazy) started at 15:25:29
2025-08-16T07:25:30.832Z - warn: ENOENT: no such file or directory, open '/Users/damithch/Repos/nus-cs2103/cs2103-website-base/node_modules/.cache/gh-pages/https!github.com!nus-cs2103-AY2526S1!website.git/book/_markbind/variables.md'
2025-08-16T07:25:30.832Z - warn: ENOENT: no such file or directory, open '/Users/damithch/Repos/nus-cs2103/cs2103-website-base/node_modules/.cache/gh-pages/https!github.com!nus-cs2103-AY2526S1!website.git/_markbind/variables.md'
2025-08-16T07:25:30.852Z - info: Building assets...
2025-08-16T07:25:33.466Z - info: Assets built
2025-08-16T07:25:33.467Z - info: Generating landing page...
2025-08-16T07:25:33.837Z - info: Landing page built, other pages will be built as you navigate to them!
2025-08-16T07:25:33.919Z - info: Site data built
2025-08-16T07:25:33.919Z - info: Website generation (lazy) complete! Total build time: 4.882s
2025-08-16T07:25:33.932Z - info: Serving "/Users/damithch/Repos/nus-cs2103/cs2103-website-base/_site" at http://127.0.0.1:8080
2025-08-16T07:25:33.932Z - info: Press CTRL+C to stop ...
2025-08-16T07:26:10.872Z - info: Building /Users/damithch/Repos/nus-cs2103/cs2103-website-base/schedule/week2/index as some of its dependencies were changed since the last visit
2025-08-16T07:26:11.177Z - info: Site data built
2025-08-16T07:26:11.178Z - info: Lazy website regeneration complete! Total build time: 0.307s
2025-08-16T07:30:09.169Z - info: Building /Users/damithch/Repos/nus-cs2103/cs2103-website-base/schedule/week3/index as some of its dependencies were changed since the last visit
2025-08-16T07:30:09.647Z - info: Site data built
2025-08-16T07:30:09.647Z - info: Lazy website regeneration complete! Total build time: 0.478s
2025-08-16T07:36:45.640Z - info: Building /Users/damithch/Repos/nus-cs2103/cs2103-website-base/schedule/week3/admin as some of its dependencies were changed since the last visit
2025-08-16T07:36:46.609Z - info: Site data built
2025-08-16T07:36:46.610Z - info: Lazy website regeneration complete! Total build time: 0.971s
2025-08-16T07:42:38.117Z - info: [15:42:38] Reload for file change: /Users/damithch/Repos/nus-cs2103/cs2103-website-base/admin/faq-fragment.md
2025-08-16T07:42:38.119Z - info: Synchronizing opened pages list before reload
2025-08-16T07:42:38.120Z - info: Current opened pages, from most-to-least recent:
2025-08-16T07:42:38.120Z - info: 1. schedule/week3/admin
2025-08-16T07:42:39.129Z - info: Rebuilding 1 pages
2025-08-16T07:42:40.262Z - info: Site data built
2025-08-16T07:42:40.262Z - info: Pages rebuilt
2025-08-16T07:42:40.262Z - info: Website regeneration complete! Total build time: 1.136s
2025-08-16T07:47:35.490Z - info: [15:47:35] Reload for file change: /Users/damithch/Repos/nus-cs2103/cs2103-website-base/admin/tools.md
2025-08-16T07:47:35.493Z - info: Synchronizing opened pages list before reload
2025-08-16T07:47:35.495Z - info: Current opened pages, from most-to-least recent:
2025-08-16T07:47:35.495Z - info: 1. schedule/week3/admin
2025-08-16T07:47:36.506Z - info: Rebuilding 1 pages
2025-08-16T07:47:37.629Z - info: Site data built
2025-08-16T07:47:37.629Z - info: Pages rebuilt
2025-08-16T07:47:37.630Z - info: Website regeneration complete! Total build time: 1.126s
2025-08-16T07:48:52.959Z - info: [15:48:52] Reload for file change: /Users/damithch/Repos/nus-cs2103/cs2103-website-base/admin/peerEvaluations-practice-fragment.md
2025-08-16T07:48:52.960Z - info: Synchronizing opened pages list before reload
2025-08-16T07:48:52.960Z - info: Current opened pages, from most-to-least recent:
2025-08-16T07:48:52.960Z - info: 1. schedule/week3/admin
2025-08-16T07:48:53.972Z - info: Rebuilding 1 pages
2025-08-16T07:48:54.919Z - info: Site data built
2025-08-16T07:48:54.919Z - info: Pages rebuilt
2025-08-16T07:48:54.919Z - info: Website regeneration complete! Total build time: 0.949s
2025-08-16T07:59:54.981Z - info: [15:59:54] Reload for file change: /Users/damithch/Repos/nus-cs2103/cs2103-website-base/admin/faq-fragment.md
2025-08-16T07:59:54.982Z - info: Synchronizing opened pages list before reload
2025-08-16T07:59:54.982Z - info: Current opened pages, from most-to-least recent:
2025-08-16T07:59:54.982Z - info: 1. schedule/week3/admin
2025-08-16T07:59:55.989Z - info: Rebuilding 1 pages
2025-08-16T07:59:56.903Z - info: Site data built
2025-08-16T07:59:56.903Z - info: Pages rebuilt
2025-08-16T07:59:56.903Z - info: Website regeneration complete! Total build time: 0.917s
2025-08-16T08:01:42.031Z - info: [16:01:42] Reload for file change: /Users/damithch/Repos/nus-cs2103/cs2103-website-base/admin/faq-fragment.md
2025-08-16T08:01:42.033Z - info: Synchronizing opened pages list before reload
2025-08-16T08:01:42.034Z - info: Current opened pages, from most-to-least recent:
2025-08-16T08:01:42.034Z - info: 1. schedule/week3/admin
2025-08-16T08:01:43.040Z - info: Rebuilding 1 pages
2025-08-16T08:01:43.975Z - info: Site data built
2025-08-16T08:01:43.976Z - info: Pages rebuilt
2025-08-16T08:01:43.976Z - info: Website regeneration complete! Total build time: 0.938s
2025-08-16T08:03:20.424Z - info: Building /Users/damithch/Repos/nus-cs2103/cs2103-website-base/schedule/week3/topics as some of its dependencies were changed since the last visit
2025-08-16T08:03:21.418Z - info: Site data built
2025-08-16T08:03:21.418Z - info: Lazy website regeneration complete! Total build time: 0.995s
2025-08-16T10:49:51.717Z - info: Building /Users/damithch/Repos/nus-cs2103/cs2103-website-base/schedule/week3/project as some of its dependencies were changed since the last visit
2025-08-16T10:49:53.059Z - info: Site data built
2025-08-16T10:49:53.059Z - info: Lazy website regeneration complete! Total build time: 1.346s
2025-08-16T10:50:52.414Z - info: Building /Users/damithch/Repos/nus-cs2103/cs2103-website-base/book/gitAndGithub/createPRs/index as some of its dependencies were changed since the last visit
2025-08-16T10:50:52.707Z - info: Site data built
2025-08-16T10:50:52.708Z - info: Lazy website regeneration complete! Total build time: 0.295s
2025-08-16T11:05:54.548Z - info: [19:05:54] Reload for file change: /Users/damithch/Repos/nus-cs2103/cs2103-website-base/book/gitAndGithub/createPRs/text.md
2025-08-16T11:05:54.549Z - info: Synchronizing opened pages list before reload
2025-08-16T11:05:54.550Z - info: Current opened pages, from most-to-least recent:
2025-08-16T11:05:54.551Z - info: 1. ../book/gitAndGithub/createPRs/index
2025-08-16T11:05:54.551Z - info: 2. schedule/week3/topics
2025-08-16T11:05:55.561Z - info: Rebuilding 1 pages
2025-08-16T11:05:56.549Z - info: Site data built
2025-08-16T11:05:56.549Z - info: Pages rebuilt
2025-08-16T11:05:56.549Z - info: Website regeneration complete! Total build time: 0.991s
2025-08-16T11:05:57.680Z - info: Building /Users/damithch/Repos/nus-cs2103/cs2103-website-base/book/gitAndGithub/createPRs/index as some of its dependencies were changed since the last visit
2025-08-16T11:05:57.780Z - info: Site data built
2025-08-16T11:05:57.781Z - info: Lazy website regeneration complete! Total build time: 0.1s
2025-08-16T11:06:48.342Z - info: [19:06:48] Reload for file change: /Users/damithch/Repos/nus-cs2103/cs2103-website-base/book/gitAndGithub/createPRs/text.md
2025-08-16T11:06:48.345Z - info: Synchronizing opened pages list before reload
2025-08-16T11:06:48.346Z - info: Current opened pages, from most-to-least recent:
2025-08-16T11:06:48.347Z - info: 1. ../book/gitAndGithub/createPRs/index
2025-08-16T11:06:48.347Z - info: 2. schedule/week3/topics
2025-08-16T11:06:49.355Z - info: Rebuilding 1 pages
2025-08-16T11:06:50.329Z - info: Site data built
2025-08-16T11:06:50.329Z - info: Pages rebuilt
2025-08-16T11:06:50.329Z - info: Website regeneration complete! Total build time: 0.977s
2025-08-16T11:06:51.463Z - info: Building /Users/damithch/Repos/nus-cs2103/cs2103-website-base/book/gitAndGithub/createPRs/index as some of its dependencies were changed since the last visit
2025-08-16T11:06:51.550Z - info: Site data built
2025-08-16T11:06:51.551Z - info: Lazy website regeneration complete! Total build time: 0.089s
2025-08-16T11:10:17.623Z - info: [19:10:17] Reload for file change: /Users/damithch/Repos/nus-cs2103/cs2103-website-base/book/gitAndGithub/createPRs/text.md
2025-08-16T11:10:17.627Z - info: Synchronizing opened pages list before reload
2025-08-16T11:10:17.628Z - info: Current opened pages, from most-to-least recent:
2025-08-16T11:10:17.628Z - info: 1. ../book/gitAndGithub/createPRs/index
2025-08-16T11:10:17.628Z - info: 2. schedule/week3/topics
2025-08-16T11:10:18.642Z - info: Rebuilding 1 pages
2025-08-16T11:10:19.625Z - info: Site data built
2025-08-16T11:10:19.625Z - info: Pages rebuilt
2025-08-16T11:10:19.625Z - info: Website regeneration complete! Total build time: 0.986s
2025-08-16T11:10:20.762Z - info: Building /Users/damithch/Repos/nus-cs2103/cs2103-website-base/book/gitAndGithub/createPRs/index as some of its dependencies were changed since the last visit
2025-08-16T11:10:20.855Z - info: Site data built
2025-08-16T11:10:20.855Z - info: Lazy website regeneration complete! Total build time: 0.093s
2025-08-16T11:11:59.881Z - info: [19:11:59] Reload for file change: /Users/damithch/Repos/nus-cs2103/cs2103-website-base/book/gitAndGithub/createPRs/text.md
2025-08-16T11:11:59.883Z - info: Synchronizing opened pages list before reload
2025-08-16T11:11:59.884Z - info: Current opened pages, from most-to-least recent:
2025-08-16T11:11:59.884Z - info: 1. ../book/gitAndGithub/createPRs/index
2025-08-16T11:11:59.884Z - info: 2. schedule/week3/topics
2025-08-16T11:12:00.894Z - info: Rebuilding 1 pages
2025-08-16T11:12:01.974Z - info: Site data built
2025-08-16T11:12:01.974Z - info: Pages rebuilt
2025-08-16T11:12:01.974Z - info: Website regeneration complete! Total build time: 1.082s
2025-08-16T11:12:03.093Z - info: Building /Users/damithch/Repos/nus-cs2103/cs2103-website-base/book/gitAndGithub/createPRs/index as some of its dependencies were changed since the last visit
2025-08-16T11:12:03.193Z - info: Site data built
2025-08-16T11:12:03.193Z - info: Lazy website regeneration complete! Total build time: 0.101s
2025-08-16T11:13:19.489Z - info: [19:13:19] Reload for file change: /Users/damithch/Repos/nus-cs2103/cs2103-website-base/book/common/macros.njk
2025-08-16T11:13:19.492Z - info: Synchronizing opened pages list before reload
2025-08-16T11:13:19.495Z - info: Current opened pages, from most-to-least recent:
2025-08-16T11:13:19.496Z - info: 1. ../book/gitAndGithub/createPRs/index
2025-08-16T11:13:19.496Z - info: 2. schedule/week3/topics
2025-08-16T11:13:20.505Z - info: Rebuilding 1 pages
2025-08-16T11:13:21.503Z - info: Site data built
2025-08-16T11:13:21.503Z - info: Pages rebuilt
2025-08-16T11:13:21.503Z - info: Website regeneration complete! Total build time: 1s
2025-08-16T11:13:22.641Z - info: Building /Users/damithch/Repos/nus-cs2103/cs2103-website-base/book/gitAndGithub/createPRs/index as some of its dependencies were changed since the last visit
2025-08-16T11:13:22.760Z - info: Site data built
2025-08-16T11:13:22.760Z - info: Lazy website regeneration complete! Total build time: 0.119s
2025-08-16T11:15:02.966Z - info: [19:15:02] Reload for file change: /Users/damithch/Repos/nus-cs2103/cs2103-website-base/book/common/macros.njk
2025-08-16T11:15:02.968Z - info: Synchronizing opened pages list before reload
2025-08-16T11:15:02.969Z - info: Current opened pages, from most-to-least recent:
2025-08-16T11:15:02.969Z - info: 1. ../book/gitAndGithub/createPRs/index
2025-08-16T11:15:02.969Z - info: 2. schedule/week3/topics
2025-08-16T11:15:03.978Z - info: Rebuilding 1 pages
2025-08-16T11:15:04.926Z - info: Site data built
2025-08-16T11:15:04.926Z - info: Pages rebuilt
2025-08-16T11:15:04.927Z - info: Website regeneration complete! Total build time: 0.952s
2025-08-16T11:15:06.069Z - info: Building /Users/damithch/Repos/nus-cs2103/cs2103-website-base/book/gitAndGithub/createPRs/index as some of its dependencies were changed since the last visit
2025-08-16T11:15:06.170Z - info: Site data built
2025-08-16T11:15:06.170Z - info: Lazy website regeneration complete! Total build time: 0.101s
2025-08-16T11:15:21.413Z - info: [19:15:21] Reload for file change: /Users/damithch/Repos/nus-cs2103/cs2103-website-base/book/common/macros.njk
2025-08-16T11:15:21.414Z - info: Synchronizing opened pages list before reload
2025-08-16T11:15:21.415Z - info: Current opened pages, from most-to-least recent:
2025-08-16T11:15:21.415Z - info: 1. ../book/gitAndGithub/createPRs/index
2025-08-16T11:15:21.415Z - info: 2. schedule/week3/topics
2025-08-16T11:15:22.425Z - info: Rebuilding 1 pages
2025-08-16T11:15:23.491Z - info: Site data built
2025-08-16T11:15:23.491Z - info: Pages rebuilt
2025-08-16T11:15:23.491Z - info: Website regeneration complete! Total build time: 1.068s
2025-08-16T11:15:24.628Z - info: Building /Users/damithch/Repos/nus-cs2103/cs2103-website-base/book/gitAndGithub/createPRs/index as some of its dependencies were changed since the last visit
2025-08-16T11:15:24.719Z - info: Site data built
2025-08-16T11:15:24.719Z - info: Lazy website regeneration complete! Total build time: 0.091s
2025-08-16T11:15:40.888Z - info: [19:15:40] Reload for file change: /Users/damithch/Repos/nus-cs2103/cs2103-website-base/book/common/macros.njk
2025-08-16T11:15:40.891Z - info: Synchronizing opened pages list before reload
2025-08-16T11:15:40.895Z - info: Current opened pages, from most-to-least recent:
2025-08-16T11:15:40.898Z - info: 1. ../book/gitAndGithub/createPRs/index
2025-08-16T11:15:40.899Z - info: 2. schedule/week3/topics
2025-08-16T11:15:41.914Z - info: Rebuilding 1 pages
2025-08-16T11:15:43.051Z - info: Site data built
2025-08-16T11:15:43.051Z - info: Pages rebuilt
2025-08-16T11:15:43.051Z - info: Website regeneration complete! Total build time: 1.139s
2025-08-16T11:15:44.179Z - info: Building /Users/damithch/Repos/nus-cs2103/cs2103-website-base/book/gitAndGithub/createPRs/index as some of its dependencies were changed since the last visit
2025-08-16T11:15:44.274Z - info: Site data built
2025-08-16T11:15:44.274Z - info: Lazy website regeneration complete! Total build time: 0.095s
2025-08-16T11:16:34.364Z - info: [19:16:34] Reload for file change: /Users/damithch/Repos/nus-cs2103/cs2103-website-base/book/gitAndGithub/createPRs/text.md
2025-08-16T11:16:34.371Z - info: Synchronizing opened pages list before reload
2025-08-16T11:16:34.373Z - info: Current opened pages, from most-to-least recent:
2025-08-16T11:16:34.373Z - info: 1. ../book/gitAndGithub/createPRs/index
2025-08-16T11:16:34.373Z - info: 2. schedule/week3/topics
2025-08-16T11:16:35.383Z - info: Rebuilding 1 pages
2025-08-16T11:16:36.342Z - info: Site data built
2025-08-16T11:16:36.342Z - info: Pages rebuilt
2025-08-16T11:16:36.343Z - info: Website regeneration complete! Total build time: 0.962s
2025-08-16T11:16:37.484Z - info: Building /Users/damithch/Repos/nus-cs2103/cs2103-website-base/book/gitAndGithub/createPRs/index as some of its dependencies were changed since the last visit
2025-08-16T11:16:37.589Z - info: Site data built
2025-08-16T11:16:37.589Z - info: Lazy website regeneration complete! Total build time: 0.106s
2025-08-16T11:17:38.514Z - info: [19:17:38] Reload for file change: /Users/damithch/Repos/nus-cs2103/cs2103-website-base/book/gitAndGithub/createPRs/text.md
2025-08-16T11:17:38.516Z - info: Synchronizing opened pages list before reload
2025-08-16T11:17:38.517Z - info: Current opened pages, from most-to-least recent:
2025-08-16T11:17:38.517Z - info: 1. ../book/gitAndGithub/createPRs/index
2025-08-16T11:17:38.517Z - info: 2. schedule/week3/topics
2025-08-16T11:17:38.608Z - info: [19:17:38] Reload for file change: /Users/damithch/Repos/nus-cs2103/cs2103-website-base/book/gitAndGithub/createPRs/text.md
2025-08-16T11:17:38.608Z - info: Synchronizing opened pages list before reload
2025-08-16T11:17:38.608Z - info: Current opened pages, from most-to-least recent:
2025-08-16T11:17:38.608Z - info: 1. ../book/gitAndGithub/createPRs/index
2025-08-16T11:17:38.609Z - info: 2. schedule/week3/topics
2025-08-16T11:17:39.526Z - info: Rebuilding 1 pages
2025-08-16T11:17:40.516Z - info: Site data built
2025-08-16T11:17:40.517Z - info: Pages rebuilt
2025-08-16T11:17:40.517Z - info: Website regeneration complete! Total build time: 0.993s
2025-08-16T11:17:41.656Z - info: Building /Users/damithch/Repos/nus-cs2103/cs2103-website-base/book/gitAndGithub/createPRs/index as some of its dependencies were changed since the last visit
2025-08-16T11:17:41.751Z - info: Site data built
2025-08-16T11:17:41.751Z - info: Lazy website regeneration complete! Total build time: 0.096s
2025-08-16T11:17:57.079Z - info: [19:17:57] Reload for file change: /Users/damithch/Repos/nus-cs2103/cs2103-website-base/book/gitAndGithub/createPRs/text.md
2025-08-16T11:17:57.079Z - info: Synchronizing opened pages list before reload
2025-08-16T11:17:57.080Z - info: Current opened pages, from most-to-least recent:
2025-08-16T11:17:57.080Z - info: 1. ../book/gitAndGithub/createPRs/index
2025-08-16T11:17:58.099Z - info: No pages needed to be rebuilt
2025-08-16T11:18:06.390Z - info: [19:18:06] Reload for file change: /Users/damithch/Repos/nus-cs2103/cs2103-website-base/book/gitAndGithub/createPRs/text.md
2025-08-16T11:18:06.391Z - info: Synchronizing opened pages list before reload
2025-08-16T11:18:06.392Z - info: Current opened pages, from most-to-least recent:
2025-08-16T11:18:06.392Z - info: 1. ../book/gitAndGithub/createPRs/index
2025-08-16T11:18:07.396Z - info: No pages needed to be rebuilt
2025-08-16T11:18:29.819Z - info: [19:18:29] Reload for file change: /Users/damithch/Repos/nus-cs2103/cs2103-website-base/book/gitAndGithub/createPRs/text.md
2025-08-16T11:18:29.824Z - info: Synchronizing opened pages list before reload
2025-08-16T11:18:29.840Z - info: Current opened pages, from most-to-least recent:
2025-08-16T11:18:29.841Z - info: 1. ../book/gitAndGithub/createPRs/index
2025-08-16T11:18:30.855Z - info: No pages needed to be rebuilt
2025-08-16T11:18:30.875Z - info: Building /Users/damithch/Repos/nus-cs2103/cs2103-website-base/book/gitAndGithub/createPRs/index as some of its dependencies were changed since the last visit
2025-08-16T11:18:31.093Z - info: Site data built
2025-08-16T11:18:31.093Z - info: Lazy website regeneration complete! Total build time: 0.218s
2025-08-16T11:21:00.690Z - info: [19:21:00] Reload for file change: /Users/damithch/Repos/nus-cs2103/cs2103-website-base/book/gitAndGithub/createPRs/text.md
2025-08-16T11:21:00.691Z - info: Synchronizing opened pages list before reload
2025-08-16T11:21:00.692Z - info: Current opened pages, from most-to-least recent:
2025-08-16T11:21:00.692Z - info: 1. ../book/gitAndGithub/createPRs/index
2025-08-16T11:21:01.697Z - info: No pages needed to be rebuilt
2025-08-16T11:21:23.492Z - info: [19:21:23] Reload for file change: /Users/damithch/Repos/nus-cs2103/cs2103-website-base/book/gitAndGithub/createPRs/text.md
2025-08-16T11:21:23.492Z - info: Synchronizing opened pages list before reload
2025-08-16T11:21:23.493Z - info: Current opened pages, from most-to-least recent:
2025-08-16T11:21:23.493Z - info: 1. ../book/gitAndGithub/createPRs/index
2025-08-16T11:21:24.502Z - info: No pages needed to be rebuilt
2025-08-16T11:21:33.084Z - info: Building /Users/damithch/Repos/nus-cs2103/cs2103-website-base/book/gitAndGithub/createPRs/index as some of its dependencies were changed since the last visit
2025-08-16T11:21:33.294Z - info: Site data built
2025-08-16T11:21:33.294Z - info: Lazy website regeneration complete! Total build time: 0.21s
2025-08-16T11:24:32.962Z - info: [19:24:32] Reload for file change: /Users/damithch/Repos/nus-cs2103/cs2103-website-base/book/gitAndGithub/createPRs/text.md
2025-08-16T11:24:32.964Z - info: Synchronizing opened pages list before reload
2025-08-16T11:24:32.964Z - info: Current opened pages, from most-to-least recent:
2025-08-16T11:24:32.964Z - info: 1. ../book/gitAndGithub/createPRs/index
2025-08-16T11:24:33.973Z - info: No pages needed to be rebuilt
2025-08-16T11:24:48.502Z - info: [19:24:48] Reload for file change: /Users/damithch/Repos/nus-cs2103/cs2103-website-base/book/gitAndGithub/createPRs/text.md
2025-08-16T11:24:48.503Z - info: Synchronizing opened pages list before reload
2025-08-16T11:24:48.503Z - info: Current opened pages, from most-to-least recent:
2025-08-16T11:24:48.503Z - info: 1. ../book/gitAndGithub/createPRs/index
2025-08-16T11:24:49.515Z - info: No pages needed to be rebuilt
2025-08-16T11:24:55.743Z - info: Building /Users/damithch/Repos/nus-cs2103/cs2103-website-base/book/gitAndGithub/createPRs/index as some of its dependencies were changed since the last visit
2025-08-16T11:24:55.958Z - info: Site data built
2025-08-16T11:24:55.959Z - info: Lazy website regeneration complete! Total build time: 0.217s
2025-08-16T11:26:51.271Z - info: [19:26:51] Reload for file change: /Users/damithch/Repos/nus-cs2103/cs2103-website-base/book/gitAndGithub/createPRs/text.md
2025-08-16T11:26:51.271Z - info: Synchronizing opened pages list before reload
2025-08-16T11:26:51.272Z - info: Current opened pages, from most-to-least recent:
2025-08-16T11:26:51.272Z - info: 1. ../book/gitAndGithub/createPRs/index
2025-08-16T11:26:52.289Z - info: No pages needed to be rebuilt
2025-08-16T11:27:11.397Z - info: Building /Users/damithch/Repos/nus-cs2103/cs2103-website-base/book/gitAndGithub/createPRs/index as some of its dependencies were changed since the last visit
2025-08-16T11:27:11.595Z - info: Site data built
2025-08-16T11:27:11.595Z - info: Lazy website regeneration complete! Total build time: 0.199s
2025-08-16T11:27:50.519Z - info: [19:27:50] Reload for file change: /Users/damithch/Repos/nus-cs2103/cs2103-website-base/book/gitAndGithub/createPRs/text.md
2025-08-16T11:27:50.520Z - info: Synchronizing opened pages list before reload
2025-08-16T11:27:50.520Z - info: Current opened pages, from most-to-least recent:
2025-08-16T11:27:50.521Z - info: 1. ../book/gitAndGithub/createPRs/index
2025-08-16T11:27:51.533Z - info: No pages needed to be rebuilt
2025-08-16T11:28:10.023Z - info: Building /Users/damithch/Repos/nus-cs2103/cs2103-website-base/book/gitAndGithub/createPRs/index as some of its dependencies were changed since the last visit
2025-08-16T11:28:10.227Z - info: Site data built
2025-08-16T11:28:10.227Z - info: Lazy website regeneration complete! Total build time: 0.204s
2025-08-16T11:29:24.276Z - info: [19:29:24] Reload for file change: /Users/damithch/Repos/nus-cs2103/cs2103-website-base/book/gitAndGithub/createPRs/text.md
2025-08-16T11:29:24.277Z - info: Synchronizing opened pages list before reload
2025-08-16T11:29:24.278Z - info: Current opened pages, from most-to-least recent:
2025-08-16T11:29:24.278Z - info: 1. ../book/gitAndGithub/createPRs/index
2025-08-16T11:29:25.292Z - info: No pages needed to be rebuilt
2025-08-16T11:29:47.079Z - info: [19:29:47] Reload for file change: /Users/damithch/Repos/nus-cs2103/cs2103-website-base/book/gitAndGithub/createPRs/text.md
2025-08-16T11:29:47.080Z - info: Synchronizing opened pages list before reload
2025-08-16T11:29:47.080Z - info: Current opened pages, from most-to-least recent:
2025-08-16T11:29:47.080Z - info: 1. ../book/gitAndGithub/createPRs/index
2025-08-16T11:29:48.087Z - info: No pages needed to be rebuilt
2025-08-16T11:29:50.916Z - info: Building /Users/damithch/Repos/nus-cs2103/cs2103-website-base/book/gitAndGithub/createPRs/index as some of its dependencies were changed since the last visit
2025-08-16T11:29:51.079Z - info: Site data built
2025-08-16T11:29:51.079Z - info: Lazy website regeneration complete! Total build time: 0.163s
2025-08-16T11:30:20.920Z - info: [19:30:20] Reload for file change: /Users/damithch/Repos/nus-cs2103/cs2103-website-base/book/gitAndGithub/createPRs/text.md
2025-08-16T11:30:20.920Z - info: Synchronizing opened pages list before reload
2025-08-16T11:30:20.921Z - info: Current opened pages, from most-to-least recent:
2025-08-16T11:30:20.921Z - info: 1. ../book/gitAndGithub/createPRs/index
2025-08-16T11:30:21.932Z - info: No pages needed to be rebuilt
2025-08-16T11:31:00.990Z - info: [19:31:00] Reload for file change: /Users/damithch/Repos/nus-cs2103/cs2103-website-base/book/gitAndGithub/createPRs/text.md
2025-08-16T11:31:00.990Z - info: Synchronizing opened pages list before reload
2025-08-16T11:31:00.991Z - info: Current opened pages, from most-to-least recent:
2025-08-16T11:31:00.991Z - info: 1. ../book/gitAndGithub/createPRs/index
2025-08-16T11:31:02.003Z - info: No pages needed to be rebuilt
2025-08-16T11:31:07.657Z - info: Building /Users/damithch/Repos/nus-cs2103/cs2103-website-base/book/gitAndGithub/createPRs/index as some of its dependencies were changed since the last visit
2025-08-16T11:31:07.841Z - info: Site data built
2025-08-16T11:31:07.841Z - info: Lazy website regeneration complete! Total build time: 0.184s
2025-08-16T11:32:03.323Z - info: [19:32:03] Reload for file change: /Users/damithch/Repos/nus-cs2103/cs2103-website-base/book/gitAndGithub/createPRs/text.md
2025-08-16T11:32:03.324Z - info: Synchronizing opened pages list before reload
2025-08-16T11:32:03.324Z - info: Current opened pages, from most-to-least recent:
2025-08-16T11:32:03.324Z - info: 1. ../book/gitAndGithub/createPRs/index
2025-08-16T11:32:04.330Z - info: No pages needed to be rebuilt
2025-08-16T11:32:27.188Z - info: [19:32:27] Reload for file change: /Users/damithch/Repos/nus-cs2103/cs2103-website-base/book/gitAndGithub/createPRs/text.md
2025-08-16T11:32:27.189Z - info: Synchronizing opened pages list before reload
2025-08-16T11:32:27.190Z - info: Current opened pages, from most-to-least recent:
2025-08-16T11:32:27.190Z - info: 1. ../book/gitAndGithub/createPRs/index
2025-08-16T11:32:28.194Z - info: No pages needed to be rebuilt
2025-08-16T11:32:32.492Z - info: Website generation (lazy) started at 19:32:31
2025-08-16T11:32:33.056Z - warn: ENOENT: no such file or directory, open '/Users/damithch/Repos/nus-cs2103/cs2103-website-base/node_modules/.cache/gh-pages/https!github.com!nus-cs2103-AY2526S1!website.git/book/_markbind/variables.md'
2025-08-16T11:32:33.057Z - warn: ENOENT: no such file or directory, open '/Users/damithch/Repos/nus-cs2103/cs2103-website-base/node_modules/.cache/gh-pages/https!github.com!nus-cs2103-AY2526S1!website.git/_markbind/variables.md'
2025-08-16T11:32:33.078Z - info: Building assets...
2025-08-16T11:32:36.237Z - info: Assets built
2025-08-16T11:32:36.237Z - info: Generating landing page...
2025-08-16T11:32:36.632Z - info: Landing page built, other pages will be built as you navigate to them!
2025-08-16T11:32:36.706Z - info: Site data built
2025-08-16T11:32:36.706Z - info: Website generation (lazy) complete! Total build time: 5.326s
2025-08-16T11:32:36.716Z - info: Serving "/Users/damithch/Repos/nus-cs2103/cs2103-website-base/_site" at http://127.0.0.1:8080
2025-08-16T11:32:36.716Z - info: Press CTRL+C to stop ...
2025-08-16T11:32:40.079Z - info: Building /Users/damithch/Repos/nus-cs2103/cs2103-website-base/schedule/week2/index as some of its dependencies were changed since the last visit
2025-08-16T11:32:40.340Z - info: Site data built
2025-08-16T11:32:40.340Z - info: Lazy website regeneration complete! Total build time: 0.261s
2025-08-16T11:32:42.630Z - info: Building /Users/damithch/Repos/nus-cs2103/cs2103-website-base/schedule/week3/index as some of its dependencies were changed since the last visit
2025-08-16T11:32:43.075Z - info: Site data built
2025-08-16T11:32:43.075Z - info: Lazy website regeneration complete! Total build time: 0.445s
2025-08-16T11:32:45.842Z - info: Building /Users/damithch/Repos/nus-cs2103/cs2103-website-base/schedule/week3/topics as some of its dependencies were changed since the last visit
2025-08-16T11:32:46.780Z - info: Site data built
2025-08-16T11:32:46.780Z - info: Lazy website regeneration complete! Total build time: 0.939s
2025-08-16T11:32:57.322Z - info: Building /Users/damithch/Repos/nus-cs2103/cs2103-website-base/book/gitAndGithub/createPRs/index as some of its dependencies were changed since the last visit
2025-08-16T11:32:57.551Z - info: Site data built
2025-08-16T11:32:57.551Z - info: Lazy website regeneration complete! Total build time: 0.23s
2025-08-16T11:34:14.249Z - info: [19:34:14] Reload for file change: /Users/damithch/Repos/nus-cs2103/cs2103-website-base/book/gitAndGithub/createPRs/text.md
2025-08-16T11:34:14.251Z - info: Synchronizing opened pages list before reload
2025-08-16T11:34:14.252Z - info: Current opened pages, from most-to-least recent:
2025-08-16T11:34:14.253Z - info: 1. ../book/gitAndGithub/createPRs/index
2025-08-16T11:34:14.254Z - info: 2. schedule/week3/topics
2025-08-16T11:34:15.262Z - info: Rebuilding 1 pages
2025-08-16T11:34:16.194Z - info: Site data built
2025-08-16T11:34:16.194Z - info: Pages rebuilt
2025-08-16T11:34:16.194Z - info: Website regeneration complete! Total build time: 0.935s
2025-08-16T11:34:17.334Z - info: Building /Users/damithch/Repos/nus-cs2103/cs2103-website-base/book/gitAndGithub/createPRs/index as some of its dependencies were changed since the last visit
2025-08-16T11:34:17.446Z - info: Site data built
2025-08-16T11:34:17.446Z - info: Lazy website regeneration complete! Total build time: 0.112s
2025-08-16T11:36:11.286Z - info: [19:36:11] Reload for file change: /Users/damithch/Repos/nus-cs2103/cs2103-website-base/book/gitAndGithub/createPRs/text.md
2025-08-16T11:36:11.288Z - info: Synchronizing opened pages list before reload
2025-08-16T11:36:11.289Z - info: Current opened pages, from most-to-least recent:
2025-08-16T11:36:11.289Z - info: 1. ../book/gitAndGithub/createPRs/index
2025-08-16T11:36:11.289Z - info: 2. schedule/week3/topics
2025-08-16T11:36:12.299Z - info: Rebuilding 1 pages
2025-08-16T11:36:13.195Z - info: Site data built
2025-08-16T11:36:13.195Z - info: Pages rebuilt
2025-08-16T11:36:13.195Z - info: Website regeneration complete! Total build time: 0.898s
2025-08-16T11:36:14.334Z - info: Building /Users/damithch/Repos/nus-cs2103/cs2103-website-base/book/gitAndGithub/createPRs/index as some of its dependencies were changed since the last visit
2025-08-16T11:36:14.448Z - info: Site data built
2025-08-16T11:36:14.448Z - info: Lazy website regeneration complete! Total build time: 0.114s
2025-08-16T11:38:17.022Z - info: [19:38:17] Reload for file change: /Users/damithch/Repos/nus-cs2103/cs2103-website-base/book/gitAndGithub/createPRs/text.md
2025-08-16T11:38:17.024Z - info: Synchronizing opened pages list before reload
2025-08-16T11:38:17.025Z - info: Current opened pages, from most-to-least recent:
2025-08-16T11:38:17.025Z - info: 1. ../book/gitAndGithub/createPRs/index
2025-08-16T11:38:17.025Z - info: 2. schedule/week3/topics
2025-08-16T11:38:18.036Z - info: Rebuilding 1 pages
2025-08-16T11:38:18.936Z - info: Site data built
2025-08-16T11:38:18.936Z - info: Pages rebuilt
2025-08-16T11:38:18.936Z - info: Website regeneration complete! Total build time: 0.902s
2025-08-16T11:38:20.077Z - info: Building /Users/damithch/Repos/nus-cs2103/cs2103-website-base/book/gitAndGithub/createPRs/index as some of its dependencies were changed since the last visit
2025-08-16T11:38:20.186Z - info: Site data built
2025-08-16T11:38:20.186Z - info: Lazy website regeneration complete! Total build time: 0.109s
2025-08-16T11:38:50.792Z - info: [19:38:50] Reload for file change: /Users/damithch/Repos/nus-cs2103/cs2103-website-base/book/gitAndGithub/createPRs/text.md
2025-08-16T11:38:50.796Z - info: Synchronizing opened pages list before reload
2025-08-16T11:38:50.798Z - info: Current opened pages, from most-to-least recent:
2025-08-16T11:38:50.799Z - info: 1. ../book/gitAndGithub/createPRs/index
2025-08-16T11:38:50.799Z - info: 2. schedule/week3/topics
2025-08-16T11:38:51.808Z - info: Rebuilding 1 pages
2025-08-16T11:38:52.679Z - info: Site data built
2025-08-16T11:38:52.679Z - info: Pages rebuilt
2025-08-16T11:38:52.679Z - info: Website regeneration complete! Total build time: 0.874s
2025-08-16T11:38:53.801Z - info: Building /Users/damithch/Repos/nus-cs2103/cs2103-website-base/book/gitAndGithub/createPRs/index as some of its dependencies were changed since the last visit
2025-08-16T11:38:53.899Z - info: Site data built
2025-08-16T11:38:53.899Z - info: Lazy website regeneration complete! Total build time: 0.098s
2025-08-16T11:41:56.649Z - info: [19:41:56] Reload for file change: /Users/damithch/Repos/nus-cs2103/cs2103-website-base/book/gitAndGithub/createPRs/text.md
2025-08-16T11:41:56.652Z - info: Synchronizing opened pages list before reload
2025-08-16T11:41:56.653Z - info: Current opened pages, from most-to-least recent:
2025-08-16T11:41:56.654Z - info: 1. ../book/gitAndGithub/createPRs/index
2025-08-16T11:41:56.654Z - info: 2. schedule/week3/topics
2025-08-16T11:41:57.664Z - info: Rebuilding 1 pages
2025-08-16T11:41:58.619Z - info: Site data built
2025-08-16T11:41:58.619Z - info: Pages rebuilt
2025-08-16T11:41:58.619Z - info: Website regeneration complete! Total build time: 0.958s
2025-08-16T11:41:59.743Z - info: Building /Users/damithch/Repos/nus-cs2103/cs2103-website-base/book/gitAndGithub/createPRs/index as some of its dependencies were changed since the last visit
2025-08-16T11:41:59.842Z - info: Site data built
2025-08-16T11:41:59.842Z - info: Lazy website regeneration complete! Total build time: 0.099s
2025-08-16T11:47:31.511Z - info: [19:47:31] Reload for file change: /Users/damithch/Repos/nus-cs2103/cs2103-website-base/book/gitAndGithub/createPRs/text.md
2025-08-16T11:47:31.516Z - info: Synchronizing opened pages list before reload
2025-08-16T11:47:31.518Z - info: Current opened pages, from most-to-least recent:
2025-08-16T11:47:31.519Z - info: 1. ../book/gitAndGithub/createPRs/index
2025-08-16T11:47:31.519Z - info: 2. schedule/week3/topics
2025-08-16T11:47:32.533Z - info: Rebuilding 1 pages
2025-08-16T11:47:33.577Z - info: Site data built
2025-08-16T11:47:33.577Z - info: Pages rebuilt
2025-08-16T11:47:33.577Z - info: Website regeneration complete! Total build time: 1.046s
2025-08-16T11:47:34.708Z - info: Building /Users/damithch/Repos/nus-cs2103/cs2103-website-base/book/gitAndGithub/createPRs/index as some of its dependencies were changed since the last visit
2025-08-16T11:47:34.823Z - info: Site data built
2025-08-16T11:47:34.823Z - info: Lazy website regeneration complete! Total build time: 0.116s
2025-08-16T11:50:31.213Z - info: [19:50:31] Reload for file change: /Users/damithch/Repos/nus-cs2103/cs2103-website-base/book/gitAndGithub/createPRs/text.md
2025-08-16T11:50:31.215Z - info: Synchronizing opened pages list before reload
2025-08-16T11:50:31.216Z - info: Current opened pages, from most-to-least recent:
2025-08-16T11:50:31.216Z - info: 1. ../book/gitAndGithub/createPRs/index
2025-08-16T11:50:31.216Z - info: 2. schedule/week3/topics
2025-08-16T11:50:32.228Z - info: Rebuilding 1 pages
2025-08-16T11:50:33.182Z - info: Site data built
2025-08-16T11:50:33.182Z - info: Pages rebuilt
2025-08-16T11:50:33.182Z - info: Website regeneration complete! Total build time: 0.96s
2025-08-16T11:50:34.325Z - info: Building /Users/damithch/Repos/nus-cs2103/cs2103-website-base/book/gitAndGithub/createPRs/index as some of its dependencies were changed since the last visit
2025-08-16T11:50:34.439Z - info: Site data built
2025-08-16T11:50:34.439Z - info: Lazy website regeneration complete! Total build time: 0.114s
2025-08-16T11:50:51.288Z - info: [19:50:51] Reload for file change: /Users/damithch/Repos/nus-cs2103/cs2103-website-base/book/gitAndGithub/createPRs/text.md
2025-08-16T11:50:51.289Z - info: Synchronizing opened pages list before reload
2025-08-16T11:50:51.289Z - info: Current opened pages, from most-to-least recent:
2025-08-16T11:50:51.290Z - info: 1. ../book/gitAndGithub/createPRs/index
2025-08-16T11:50:51.290Z - info: 2. schedule/week3/topics
2025-08-16T11:50:52.296Z - info: Rebuilding 1 pages
2025-08-16T11:50:53.263Z - info: Site data built
2025-08-16T11:50:53.263Z - info: Pages rebuilt
2025-08-16T11:50:53.263Z - info: Website regeneration complete! Total build time: 0.969s
2025-08-16T11:50:54.396Z - info: Building /Users/damithch/Repos/nus-cs2103/cs2103-website-base/book/gitAndGithub/createPRs/index as some of its dependencies were changed since the last visit
2025-08-16T11:50:54.501Z - info: Site data built
2025-08-16T11:50:54.501Z - info: Lazy website regeneration complete! Total build time: 0.105s
2025-08-16T11:58:21.771Z - info: [19:58:21] Reload for file change: /Users/damithch/Repos/nus-cs2103/cs2103-website-base/book/common/macros.njk
2025-08-16T11:58:21.773Z - info: Synchronizing opened pages list before reload
2025-08-16T11:58:21.775Z - info: Current opened pages, from most-to-least recent:
2025-08-16T11:58:21.775Z - info: 1. ../book/gitAndGithub/createPRs/index
2025-08-16T11:58:21.775Z - info: 2. schedule/week3/topics
2025-08-16T11:58:22.783Z - info: Rebuilding 1 pages
2025-08-16T11:58:23.807Z - info: Site data built
2025-08-16T11:58:23.807Z - info: Pages rebuilt
2025-08-16T11:58:23.807Z - info: Website regeneration complete! Total build time: 1.027s
2025-08-16T11:58:24.931Z - info: Building /Users/damithch/Repos/nus-cs2103/cs2103-website-base/book/gitAndGithub/createPRs/index as some of its dependencies were changed since the last visit
2025-08-16T11:58:25.032Z - info: Site data built
2025-08-16T11:58:25.032Z - info: Lazy website regeneration complete! Total build time: 0.101s
2025-08-16T11:58:38.912Z - info: Building /Users/damithch/Repos/nus-cs2103/cs2103-website-base/book/gitAndGithub/branch/index as some of its dependencies were changed since the last visit
2025-08-16T11:58:39.099Z - info: Site data built
2025-08-16T11:58:39.099Z - info: Lazy website regeneration complete! Total build time: 0.188s
2025-08-16T11:58:47.182Z - info: Building /Users/damithch/Repos/nus-cs2103/cs2103-website-base/book/gitAndGithub/merge/index as some of its dependencies were changed since the last visit
2025-08-16T11:58:47.346Z - info: Site data built
2025-08-16T11:58:47.346Z - info: Lazy website regeneration complete! Total build time: 0.164s
2025-08-16T12:01:30.127Z - info: [20:01:30] Reload for file change: /Users/damithch/Repos/nus-cs2103/cs2103-website-base/book/common/macros.njk
2025-08-16T12:01:30.129Z - info: Synchronizing opened pages list before reload
2025-08-16T12:01:30.129Z - info: Current opened pages, from most-to-least recent:
2025-08-16T12:01:30.130Z - info: 1. book/gitAndGithub/merge/index
2025-08-16T12:01:30.130Z - info: 2. ../book/gitAndGithub/createPRs/index
2025-08-16T12:01:30.130Z - info: 3. schedule/week3/topics
2025-08-16T12:01:31.137Z - info: Rebuilding 2 pages
2025-08-16T12:01:32.228Z - info: Site data built
2025-08-16T12:01:32.228Z - info: Pages rebuilt
2025-08-16T12:01:32.228Z - info: Website regeneration complete! Total build time: 1.093s
2025-08-16T12:01:33.269Z - info: Building /Users/damithch/Repos/nus-cs2103/cs2103-website-base/book/gitAndGithub/createPRs/index as some of its dependencies were changed since the last visit
2025-08-16T12:01:33.376Z - info: Site data built
2025-08-16T12:01:33.376Z - info: Lazy website regeneration complete! Total build time: 0.107s
2025-08-16T12:04:45.008Z - info: [20:04:45] Reload for file change: /Users/damithch/Repos/nus-cs2103/cs2103-website-base/book/gitAndGithub/createPRs/text.md
2025-08-16T12:04:45.009Z - info: Synchronizing opened pages list before reload
2025-08-16T12:04:45.010Z - info: Current opened pages, from most-to-least recent:
2025-08-16T12:04:45.010Z - info: 1. book/gitAndGithub/merge/index
2025-08-16T12:04:45.010Z - info: 2. ../book/gitAndGithub/createPRs/index
2025-08-16T12:04:45.010Z - info: 3. schedule/week3/topics
2025-08-16T12:04:46.016Z - info: Rebuilding 1 pages
2025-08-16T12:04:46.393Z - error: No such file: /Users/damithch/Repos/nus-cs2103/cs2103-website-base/book/gitAndGithub/createPRs/xyz
Missing reference in /Users/damithch/Repos/nus-cs2103/cs2103-website-base/book/gitAndGithub/createPRs/text.md
2025-08-16T12:04:47.027Z - info: Site data built
2025-08-16T12:04:47.027Z - info: Pages rebuilt
2025-08-16T12:04:47.028Z - info: Website regeneration complete! Total build time: 1.013s
2025-08-16T12:04:48.174Z - info: Building /Users/damithch/Repos/nus-cs2103/cs2103-website-base/book/gitAndGithub/createPRs/index as some of its dependencies were changed since the last visit
2025-08-16T12:04:48.218Z - error: No such file: /Users/damithch/Repos/nus-cs2103/cs2103-website-base/book/gitAndGithub/createPRs/xyz
Missing reference in /Users/damithch/Repos/nus-cs2103/cs2103-website-base/book/gitAndGithub/createPRs/text.md
2025-08-16T12:04:48.293Z - info: Site data built
2025-08-16T12:04:48.293Z - info: Lazy website regeneration complete! Total build time: 0.12s
2025-08-16T12:05:17.644Z - info: [20:05:17] Reload for file change: /Users/damithch/Repos/nus-cs2103/cs2103-website-base/book/gitAndGithub/createPRs/text.md
2025-08-16T12:05:17.645Z - info: Synchronizing opened pages list before reload
2025-08-16T12:05:17.646Z - info: Current opened pages, from most-to-least recent:
2025-08-16T12:05:17.646Z - info: 1. ../book/gitAndGithub/createPRs/index
2025-08-16T12:05:17.646Z - info: 2. book/gitAndGithub/merge/index
2025-08-16T12:05:17.646Z - info: 3. schedule/week3/topics
2025-08-16T12:05:18.658Z - info: Rebuilding 1 pages
2025-08-16T12:05:19.057Z - error: No such file: /Users/damithch/Repos/nus-cs2103/cs2103-website-base/book/gitAndGithub/createPRs/xyz
Missing reference in /Users/damithch/Repos/nus-cs2103/cs2103-website-base/book/gitAndGithub/createPRs/text.md
2025-08-16T12:05:19.699Z - info: Site data built
2025-08-16T12:05:19.699Z - info: Pages rebuilt
2025-08-16T12:05:19.699Z - info: Website regeneration complete! Total build time: 1.043s
2025-08-16T12:05:20.825Z - info: Building /Users/damithch/Repos/nus-cs2103/cs2103-website-base/book/gitAndGithub/createPRs/index as some of its dependencies were changed since the last visit
2025-08-16T12:05:20.867Z - error: No such file: /Users/damithch/Repos/nus-cs2103/cs2103-website-base/book/gitAndGithub/createPRs/xyz
Missing reference in /Users/damithch/Repos/nus-cs2103/cs2103-website-base/book/gitAndGithub/createPRs/text.md
2025-08-16T12:05:20.926Z - info: Site data built
2025-08-16T12:05:20.926Z - info: Lazy website regeneration complete! Total build time: 0.101s
2025-08-16T12:07:03.650Z - info: [20:07:03] Reload for file add: /Users/damithch/Repos/nus-cs2103/cs2103-website-base/book/gitAndGithub/createPRs/detour-resolvePrConflict-fragment.md
2025-08-16T12:07:03.652Z - info: Synchronizing opened pages list before reload
2025-08-16T12:07:03.652Z - info: Current opened pages, from most-to-least recent:
2025-08-16T12:07:03.652Z - info: 1. ../book/gitAndGithub/createPRs/index
2025-08-16T12:07:03.652Z - info: 2. book/gitAndGithub/merge/index
2025-08-16T12:07:03.652Z - info: 3. schedule/week3/topics
2025-08-16T12:07:04.812Z - info: Assets built
2025-08-16T12:07:23.282Z - info: [20:07:23] Reload for file change: /Users/damithch/Repos/nus-cs2103/cs2103-website-base/book/gitAndGithub/createPRs/text.md
2025-08-16T12:07:23.283Z - info: Synchronizing opened pages list before reload
2025-08-16T12:07:23.283Z - info: Current opened pages, from most-to-least recent:
2025-08-16T12:07:23.283Z - info: 1. ../book/gitAndGithub/createPRs/index
2025-08-16T12:07:23.283Z - info: 2. book/gitAndGithub/merge/index
2025-08-16T12:07:23.283Z - info: 3. schedule/week3/topics
2025-08-16T12:07:24.304Z - info: Rebuilding 1 pages
2025-08-16T12:07:25.278Z - info: Site data built
2025-08-16T12:07:25.278Z - info: Pages rebuilt
2025-08-16T12:07:25.278Z - info: Website regeneration complete! Total build time: 0.979s
2025-08-16T12:07:26.416Z - info: Building /Users/damithch/Repos/nus-cs2103/cs2103-website-base/book/gitAndGithub/createPRs/index as some of its dependencies were changed since the last visit
2025-08-16T12:07:26.531Z - info: Site data built
2025-08-16T12:07:26.531Z - info: Lazy website regeneration complete! Total build time: 0.116s
2025-08-16T12:08:07.184Z - info: [20:08:07] Reload for file change: /Users/damithch/Repos/nus-cs2103/cs2103-website-base/book/gitAndGithub/createPRs/text.md
2025-08-16T12:08:07.188Z - info: Synchronizing opened pages list before reload
2025-08-16T12:08:07.190Z - info: Current opened pages, from most-to-least recent:
2025-08-16T12:08:07.190Z - info: 1. ../book/gitAndGithub/createPRs/index
2025-08-16T12:08:07.190Z - info: 2. book/gitAndGithub/merge/index
2025-08-16T12:08:07.191Z - info: 3. schedule/week3/topics
2025-08-16T12:08:07.219Z - info: [20:08:07] Reload for file change: /Users/damithch/Repos/nus-cs2103/cs2103-website-base/book/gitAndGithub/createPRs/detour-resolvePrConflict-fragment.md
2025-08-16T12:08:07.219Z - info: Synchronizing opened pages list before reload
2025-08-16T12:08:07.219Z - info: Current opened pages, from most-to-least recent:
2025-08-16T12:08:07.219Z - info: 1. ../book/gitAndGithub/createPRs/index
2025-08-16T12:08:07.219Z - info: 2. book/gitAndGithub/merge/index
2025-08-16T12:08:07.219Z - info: 3. schedule/week3/topics
2025-08-16T12:08:08.221Z - info: Rebuilding 1 pages
2025-08-16T12:08:09.233Z - info: Site data built
2025-08-16T12:08:09.233Z - info: Pages rebuilt
2025-08-16T12:08:09.233Z - info: Website regeneration complete! Total build time: 1.016s
2025-08-16T12:08:10.362Z - info: Building /Users/damithch/Repos/nus-cs2103/cs2103-website-base/book/gitAndGithub/createPRs/index as some of its dependencies were changed since the last visit
2025-08-16T12:08:10.471Z - info: Site data built
2025-08-16T12:08:10.471Z - info: Lazy website regeneration complete! Total build time: 0.109s
2025-08-16T12:10:00.868Z - info: [20:10:00] Reload for file change: /Users/damithch/Repos/nus-cs2103/cs2103-website-base/book/gitAndGithub/createPRs/detour-resolvePrConflict-fragment.md
2025-08-16T12:10:00.873Z - info: Synchronizing opened pages list before reload
2025-08-16T12:10:00.875Z - info: Current opened pages, from most-to-least recent:
2025-08-16T12:10:00.875Z - info: 1. ../book/gitAndGithub/createPRs/index
2025-08-16T12:10:00.875Z - info: 2. book/gitAndGithub/merge/index
2025-08-16T12:10:00.875Z - info: 3. schedule/week3/topics
2025-08-16T12:10:01.883Z - info: Rebuilding 1 pages
2025-08-16T12:10:02.956Z - info: Site data built
2025-08-16T12:10:02.956Z - info: Pages rebuilt
2025-08-16T12:10:02.956Z - info: Website regeneration complete! Total build time: 1.076s
2025-08-16T12:10:04.088Z - info: Building /Users/damithch/Repos/nus-cs2103/cs2103-website-base/book/gitAndGithub/createPRs/index as some of its dependencies were changed since the last visit
2025-08-16T12:10:04.198Z - info: Site data built
2025-08-16T12:10:04.198Z - info: Lazy website regeneration complete! Total build time: 0.11s
2025-08-16T12:10:28.126Z - info: [20:10:28] Reload for file change: /Users/damithch/Repos/nus-cs2103/cs2103-website-base/book/gitAndGithub/createPRs/detour-resolvePrConflict-fragment.md
2025-08-16T12:10:28.126Z - info: Synchronizing opened pages list before reload
2025-08-16T12:10:28.126Z - info: Current opened pages, from most-to-least recent:
2025-08-16T12:10:28.126Z - info: 1. ../book/gitAndGithub/createPRs/index
2025-08-16T12:10:28.127Z - info: 2. book/gitAndGithub/merge/index
2025-08-16T12:10:28.127Z - info: 3. schedule/week3/topics
2025-08-16T12:10:29.142Z - info: Rebuilding 1 pages
2025-08-16T12:10:30.148Z - info: Site data built
2025-08-16T12:10:30.148Z - info: Pages rebuilt
2025-08-16T12:10:30.148Z - info: Website regeneration complete! Total build time: 1.008s
2025-08-16T12:10:31.279Z - info: Building /Users/damithch/Repos/nus-cs2103/cs2103-website-base/book/gitAndGithub/createPRs/index as some of its dependencies were changed since the last visit
2025-08-16T12:10:31.381Z - info: Site data built
2025-08-16T12:10:31.381Z - info: Lazy website regeneration complete! Total build time: 0.103s
2025-08-16T12:11:52.327Z - info: [20:11:52] Reload for file change: /Users/damithch/Repos/nus-cs2103/cs2103-website-base/book/gitAndGithub/createPRs/detour-resolvePrConflict-fragment.md
2025-08-16T12:11:52.329Z - info: Synchronizing opened pages list before reload
2025-08-16T12:11:52.332Z - info: Current opened pages, from most-to-least recent:
2025-08-16T12:11:52.333Z - info: 1. ../book/gitAndGithub/createPRs/index
2025-08-16T12:11:52.333Z - info: 2. book/gitAndGithub/merge/index
2025-08-16T12:11:52.333Z - info: 3. schedule/week3/topics
2025-08-16T12:11:52.424Z - info: [20:11:52] Reload for file change: /Users/damithch/Repos/nus-cs2103/cs2103-website-base/book/gitAndGithub/createPRs/text.md
2025-08-16T12:11:52.424Z - info: Synchronizing opened pages list before reload
2025-08-16T12:11:52.424Z - info: Current opened pages, from most-to-least recent:
2025-08-16T12:11:52.424Z - info: 1. ../book/gitAndGithub/createPRs/index
2025-08-16T12:11:52.424Z - info: 2. book/gitAndGithub/merge/index
2025-08-16T12:11:52.424Z - info: 3. schedule/week3/topics
2025-08-16T12:11:53.359Z - info: Rebuilding 1 pages
2025-08-16T12:11:54.461Z - info: Site data built
2025-08-16T12:11:54.461Z - info: Pages rebuilt
2025-08-16T12:11:54.461Z - info: Website regeneration complete! Total build time: 1.104s
2025-08-16T12:11:55.592Z - info: Building /Users/damithch/Repos/nus-cs2103/cs2103-website-base/book/gitAndGithub/createPRs/index as some of its dependencies were changed since the last visit
2025-08-16T12:11:55.701Z - info: Site data built
2025-08-16T12:11:55.701Z - info: Lazy website regeneration complete! Total build time: 0.109s
2025-08-16T12:13:10.990Z - info: [20:13:10] Reload for file change: /Users/damithch/Repos/nus-cs2103/cs2103-website-base/book/gitAndGithub/createPRs/resources.md
2025-08-16T12:13:10.993Z - info: Synchronizing opened pages list before reload
2025-08-16T12:13:10.995Z - info: Current opened pages, from most-to-least recent:
2025-08-16T12:13:10.995Z - info: 1. ../book/gitAndGithub/createPRs/index
2025-08-16T12:13:10.995Z - info: 2. book/gitAndGithub/merge/index
2025-08-16T12:13:10.996Z - info: 3. schedule/week3/topics
2025-08-16T12:13:11.001Z - info: [20:13:11] Reload for file change: /Users/damithch/Repos/nus-cs2103/cs2103-website-base/book/gitAndGithub/createPRs/text.md
2025-08-16T12:13:11.001Z - info: Synchronizing opened pages list before reload
2025-08-16T12:13:11.001Z - info: Current opened pages, from most-to-least recent:
2025-08-16T12:13:11.001Z - info: 1. ../book/gitAndGithub/createPRs/index
2025-08-16T12:13:11.001Z - info: 2. book/gitAndGithub/merge/index
2025-08-16T12:13:11.001Z - info: 3. schedule/week3/topics
2025-08-16T12:13:12.008Z - info: Rebuilding 1 pages
2025-08-16T12:13:12.360Z - warn: Empty file included in /Users/damithch/Repos/nus-cs2103/cs2103-website-base/book/gitAndGithub/createPRs/resourcesPanel.md:
File: /Users/damithch/Repos/nus-cs2103/cs2103-website-base/book/gitAndGithub/createPRs/resources.md is empty or contains only whitespace
2025-08-16T12:13:13.000Z - info: Site data built
2025-08-16T12:13:13.000Z - info: Pages rebuilt
2025-08-16T12:13:13.000Z - info: Website regeneration complete! Total build time: 0.997s
2025-08-16T12:13:14.137Z - info: Building /Users/damithch/Repos/nus-cs2103/cs2103-website-base/book/gitAndGithub/createPRs/index as some of its dependencies were changed since the last visit
2025-08-16T12:13:14.176Z - warn: Empty file included in /Users/damithch/Repos/nus-cs2103/cs2103-website-base/book/gitAndGithub/createPRs/resourcesPanel.md:
File: /Users/damithch/Repos/nus-cs2103/cs2103-website-base/book/gitAndGithub/createPRs/resources.md is empty or contains only whitespace
2025-08-16T12:13:14.243Z - info: Site data built
2025-08-16T12:13:14.243Z - info: Lazy website regeneration complete! Total build time: 0.106s
2025-08-16T12:13:30.178Z - info: [20:13:30] Reload for file deletion: /Users/damithch/Repos/nus-cs2103/cs2103-website-base/book/gitAndGithub/createPRs/resources.md
2025-08-16T12:13:30.178Z - info: Synchronizing opened pages list before reload
2025-08-16T12:13:30.178Z - info: Current opened pages, from most-to-least recent:
2025-08-16T12:13:30.179Z - info: 1. ../book/gitAndGithub/createPRs/index
2025-08-16T12:13:30.179Z - info: 2. book/gitAndGithub/merge/index
2025-08-16T12:13:30.179Z - info: 3. schedule/week3/topics
2025-08-16T12:13:31.306Z - info: Pages or site config modified, updating pages...
2025-08-16T12:13:32.447Z - info: Building /Users/damithch/Repos/nus-cs2103/book/gitAndGithub/createPRs/index as some of its dependencies were changed since the last visit
2025-08-16T12:13:32.447Z - info: Building /Users/damithch/Repos/nus-cs2103/cs2103-website-base/book/gitAndGithub/merge/index as some of its dependencies were changed since the last visit
2025-08-16T12:13:32.447Z - info: Building /Users/damithch/Repos/nus-cs2103/cs2103-website-base/schedule/week3/topics as some of its dependencies were changed since the last visit
2025-08-16T12:13:32.781Z - error: No such file: /Users/damithch/Repos/nus-cs2103/cs2103-website-base/book/gitAndGithub/createPRs/resources.md
Missing reference in /Users/damithch/Repos/nus-cs2103/cs2103-website-base/book/gitAndGithub/createPRs/resourcesPanel.md
2025-08-16T12:13:33.519Z - info: Site data built
2025-08-16T12:13:33.519Z - info: Lazy website regeneration complete! Total build time: 1.073s
2025-08-16T12:13:34.636Z - info: Building /Users/damithch/Repos/nus-cs2103/cs2103-website-base/book/gitAndGithub/createPRs/index as some of its dependencies were changed since the last visit
2025-08-16T12:13:34.670Z - error: No such file: /Users/damithch/Repos/nus-cs2103/cs2103-website-base/book/gitAndGithub/createPRs/resources.md
Missing reference in /Users/damithch/Repos/nus-cs2103/cs2103-website-base/book/gitAndGithub/createPRs/resourcesPanel.md
2025-08-16T12:13:34.737Z - info: Site data built
2025-08-16T12:13:34.737Z - info: Lazy website regeneration complete! Total build time: 0.102s
2025-08-16T12:13:41.906Z - info: [20:13:41] Reload for file change: /Users/damithch/Repos/nus-cs2103/cs2103-website-base/book/gitAndGithub/createPRs/text.md
2025-08-16T12:13:41.907Z - info: Synchronizing opened pages list before reload
2025-08-16T12:13:41.907Z - info: Current opened pages, from most-to-least recent:
2025-08-16T12:13:41.907Z - info: 1. ../book/gitAndGithub/createPRs/index
2025-08-16T12:13:41.907Z - info: 2. book/gitAndGithub/merge/index
2025-08-16T12:13:41.907Z - info: 3. schedule/week3/topics
2025-08-16T12:13:42.920Z - info: Rebuilding 1 pages
2025-08-16T12:13:43.936Z - info: Site data built
2025-08-16T12:13:43.936Z - info: Pages rebuilt
2025-08-16T12:13:43.936Z - info: Website regeneration complete! Total build time: 1.018s
2025-08-16T12:13:45.070Z - info: Building /Users/damithch/Repos/nus-cs2103/cs2103-website-base/book/gitAndGithub/createPRs/index as some of its dependencies were changed since the last visit
2025-08-16T12:13:45.185Z - info: Site data built
2025-08-16T12:13:45.185Z - info: Lazy website regeneration complete! Total build time: 0.115s
2025-08-16T12:14:47.344Z - info: [20:14:47] Reload for file add: /Users/damithch/Repos/nus-cs2103/cs2103-website-base/book/gitAndGithub/createPRs/detour-prFromOtherBranches-fragment.md
2025-08-16T12:14:47.345Z - info: Synchronizing opened pages list before reload
2025-08-16T12:14:47.346Z - info: Current opened pages, from most-to-least recent:
2025-08-16T12:14:47.346Z - info: 1. ../book/gitAndGithub/createPRs/index
2025-08-16T12:14:47.346Z - info: 2. book/gitAndGithub/merge/index
2025-08-16T12:14:47.346Z - info: 3. schedule/week3/topics
2025-08-16T12:14:48.500Z - info: Assets built
2025-08-16T12:15:21.615Z - info: [20:15:21] Reload for file change: /Users/damithch/Repos/nus-cs2103/cs2103-website-base/book/gitAndGithub/createPRs/text.md
2025-08-16T12:15:21.615Z - info: Synchronizing opened pages list before reload
2025-08-16T12:15:21.615Z - info: Current opened pages, from most-to-least recent:
2025-08-16T12:15:21.616Z - info: 1. ../book/gitAndGithub/createPRs/index
2025-08-16T12:15:21.616Z - info: 2. book/gitAndGithub/merge/index
2025-08-16T12:15:21.616Z - info: 3. schedule/week3/topics
2025-08-16T12:15:22.622Z - info: Rebuilding 1 pages
2025-08-16T12:15:23.612Z - info: Site data built
2025-08-16T12:15:23.612Z - info: Pages rebuilt
2025-08-16T12:15:23.612Z - info: Website regeneration complete! Total build time: 0.992s
2025-08-16T12:15:24.750Z - info: Building /Users/damithch/Repos/nus-cs2103/cs2103-website-base/book/gitAndGithub/createPRs/index as some of its dependencies were changed since the last visit
2025-08-16T12:15:24.865Z - info: Site data built
2025-08-16T12:15:24.865Z - info: Lazy website regeneration complete! Total build time: 0.115s
2025-08-16T12:17:51.858Z - info: [20:17:51] Reload for file change: /Users/damithch/Repos/nus-cs2103/cs2103-website-base/book/gitAndGithub/createPRs/text.md
2025-08-16T12:17:51.861Z - info: Synchronizing opened pages list before reload
2025-08-16T12:17:51.862Z - info: Current opened pages, from most-to-least recent:
2025-08-16T12:17:51.862Z - info: 1. ../book/gitAndGithub/createPRs/index
2025-08-16T12:17:51.862Z - info: 2. book/gitAndGithub/merge/index
2025-08-16T12:17:51.863Z - info: 3. schedule/week3/topics
2025-08-16T12:17:51.869Z - info: [20:17:51] Reload for file change: /Users/damithch/Repos/nus-cs2103/cs2103-website-base/book/gitAndGithub/createPRs/detour-prFromOtherBranches-fragment.md
2025-08-16T12:17:51.869Z - info: Synchronizing opened pages list before reload
2025-08-16T12:17:51.870Z - info: Current opened pages, from most-to-least recent:
2025-08-16T12:17:51.870Z - info: 1. ../book/gitAndGithub/createPRs/index
2025-08-16T12:17:51.870Z - info: 2. book/gitAndGithub/merge/index
2025-08-16T12:17:51.870Z - info: 3. schedule/week3/topics
2025-08-16T12:17:52.873Z - info: Rebuilding 1 pages
2025-08-16T12:17:53.786Z - info: Assets built
2025-08-16T12:17:53.871Z - info: Site data built
2025-08-16T12:17:53.871Z - info: Pages rebuilt
2025-08-16T12:17:53.872Z - info: Website regeneration complete! Total build time: 1.001s
2025-08-16T12:17:55.006Z - info: Building /Users/damithch/Repos/nus-cs2103/cs2103-website-base/book/gitAndGithub/createPRs/index as some of its dependencies were changed since the last visit
2025-08-16T12:17:55.124Z - info: Site data built
2025-08-16T12:17:55.124Z - info: Lazy website regeneration complete! Total build time: 0.118s
2025-08-16T12:18:25.292Z - info: [20:18:25] Reload for file change: /Users/damithch/Repos/nus-cs2103/cs2103-website-base/book/gitAndGithub/createPRs/text.md
2025-08-16T12:18:25.294Z - info: Synchronizing opened pages list before reload
2025-08-16T12:18:25.296Z - info: Current opened pages, from most-to-least recent:
2025-08-16T12:18:25.296Z - info: 1. ../book/gitAndGithub/createPRs/index
2025-08-16T12:18:25.296Z - info: 2. book/gitAndGithub/merge/index
2025-08-16T12:18:25.296Z - info: 3. schedule/week3/topics
2025-08-16T12:18:26.308Z - info: Rebuilding 1 pages
2025-08-16T12:18:27.337Z - info: Site data built
2025-08-16T12:18:27.337Z - info: Pages rebuilt
2025-08-16T12:18:27.337Z - info: Website regeneration complete! Total build time: 1.033s
2025-08-16T12:18:28.467Z - info: Building /Users/damithch/Repos/nus-cs2103/cs2103-website-base/book/gitAndGithub/createPRs/index as some of its dependencies were changed since the last visit
2025-08-16T12:18:28.575Z - info: Site data built
2025-08-16T12:18:28.575Z - info: Lazy website regeneration complete! Total build time: 0.108s
2025-08-16T12:21:10.726Z - info: [20:21:10] Reload for file change: /Users/damithch/Repos/nus-cs2103/cs2103-website-base/book/gitAndGithub/createPRs/text.md
2025-08-16T12:21:10.727Z - info: Synchronizing opened pages list before reload
2025-08-16T12:21:10.728Z - info: Current opened pages, from most-to-least recent:
2025-08-16T12:21:10.728Z - info: 1. ../book/gitAndGithub/createPRs/index
2025-08-16T12:21:10.728Z - info: 2. book/gitAndGithub/merge/index
2025-08-16T12:21:10.729Z - info: 3. schedule/week3/topics
2025-08-16T12:21:11.741Z - info: Rebuilding 1 pages
2025-08-16T12:21:12.713Z - info: Site data built
2025-08-16T12:21:12.713Z - info: Pages rebuilt
2025-08-16T12:21:12.713Z - info: Website regeneration complete! Total build time: 0.974s
2025-08-16T12:21:13.846Z - info: Building /Users/damithch/Repos/nus-cs2103/cs2103-website-base/book/gitAndGithub/createPRs/index as some of its dependencies were changed since the last visit
2025-08-16T12:21:13.947Z - info: Site data built
2025-08-16T12:21:13.947Z - info: Lazy website regeneration complete! Total build time: 0.101s
2025-08-16T12:23:45.149Z - info: Building /Users/damithch/Repos/nus-cs2103/cs2103-website-base/schedule/week3/index as some of its dependencies were changed since the last visit
2025-08-16T12:23:45.588Z - info: Site data built
2025-08-16T12:23:45.588Z - info: Lazy website regeneration complete! Total build time: 0.44s
2025-08-16T12:26:51.533Z - info: [20:26:51] Reload for file change: /Users/damithch/Repos/nus-cs2103/cs2103-website-base/book/gitAndGithub/branchDelete/text.md
2025-08-16T12:26:51.544Z - info: Synchronizing opened pages list before reload
2025-08-16T12:26:51.545Z - info: Current opened pages, from most-to-least recent:
2025-08-16T12:26:51.545Z - info: 1. schedule/week3/topics
2025-08-16T12:26:51.545Z - info: 2. ../book/gitAndGithub/createPRs/index
2025-08-16T12:26:52.568Z - info: Rebuilding 1 pages
2025-08-16T12:26:53.566Z - info: Site data built
2025-08-16T12:26:53.566Z - info: Pages rebuilt
2025-08-16T12:26:53.566Z - info: Website regeneration complete! Total build time: 1.004s
2025-08-16T12:27:04.509Z - info: Building /Users/damithch/Repos/nus-cs2103/cs2103-website-base/book/gitAndGithub/branchDelete/index as some of its dependencies were changed since the last visit
2025-08-16T12:27:04.661Z - info: Site data built
2025-08-16T12:27:04.662Z - info: Lazy website regeneration complete! Total build time: 0.153s
2025-08-16T12:30:46.068Z - info: Website generation started at 20:30:44
2025-08-16T12:30:46.507Z - warn: ENOENT: no such file or directory, open '/Users/damithch/Repos/nus-cs2103/cs2103-website-base/node_modules/.cache/gh-pages/https!github.com!nus-cs2103-AY2526S1!website.git/book/_markbind/variables.md'
2025-08-16T12:30:46.508Z - warn: ENOENT: no such file or directory, open '/Users/damithch/Repos/nus-cs2103/cs2103-website-base/node_modules/.cache/gh-pages/https!github.com!nus-cs2103-AY2526S1!website.git/_markbind/variables.md'
2025-08-16T12:30:46.530Z - info: Building assets...
2025-08-16T12:30:49.955Z - info: Assets built
2025-08-16T12:30:49.956Z - info: Generating pages...
2025-08-16T12:30:55.899Z - debug:  
2025-08-16T12:30:55.900Z - debug:  
2025-08-16T12:30:58.849Z - debug:  
2025-08-16T12:30:58.849Z - debug:  
2025-08-16T12:30:58.849Z - debug:  
2025-08-16T12:30:58.849Z - debug:  
2025-08-16T12:30:58.849Z - debug:  
2025-08-16T12:30:58.849Z - debug:  
2025-08-16T12:30:58.849Z - debug:  
2025-08-16T12:30:58.849Z - debug:  
2025-08-16T12:30:58.849Z - debug:  
2025-08-16T12:31:01.207Z - debug:  
2025-08-16T12:31:01.313Z - debug:  
2025-08-16T12:31:01.314Z - debug:  
2025-08-16T12:31:01.353Z - debug:  
2025-08-16T12:31:01.358Z - debug:  
2025-08-16T12:31:01.388Z - debug:  
2025-08-16T12:31:12.037Z - debug:  
2025-08-16T12:31:16.299Z - warn: Empty reference in /Users/damithch/Repos/nus-cs2103/cs2103-website-base/book/gitAndGithub/log/unit-inElsewhere-asFlat.md:
Segment '#title' in file: /Users/damithch/Repos/nus-cs2103/cs2103-website-base/book/gitAndGithub/log/text.md is empty
2025-08-16T12:32:09.278Z - debug:  
2025-08-16T12:32:20.900Z - debug:  
2025-08-16T12:32:20.923Z - debug:  
2025-08-16T12:32:28.074Z - info: Pages built
2025-08-16T12:32:28.148Z - info: Site data built
2025-08-16T12:32:28.148Z - info: Website generation complete! Total build time: 103.251s
2025-08-16T12:32:28.148Z - info: Build success!
2025-08-16T12:36:29.717Z - info: The website has been deployed at: https://nus-cs2103-ay2526s1.github.io/website
