2025-11-11T06:58:49.479Z - info: Website generation (lazy) started at 14:58:48
2025-11-11T06:58:50.525Z - warn: ENOENT: no such file or directory, open '/Users/damithch/Repos/nus-cs2103/cs2103-website-base/node_modules/.cache/gh-pages/https!github.com!nus-cs2103-AY2526S1!website.git/book/_markbind/variables.md'
2025-11-11T06:58:50.525Z - warn: ENOENT: no such file or directory, open '/Users/damithch/Repos/nus-cs2103/cs2103-website-base/node_modules/.cache/gh-pages/https!github.com!nus-cs2103-AY2526S1!website.git/_markbind/variables.md'
2025-11-11T06:58:50.579Z - info: Building assets...
2025-11-11T06:58:54.103Z - info: Assets built
2025-11-11T06:58:54.105Z - info: Generating landing page...
2025-11-11T06:58:54.489Z - info: Landing page built, other pages will be built as you navigate to them!
2025-11-11T06:58:54.569Z - info: Site data built
2025-11-11T06:58:54.569Z - info: Website generation (lazy) complete! Total build time: 6.427s
2025-11-11T06:58:54.581Z - info: Serving "/Users/damithch/Repos/nus-cs2103/cs2103-website-base/_site" at http://127.0.0.1:8080
2025-11-11T06:58:54.581Z - info: Press CTRL+C to stop ...
2025-11-11T06:58:54.763Z - info: [14:58:54] Reload for file change: /Users/damithch/Repos/nus-cs2103/cs2103-website-base/admin/tp-deliverables-dg-fragment.md
2025-11-11T06:58:54.763Z - info: Synchronizing opened pages list before reload
2025-11-11T06:58:54.764Z - info: No pages are currently opened
2025-11-11T06:58:55.775Z - info: Assets built
2025-11-11T06:59:09.143Z - info: Building /Users/damithch/Repos/nus-cs2103/cs2103-website-base/admin/tp-deliverables as some of its dependencies were changed since the last visit
2025-11-11T06:59:09.620Z - info: Site data built
2025-11-11T06:59:09.621Z - info: Lazy website regeneration complete! Total build time: 0.478s
2025-11-11T07:00:19.868Z - info: [15:00:19] Reload for file change: /Users/damithch/Repos/nus-cs2103/cs2103-website-base/admin/tp-deliverables-dg-fragment.md
2025-11-11T07:00:19.903Z - info: Synchronizing opened pages list before reload
2025-11-11T07:00:19.919Z - info: Current opened pages, from most-to-least recent:
2025-11-11T07:00:19.920Z - info: 1. admin/tp-deliverables
2025-11-11T07:00:21.057Z - info: Rebuilding 1 pages
2025-11-11T07:00:21.461Z - info: Site data built
2025-11-11T07:00:21.461Z - info: Pages rebuilt
2025-11-11T07:00:21.461Z - info: Website regeneration complete! Total build time: 0.406s
2025-11-11T07:01:42.397Z - info: [15:01:42] Reload for file change: /Users/damithch/Repos/nus-cs2103/cs2103-website-base/admin/tp-deliverables-dg-fragment.md
2025-11-11T07:01:42.403Z - info: Synchronizing opened pages list before reload
2025-11-11T07:01:42.405Z - info: Current opened pages, from most-to-least recent:
2025-11-11T07:01:42.408Z - info: 1. admin/tp-deliverables
2025-11-11T07:01:43.420Z - info: Rebuilding 1 pages
2025-11-11T07:01:43.806Z - info: Site data built
2025-11-11T07:01:43.806Z - info: Pages rebuilt
2025-11-11T07:01:43.806Z - info: Website regeneration complete! Total build time: 0.389s
2025-11-11T07:02:59.286Z - info: [15:02:59] Reload for file change: /Users/damithch/Repos/nus-cs2103/cs2103-website-base/admin/tp-deliverables-dg-fragment.md
2025-11-11T07:02:59.291Z - info: Synchronizing opened pages list before reload
2025-11-11T07:02:59.291Z - info: Current opened pages, from most-to-least recent:
2025-11-11T07:02:59.291Z - info: 1. admin/tp-deliverables
2025-11-11T07:03:00.340Z - info: Rebuilding 1 pages
2025-11-11T07:03:00.751Z - info: Site data built
2025-11-11T07:03:00.751Z - info: Pages rebuilt
2025-11-11T07:03:00.751Z - info: Website regeneration complete! Total build time: 0.417s
2025-11-11T07:06:01.917Z - info: [15:06:01] Reload for file change: /Users/damithch/Repos/nus-cs2103/cs2103-website-base/admin/tp-deliverables-dg-fragment.md
2025-11-11T07:06:01.920Z - info: Synchronizing opened pages list before reload
2025-11-11T07:06:01.921Z - info: Current opened pages, from most-to-least recent:
2025-11-11T07:06:01.921Z - info: 1. admin/tp-deliverables
2025-11-11T07:06:02.932Z - info: Rebuilding 1 pages
2025-11-11T07:06:03.343Z - info: Site data built
2025-11-11T07:06:03.343Z - info: Pages rebuilt
2025-11-11T07:06:03.343Z - info: Website regeneration complete! Total build time: 0.414s
2025-11-11T15:02:11.226Z - info: Website generation started at 23:02:10
2025-11-11T15:02:11.813Z - warn: ENOENT: no such file or directory, open '/Users/damithch/Repos/nus-cs2103/cs2103-website-base/node_modules/.cache/gh-pages/https!github.com!nus-cs2103-AY2526S1!website.git/book/_markbind/variables.md'
2025-11-11T15:02:11.813Z - warn: ENOENT: no such file or directory, open '/Users/damithch/Repos/nus-cs2103/cs2103-website-base/node_modules/.cache/gh-pages/https!github.com!nus-cs2103-AY2526S1!website.git/_markbind/variables.md'
2025-11-11T15:02:11.834Z - info: Building assets...
