2025-08-22T12:22:42.350Z - info: Website generation started at 20:22:41
2025-08-22T12:22:42.758Z - warn: ENOENT: no such file or directory, open '/Users/damithch/Repos/nus-cs2103/cs2103-website-base/node_modules/.cache/gh-pages/https!github.com!nus-cs2103-AY2526S1!website.git/book/_markbind/variables.md'
2025-08-22T12:22:42.758Z - warn: ENOENT: no such file or directory, open '/Users/damithch/Repos/nus-cs2103/cs2103-website-base/node_modules/.cache/gh-pages/https!github.com!nus-cs2103-AY2526S1!website.git/_markbind/variables.md'
2025-08-22T12:22:42.780Z - info: Building assets...
2025-08-22T12:22:45.973Z - info: Assets built
2025-08-22T12:22:45.974Z - info: Generating pages...
2025-08-22T12:22:51.609Z - debug:  
2025-08-22T12:22:51.609Z - debug:  
2025-08-22T12:22:54.811Z - debug:  
2025-08-22T12:22:54.811Z - debug:  
2025-08-22T12:22:54.811Z - debug:  
2025-08-22T12:22:54.811Z - debug:  
2025-08-22T12:22:54.812Z - debug:  
2025-08-22T12:22:54.812Z - debug:  
2025-08-22T12:22:54.812Z - debug:  
2025-08-22T12:22:54.812Z - debug:  
2025-08-22T12:22:54.812Z - debug:  
2025-08-22T12:22:57.241Z - debug:  
2025-08-22T12:22:57.295Z - debug:  
2025-08-22T12:22:57.329Z - debug:  
2025-08-22T12:22:57.349Z - debug:  
2025-08-22T12:22:57.362Z - debug:  
2025-08-22T12:22:57.368Z - debug:  
2025-08-22T12:23:08.866Z - debug:  
2025-08-22T12:23:13.590Z - warn: Empty reference in /Users/damithch/Repos/nus-cs2103/cs2103-website-base/book/gitAndGithub/log/unit-inElsewhere-asFlat.md:
Segment '#title' in file: /Users/damithch/Repos/nus-cs2103/cs2103-website-base/book/gitAndGithub/log/text.md is empty
2025-08-22T12:24:09.390Z - debug:  
2025-08-22T12:24:20.731Z - debug:  
2025-08-22T12:24:20.762Z - debug:  
2025-08-22T12:24:27.486Z - info: Pages built
2025-08-22T12:24:27.550Z - info: Site data built
2025-08-22T12:24:27.550Z - info: Website generation complete! Total build time: 106.435s
2025-08-22T12:24:27.550Z - info: Build success!
2025-08-22T12:24:53.647Z - info: The website has been deployed at: https://nus-cs2103-ay2526s1.github.io/website
