2025-09-23T03:49:31.156Z - info: Website generation started at 11:49:29
2025-09-23T03:49:31.786Z - warn: ENOENT: no such file or directory, open '/Users/damithch/Repos/nus-cs2103/cs2103-website-base/node_modules/.cache/gh-pages/https!github.com!nus-cs2103-AY2526S1!website.git/book/_markbind/variables.md'
2025-09-23T03:49:31.786Z - warn: ENOENT: no such file or directory, open '/Users/damithch/Repos/nus-cs2103/cs2103-website-base/node_modules/.cache/gh-pages/https!github.com!nus-cs2103-AY2526S1!website.git/_markbind/variables.md'
2025-09-23T03:49:31.806Z - info: Building assets...
2025-09-23T03:49:35.044Z - info: Assets built
2025-09-23T03:49:35.045Z - info: Generating pages...
2025-09-23T03:49:41.169Z - debug:  
2025-09-23T03:49:41.169Z - debug:  
2025-09-23T03:49:43.719Z - debug:  
2025-09-23T03:49:43.719Z - debug:  
2025-09-23T03:49:43.719Z - debug:  
2025-09-23T03:49:43.719Z - debug:  
2025-09-23T03:49:43.719Z - debug:  
2025-09-23T03:49:43.719Z - debug:  
2025-09-23T03:49:43.719Z - debug:  
2025-09-23T03:49:43.719Z - debug:  
2025-09-23T03:49:43.719Z - debug:  
2025-09-23T03:49:45.635Z - debug:  
2025-09-23T03:49:45.974Z - debug:  
2025-09-23T03:49:45.999Z - debug:  
2025-09-23T03:49:46.028Z - debug:  
2025-09-23T03:49:46.055Z - debug:  
2025-09-23T03:49:46.060Z - debug:  
2025-09-23T03:49:55.775Z - debug:  
2025-09-23T03:50:53.847Z - debug:  
2025-09-23T03:51:06.007Z - debug:  
2025-09-23T03:51:06.028Z - debug:  
2025-09-23T03:51:15.506Z - info: Pages built
2025-09-23T03:51:15.583Z - info: Site data built
2025-09-23T03:51:15.583Z - info: Website generation complete! Total build time: 105.667s
2025-09-23T03:51:15.583Z - info: Build success!
2025-09-23T03:51:41.880Z - info: The website has been deployed at: https://nus-cs2103-ay2526s1.github.io/website
