2025-11-01T03:27:49.264Z - info: Website generation (lazy) started at 11:27:47
2025-11-01T03:27:49.865Z - warn: ENOENT: no such file or directory, open '/Users/damithch/Repos/nus-cs2103/cs2103-website-base/node_modules/.cache/gh-pages/https!github.com!nus-cs2103-AY2526S1!website.git/book/_markbind/variables.md'
2025-11-01T03:27:49.866Z - warn: ENOENT: no such file or directory, open '/Users/damithch/Repos/nus-cs2103/cs2103-website-base/node_modules/.cache/gh-pages/https!github.com!nus-cs2103-AY2526S1!website.git/_markbind/variables.md'
2025-11-01T03:27:49.885Z - info: Building assets...
2025-11-01T03:27:52.669Z - info: Assets built
2025-11-01T03:27:52.670Z - info: Generating landing page...
2025-11-01T03:27:53.230Z - info: Landing page built, other pages will be built as you navigate to them!
2025-11-01T03:27:53.372Z - info: Site data built
2025-11-01T03:27:53.373Z - info: Website generation (lazy) complete! Total build time: 5.39s
2025-11-01T03:27:53.395Z - info: Serving "/Users/damithch/Repos/nus-cs2103/cs2103-website-base/_site" at http://127.0.0.1:8080
2025-11-01T03:27:53.395Z - info: Press CTRL+C to stop ...
2025-11-01T03:27:59.266Z - info: Building /Users/damithch/Repos/nus-cs2103/cs2103-website-base/schedule/week12/project as some of its dependencies were changed since the last visit
2025-11-01T03:28:01.456Z - info: Site data built
2025-11-01T03:28:01.456Z - info: Lazy website regeneration complete! Total build time: 2.19s
2025-11-01T03:28:42.486Z - info: [11:28:42] Reload for file change: /Users/damithch/Repos/nus-cs2103/cs2103-website-base/admin/tp-tasks-fragment.md
2025-11-01T03:28:42.486Z - info: Synchronizing opened pages list before reload
2025-11-01T03:28:42.487Z - info: Current opened pages, from most-to-least recent:
2025-11-01T03:28:42.487Z - info: 1. schedule/week12/project
2025-11-01T03:28:43.502Z - info: Rebuilding 1 pages
2025-11-01T03:28:45.489Z - info: Site data built
2025-11-01T03:28:45.489Z - info: Pages rebuilt
2025-11-01T03:28:45.489Z - info: Website regeneration complete! Total build time: 1.989s
2025-11-01T03:30:17.313Z - info: [11:30:17] Reload for file change: /Users/damithch/Repos/nus-cs2103/cs2103-website-base/admin/tp-tasks-fragment.md
2025-11-01T03:30:17.314Z - info: Synchronizing opened pages list before reload
2025-11-01T03:30:17.315Z - info: Current opened pages, from most-to-least recent:
2025-11-01T03:30:17.316Z - info: 1. schedule/week12/project
2025-11-01T03:30:18.324Z - info: Rebuilding 1 pages
2025-11-01T03:30:20.219Z - info: Site data built
2025-11-01T03:30:20.219Z - info: Pages rebuilt
2025-11-01T03:30:20.219Z - info: Website regeneration complete! Total build time: 1.897s
2025-11-01T03:31:19.854Z - info: Website generation started at 11:31:18
2025-11-01T03:31:20.215Z - warn: ENOENT: no such file or directory, open '/Users/damithch/Repos/nus-cs2103/cs2103-website-base/node_modules/.cache/gh-pages/https!github.com!nus-cs2103-AY2526S1!website.git/book/_markbind/variables.md'
2025-11-01T03:31:20.215Z - warn: ENOENT: no such file or directory, open '/Users/damithch/Repos/nus-cs2103/cs2103-website-base/node_modules/.cache/gh-pages/https!github.com!nus-cs2103-AY2526S1!website.git/_markbind/variables.md'
2025-11-01T03:31:20.236Z - info: Building assets...
2025-11-01T03:31:23.004Z - info: Assets built
2025-11-01T03:31:23.004Z - info: Generating pages...
2025-11-01T03:31:31.680Z - debug:  
2025-11-01T03:31:31.680Z - debug:  
2025-11-01T03:31:31.680Z - debug:  
2025-11-01T03:31:31.681Z - debug:  
2025-11-01T03:31:31.681Z - debug:  
2025-11-01T03:31:31.681Z - debug:  
2025-11-01T03:31:31.681Z - debug:  
2025-11-01T03:31:31.681Z - debug:  
2025-11-01T03:31:31.681Z - debug:  
2025-11-01T03:31:31.681Z - debug:  
2025-11-01T03:31:31.681Z - debug:  
2025-11-01T03:31:31.681Z - debug:  
2025-11-01T03:31:34.588Z - debug:  
2025-11-01T03:31:34.741Z - debug:  
2025-11-01T03:31:34.750Z - debug:  
2025-11-01T03:31:34.954Z - debug:  
2025-11-01T03:31:35.022Z - debug:  
2025-11-01T03:31:35.056Z - debug:  
2025-11-01T03:31:44.668Z - debug:  
2025-11-01T03:32:45.836Z - debug:  
2025-11-01T03:32:58.337Z - debug:  
2025-11-01T03:32:58.385Z - debug:  
2025-11-01T03:33:07.924Z - info: Pages built
2025-11-01T03:33:07.995Z - info: Site data built
2025-11-01T03:33:07.995Z - info: Website generation complete! Total build time: 109.105s
2025-11-01T03:33:07.995Z - info: Build success!
2025-11-01T03:33:33.974Z - info: The website has been deployed at: https://nus-cs2103-ay2526s1.github.io/website
2025-11-01T03:42:47.181Z - info: Website generation started at 11:42:45
2025-11-01T03:42:47.712Z - warn: ENOENT: no such file or directory, open '/Users/damithch/Repos/nus-cs2103/cs2103-website-base/node_modules/.cache/gh-pages/https!github.com!nus-cs2103-AY2526S1!website.git/book/_markbind/variables.md'
2025-11-01T03:42:47.713Z - warn: ENOENT: no such file or directory, open '/Users/damithch/Repos/nus-cs2103/cs2103-website-base/node_modules/.cache/gh-pages/https!github.com!nus-cs2103-AY2526S1!website.git/_markbind/variables.md'
2025-11-01T03:42:47.758Z - info: Building assets...
2025-11-01T03:42:51.042Z - info: Assets built
2025-11-01T03:42:51.043Z - info: Generating pages...
2025-11-01T03:42:55.801Z - debug:  
2025-11-01T03:42:55.895Z - debug:  
2025-11-01T03:42:55.895Z - debug:  
2025-11-01T03:42:58.743Z - debug:  
2025-11-01T03:42:58.744Z - debug:  
2025-11-01T03:42:58.744Z - debug:  
2025-11-01T03:42:58.744Z - debug:  
2025-11-01T03:42:58.744Z - debug:  
2025-11-01T03:42:58.744Z - debug:  
2025-11-01T03:42:58.744Z - debug:  
2025-11-01T03:42:58.744Z - debug:  
2025-11-01T03:42:58.744Z - debug:  
2025-11-01T03:43:00.809Z - debug:  
2025-11-01T03:43:01.087Z - debug:  
2025-11-01T03:43:01.178Z - debug:  
2025-11-01T03:43:01.189Z - debug:  
2025-11-01T03:43:01.191Z - debug:  
2025-11-01T03:43:01.215Z - debug:  
2025-11-01T03:43:11.454Z - debug:  
2025-11-01T03:44:11.583Z - debug:  
2025-11-01T03:44:24.298Z - debug:  
2025-11-01T03:44:24.321Z - debug:  
2025-11-01T03:44:33.926Z - info: Pages built
2025-11-01T03:44:34.005Z - info: Site data built
2025-11-01T03:44:34.005Z - info: Website generation complete! Total build time: 108.292s
2025-11-01T03:44:34.005Z - info: Build success!
2025-11-01T03:44:59.316Z - info: The website has been deployed at: https://nus-cs2103-ay2526s1.github.io/website
2025-11-01T08:34:19.807Z - info: Website generation started at 16:34:18
2025-11-01T08:34:20.474Z - warn: ENOENT: no such file or directory, open '/Users/damithch/Repos/nus-cs2103/cs2103-website-base/node_modules/.cache/gh-pages/https!github.com!nus-cs2103-AY2526S1!website.git/book/_markbind/variables.md'
2025-11-01T08:34:20.475Z - warn: ENOENT: no such file or directory, open '/Users/damithch/Repos/nus-cs2103/cs2103-website-base/node_modules/.cache/gh-pages/https!github.com!nus-cs2103-AY2526S1!website.git/_markbind/variables.md'
2025-11-01T08:34:20.495Z - info: Building assets...
2025-11-01T08:34:23.876Z - info: Assets built
2025-11-01T08:34:23.878Z - info: Generating pages...
2025-11-01T08:34:30.816Z - debug:  
2025-11-01T08:34:30.816Z - debug:  
2025-11-01T08:34:30.867Z - debug:  
2025-11-01T08:34:33.439Z - debug:  
2025-11-01T08:34:33.439Z - debug:  
2025-11-01T08:34:33.439Z - debug:  
2025-11-01T08:34:33.439Z - debug:  
2025-11-01T08:34:33.439Z - debug:  
2025-11-01T08:34:33.439Z - debug:  
2025-11-01T08:34:33.439Z - debug:  
2025-11-01T08:34:33.439Z - debug:  
2025-11-01T08:34:33.439Z - debug:  
2025-11-01T08:34:35.920Z - debug:  
2025-11-01T08:34:35.930Z - debug:  
2025-11-01T08:34:35.964Z - debug:  
2025-11-01T08:34:35.979Z - debug:  
2025-11-01T08:34:36.002Z - debug:  
2025-11-01T08:34:36.040Z - debug:  
2025-11-01T08:34:46.226Z - debug:  
2025-11-01T08:35:47.609Z - debug:  
2025-11-01T08:35:59.852Z - debug:  
2025-11-01T08:35:59.852Z - debug:  
2025-11-01T08:36:08.509Z - info: Pages built
2025-11-01T08:36:08.576Z - info: Site data built
2025-11-01T08:36:08.576Z - info: Website generation complete! Total build time: 109.939s
2025-11-01T08:36:08.576Z - info: Build success!
2025-11-01T08:36:33.675Z - info: The website has been deployed at: https://nus-cs2103-ay2526s1.github.io/website
