2025-11-07T07:02:32.496Z - info: Website generation started at 15:02:31
2025-11-07T07:02:33.145Z - warn: ENOENT: no such file or directory, open '/Users/damithch/Repos/nus-cs2103/cs2103-website-base/node_modules/.cache/gh-pages/https!github.com!nus-cs2103-AY2526S1!website.git/book/_markbind/variables.md'
2025-11-07T07:02:33.145Z - warn: ENOENT: no such file or directory, open '/Users/damithch/Repos/nus-cs2103/cs2103-website-base/node_modules/.cache/gh-pages/https!github.com!nus-cs2103-AY2526S1!website.git/_markbind/variables.md'
2025-11-07T07:02:33.166Z - info: Building assets...
2025-11-07T07:02:36.544Z - info: Assets built
2025-11-07T07:02:36.545Z - info: Generating pages...
2025-11-07T07:02:43.617Z - debug:  
2025-11-07T07:02:43.617Z - debug:  
2025-11-07T07:02:43.617Z - debug:  
2025-11-07T07:02:49.228Z - debug:  
2025-11-07T07:02:49.228Z - debug:  
2025-11-07T07:02:49.228Z - debug:  
2025-11-07T07:02:49.228Z - debug:  
2025-11-07T07:02:49.228Z - debug:  
2025-11-07T07:02:49.228Z - debug:  
2025-11-07T07:02:49.228Z - debug:  
2025-11-07T07:02:49.228Z - debug:  
2025-11-07T07:02:49.228Z - debug:  
2025-11-07T07:02:51.613Z - debug:  
2025-11-07T07:02:51.938Z - debug:  
2025-11-07T07:02:51.958Z - debug:  
2025-11-07T07:02:52.016Z - debug:  
2025-11-07T07:02:52.049Z - debug:  
2025-11-07T07:02:52.055Z - debug:  
2025-11-07T07:03:02.297Z - debug:  
2025-11-07T07:04:05.749Z - debug:  
2025-11-07T07:04:19.156Z - debug:  
2025-11-07T07:04:19.176Z - debug:  
2025-11-07T07:04:28.794Z - info: Pages built
2025-11-07T07:04:28.873Z - info: Site data built
2025-11-07T07:04:28.873Z - info: Website generation complete! Total build time: 117.574s
2025-11-07T07:04:28.873Z - info: Build success!
2025-11-07T07:04:56.734Z - info: The website has been deployed at: https://nus-cs2103-ay2526s1.github.io/website
2025-11-07T13:29:44.191Z - info: Website generation (lazy) started at 21:29:42
2025-11-07T13:29:44.842Z - warn: ENOENT: no such file or directory, open '/Users/damithch/Repos/nus-cs2103/cs2103-website-base/node_modules/.cache/gh-pages/https!github.com!nus-cs2103-AY2526S1!website.git/book/_markbind/variables.md'
2025-11-07T13:29:44.843Z - warn: ENOENT: no such file or directory, open '/Users/damithch/Repos/nus-cs2103/cs2103-website-base/node_modules/.cache/gh-pages/https!github.com!nus-cs2103-AY2526S1!website.git/_markbind/variables.md'
2025-11-07T13:29:44.863Z - info: Building assets...
2025-11-07T13:29:47.549Z - info: Assets built
2025-11-07T13:29:47.549Z - info: Generating landing page...
2025-11-07T13:29:48.088Z - info: Landing page built, other pages will be built as you navigate to them!
2025-11-07T13:29:48.170Z - info: Site data built
2025-11-07T13:29:48.170Z - info: Website generation (lazy) complete! Total build time: 5.181s
2025-11-07T13:29:48.184Z - info: Serving "/Users/damithch/Repos/nus-cs2103/cs2103-website-base/_site" at http://127.0.0.1:8080
2025-11-07T13:29:48.185Z - info: Press CTRL+C to stop ...
2025-11-07T13:29:55.610Z - info: Building /Users/damithch/Repos/nus-cs2103/cs2103-website-base/admin/tp-pe as some of its dependencies were changed since the last visit
2025-11-07T13:29:56.732Z - info: Site data built
2025-11-07T13:29:56.732Z - info: Lazy website regeneration complete! Total build time: 1.122s
2025-11-07T13:40:26.440Z - info: [21:40:26] Reload for file change: /Users/damithch/Repos/nus-cs2103/cs2103-website-base/admin/faq-fragment.md
2025-11-07T13:40:26.444Z - info: Synchronizing opened pages list before reload
2025-11-07T13:40:26.449Z - info: Current opened pages, from most-to-least recent:
2025-11-07T13:40:26.450Z - info: 1. admin/tp-pe
2025-11-07T13:40:27.471Z - info: Rebuilding 1 pages
2025-11-07T13:40:28.397Z - info: Site data built
2025-11-07T13:40:28.397Z - info: Pages rebuilt
2025-11-07T13:40:28.398Z - info: Website regeneration complete! Total build time: 0.928s
2025-11-07T13:41:29.825Z - info: [21:41:29] Reload for file change: /Users/damithch/Repos/nus-cs2103/cs2103-website-base/admin/faq-fragment.md
2025-11-07T13:41:29.828Z - info: Synchronizing opened pages list before reload
2025-11-07T13:41:29.830Z - info: Current opened pages, from most-to-least recent:
2025-11-07T13:41:29.831Z - info: 1. admin/tp-pe
2025-11-07T13:41:30.849Z - info: Rebuilding 1 pages
2025-11-07T13:41:31.791Z - info: Site data built
2025-11-07T13:41:31.791Z - info: Pages rebuilt
2025-11-07T13:41:31.791Z - info: Website regeneration complete! Total build time: 0.946s
2025-11-07T13:41:37.613Z - info: Website generation started at 21:41:36
2025-11-07T13:41:38.036Z - warn: ENOENT: no such file or directory, open '/Users/damithch/Repos/nus-cs2103/cs2103-website-base/node_modules/.cache/gh-pages/https!github.com!nus-cs2103-AY2526S1!website.git/book/_markbind/variables.md'
2025-11-07T13:41:38.036Z - warn: ENOENT: no such file or directory, open '/Users/damithch/Repos/nus-cs2103/cs2103-website-base/node_modules/.cache/gh-pages/https!github.com!nus-cs2103-AY2526S1!website.git/_markbind/variables.md'
2025-11-07T13:41:38.057Z - info: Building assets...
2025-11-07T13:41:40.747Z - info: Assets built
2025-11-07T13:41:40.748Z - info: Generating pages...
2025-11-07T13:41:47.665Z - debug:  
2025-11-07T13:41:47.666Z - debug:  
2025-11-07T13:41:47.666Z - debug:  
2025-11-07T13:41:51.139Z - debug:  
2025-11-07T13:41:51.139Z - debug:  
2025-11-07T13:41:51.139Z - debug:  
2025-11-07T13:41:51.139Z - debug:  
2025-11-07T13:41:51.139Z - debug:  
2025-11-07T13:41:51.139Z - debug:  
2025-11-07T13:41:51.139Z - debug:  
2025-11-07T13:41:51.139Z - debug:  
2025-11-07T13:41:51.139Z - debug:  
2025-11-07T13:41:53.398Z - debug:  
2025-11-07T13:41:53.417Z - debug:  
2025-11-07T13:41:53.441Z - debug:  
2025-11-07T13:41:53.445Z - debug:  
2025-11-07T13:41:53.459Z - debug:  
2025-11-07T13:41:53.493Z - debug:  
2025-11-07T13:42:03.224Z - debug:  
2025-11-07T13:43:05.212Z - debug:  
2025-11-07T13:43:17.712Z - debug:  
2025-11-07T13:43:17.717Z - debug:  
2025-11-07T13:43:27.988Z - info: Pages built
2025-11-07T13:43:28.071Z - info: Site data built
2025-11-07T13:43:28.071Z - info: Website generation complete! Total build time: 111.518s
2025-11-07T13:43:28.071Z - info: Build success!
2025-11-07T13:43:53.107Z - info: The website has been deployed at: https://nus-cs2103-ay2526s1.github.io/website
2025-11-07T14:13:46.532Z - info: Website generation (lazy) started at 22:13:45
2025-11-07T14:13:47.024Z - warn: ENOENT: no such file or directory, open '/Users/damithch/Repos/nus-cs2103/cs2103-website-base/node_modules/.cache/gh-pages/https!github.com!nus-cs2103-AY2526S1!website.git/book/_markbind/variables.md'
2025-11-07T14:13:47.024Z - warn: ENOENT: no such file or directory, open '/Users/damithch/Repos/nus-cs2103/cs2103-website-base/node_modules/.cache/gh-pages/https!github.com!nus-cs2103-AY2526S1!website.git/_markbind/variables.md'
2025-11-07T14:13:47.044Z - info: Building assets...
2025-11-07T14:13:52.077Z - info: Assets built
2025-11-07T14:13:52.079Z - info: Generating landing page...
2025-11-07T14:13:53.358Z - info: Landing page built, other pages will be built as you navigate to them!
2025-11-07T14:13:53.603Z - info: Site data built
2025-11-07T14:13:53.603Z - info: Website generation (lazy) complete! Total build time: 8.361s
2025-11-07T14:13:53.619Z - info: Serving "/Users/damithch/Repos/nus-cs2103/cs2103-website-base/_site" at http://127.0.0.1:8080
2025-11-07T14:13:53.619Z - info: Press CTRL+C to stop ...
2025-11-07T14:21:46.614Z - info: Building /Users/damithch/Repos/nus-cs2103/cs2103-website-base/admin/tp-pe as some of its dependencies were changed since the last visit
2025-11-07T14:21:47.670Z - info: Site data built
2025-11-07T14:21:47.670Z - info: Lazy website regeneration complete! Total build time: 1.058s
2025-11-07T14:23:21.288Z - info: [22:23:21] Reload for file change: /Users/damithch/Repos/nus-cs2103/cs2103-website-base/admin/faq-fragment.md
2025-11-07T14:23:21.289Z - info: Synchronizing opened pages list before reload
2025-11-07T14:23:21.290Z - info: Current opened pages, from most-to-least recent:
2025-11-07T14:23:21.290Z - info: 1. admin/tp-pe
2025-11-07T14:23:22.305Z - info: Rebuilding 1 pages
2025-11-07T14:23:23.434Z - info: Site data built
2025-11-07T14:23:23.435Z - info: Pages rebuilt
2025-11-07T14:23:23.435Z - info: Website regeneration complete! Total build time: 1.134s
2025-11-07T14:23:28.893Z - info: [22:23:28] Reload for file change: /Users/damithch/Repos/nus-cs2103/cs2103-website-base/admin/faq-fragment.md
2025-11-07T14:23:28.893Z - info: Synchronizing opened pages list before reload
2025-11-07T14:23:28.894Z - info: Current opened pages, from most-to-least recent:
2025-11-07T14:23:28.895Z - info: 1. admin/tp-pe
2025-11-07T14:23:29.899Z - info: Rebuilding 1 pages
2025-11-07T14:23:30.726Z - info: Site data built
2025-11-07T14:23:30.726Z - info: Pages rebuilt
2025-11-07T14:23:30.727Z - info: Website regeneration complete! Total build time: 0.83s
2025-11-07T14:24:17.360Z - info: [22:24:17] Reload for file change: /Users/damithch/Repos/nus-cs2103/cs2103-website-base/admin/tp-pe-fragment.md
2025-11-07T14:24:17.368Z - info: Synchronizing opened pages list before reload
2025-11-07T14:24:17.369Z - info: Current opened pages, from most-to-least recent:
2025-11-07T14:24:17.369Z - info: 1. admin/tp-pe
2025-11-07T14:24:18.383Z - info: Rebuilding 1 pages
2025-11-07T14:24:19.509Z - info: Site data built
2025-11-07T14:24:19.509Z - info: Pages rebuilt
2025-11-07T14:24:19.509Z - info: Website regeneration complete! Total build time: 1.128s
2025-11-07T14:25:46.641Z - info: [22:25:46] Reload for file change: /Users/damithch/Repos/nus-cs2103/cs2103-website-base/admin/tp-pe-fragment.md
2025-11-07T14:25:46.643Z - info: Synchronizing opened pages list before reload
2025-11-07T14:25:46.645Z - info: Current opened pages, from most-to-least recent:
2025-11-07T14:25:46.645Z - info: 1. admin/tp-pe
2025-11-07T14:25:47.657Z - info: Rebuilding 1 pages
2025-11-07T14:25:48.578Z - info: Site data built
2025-11-07T14:25:48.578Z - info: Pages rebuilt
2025-11-07T14:25:48.578Z - info: Website regeneration complete! Total build time: 0.923s
2025-11-07T14:27:53.294Z - info: [22:27:53] Reload for file change: /Users/damithch/Repos/nus-cs2103/cs2103-website-base/admin/appendixE-gitHub.md
2025-11-07T14:27:53.295Z - info: Synchronizing opened pages list before reload
2025-11-07T14:27:53.296Z - info: Current opened pages, from most-to-least recent:
2025-11-07T14:27:53.296Z - info: 1. admin/tp-pe
2025-11-07T14:27:54.303Z - info: Rebuilding 1 pages
2025-11-07T14:27:55.208Z - info: Site data built
2025-11-07T14:27:55.208Z - info: Pages rebuilt
2025-11-07T14:27:55.208Z - info: Website regeneration complete! Total build time: 0.906s
2025-11-07T14:29:10.286Z - info: [22:29:10] Reload for file change: /Users/damithch/Repos/nus-cs2103/cs2103-website-base/admin/appendixE-gitHub.md
2025-11-07T14:29:10.288Z - info: Synchronizing opened pages list before reload
2025-11-07T14:29:10.289Z - info: Current opened pages, from most-to-least recent:
2025-11-07T14:29:10.290Z - info: 1. admin/tp-pe
2025-11-07T14:29:11.301Z - info: Rebuilding 1 pages
2025-11-07T14:29:12.370Z - info: Site data built
2025-11-07T14:29:12.370Z - info: Pages rebuilt
2025-11-07T14:29:12.370Z - info: Website regeneration complete! Total build time: 1.072s
2025-11-07T14:38:59.366Z - info: [22:38:59] Reload for file change: /Users/damithch/Repos/nus-cs2103/cs2103-website-base/admin/appendixC-faq.md
2025-11-07T14:38:59.368Z - info: Synchronizing opened pages list before reload
2025-11-07T14:38:59.369Z - info: Current opened pages, from most-to-least recent:
2025-11-07T14:38:59.369Z - info: 1. admin/tp-pe
2025-11-07T14:38:59.372Z - info: [22:38:59] Reload for file change: /Users/damithch/Repos/nus-cs2103/cs2103-website-base/admin/tp-pe-fragment.md
2025-11-07T14:38:59.372Z - info: Synchronizing opened pages list before reload
2025-11-07T14:38:59.373Z - info: Current opened pages, from most-to-least recent:
2025-11-07T14:38:59.373Z - info: 1. admin/tp-pe
2025-11-07T14:38:59.469Z - info: [22:38:59] Reload for file change: /Users/damithch/Repos/nus-cs2103/cs2103-website-base/admin/faq-fragment.md
2025-11-07T14:38:59.469Z - info: Synchronizing opened pages list before reload
2025-11-07T14:38:59.469Z - info: Current opened pages, from most-to-least recent:
2025-11-07T14:38:59.470Z - info: 1. admin/tp-pe
2025-11-07T14:39:00.388Z - info: Rebuilding 1 pages
2025-11-07T14:39:01.311Z - info: Site data built
2025-11-07T14:39:01.311Z - info: Pages rebuilt
2025-11-07T14:39:01.311Z - info: Website regeneration complete! Total build time: 0.929s
2025-11-07T14:39:33.973Z - info: [22:39:33] Reload for file change: /Users/damithch/Repos/nus-cs2103/cs2103-website-base/admin/faq-fragment.md
2025-11-07T14:39:33.979Z - info: Synchronizing opened pages list before reload
2025-11-07T14:39:33.980Z - info: Current opened pages, from most-to-least recent:
2025-11-07T14:39:33.980Z - info: 1. admin/tp-pe
2025-11-07T14:39:34.985Z - info: Rebuilding 1 pages
2025-11-07T14:39:35.930Z - info: Site data built
2025-11-07T14:39:35.930Z - info: Pages rebuilt
2025-11-07T14:39:35.930Z - info: Website regeneration complete! Total build time: 0.947s
2025-11-07T14:41:51.704Z - info: [22:41:51] Reload for file change: /Users/damithch/Repos/nus-cs2103/cs2103-website-base/admin/faq-fragment.md
2025-11-07T14:41:51.707Z - info: Synchronizing opened pages list before reload
2025-11-07T14:41:51.708Z - info: Current opened pages, from most-to-least recent:
2025-11-07T14:41:51.709Z - info: 1. admin/tp-pe
2025-11-07T14:41:52.726Z - info: Rebuilding 1 pages
2025-11-07T14:41:53.682Z - info: Site data built
2025-11-07T14:41:53.682Z - info: Pages rebuilt
2025-11-07T14:41:53.682Z - info: Website regeneration complete! Total build time: 0.966s
2025-11-07T14:45:42.126Z - info: [22:45:42] Reload for file change: /Users/damithch/Repos/nus-cs2103/cs2103-website-base/admin/faq-fragment.md
2025-11-07T14:45:42.128Z - info: Synchronizing opened pages list before reload
2025-11-07T14:45:42.131Z - info: Current opened pages, from most-to-least recent:
2025-11-07T14:45:42.132Z - info: 1. admin/tp-pe
2025-11-07T14:45:43.154Z - info: Rebuilding 1 pages
2025-11-07T14:45:44.179Z - info: Site data built
2025-11-07T14:45:44.179Z - info: Pages rebuilt
2025-11-07T14:45:44.179Z - info: Website regeneration complete! Total build time: 1.036s
2025-11-07T14:47:04.781Z - info: [22:47:04] Reload for file change: /Users/damithch/Repos/nus-cs2103/cs2103-website-base/admin/faq-fragment.md
2025-11-07T14:47:04.783Z - info: Synchronizing opened pages list before reload
2025-11-07T14:47:04.784Z - info: Current opened pages, from most-to-least recent:
2025-11-07T14:47:04.784Z - info: 1. admin/tp-pe
2025-11-07T14:47:05.793Z - info: Rebuilding 1 pages
2025-11-07T14:47:06.728Z - info: Site data built
2025-11-07T14:47:06.728Z - info: Pages rebuilt
2025-11-07T14:47:06.728Z - info: Website regeneration complete! Total build time: 0.936s
2025-11-07T14:54:20.508Z - info: [22:54:20] Reload for file change: /Users/damithch/Repos/nus-cs2103/cs2103-website-base/admin/faq-fragment.md
2025-11-07T14:54:20.510Z - info: Synchronizing opened pages list before reload
2025-11-07T14:54:20.510Z - info: Current opened pages, from most-to-least recent:
2025-11-07T14:54:20.511Z - info: 1. admin/tp-pe
2025-11-07T14:54:20.512Z - info: [22:54:20] Reload for file change: /Users/damithch/Repos/nus-cs2103/cs2103-website-base/admin/appendixC-faq.md
2025-11-07T14:54:20.512Z - info: Synchronizing opened pages list before reload
2025-11-07T14:54:20.512Z - info: Current opened pages, from most-to-least recent:
2025-11-07T14:54:20.512Z - info: 1. admin/tp-pe
2025-11-07T14:54:20.513Z - info: [22:54:20] Reload for file change: /Users/damithch/Repos/nus-cs2103/cs2103-website-base/admin/tp-pe-fragment.md
2025-11-07T14:54:20.513Z - info: Synchronizing opened pages list before reload
2025-11-07T14:54:20.514Z - info: Current opened pages, from most-to-least recent:
2025-11-07T14:54:20.514Z - info: 1. admin/tp-pe
2025-11-07T14:54:21.522Z - info: Rebuilding 1 pages
2025-11-07T14:54:22.530Z - info: Site data built
2025-11-07T14:54:22.530Z - info: Pages rebuilt
2025-11-07T14:54:22.530Z - info: Website regeneration complete! Total build time: 1.011s
2025-11-07T14:54:26.603Z - info: [22:54:26] Reload for file change: /Users/damithch/Repos/nus-cs2103/cs2103-website-base/admin/appendixC-faq.md
2025-11-07T14:54:26.606Z - info: Synchronizing opened pages list before reload
2025-11-07T14:54:26.608Z - info: Current opened pages, from most-to-least recent:
2025-11-07T14:54:26.610Z - info: 1. admin/tp-pe
2025-11-07T14:54:27.617Z - info: No pages needed to be rebuilt
2025-11-07T14:55:52.547Z - info: [22:55:52] Reload for file change: /Users/damithch/Repos/nus-cs2103/cs2103-website-base/admin/faq-fragment.md
2025-11-07T14:55:52.550Z - info: Synchronizing opened pages list before reload
2025-11-07T14:55:52.550Z - info: Current opened pages, from most-to-least recent:
2025-11-07T14:55:52.551Z - info: 1. admin/tp-pe
2025-11-07T14:55:53.572Z - info: Rebuilding 1 pages
2025-11-07T14:55:54.588Z - info: Site data built
2025-11-07T14:55:54.588Z - info: Pages rebuilt
2025-11-07T14:55:54.588Z - info: Website regeneration complete! Total build time: 1.034s
2025-11-07T14:55:59.727Z - info: Website generation started at 22:55:58
2025-11-07T14:56:00.210Z - warn: ENOENT: no such file or directory, open '/Users/damithch/Repos/nus-cs2103/cs2103-website-base/node_modules/.cache/gh-pages/https!github.com!nus-cs2103-AY2526S1!website.git/book/_markbind/variables.md'
2025-11-07T14:56:00.211Z - warn: ENOENT: no such file or directory, open '/Users/damithch/Repos/nus-cs2103/cs2103-website-base/node_modules/.cache/gh-pages/https!github.com!nus-cs2103-AY2526S1!website.git/_markbind/variables.md'
2025-11-07T14:56:00.238Z - info: Building assets...
2025-11-07T14:56:03.395Z - info: Assets built
2025-11-07T14:56:03.396Z - info: Generating pages...
2025-11-07T14:56:10.695Z - debug:  
2025-11-07T14:56:10.695Z - debug:  
2025-11-07T14:56:11.206Z - debug:  
2025-11-07T14:56:15.473Z - debug:  
2025-11-07T14:56:15.473Z - debug:  
2025-11-07T14:56:15.473Z - debug:  
2025-11-07T14:56:15.474Z - debug:  
2025-11-07T14:56:15.474Z - debug:  
2025-11-07T14:56:15.474Z - debug:  
2025-11-07T14:56:15.474Z - debug:  
2025-11-07T14:56:15.474Z - debug:  
2025-11-07T14:56:15.474Z - debug:  
2025-11-07T14:56:17.608Z - debug:  
2025-11-07T14:56:17.833Z - debug:  
2025-11-07T14:56:17.859Z - debug:  
2025-11-07T14:56:17.892Z - debug:  
2025-11-07T14:56:17.905Z - debug:  
2025-11-07T14:56:17.945Z - debug:  
2025-11-07T14:56:28.821Z - debug:  
2025-11-07T14:57:38.715Z - debug:  
2025-11-07T14:57:52.632Z - debug:  
2025-11-07T14:57:52.653Z - debug:  
2025-11-07T14:58:03.412Z - info: Pages built
2025-11-07T14:58:03.499Z - info: Site data built
2025-11-07T14:58:03.499Z - info: Website generation complete! Total build time: 124.932s
2025-11-07T14:58:03.499Z - info: Build success!
2025-11-07T14:58:29.910Z - info: The website has been deployed at: https://nus-cs2103-ay2526s1.github.io/website
