2025-08-17T06:39:01.543Z - info: Website generation (lazy) started at 14:39:00
2025-08-17T06:39:02.034Z - warn: ENOENT: no such file or directory, open '/Users/damithch/Repos/nus-cs2103/cs2103-website-base/node_modules/.cache/gh-pages/https!github.com!nus-cs2103-AY2526S1!website.git/book/_markbind/variables.md'
2025-08-17T06:39:02.034Z - warn: ENOENT: no such file or directory, open '/Users/damithch/Repos/nus-cs2103/cs2103-website-base/node_modules/.cache/gh-pages/https!github.com!nus-cs2103-AY2526S1!website.git/_markbind/variables.md'
2025-08-17T06:39:02.053Z - info: Building assets...
2025-08-17T06:39:04.666Z - info: Assets built
2025-08-17T06:39:04.667Z - info: Generating landing page...
2025-08-17T06:39:05.030Z - info: Landing page built, other pages will be built as you navigate to them!
2025-08-17T06:39:05.101Z - info: Site data built
2025-08-17T06:39:05.101Z - info: Website generation (lazy) complete! Total build time: 4.672s
2025-08-17T06:39:05.109Z - info: Serving "/Users/damithch/Repos/nus-cs2103/cs2103-website-base/_site" at http://127.0.0.1:8080
2025-08-17T06:39:05.109Z - info: Press CTRL+C to stop ...
2025-08-17T06:39:10.748Z - info: Building /Users/damithch/Repos/nus-cs2103/cs2103-website-base/schedule/week1/topics as some of its dependencies were changed since the last visit
2025-08-17T06:39:13.150Z - debug:  
2025-08-17T06:39:13.310Z - info: Site data built
2025-08-17T06:39:13.310Z - info: Lazy website regeneration complete! Total build time: 2.563s
2025-08-17T06:40:06.708Z - info: [14:40:06] Reload for file change: /Users/damithch/Repos/nus-cs2103/cs2103-website-base/book/gitAndGithub/gitPrep/text.md
2025-08-17T06:40:06.711Z - info: Synchronizing opened pages list before reload
2025-08-17T06:40:06.713Z - info: Current opened pages, from most-to-least recent:
2025-08-17T06:40:06.714Z - info: 1. schedule/week1/topics
2025-08-17T06:40:07.722Z - info: Rebuilding 1 pages
2025-08-17T06:40:09.344Z - info: Site data built
2025-08-17T06:40:09.344Z - info: Pages rebuilt
2025-08-17T06:40:09.344Z - info: Website regeneration complete! Total build time: 1.625s
2025-08-17T06:40:27.927Z - info: Website generation started at 14:40:27
2025-08-17T06:40:28.238Z - warn: ENOENT: no such file or directory, open '/Users/damithch/Repos/nus-cs2103/cs2103-website-base/node_modules/.cache/gh-pages/https!github.com!nus-cs2103-AY2526S1!website.git/book/_markbind/variables.md'
2025-08-17T06:40:28.239Z - warn: ENOENT: no such file or directory, open '/Users/damithch/Repos/nus-cs2103/cs2103-website-base/node_modules/.cache/gh-pages/https!github.com!nus-cs2103-AY2526S1!website.git/_markbind/variables.md'
2025-08-17T06:40:28.258Z - info: Building assets...
2025-08-17T06:40:31.373Z - info: Assets built
2025-08-17T06:40:31.374Z - info: Generating pages...
2025-08-17T06:40:35.762Z - debug:  
2025-08-17T06:40:35.762Z - debug:  
2025-08-17T06:40:39.052Z - debug:  
2025-08-17T06:40:39.052Z - debug:  
2025-08-17T06:40:39.052Z - debug:  
2025-08-17T06:40:39.052Z - debug:  
2025-08-17T06:40:39.052Z - debug:  
2025-08-17T06:40:39.052Z - debug:  
2025-08-17T06:40:39.052Z - debug:  
2025-08-17T06:40:39.052Z - debug:  
2025-08-17T06:40:39.052Z - debug:  
2025-08-17T06:40:41.358Z - debug:  
2025-08-17T06:40:41.360Z - debug:  
2025-08-17T06:40:41.427Z - debug:  
2025-08-17T06:40:41.438Z - debug:  
2025-08-17T06:40:41.442Z - debug:  
2025-08-17T06:40:41.476Z - debug:  
2025-08-17T06:40:50.388Z - debug:  
2025-08-17T06:40:54.463Z - warn: Empty reference in /Users/damithch/Repos/nus-cs2103/cs2103-website-base/book/gitAndGithub/log/unit-inElsewhere-asFlat.md:
Segment '#title' in file: /Users/damithch/Repos/nus-cs2103/cs2103-website-base/book/gitAndGithub/log/text.md is empty
2025-08-17T06:41:47.458Z - debug:  
2025-08-17T06:42:00.062Z - debug:  
2025-08-17T06:42:00.085Z - debug:  
2025-08-17T06:42:06.745Z - info: Pages built
2025-08-17T06:42:06.826Z - info: Site data built
2025-08-17T06:42:06.826Z - info: Website generation complete! Total build time: 99.778s
2025-08-17T06:42:06.826Z - info: Build success!
2025-08-17T06:42:32.719Z - info: The website has been deployed at: https://nus-cs2103-ay2526s1.github.io/website
2025-08-17T07:41:01.245Z - info: Website generation started at 15:41:00
2025-08-17T07:41:01.669Z - warn: ENOENT: no such file or directory, open '/Users/damithch/Repos/nus-cs2103/cs2103-website-base/node_modules/.cache/gh-pages/https!github.com!nus-cs2103-AY2526S1!website.git/book/_markbind/variables.md'
2025-08-17T07:41:01.670Z - warn: ENOENT: no such file or directory, open '/Users/damithch/Repos/nus-cs2103/cs2103-website-base/node_modules/.cache/gh-pages/https!github.com!nus-cs2103-AY2526S1!website.git/_markbind/variables.md'
2025-08-17T07:41:01.690Z - info: Building assets...
2025-08-17T07:41:04.373Z - info: Assets built
2025-08-17T07:41:04.373Z - info: Generating pages...
2025-08-17T07:41:08.865Z - debug:  
2025-08-17T07:41:09.225Z - debug:  
2025-08-17T07:41:13.197Z - debug:  
2025-08-17T07:41:13.197Z - debug:  
2025-08-17T07:41:13.198Z - debug:  
2025-08-17T07:41:13.198Z - debug:  
2025-08-17T07:41:13.198Z - debug:  
2025-08-17T07:41:13.198Z - debug:  
2025-08-17T07:41:13.198Z - debug:  
2025-08-17T07:41:13.198Z - debug:  
2025-08-17T07:41:13.198Z - debug:  
2025-08-17T07:41:16.332Z - debug:  
2025-08-17T07:41:16.481Z - debug:  
2025-08-17T07:41:16.532Z - debug:  
2025-08-17T07:41:16.576Z - debug:  
2025-08-17T07:41:16.591Z - debug:  
2025-08-17T07:41:16.607Z - debug:  
2025-08-17T07:41:26.066Z - debug:  
2025-08-17T07:41:30.479Z - warn: Empty reference in /Users/damithch/Repos/nus-cs2103/cs2103-website-base/book/gitAndGithub/log/unit-inElsewhere-asFlat.md:
Segment '#title' in file: /Users/damithch/Repos/nus-cs2103/cs2103-website-base/book/gitAndGithub/log/text.md is empty
2025-08-17T07:42:23.910Z - debug:  
2025-08-17T07:42:35.555Z - debug:  
2025-08-17T07:42:35.581Z - debug:  
2025-08-17T07:42:42.076Z - info: Pages built
2025-08-17T07:42:42.151Z - info: Site data built
2025-08-17T07:42:42.151Z - info: Website generation complete! Total build time: 102.117s
2025-08-17T07:42:42.151Z - info: Build success!
2025-08-17T07:43:07.167Z - info: The website has been deployed at: https://nus-cs2103-ay2526s1.github.io/website
