2025-08-03T11:06:07.097Z - info: Website generation started at 19:06:05
2025-08-03T11:06:07.598Z - warn: ENOENT: no such file or directory, open '/Users/damithch/Repos/nus-cs2103/cs2103-website-base/node_modules/.cache/gh-pages/https!github.com!nus-cs2103-AY2526S1!website.git/book/_markbind/variables.md'
2025-08-03T11:06:07.598Z - warn: ENOENT: no such file or directory, open '/Users/damithch/Repos/nus-cs2103/cs2103-website-base/node_modules/.cache/gh-pages/https!github.com!nus-cs2103-AY2526S1!website.git/_markbind/variables.md'
2025-08-03T11:06:07.626Z - info: Building assets...
2025-08-03T11:06:10.141Z - info: Assets built
2025-08-03T11:06:10.141Z - info: Generating pages...
2025-08-03T11:06:14.824Z - debug:  
2025-08-03T11:06:14.827Z - debug:  
2025-08-03T11:06:17.427Z - debug:  
2025-08-03T11:06:17.427Z - debug:  
2025-08-03T11:06:17.427Z - debug:  
2025-08-03T11:06:17.427Z - debug:  
2025-08-03T11:06:17.427Z - debug:  
2025-08-03T11:06:17.427Z - debug:  
2025-08-03T11:06:17.427Z - debug:  
2025-08-03T11:06:17.427Z - debug:  
2025-08-03T11:06:17.427Z - debug:  
2025-08-03T11:06:19.401Z - debug:  
2025-08-03T11:06:19.419Z - debug:  
2025-08-03T11:06:19.420Z - debug:  
2025-08-03T11:06:19.423Z - debug:  
2025-08-03T11:06:19.423Z - debug:  
2025-08-03T11:06:19.427Z - debug:  
2025-08-03T11:06:29.255Z - debug:  
2025-08-03T11:07:24.797Z - debug:  
2025-08-03T11:07:36.673Z - debug:  
2025-08-03T11:07:36.715Z - debug:  
2025-08-03T11:07:43.785Z - info: Pages built
2025-08-03T11:07:43.862Z - info: Site data built
2025-08-03T11:07:43.862Z - info: Website generation complete! Total build time: 98.153s
2025-08-03T11:07:43.862Z - info: Build success!
2025-08-03T11:08:12.867Z - info: The website has been deployed at: https://nus-cs2103-ay2526s1.github.io/website
2025-08-03T15:02:44.738Z - info: Website generation (lazy) started at 23:02:43
2025-08-03T15:02:45.226Z - warn: ENOENT: no such file or directory, open '/Users/damithch/Repos/nus-cs2103/cs2103-website-base/node_modules/.cache/gh-pages/https!github.com!nus-cs2103-AY2526S1!website.git/book/_markbind/variables.md'
2025-08-03T15:02:45.226Z - warn: ENOENT: no such file or directory, open '/Users/damithch/Repos/nus-cs2103/cs2103-website-base/node_modules/.cache/gh-pages/https!github.com!nus-cs2103-AY2526S1!website.git/_markbind/variables.md'
2025-08-03T15:02:45.248Z - info: Building assets...
2025-08-03T15:02:48.358Z - info: Assets built
2025-08-03T15:02:48.358Z - info: Generating landing page...
2025-08-03T15:02:48.602Z - info: Landing page built, other pages will be built as you navigate to them!
2025-08-03T15:02:48.697Z - info: Site data built
2025-08-03T15:02:48.698Z - info: Website generation (lazy) complete! Total build time: 5.384s
2025-08-03T15:02:48.712Z - info: Serving "/Users/damithch/Repos/nus-cs2103/cs2103-website-base/_site" at http://127.0.0.1:8080
2025-08-03T15:02:48.712Z - info: Press CTRL+C to stop ...
2025-08-03T15:03:01.499Z - info: Building /Users/damithch/Repos/nus-cs2103/cs2103-website-base/se-book-adapted/git-trail/index as some of its dependencies were changed since the last visit
2025-08-03T15:03:01.849Z - info: Site data built
2025-08-03T15:03:01.849Z - info: Lazy website regeneration complete! Total build time: 0.351s
2025-08-03T15:03:13.231Z - info: Building /Users/damithch/Repos/nus-cs2103/cs2103-website-base/book/gitAndGithub/gitPrep/index as some of its dependencies were changed since the last visit
2025-08-03T15:03:13.468Z - info: Site data built
2025-08-03T15:03:13.469Z - info: Lazy website regeneration complete! Total build time: 0.239s
2025-08-03T15:06:12.298Z - info: [23:06:12] Reload for file change: /Users/damithch/Repos/nus-cs2103/cs2103-website-base/book/gitAndGithub/gitPrep/text.md
2025-08-03T15:06:12.299Z - info: Synchronizing opened pages list before reload
2025-08-03T15:06:12.300Z - info: Current opened pages, from most-to-least recent:
2025-08-03T15:06:12.300Z - info: 1. book/gitAndGithub/gitPrep/index
2025-08-03T15:06:12.300Z - info: 2. se-book-adapted/git-trail/index
2025-08-03T15:06:13.309Z - info: Rebuilding 2 pages
2025-08-03T15:06:13.663Z - info: Site data built
2025-08-03T15:06:13.663Z - info: Pages rebuilt
2025-08-03T15:06:13.663Z - info: Website regeneration complete! Total build time: 0.356s
2025-08-03T15:55:04.102Z - info: Building /Users/damithch/Repos/nus-cs2103/cs2103-website-base/book/gitAndGithub/trail/workingWithRemotes/index as some of its dependencies were changed since the last visit
2025-08-03T15:55:04.357Z - info: Site data built
2025-08-03T15:55:04.357Z - info: Lazy website regeneration complete! Total build time: 0.259s
2025-08-03T15:55:31.380Z - info: Building /Users/damithch/Repos/nus-cs2103/cs2103-website-base/book/gitAndGithub/trail/recordingFolderHistory/index as some of its dependencies were changed since the last visit
2025-08-03T15:55:31.772Z - info: Site data built
2025-08-03T15:55:31.772Z - info: Lazy website regeneration complete! Total build time: 0.394s
2025-08-03T15:55:44.014Z - info: Building /Users/damithch/Repos/nus-cs2103/cs2103-website-base/book/gitAndGithub/trail/backingUpOnCloud/index as some of its dependencies were changed since the last visit
2025-08-03T15:55:44.386Z - info: Site data built
2025-08-03T15:55:44.386Z - info: Lazy website regeneration complete! Total build time: 0.372s
2025-08-03T15:56:56.947Z - info: Building /Users/damithch/Repos/nus-cs2103/cs2103-website-base/se-book-adapted/index as some of its dependencies were changed since the last visit
2025-08-03T15:56:57.090Z - info: Site data built
2025-08-03T15:56:57.091Z - info: Lazy website regeneration complete! Total build time: 0.145s
2025-08-03T15:57:02.172Z - info: Building /Users/damithch/Repos/nus-cs2103/cs2103-website-base/se-book-adapted/chapters/gitAndGithub as some of its dependencies were changed since the last visit
2025-08-03T15:57:03.670Z - info: Site data built
2025-08-03T15:57:03.671Z - info: Lazy website regeneration complete! Total build time: 1.5s
