2025-10-10T11:16:09.213Z - info: Website generation started at 19:16:07
2025-10-10T11:16:09.803Z - warn: ENOENT: no such file or directory, open '/Users/damithch/Repos/nus-cs2103/cs2103-website-base/node_modules/.cache/gh-pages/https!github.com!nus-cs2103-AY2526S1!website.git/book/_markbind/variables.md'
2025-10-10T11:16:09.803Z - warn: ENOENT: no such file or directory, open '/Users/damithch/Repos/nus-cs2103/cs2103-website-base/node_modules/.cache/gh-pages/https!github.com!nus-cs2103-AY2526S1!website.git/_markbind/variables.md'
2025-10-10T11:16:09.829Z - info: Building assets...
2025-10-10T11:16:13.649Z - info: Assets built
2025-10-10T11:16:13.650Z - info: Generating pages...
2025-10-10T11:16:20.148Z - debug:  
2025-10-10T11:16:20.148Z - debug:  
2025-10-10T11:16:20.148Z - debug:  
2025-10-10T11:16:24.074Z - debug:  
2025-10-10T11:16:24.074Z - debug:  
2025-10-10T11:16:24.074Z - debug:  
2025-10-10T11:16:24.075Z - debug:  
2025-10-10T11:16:24.075Z - debug:  
2025-10-10T11:16:24.075Z - debug:  
2025-10-10T11:16:24.075Z - debug:  
2025-10-10T11:16:24.075Z - debug:  
2025-10-10T11:16:24.075Z - debug:  
2025-10-10T11:16:26.552Z - debug:  
2025-10-10T11:16:26.554Z - debug:  
2025-10-10T11:16:26.630Z - debug:  
2025-10-10T11:16:26.636Z - debug:  
2025-10-10T11:16:26.642Z - debug:  
2025-10-10T11:16:26.657Z - debug:  
2025-10-10T11:16:36.961Z - debug:  
2025-10-10T11:17:44.710Z - debug:  
2025-10-10T11:17:58.140Z - debug:  
2025-10-10T11:17:58.204Z - debug:  
2025-10-10T11:18:08.760Z - info: Pages built
2025-10-10T11:18:08.840Z - info: Site data built
2025-10-10T11:18:08.840Z - info: Website generation complete! Total build time: 120.92s
2025-10-10T11:18:08.840Z - info: Build success!
2025-10-10T11:18:34.422Z - info: The website has been deployed at: https://nus-cs2103-ay2526s1.github.io/website
