2025-09-08T03:04:48.588Z - info: Website generation started at 11:04:47
2025-09-08T03:04:49.253Z - warn: ENOENT: no such file or directory, open '/Users/damithch/Repos/nus-cs2103/cs2103-website-base/node_modules/.cache/gh-pages/https!github.com!nus-cs2103-AY2526S1!website.git/book/_markbind/variables.md'
2025-09-08T03:04:49.253Z - warn: ENOENT: no such file or directory, open '/Users/damithch/Repos/nus-cs2103/cs2103-website-base/node_modules/.cache/gh-pages/https!github.com!nus-cs2103-AY2526S1!website.git/_markbind/variables.md'
2025-09-08T03:04:49.275Z - info: Building assets...
2025-09-08T03:04:52.063Z - info: Assets built
2025-09-08T03:04:52.063Z - info: Generating pages...
2025-09-08T03:05:06.439Z - debug:  
2025-09-08T03:05:06.440Z - debug:  
2025-09-08T03:05:06.440Z - debug:  
2025-09-08T03:05:06.440Z - debug:  
2025-09-08T03:05:06.440Z - debug:  
2025-09-08T03:05:06.440Z - debug:  
2025-09-08T03:05:06.440Z - debug:  
2025-09-08T03:05:06.440Z - debug:  
2025-09-08T03:05:06.440Z - debug:  
2025-09-08T03:05:06.440Z - debug:  
2025-09-08T03:05:06.440Z - debug:  
2025-09-08T03:05:09.318Z - debug:  
2025-09-08T03:05:09.335Z - debug:  
2025-09-08T03:05:09.335Z - debug:  
2025-09-08T03:05:09.337Z - debug:  
2025-09-08T03:05:09.340Z - debug:  
2025-09-08T03:05:09.342Z - debug:  
2025-09-08T03:05:20.493Z - debug:  
2025-09-08T03:06:27.731Z - debug:  
2025-09-08T03:06:40.360Z - debug:  
2025-09-08T03:06:40.375Z - debug:  
2025-09-08T03:06:49.912Z - info: Pages built
2025-09-08T03:06:49.990Z - info: Site data built
2025-09-08T03:06:49.990Z - info: Website generation complete! Total build time: 122.84s
2025-09-08T03:06:49.990Z - info: Build success!
2025-09-08T03:07:13.373Z - info: The website has been deployed at: https://nus-cs2103.github.io/website-base
