2025-08-14T18:15:33.223Z - info: Website generation started at 02:15:32
2025-08-14T18:15:33.728Z - warn: ENOENT: no such file or directory, open '/Users/damithch/Repos/nus-cs2103/cs2103-website-base/node_modules/.cache/gh-pages/https!github.com!nus-cs2103-AY2526S1!website.git/book/_markbind/variables.md'
2025-08-14T18:15:33.728Z - warn: ENOENT: no such file or directory, open '/Users/damithch/Repos/nus-cs2103/cs2103-website-base/node_modules/.cache/gh-pages/https!github.com!nus-cs2103-AY2526S1!website.git/_markbind/variables.md'
2025-08-14T18:15:33.756Z - info: Building assets...
2025-08-14T18:15:37.492Z - info: Assets built
2025-08-14T18:15:37.493Z - info: Generating pages...
2025-08-14T18:15:43.187Z - debug:  
2025-08-14T18:15:45.737Z - debug:  
2025-08-14T18:15:45.737Z - debug:  
2025-08-14T18:15:45.737Z - debug:  
2025-08-14T18:15:45.737Z - debug:  
2025-08-14T18:15:45.737Z - debug:  
2025-08-14T18:15:45.737Z - debug:  
2025-08-14T18:15:45.737Z - debug:  
2025-08-14T18:15:45.737Z - debug:  
2025-08-14T18:15:45.737Z - debug:  
2025-08-14T18:15:45.737Z - debug:  
2025-08-14T18:15:47.814Z - debug:  
2025-08-14T18:15:48.104Z - debug:  
2025-08-14T18:15:48.126Z - debug:  
2025-08-14T18:15:48.156Z - debug:  
2025-08-14T18:15:48.164Z - debug:  
2025-08-14T18:15:48.172Z - debug:  
2025-08-14T18:15:58.308Z - debug:  
2025-08-14T18:16:02.426Z - warn: Empty reference in /Users/damithch/Repos/nus-cs2103/cs2103-website-base/book/gitAndGithub/log/unit-inElsewhere-asFlat.md:
Segment '#title' in file: /Users/damithch/Repos/nus-cs2103/cs2103-website-base/book/gitAndGithub/log/text.md is empty
2025-08-14T18:16:55.666Z - debug:  
2025-08-14T18:17:07.893Z - debug:  
2025-08-14T18:17:07.893Z - debug:  
2025-08-14T18:17:13.856Z - info: Pages built
2025-08-14T18:17:13.926Z - info: Site data built
2025-08-14T18:17:13.926Z - info: Website generation complete! Total build time: 101.925s
2025-08-14T18:17:13.926Z - info: Build success!
2025-08-14T18:17:41.160Z - info: The website has been deployed at: https://nus-cs2103-ay2526s1.github.io/website
2025-08-15T03:18:50.312Z - info: Website generation (lazy) started at 11:18:48
2025-08-15T03:18:50.917Z - warn: ENOENT: no such file or directory, open '/Users/damithch/Repos/nus-cs2103/cs2103-website-base/node_modules/.cache/gh-pages/https!github.com!nus-cs2103-AY2526S1!website.git/book/_markbind/variables.md'
2025-08-15T03:18:50.917Z - warn: ENOENT: no such file or directory, open '/Users/damithch/Repos/nus-cs2103/cs2103-website-base/node_modules/.cache/gh-pages/https!github.com!nus-cs2103-AY2526S1!website.git/_markbind/variables.md'
2025-08-15T03:18:50.948Z - info: Building assets...
2025-08-15T03:18:54.416Z - info: Assets built
2025-08-15T03:18:54.417Z - info: Generating landing page...
2025-08-15T03:18:54.836Z - info: Landing page built, other pages will be built as you navigate to them!
2025-08-15T03:18:54.912Z - info: Site data built
2025-08-15T03:18:54.912Z - info: Website generation (lazy) complete! Total build time: 5.944s
2025-08-15T03:18:54.921Z - info: Serving "/Users/damithch/Repos/nus-cs2103/cs2103-website-base/_site" at http://127.0.0.1:8080
2025-08-15T03:18:54.921Z - info: Press CTRL+C to stop ...
2025-08-15T03:19:15.233Z - info: Building /Users/damithch/Repos/nus-cs2103/cs2103-website-base/admin/exams as some of its dependencies were changed since the last visit
2025-08-15T03:19:15.606Z - info: Site data built
2025-08-15T03:19:15.606Z - info: Lazy website regeneration complete! Total build time: 0.374s
2025-08-15T03:20:38.204Z - info: [11:20:38] Reload for file change: /Users/damithch/Repos/nus-cs2103/cs2103-website-base/admin/exams.md
2025-08-15T03:20:38.205Z - info: Synchronizing opened pages list before reload
2025-08-15T03:20:38.206Z - info: Current opened pages, from most-to-least recent:
2025-08-15T03:20:38.206Z - info: 1. admin/exams
2025-08-15T03:20:39.214Z - info: Rebuilding 1 pages
2025-08-15T03:20:39.536Z - info: Site data built
2025-08-15T03:20:39.536Z - info: Pages rebuilt
2025-08-15T03:20:39.536Z - info: Website regeneration complete! Total build time: 0.325s
2025-08-15T03:23:20.539Z - info: [11:23:20] Reload for file change: /Users/damithch/Repos/nus-cs2103/cs2103-website-base/admin/exams.md
2025-08-15T03:23:20.540Z - info: Synchronizing opened pages list before reload
2025-08-15T03:23:20.541Z - info: Current opened pages, from most-to-least recent:
2025-08-15T03:23:20.542Z - info: 1. admin/exams
2025-08-15T03:23:21.554Z - info: Rebuilding 1 pages
2025-08-15T03:23:21.862Z - info: Site data built
2025-08-15T03:23:21.862Z - info: Pages rebuilt
2025-08-15T03:23:21.863Z - info: Website regeneration complete! Total build time: 0.316s
2025-08-15T03:23:36.986Z - info: [11:23:36] Reload for file change: /Users/damithch/Repos/nus-cs2103/cs2103-website-base/admin/exams.md
2025-08-15T03:23:36.986Z - info: Synchronizing opened pages list before reload
2025-08-15T03:23:36.987Z - info: Current opened pages, from most-to-least recent:
2025-08-15T03:23:36.987Z - info: 1. admin/exams
2025-08-15T03:23:38.003Z - info: Rebuilding 1 pages
2025-08-15T03:23:38.302Z - info: Site data built
2025-08-15T03:23:38.302Z - info: Pages rebuilt
2025-08-15T03:23:38.302Z - info: Website regeneration complete! Total build time: 0.301s
2025-08-15T03:24:31.069Z - info: [11:24:31] Reload for file change: /Users/damithch/Repos/nus-cs2103/cs2103-website-base/admin/exams.md
2025-08-15T03:24:31.070Z - info: Synchronizing opened pages list before reload
2025-08-15T03:24:31.070Z - info: Current opened pages, from most-to-least recent:
2025-08-15T03:24:31.070Z - info: 1. admin/exams
2025-08-15T03:24:32.088Z - info: Rebuilding 1 pages
2025-08-15T03:24:32.365Z - info: Site data built
2025-08-15T03:24:32.365Z - info: Pages rebuilt
2025-08-15T03:24:32.365Z - info: Website regeneration complete! Total build time: 0.292s
2025-08-15T03:25:09.908Z - info: [11:25:09] Reload for file change: /Users/damithch/Repos/nus-cs2103/cs2103-website-base/admin/exams.md
2025-08-15T03:25:09.911Z - info: Synchronizing opened pages list before reload
2025-08-15T03:25:09.914Z - info: Current opened pages, from most-to-least recent:
2025-08-15T03:25:09.914Z - info: 1. admin/exams
2025-08-15T03:25:10.924Z - info: Rebuilding 1 pages
2025-08-15T03:25:11.258Z - info: Site data built
2025-08-15T03:25:11.259Z - info: Pages rebuilt
2025-08-15T03:25:11.259Z - info: Website regeneration complete! Total build time: 0.338s
2025-08-15T03:26:29.237Z - info: Website generation started at 11:26:28
2025-08-15T03:26:29.650Z - warn: ENOENT: no such file or directory, open '/Users/damithch/Repos/nus-cs2103/cs2103-website-base/node_modules/.cache/gh-pages/https!github.com!nus-cs2103-AY2526S1!website.git/book/_markbind/variables.md'
2025-08-15T03:26:29.651Z - warn: ENOENT: no such file or directory, open '/Users/damithch/Repos/nus-cs2103/cs2103-website-base/node_modules/.cache/gh-pages/https!github.com!nus-cs2103-AY2526S1!website.git/_markbind/variables.md'
2025-08-15T03:26:29.670Z - info: Building assets...
2025-08-15T03:26:32.671Z - info: Assets built
2025-08-15T03:26:32.673Z - info: Generating pages...
2025-08-15T03:26:38.291Z - debug:  
2025-08-15T03:26:38.291Z - debug:  
2025-08-15T03:26:41.290Z - debug:  
2025-08-15T03:26:41.290Z - debug:  
2025-08-15T03:26:41.290Z - debug:  
2025-08-15T03:26:41.290Z - debug:  
2025-08-15T03:26:41.290Z - debug:  
2025-08-15T03:26:41.290Z - debug:  
2025-08-15T03:26:41.290Z - debug:  
2025-08-15T03:26:41.290Z - debug:  
2025-08-15T03:26:41.290Z - debug:  
2025-08-15T03:26:44.102Z - debug:  
2025-08-15T03:26:44.396Z - debug:  
2025-08-15T03:26:44.477Z - debug:  
2025-08-15T03:26:44.486Z - debug:  
2025-08-15T03:26:44.492Z - debug:  
2025-08-15T03:26:44.507Z - debug:  
2025-08-15T03:26:54.274Z - debug:  
2025-08-15T03:26:59.111Z - warn: Empty reference in /Users/damithch/Repos/nus-cs2103/cs2103-website-base/book/gitAndGithub/log/unit-inElsewhere-asFlat.md:
Segment '#title' in file: /Users/damithch/Repos/nus-cs2103/cs2103-website-base/book/gitAndGithub/log/text.md is empty
2025-08-15T03:27:54.055Z - debug:  
2025-08-15T03:28:06.280Z - debug:  
2025-08-15T03:28:06.287Z - debug:  
2025-08-15T03:28:13.033Z - info: Pages built
2025-08-15T03:28:13.104Z - info: Site data built
2025-08-15T03:28:13.104Z - info: Website generation complete! Total build time: 104.901s
2025-08-15T03:28:13.104Z - info: Build success!
2025-08-15T03:28:39.210Z - info: The website has been deployed at: https://nus-cs2103-ay2526s1.github.io/website
2025-08-15T05:01:20.542Z - info: Website generation (lazy) started at 13:01:19
2025-08-15T05:01:21.146Z - warn: ENOENT: no such file or directory, open '/Users/damithch/Repos/nus-cs2103/cs2103-website-base/node_modules/.cache/gh-pages/https!github.com!nus-cs2103-AY2526S1!website.git/book/_markbind/variables.md'
2025-08-15T05:01:21.147Z - warn: ENOENT: no such file or directory, open '/Users/damithch/Repos/nus-cs2103/cs2103-website-base/node_modules/.cache/gh-pages/https!github.com!nus-cs2103-AY2526S1!website.git/_markbind/variables.md'
2025-08-15T05:01:21.192Z - info: Building assets...
2025-08-15T05:01:24.064Z - info: Assets built
2025-08-15T05:01:24.064Z - info: Generating landing page...
2025-08-15T05:01:24.442Z - info: Landing page built, other pages will be built as you navigate to them!
2025-08-15T05:01:24.515Z - info: Site data built
2025-08-15T05:01:24.515Z - info: Website generation (lazy) complete! Total build time: 5.273s
2025-08-15T05:01:24.525Z - info: Serving "/Users/damithch/Repos/nus-cs2103/cs2103-website-base/_site" at http://127.0.0.1:8080
2025-08-15T05:01:24.525Z - info: Press CTRL+C to stop ...
2025-08-15T05:01:37.926Z - info: [13:01:37] Reload for file change: /Users/damithch/Repos/nus-cs2103/cs2103-website-base/_markbind/layouts/header.md
2025-08-15T05:01:37.927Z - info: Synchronizing opened pages list before reload
2025-08-15T05:01:37.927Z - info: Current opened pages, from most-to-least recent:
2025-08-15T05:01:37.927Z - info: 1. index
2025-08-15T05:01:39.035Z - info: Rebuilding 1 pages
2025-08-15T05:01:39.373Z - info: Site data built
2025-08-15T05:01:39.373Z - info: Pages rebuilt
2025-08-15T05:01:39.374Z - info: Website regeneration complete! Total build time: 0.34s
2025-08-15T05:02:08.444Z - info: [13:02:08] Reload for file change: /Users/damithch/Repos/nus-cs2103/cs2103-website-base/_markbind/layouts/header.md
2025-08-15T05:02:08.447Z - info: Synchronizing opened pages list before reload
2025-08-15T05:02:08.448Z - info: Current opened pages, from most-to-least recent:
2025-08-15T05:02:08.448Z - info: 1. index
2025-08-15T05:02:09.531Z - info: Rebuilding 1 pages
2025-08-15T05:02:09.721Z - info: Site data built
2025-08-15T05:02:09.721Z - info: Pages rebuilt
2025-08-15T05:02:09.721Z - info: Website regeneration complete! Total build time: 0.191s
2025-08-15T05:04:54.642Z - info: [13:04:54] Reload for file change: /Users/damithch/Repos/nus-cs2103/cs2103-website-base/_markbind/layouts/header.md
2025-08-15T05:04:54.645Z - info: Synchronizing opened pages list before reload
2025-08-15T05:04:54.645Z - info: No pages are currently opened
2025-08-15T05:04:55.810Z - info: No pages needed to be rebuilt
2025-08-15T05:05:45.980Z - info: [13:05:45] Reload for file change: /Users/damithch/Repos/nus-cs2103/cs2103-website-base/_markbind/layouts/header.md
2025-08-15T05:05:45.982Z - info: Synchronizing opened pages list before reload
2025-08-15T05:05:45.984Z - info: No pages are currently opened
2025-08-15T05:05:47.086Z - info: No pages needed to be rebuilt
2025-08-15T05:05:52.491Z - info: Building /Users/damithch/Repos/nus-cs2103/cs2103-website-base/index as some of its dependencies were changed since the last visit
2025-08-15T05:05:52.777Z - info: Site data built
2025-08-15T05:05:52.777Z - info: Lazy website regeneration complete! Total build time: 0.286s
2025-08-15T05:06:24.353Z - info: Website generation started at 13:06:23
2025-08-15T05:06:24.756Z - warn: ENOENT: no such file or directory, open '/Users/damithch/Repos/nus-cs2103/cs2103-website-base/node_modules/.cache/gh-pages/https!github.com!nus-cs2103-AY2526S1!website.git/book/_markbind/variables.md'
2025-08-15T05:06:24.756Z - warn: ENOENT: no such file or directory, open '/Users/damithch/Repos/nus-cs2103/cs2103-website-base/node_modules/.cache/gh-pages/https!github.com!nus-cs2103-AY2526S1!website.git/_markbind/variables.md'
2025-08-15T05:06:24.775Z - info: Building assets...
2025-08-15T05:06:27.421Z - info: Assets built
2025-08-15T05:06:27.422Z - info: Generating pages...
2025-08-15T05:06:36.884Z - debug:  
2025-08-15T05:06:36.884Z - debug:  
2025-08-15T05:06:36.884Z - debug:  
2025-08-15T05:06:36.884Z - debug:  
2025-08-15T05:06:36.884Z - debug:  
2025-08-15T05:06:36.884Z - debug:  
2025-08-15T05:06:36.884Z - debug:  
2025-08-15T05:06:36.884Z - debug:  
2025-08-15T05:06:36.884Z - debug:  
2025-08-15T05:06:36.884Z - debug:  
2025-08-15T05:06:36.884Z - debug:  
2025-08-15T05:06:39.198Z - debug:  
2025-08-15T05:06:39.202Z - debug:  
2025-08-15T05:06:39.225Z - debug:  
2025-08-15T05:06:39.225Z - debug:  
2025-08-15T05:06:39.278Z - debug:  
2025-08-15T05:06:39.282Z - debug:  
2025-08-15T05:06:48.508Z - debug:  
2025-08-15T05:06:52.988Z - warn: Empty reference in /Users/damithch/Repos/nus-cs2103/cs2103-website-base/book/gitAndGithub/log/unit-inElsewhere-asFlat.md:
Segment '#title' in file: /Users/damithch/Repos/nus-cs2103/cs2103-website-base/book/gitAndGithub/log/text.md is empty
2025-08-15T05:07:46.672Z - debug:  
2025-08-15T05:08:02.336Z - debug:  
2025-08-15T05:08:02.353Z - debug:  
2025-08-15T05:08:09.515Z - info: Pages built
2025-08-15T05:08:09.587Z - info: Site data built
2025-08-15T05:08:09.587Z - info: Website generation complete! Total build time: 106.341s
2025-08-15T05:08:09.587Z - info: Build success!
2025-08-15T05:08:34.539Z - info: The website has been deployed at: https://nus-cs2103-ay2526s1.github.io/website
2025-08-15T07:19:11.050Z - info: Website generation started at 15:19:09
2025-08-15T07:19:11.483Z - warn: ENOENT: no such file or directory, open '/Users/damithch/Repos/nus-cs2103/cs2103-website-base/node_modules/.cache/gh-pages/https!github.com!nus-cs2103-AY2526S1!website.git/book/_markbind/variables.md'
2025-08-15T07:19:11.484Z - warn: ENOENT: no such file or directory, open '/Users/damithch/Repos/nus-cs2103/cs2103-website-base/node_modules/.cache/gh-pages/https!github.com!nus-cs2103-AY2526S1!website.git/_markbind/variables.md'
2025-08-15T07:19:11.503Z - info: Building assets...
2025-08-15T07:19:14.550Z - info: Assets built
2025-08-15T07:19:14.551Z - info: Generating pages...
2025-08-15T07:19:19.524Z - debug:  
2025-08-15T07:19:19.525Z - debug:  
2025-08-15T07:19:22.145Z - debug:  
2025-08-15T07:19:22.145Z - debug:  
2025-08-15T07:19:22.145Z - debug:  
2025-08-15T07:19:22.145Z - debug:  
2025-08-15T07:19:22.145Z - debug:  
2025-08-15T07:19:22.145Z - debug:  
2025-08-15T07:19:22.145Z - debug:  
2025-08-15T07:19:22.145Z - debug:  
2025-08-15T07:19:22.145Z - debug:  
2025-08-15T07:19:25.377Z - debug:  
2025-08-15T07:19:25.403Z - debug:  
2025-08-15T07:19:25.428Z - debug:  
2025-08-15T07:19:25.437Z - debug:  
2025-08-15T07:19:25.465Z - debug:  
2025-08-15T07:19:25.468Z - debug:  
2025-08-15T07:19:35.106Z - debug:  
2025-08-15T07:19:39.566Z - warn: Empty reference in /Users/damithch/Repos/nus-cs2103/cs2103-website-base/book/gitAndGithub/log/unit-inElsewhere-asFlat.md:
Segment '#title' in file: /Users/damithch/Repos/nus-cs2103/cs2103-website-base/book/gitAndGithub/log/text.md is empty
2025-08-15T07:20:35.854Z - debug:  
2025-08-15T07:20:48.326Z - debug:  
2025-08-15T07:20:48.334Z - debug:  
2025-08-15T07:20:55.200Z - info: Pages built
2025-08-15T07:20:55.276Z - info: Site data built
2025-08-15T07:20:55.276Z - info: Website generation complete! Total build time: 105.415s
2025-08-15T07:20:55.276Z - info: Build success!
2025-08-15T07:21:59.128Z - info: The website has been deployed at: https://nus-cs2103-ay2526s1.github.io/website
2025-08-15T09:11:41.763Z - info: Website generation (lazy) started at 17:11:40
2025-08-15T09:11:42.354Z - warn: ENOENT: no such file or directory, open '/Users/damithch/Repos/nus-cs2103/cs2103-website-base/node_modules/.cache/gh-pages/https!github.com!nus-cs2103-AY2526S1!website.git/book/_markbind/variables.md'
2025-08-15T09:11:42.354Z - warn: ENOENT: no such file or directory, open '/Users/damithch/Repos/nus-cs2103/cs2103-website-base/node_modules/.cache/gh-pages/https!github.com!nus-cs2103-AY2526S1!website.git/_markbind/variables.md'
2025-08-15T09:11:42.374Z - info: Building assets...
2025-08-15T09:11:45.195Z - info: Assets built
2025-08-15T09:11:45.196Z - info: Generating landing page...
2025-08-15T09:11:45.574Z - info: Landing page built, other pages will be built as you navigate to them!
2025-08-15T09:11:45.646Z - info: Site data built
2025-08-15T09:11:45.646Z - info: Website generation (lazy) complete! Total build time: 5.126s
2025-08-15T09:11:45.657Z - info: Serving "/Users/damithch/Repos/nus-cs2103/cs2103-website-base/_site" at http://127.0.0.1:8080
2025-08-15T09:11:45.657Z - info: Press CTRL+C to stop ...
2025-08-15T09:12:26.956Z - info: Building /Users/damithch/Repos/nus-cs2103/cs2103-website-base/admin/tools as some of its dependencies were changed since the last visit
2025-08-15T09:12:27.248Z - info: Site data built
2025-08-15T09:12:27.249Z - info: Lazy website regeneration complete! Total build time: 0.295s
2025-08-15T09:12:52.050Z - info: Website generation started at 17:12:51
2025-08-15T09:12:52.396Z - warn: ENOENT: no such file or directory, open '/Users/damithch/Repos/nus-cs2103/cs2103-website-base/node_modules/.cache/gh-pages/https!github.com!nus-cs2103-AY2526S1!website.git/book/_markbind/variables.md'
2025-08-15T09:12:52.396Z - warn: ENOENT: no such file or directory, open '/Users/damithch/Repos/nus-cs2103/cs2103-website-base/node_modules/.cache/gh-pages/https!github.com!nus-cs2103-AY2526S1!website.git/_markbind/variables.md'
2025-08-15T09:12:52.418Z - info: Building assets...
2025-08-15T09:12:55.825Z - info: Assets built
2025-08-15T09:12:55.825Z - info: Generating pages...
2025-08-15T09:13:00.622Z - debug:  
2025-08-15T09:13:02.995Z - debug:  
2025-08-15T09:13:02.995Z - debug:  
2025-08-15T09:13:02.995Z - debug:  
2025-08-15T09:13:02.995Z - debug:  
2025-08-15T09:13:02.995Z - debug:  
2025-08-15T09:13:02.995Z - debug:  
2025-08-15T09:13:02.995Z - debug:  
2025-08-15T09:13:02.995Z - debug:  
2025-08-15T09:13:02.995Z - debug:  
2025-08-15T09:13:02.995Z - debug:  
2025-08-15T09:13:05.230Z - debug:  
2025-08-15T09:13:05.251Z - debug:  
2025-08-15T09:13:05.275Z - debug:  
2025-08-15T09:13:05.315Z - debug:  
2025-08-15T09:13:05.323Z - debug:  
2025-08-15T09:13:05.323Z - debug:  
2025-08-15T09:13:14.680Z - debug:  
2025-08-15T09:13:18.927Z - warn: Empty reference in /Users/damithch/Repos/nus-cs2103/cs2103-website-base/book/gitAndGithub/log/unit-inElsewhere-asFlat.md:
Segment '#title' in file: /Users/damithch/Repos/nus-cs2103/cs2103-website-base/book/gitAndGithub/log/text.md is empty
2025-08-15T09:14:16.783Z - debug:  
2025-08-15T09:14:28.989Z - debug:  
2025-08-15T09:14:29.018Z - debug:  
2025-08-15T09:14:36.137Z - info: Pages built
2025-08-15T09:14:36.212Z - info: Site data built
2025-08-15T09:14:36.212Z - info: Website generation complete! Total build time: 105.07s
2025-08-15T09:14:36.212Z - info: Build success!
2025-08-15T09:15:25.508Z - info: The website has been deployed at: https://nus-cs2103-ay2526s1.github.io/website
2025-08-15T11:57:21.883Z - info: Website generation (lazy) started at 19:57:20
2025-08-15T11:57:22.509Z - warn: ENOENT: no such file or directory, open '/Users/damithch/Repos/nus-cs2103/cs2103-website-base/node_modules/.cache/gh-pages/https!github.com!nus-cs2103-AY2526S1!website.git/book/_markbind/variables.md'
2025-08-15T11:57:22.509Z - warn: ENOENT: no such file or directory, open '/Users/damithch/Repos/nus-cs2103/cs2103-website-base/node_modules/.cache/gh-pages/https!github.com!nus-cs2103-AY2526S1!website.git/_markbind/variables.md'
2025-08-15T11:57:22.528Z - info: Building assets...
2025-08-15T11:57:25.736Z - info: Assets built
2025-08-15T11:57:25.737Z - info: Generating landing page...
2025-08-15T11:57:26.138Z - info: Landing page built, other pages will be built as you navigate to them!
2025-08-15T11:57:26.206Z - info: Site data built
2025-08-15T11:57:26.206Z - info: Website generation (lazy) complete! Total build time: 5.649s
2025-08-15T11:57:26.219Z - info: Serving "/Users/damithch/Repos/nus-cs2103/cs2103-website-base/_site" at http://127.0.0.1:8080
2025-08-15T11:57:26.219Z - info: Press CTRL+C to stop ...
2025-08-15T11:57:39.340Z - info: Building /Users/damithch/Repos/nus-cs2103/cs2103-website-base/se-book-adapted/git-trail/index as some of its dependencies were changed since the last visit
2025-08-15T11:57:39.754Z - info: Site data built
2025-08-15T11:57:39.754Z - info: Lazy website regeneration complete! Total build time: 0.415s
2025-08-15T11:57:43.083Z - info: Building /Users/damithch/Repos/nus-cs2103/cs2103-website-base/book/gitAndGithub/trail/backingUpOnCloud/index as some of its dependencies were changed since the last visit
2025-08-15T11:57:43.399Z - info: Site data built
2025-08-15T11:57:43.399Z - info: Lazy website regeneration complete! Total build time: 0.317s
2025-08-15T11:59:07.144Z - info: [19:59:07] Reload for file change: /Users/damithch/Repos/nus-cs2103/cs2103-website-base/book/gitAndGithub/push/cli-subsequent-push-fragment.md
2025-08-15T11:59:07.152Z - info: Synchronizing opened pages list before reload
2025-08-15T11:59:07.162Z - info: Current opened pages, from most-to-least recent:
2025-08-15T11:59:07.162Z - info: 1. book/gitAndGithub/trail/backingUpOnCloud/index
2025-08-15T11:59:08.183Z - info: Rebuilding 1 pages
2025-08-15T11:59:08.532Z - info: Site data built
2025-08-15T11:59:08.532Z - info: Pages rebuilt
2025-08-15T11:59:08.532Z - info: Website regeneration complete! Total build time: 0.352s
2025-08-15T12:02:33.453Z - info: [20:02:33] Reload for file change: /Users/damithch/Repos/nus-cs2103/cs2103-website-base/book/gitAndGithub/push/cli-subsequent-push-fragment.md
2025-08-15T12:02:33.461Z - info: Synchronizing opened pages list before reload
2025-08-15T12:02:33.463Z - info: Current opened pages, from most-to-least recent:
2025-08-15T12:02:33.467Z - info: 1. book/gitAndGithub/trail/backingUpOnCloud/index
2025-08-15T12:02:34.478Z - info: Rebuilding 1 pages
2025-08-15T12:02:34.844Z - info: Site data built
2025-08-15T12:02:34.844Z - info: Pages rebuilt
2025-08-15T12:02:34.844Z - info: Website regeneration complete! Total build time: 0.371s
2025-08-15T12:03:20.119Z - info: Website generation started at 20:03:18
2025-08-15T12:03:20.495Z - warn: ENOENT: no such file or directory, open '/Users/damithch/Repos/nus-cs2103/cs2103-website-base/node_modules/.cache/gh-pages/https!github.com!nus-cs2103-AY2526S1!website.git/book/_markbind/variables.md'
2025-08-15T12:03:20.495Z - warn: ENOENT: no such file or directory, open '/Users/damithch/Repos/nus-cs2103/cs2103-website-base/node_modules/.cache/gh-pages/https!github.com!nus-cs2103-AY2526S1!website.git/_markbind/variables.md'
2025-08-15T12:03:20.514Z - info: Building assets...
2025-08-15T12:03:23.579Z - info: Assets built
2025-08-15T12:03:23.580Z - info: Generating pages...
2025-08-15T12:03:28.279Z - debug:  
2025-08-15T12:03:28.279Z - debug:  
2025-08-15T12:03:30.743Z - debug:  
2025-08-15T12:03:30.743Z - debug:  
2025-08-15T12:03:30.743Z - debug:  
2025-08-15T12:03:30.743Z - debug:  
2025-08-15T12:03:30.743Z - debug:  
2025-08-15T12:03:30.744Z - debug:  
2025-08-15T12:03:30.744Z - debug:  
2025-08-15T12:03:30.744Z - debug:  
2025-08-15T12:03:30.744Z - debug:  
2025-08-15T12:03:32.975Z - debug:  
2025-08-15T12:03:33.052Z - debug:  
2025-08-15T12:03:33.056Z - debug:  
2025-08-15T12:03:33.059Z - debug:  
2025-08-15T12:03:33.064Z - debug:  
2025-08-15T12:03:33.065Z - debug:  
2025-08-15T12:03:42.629Z - debug:  
2025-08-15T12:03:46.508Z - warn: Empty reference in /Users/damithch/Repos/nus-cs2103/cs2103-website-base/book/gitAndGithub/log/unit-inElsewhere-asFlat.md:
Segment '#title' in file: /Users/damithch/Repos/nus-cs2103/cs2103-website-base/book/gitAndGithub/log/text.md is empty
2025-08-15T12:04:37.871Z - debug:  
2025-08-15T12:04:50.971Z - debug:  
2025-08-15T12:04:50.994Z - debug:  
2025-08-15T12:04:57.811Z - info: Pages built
2025-08-15T12:04:57.880Z - info: Site data built
2025-08-15T12:04:57.880Z - info: Website generation complete! Total build time: 98.901s
2025-08-15T12:04:57.881Z - info: Build success!
2025-08-15T12:05:43.007Z - info: The website has been deployed at: https://nus-cs2103-ay2526s1.github.io/website
