2025-07-31T16:01:26.288Z - info: [00:01:26] Reload for file change: /Users/damithch/Repos/nus-cs2103/cs2103-website-base/book/gitAndGithub/log/text.md
2025-07-31T16:01:26.297Z - info: Synchronizing opened pages list before reload
2025-07-31T16:01:26.297Z - info: Current opened pages, from most-to-least recent:
2025-07-31T16:01:26.297Z - info: 1. book/gitAndGithub/trail/usingRevisionHistory/index
2025-07-31T16:01:27.303Z - info: Rebuilding 1 pages
2025-07-31T16:01:27.801Z - info: Site data built
2025-07-31T16:01:27.801Z - info: Pages rebuilt
2025-07-31T16:01:27.801Z - info: Website regeneration complete! Total build time: 0.5s
2025-07-31T16:03:05.274Z - info: [00:03:05] Reload for file change: /Users/damithch/Repos/nus-cs2103/cs2103-website-base/book/gitAndGithub/log/text.md
2025-07-31T16:03:05.274Z - info: Synchronizing opened pages list before reload
2025-07-31T16:03:05.275Z - info: Current opened pages, from most-to-least recent:
2025-07-31T16:03:05.275Z - info: 1. book/gitAndGithub/trail/usingRevisionHistory/index
2025-07-31T16:03:06.284Z - info: Rebuilding 1 pages
2025-07-31T16:03:06.776Z - info: Site data built
2025-07-31T16:03:06.776Z - info: Pages rebuilt
2025-07-31T16:03:06.776Z - info: Website regeneration complete! Total build time: 0.494s
2025-07-31T16:04:34.959Z - info: [00:04:34] Reload for file change: /Users/damithch/Repos/nus-cs2103/cs2103-website-base/book/gitAndGithub/log/text.md
2025-07-31T16:04:34.961Z - info: Synchronizing opened pages list before reload
2025-07-31T16:04:34.967Z - info: Current opened pages, from most-to-least recent:
2025-07-31T16:04:34.967Z - info: 1. book/gitAndGithub/trail/usingRevisionHistory/index
2025-07-31T16:04:35.982Z - info: Rebuilding 1 pages
2025-07-31T16:04:36.514Z - info: Site data built
2025-07-31T16:04:36.514Z - info: Pages rebuilt
2025-07-31T16:04:36.514Z - info: Website regeneration complete! Total build time: 0.536s
2025-07-31T16:05:43.156Z - info: [00:05:43] Reload for file change: /Users/damithch/Repos/nus-cs2103/cs2103-website-base/book/gitAndGithub/log/text.md
2025-07-31T16:05:43.157Z - info: Synchronizing opened pages list before reload
2025-07-31T16:05:43.157Z - info: Current opened pages, from most-to-least recent:
2025-07-31T16:05:43.158Z - info: 1. book/gitAndGithub/trail/usingRevisionHistory/index
2025-07-31T16:05:44.171Z - info: Rebuilding 1 pages
2025-07-31T16:05:44.666Z - info: Site data built
2025-07-31T16:05:44.667Z - info: Pages rebuilt
2025-07-31T16:05:44.667Z - info: Website regeneration complete! Total build time: 0.497s
2025-07-31T16:06:30.010Z - info: [00:06:30] Reload for file change: /Users/damithch/Repos/nus-cs2103/cs2103-website-base/book/gitAndGithub/log/text.md
2025-07-31T16:06:30.011Z - info: Synchronizing opened pages list before reload
2025-07-31T16:06:30.011Z - info: Current opened pages, from most-to-least recent:
2025-07-31T16:06:30.011Z - info: 1. book/gitAndGithub/trail/usingRevisionHistory/index
2025-07-31T16:06:31.022Z - info: Rebuilding 1 pages
2025-07-31T16:06:31.518Z - info: Site data built
2025-07-31T16:06:31.518Z - info: Pages rebuilt
2025-07-31T16:06:31.518Z - info: Website regeneration complete! Total build time: 0.499s
2025-07-31T16:07:22.440Z - info: [00:07:22] Reload for file change: /Users/damithch/Repos/nus-cs2103/cs2103-website-base/book/gitAndGithub/log/text.md
2025-07-31T16:07:22.442Z - info: Synchronizing opened pages list before reload
2025-07-31T16:07:22.443Z - info: Current opened pages, from most-to-least recent:
2025-07-31T16:07:22.443Z - info: 1. book/gitAndGithub/trail/usingRevisionHistory/index
2025-07-31T16:07:23.452Z - info: Rebuilding 1 pages
2025-07-31T16:07:23.967Z - info: Site data built
2025-07-31T16:07:23.967Z - info: Pages rebuilt
2025-07-31T16:07:23.967Z - info: Website regeneration complete! Total build time: 0.519s
2025-07-31T16:07:44.413Z - info: [00:07:44] Reload for file change: /Users/damithch/Repos/nus-cs2103/cs2103-website-base/book/gitAndGithub/log/text.md
2025-07-31T16:07:44.414Z - info: Synchronizing opened pages list before reload
2025-07-31T16:07:44.414Z - info: Current opened pages, from most-to-least recent:
2025-07-31T16:07:44.414Z - info: 1. book/gitAndGithub/trail/usingRevisionHistory/index
2025-07-31T16:07:45.416Z - info: Rebuilding 1 pages
2025-07-31T16:07:45.909Z - info: Site data built
2025-07-31T16:07:45.909Z - info: Pages rebuilt
2025-07-31T16:07:45.909Z - info: Website regeneration complete! Total build time: 0.494s
2025-07-31T16:08:01.608Z - info: [00:08:01] Reload for file change: /Users/damithch/Repos/nus-cs2103/cs2103-website-base/book/gitAndGithub/log/text.md
2025-07-31T16:08:01.608Z - info: Synchronizing opened pages list before reload
2025-07-31T16:08:01.608Z - info: Current opened pages, from most-to-least recent:
2025-07-31T16:08:01.608Z - info: 1. book/gitAndGithub/trail/usingRevisionHistory/index
2025-07-31T16:08:02.625Z - info: Rebuilding 1 pages
2025-07-31T16:08:03.099Z - info: Site data built
2025-07-31T16:08:03.099Z - info: Pages rebuilt
2025-07-31T16:08:03.099Z - info: Website regeneration complete! Total build time: 0.475s
2025-07-31T16:09:03.493Z - info: [00:09:03] Reload for file change: /Users/damithch/Repos/nus-cs2103/cs2103-website-base/book/gitAndGithub/log/text.md
2025-07-31T16:09:03.494Z - info: Synchronizing opened pages list before reload
2025-07-31T16:09:03.494Z - info: Current opened pages, from most-to-least recent:
2025-07-31T16:09:03.494Z - info: 1. book/gitAndGithub/trail/usingRevisionHistory/index
2025-07-31T16:09:04.502Z - info: Rebuilding 1 pages
2025-07-31T16:09:05.010Z - info: Site data built
2025-07-31T16:09:05.010Z - info: Pages rebuilt
2025-07-31T16:09:05.010Z - info: Website regeneration complete! Total build time: 0.51s
2025-07-31T16:09:42.802Z - info: [00:09:42] Reload for file change: /Users/damithch/Repos/nus-cs2103/cs2103-website-base/book/gitAndGithub/log/text.md
2025-07-31T16:09:42.803Z - info: Synchronizing opened pages list before reload
2025-07-31T16:09:42.804Z - info: Current opened pages, from most-to-least recent:
2025-07-31T16:09:42.804Z - info: 1. book/gitAndGithub/trail/usingRevisionHistory/index
2025-07-31T16:09:43.813Z - info: Rebuilding 1 pages
2025-07-31T16:09:44.317Z - info: Site data built
2025-07-31T16:09:44.317Z - info: Pages rebuilt
2025-07-31T16:09:44.317Z - info: Website regeneration complete! Total build time: 0.507s
2025-07-31T16:13:15.807Z - info: [00:13:15] Reload for file change: /Users/damithch/Repos/nus-cs2103/cs2103-website-base/book/gitAndGithub/gitPrep/text.md
2025-07-31T16:13:15.811Z - info: Synchronizing opened pages list before reload
2025-07-31T16:13:15.812Z - info: Current opened pages, from most-to-least recent:
2025-07-31T16:13:15.812Z - info: 1. book/gitAndGithub/trail/usingRevisionHistory/index
2025-07-31T16:13:16.821Z - info: No pages needed to be rebuilt
2025-07-31T16:13:33.228Z - info: [00:13:33] Reload for file change: /Users/damithch/Repos/nus-cs2103/cs2103-website-base/book/gitAndGithub/gitPrep/text.md
2025-07-31T16:13:33.229Z - info: Synchronizing opened pages list before reload
2025-07-31T16:13:33.229Z - info: Current opened pages, from most-to-least recent:
2025-07-31T16:13:33.229Z - info: 1. book/gitAndGithub/trail/usingRevisionHistory/index
2025-07-31T16:13:34.239Z - info: No pages needed to be rebuilt
2025-07-31T16:14:48.544Z - info: [00:14:48] Reload for file change: /Users/damithch/Repos/nus-cs2103/cs2103-website-base/book/gitAndGithub/commit/cli_3.md
2025-07-31T16:14:48.544Z - info: Synchronizing opened pages list before reload
2025-07-31T16:14:48.545Z - info: Current opened pages, from most-to-least recent:
2025-07-31T16:14:48.546Z - info: 1. book/gitAndGithub/trail/usingRevisionHistory/index
2025-07-31T16:14:48.548Z - info: [00:14:48] Reload for file change: /Users/damithch/Repos/nus-cs2103/cs2103-website-base/book/gitAndGithub/stage/text.md
2025-07-31T16:14:48.548Z - info: Synchronizing opened pages list before reload
2025-07-31T16:14:48.548Z - info: Current opened pages, from most-to-least recent:
2025-07-31T16:14:48.548Z - info: 1. book/gitAndGithub/trail/usingRevisionHistory/index
2025-07-31T16:14:49.567Z - info: No pages needed to be rebuilt
2025-07-31T16:14:57.616Z - info: Building /Users/damithch/Repos/nus-cs2103/cs2103-website-base/book/gitAndGithub/trail/recordingFolderHistory/index as some of its dependencies were changed since the last visit
2025-07-31T16:14:57.711Z - error:  Template render error: (/Users/damithch/Repos/nus-cs2103/cs2103-website-base/book/gitAndGithub/stage/text.md) [Line 135, Column 1]
  expected block end in endcall statement
    at Object._prettifyError (/opt/homebrew/lib/node_modules/markbind-cli/node_modules/nunjucks/src/lib.js:32:11)
    at Template.render (/opt/homebrew/lib/node_modules/markbind-cli/node_modules/@markbind/core/src/patches/nunjucks/context-overrides-frame.js:358:19)
    at /opt/homebrew/lib/node_modules/markbind-cli/node_modules/@markbind/core/src/patches/nunjucks/context-overrides-frame.js:54:25
    at createTemplate (/opt/homebrew/lib/node_modules/markbind-cli/node_modules/@markbind/core/src/patches/nunjucks/load-event.js:121:7)
    at handle (/opt/homebrew/lib/node_modules/markbind-cli/node_modules/@markbind/core/src/patches/nunjucks/load-event.js:133:9)
    at /opt/homebrew/lib/node_modules/markbind-cli/node_modules/@markbind/core/src/patches/nunjucks/load-event.js:145:7
    at next (/opt/homebrew/lib/node_modules/markbind-cli/node_modules/nunjucks/src/lib.js:258:7)
    at Object.asyncIter (/opt/homebrew/lib/node_modules/markbind-cli/node_modules/nunjucks/src/lib.js:263:3)
    at Environment.getTemplate (/opt/homebrew/lib/node_modules/markbind-cli/node_modules/@markbind/core/src/patches/nunjucks/load-event.js:127:7)
    at Environment.render (/opt/homebrew/lib/node_modules/markbind-cli/node_modules/@markbind/core/src/patches/nunjucks/context-overrides-frame.js:48:8)
    at VariableRenderer.renderFile (/opt/homebrew/lib/node_modules/markbind-cli/node_modules/@markbind/core/src/variables/VariableRenderer.js:73:24)
    at VariableProcessor.renderWithSiteVariables (/opt/homebrew/lib/node_modules/markbind-cli/node_modules/@markbind/core/src/variables/VariableProcessor.js:154:57)
    at VariableProcessor.renderIncludeFile (/opt/homebrew/lib/node_modules/markbind-cli/node_modules/@markbind/core/src/variables/VariableProcessor.js:231:38)
    at processInclude (/opt/homebrew/lib/node_modules/markbind-cli/node_modules/@markbind/core/src/html/includePanelProcessor.js:198:68)
    at NodeProcessor.processNode (/opt/homebrew/lib/node_modules/markbind-cli/node_modules/@markbind/core/src/html/NodeProcessor.js:173:71)
    at NodeProcessor.traverse (/opt/homebrew/lib/node_modules/markbind-cli/node_modules/@markbind/core/src/html/NodeProcessor.js:345:24)
2025-07-31T16:14:57.752Z - error:  Template render error: (/Users/damithch/Repos/nus-cs2103/cs2103-website-base/book/gitAndGithub/stage/text.md) [Line 135, Column 1]
  expected block end in endcall statement
    at Object._prettifyError (/opt/homebrew/lib/node_modules/markbind-cli/node_modules/nunjucks/src/lib.js:32:11)
    at Template.render (/opt/homebrew/lib/node_modules/markbind-cli/node_modules/@markbind/core/src/patches/nunjucks/context-overrides-frame.js:358:19)
    at /opt/homebrew/lib/node_modules/markbind-cli/node_modules/@markbind/core/src/patches/nunjucks/context-overrides-frame.js:54:25
    at Environment.getTemplate (/opt/homebrew/lib/node_modules/markbind-cli/node_modules/@markbind/core/src/patches/nunjucks/load-event.js:85:7)
    at Environment.render (/opt/homebrew/lib/node_modules/markbind-cli/node_modules/@markbind/core/src/patches/nunjucks/context-overrides-frame.js:48:8)
    at VariableRenderer.renderFile (/opt/homebrew/lib/node_modules/markbind-cli/node_modules/@markbind/core/src/variables/VariableRenderer.js:73:24)
    at VariableProcessor.renderWithSiteVariables (/opt/homebrew/lib/node_modules/markbind-cli/node_modules/@markbind/core/src/variables/VariableProcessor.js:154:57)
    at VariableProcessor.renderIncludeFile (/opt/homebrew/lib/node_modules/markbind-cli/node_modules/@markbind/core/src/variables/VariableProcessor.js:231:38)
    at processInclude (/opt/homebrew/lib/node_modules/markbind-cli/node_modules/@markbind/core/src/html/includePanelProcessor.js:198:68)
    at NodeProcessor.processNode (/opt/homebrew/lib/node_modules/markbind-cli/node_modules/@markbind/core/src/html/NodeProcessor.js:173:71)
    at NodeProcessor.traverse (/opt/homebrew/lib/node_modules/markbind-cli/node_modules/@markbind/core/src/html/NodeProcessor.js:345:24)
    at /opt/homebrew/lib/node_modules/markbind-cli/node_modules/@markbind/core/src/html/NodeProcessor.js:349:22
    at Array.forEach (<anonymous>)
    at NodeProcessor.traverse (/opt/homebrew/lib/node_modules/markbind-cli/node_modules/@markbind/core/src/html/NodeProcessor.js:348:27)
    at /opt/homebrew/lib/node_modules/markbind-cli/node_modules/@markbind/core/src/html/NodeProcessor.js:349:22
    at Array.forEach (<anonymous>)
2025-07-31T16:14:57.753Z - error:  Template render error: (/Users/damithch/Repos/nus-cs2103/cs2103-website-base/book/gitAndGithub/stage/text.md) [Line 135, Column 1]
  expected block end in endcall statement
    at Object._prettifyError (/opt/homebrew/lib/node_modules/markbind-cli/node_modules/nunjucks/src/lib.js:32:11)
    at Template.render (/opt/homebrew/lib/node_modules/markbind-cli/node_modules/@markbind/core/src/patches/nunjucks/context-overrides-frame.js:358:19)
    at /opt/homebrew/lib/node_modules/markbind-cli/node_modules/@markbind/core/src/patches/nunjucks/context-overrides-frame.js:54:25
    at Environment.getTemplate (/opt/homebrew/lib/node_modules/markbind-cli/node_modules/@markbind/core/src/patches/nunjucks/load-event.js:85:7)
    at Environment.render (/opt/homebrew/lib/node_modules/markbind-cli/node_modules/@markbind/core/src/patches/nunjucks/context-overrides-frame.js:48:8)
    at VariableRenderer.renderFile (/opt/homebrew/lib/node_modules/markbind-cli/node_modules/@markbind/core/src/variables/VariableRenderer.js:73:24)
    at VariableProcessor.renderWithSiteVariables (/opt/homebrew/lib/node_modules/markbind-cli/node_modules/@markbind/core/src/variables/VariableProcessor.js:154:57)
    at VariableProcessor.renderIncludeFile (/opt/homebrew/lib/node_modules/markbind-cli/node_modules/@markbind/core/src/variables/VariableProcessor.js:231:38)
    at processInclude (/opt/homebrew/lib/node_modules/markbind-cli/node_modules/@markbind/core/src/html/includePanelProcessor.js:198:68)
    at NodeProcessor.processNode (/opt/homebrew/lib/node_modules/markbind-cli/node_modules/@markbind/core/src/html/NodeProcessor.js:173:71)
    at NodeProcessor.traverse (/opt/homebrew/lib/node_modules/markbind-cli/node_modules/@markbind/core/src/html/NodeProcessor.js:345:24)
    at /opt/homebrew/lib/node_modules/markbind-cli/node_modules/@markbind/core/src/html/NodeProcessor.js:349:22
    at Array.forEach (<anonymous>)
    at NodeProcessor.traverse (/opt/homebrew/lib/node_modules/markbind-cli/node_modules/@markbind/core/src/html/NodeProcessor.js:348:27)
    at /opt/homebrew/lib/node_modules/markbind-cli/node_modules/@markbind/core/src/html/NodeProcessor.js:349:22
    at Array.forEach (<anonymous>)
2025-07-31T16:14:57.943Z - info: Site data built
2025-07-31T16:14:57.943Z - info: Lazy website regeneration complete! Total build time: 0.327s
2025-07-31T16:15:25.069Z - info: [00:15:25] Reload for file change: /Users/damithch/Repos/nus-cs2103/cs2103-website-base/book/gitAndGithub/stage/text.md
2025-07-31T16:15:25.071Z - info: Synchronizing opened pages list before reload
2025-07-31T16:15:25.071Z - info: Current opened pages, from most-to-least recent:
2025-07-31T16:15:25.071Z - info: 1. book/gitAndGithub/trail/recordingFolderHistory/index
2025-07-31T16:15:26.076Z - info: Rebuilding 1 pages
2025-07-31T16:15:26.166Z - error:  Template render error: (/Users/damithch/Repos/nus-cs2103/cs2103-website-base/book/gitAndGithub/stage/text.md) [Line 135, Column 1]
  expected block end in endcall statement
    at Object._prettifyError (/opt/homebrew/lib/node_modules/markbind-cli/node_modules/nunjucks/src/lib.js:32:11)
    at Template.render (/opt/homebrew/lib/node_modules/markbind-cli/node_modules/@markbind/core/src/patches/nunjucks/context-overrides-frame.js:358:19)
    at /opt/homebrew/lib/node_modules/markbind-cli/node_modules/@markbind/core/src/patches/nunjucks/context-overrides-frame.js:54:25
    at createTemplate (/opt/homebrew/lib/node_modules/markbind-cli/node_modules/@markbind/core/src/patches/nunjucks/load-event.js:121:7)
    at handle (/opt/homebrew/lib/node_modules/markbind-cli/node_modules/@markbind/core/src/patches/nunjucks/load-event.js:133:9)
    at /opt/homebrew/lib/node_modules/markbind-cli/node_modules/@markbind/core/src/patches/nunjucks/load-event.js:145:7
    at next (/opt/homebrew/lib/node_modules/markbind-cli/node_modules/nunjucks/src/lib.js:258:7)
    at Object.asyncIter (/opt/homebrew/lib/node_modules/markbind-cli/node_modules/nunjucks/src/lib.js:263:3)
    at Environment.getTemplate (/opt/homebrew/lib/node_modules/markbind-cli/node_modules/@markbind/core/src/patches/nunjucks/load-event.js:127:7)
    at Environment.render (/opt/homebrew/lib/node_modules/markbind-cli/node_modules/@markbind/core/src/patches/nunjucks/context-overrides-frame.js:48:8)
    at VariableRenderer.renderFile (/opt/homebrew/lib/node_modules/markbind-cli/node_modules/@markbind/core/src/variables/VariableRenderer.js:73:24)
    at VariableProcessor.renderWithSiteVariables (/opt/homebrew/lib/node_modules/markbind-cli/node_modules/@markbind/core/src/variables/VariableProcessor.js:154:57)
    at VariableProcessor.renderIncludeFile (/opt/homebrew/lib/node_modules/markbind-cli/node_modules/@markbind/core/src/variables/VariableProcessor.js:231:38)
    at processInclude (/opt/homebrew/lib/node_modules/markbind-cli/node_modules/@markbind/core/src/html/includePanelProcessor.js:198:68)
    at NodeProcessor.processNode (/opt/homebrew/lib/node_modules/markbind-cli/node_modules/@markbind/core/src/html/NodeProcessor.js:173:71)
    at NodeProcessor.traverse (/opt/homebrew/lib/node_modules/markbind-cli/node_modules/@markbind/core/src/html/NodeProcessor.js:345:24)
2025-07-31T16:15:26.207Z - error:  Template render error: (/Users/damithch/Repos/nus-cs2103/cs2103-website-base/book/gitAndGithub/stage/text.md) [Line 135, Column 1]
  expected block end in endcall statement
    at Object._prettifyError (/opt/homebrew/lib/node_modules/markbind-cli/node_modules/nunjucks/src/lib.js:32:11)
    at Template.render (/opt/homebrew/lib/node_modules/markbind-cli/node_modules/@markbind/core/src/patches/nunjucks/context-overrides-frame.js:358:19)
    at /opt/homebrew/lib/node_modules/markbind-cli/node_modules/@markbind/core/src/patches/nunjucks/context-overrides-frame.js:54:25
    at Environment.getTemplate (/opt/homebrew/lib/node_modules/markbind-cli/node_modules/@markbind/core/src/patches/nunjucks/load-event.js:85:7)
    at Environment.render (/opt/homebrew/lib/node_modules/markbind-cli/node_modules/@markbind/core/src/patches/nunjucks/context-overrides-frame.js:48:8)
    at VariableRenderer.renderFile (/opt/homebrew/lib/node_modules/markbind-cli/node_modules/@markbind/core/src/variables/VariableRenderer.js:73:24)
    at VariableProcessor.renderWithSiteVariables (/opt/homebrew/lib/node_modules/markbind-cli/node_modules/@markbind/core/src/variables/VariableProcessor.js:154:57)
    at VariableProcessor.renderIncludeFile (/opt/homebrew/lib/node_modules/markbind-cli/node_modules/@markbind/core/src/variables/VariableProcessor.js:231:38)
    at processInclude (/opt/homebrew/lib/node_modules/markbind-cli/node_modules/@markbind/core/src/html/includePanelProcessor.js:198:68)
    at NodeProcessor.processNode (/opt/homebrew/lib/node_modules/markbind-cli/node_modules/@markbind/core/src/html/NodeProcessor.js:173:71)
    at NodeProcessor.traverse (/opt/homebrew/lib/node_modules/markbind-cli/node_modules/@markbind/core/src/html/NodeProcessor.js:345:24)
    at /opt/homebrew/lib/node_modules/markbind-cli/node_modules/@markbind/core/src/html/NodeProcessor.js:349:22
    at Array.forEach (<anonymous>)
    at NodeProcessor.traverse (/opt/homebrew/lib/node_modules/markbind-cli/node_modules/@markbind/core/src/html/NodeProcessor.js:348:27)
    at /opt/homebrew/lib/node_modules/markbind-cli/node_modules/@markbind/core/src/html/NodeProcessor.js:349:22
    at Array.forEach (<anonymous>)
2025-07-31T16:15:26.209Z - error:  Template render error: (/Users/damithch/Repos/nus-cs2103/cs2103-website-base/book/gitAndGithub/stage/text.md) [Line 135, Column 1]
  expected block end in endcall statement
    at Object._prettifyError (/opt/homebrew/lib/node_modules/markbind-cli/node_modules/nunjucks/src/lib.js:32:11)
    at Template.render (/opt/homebrew/lib/node_modules/markbind-cli/node_modules/@markbind/core/src/patches/nunjucks/context-overrides-frame.js:358:19)
    at /opt/homebrew/lib/node_modules/markbind-cli/node_modules/@markbind/core/src/patches/nunjucks/context-overrides-frame.js:54:25
    at Environment.getTemplate (/opt/homebrew/lib/node_modules/markbind-cli/node_modules/@markbind/core/src/patches/nunjucks/load-event.js:85:7)
    at Environment.render (/opt/homebrew/lib/node_modules/markbind-cli/node_modules/@markbind/core/src/patches/nunjucks/context-overrides-frame.js:48:8)
    at VariableRenderer.renderFile (/opt/homebrew/lib/node_modules/markbind-cli/node_modules/@markbind/core/src/variables/VariableRenderer.js:73:24)
    at VariableProcessor.renderWithSiteVariables (/opt/homebrew/lib/node_modules/markbind-cli/node_modules/@markbind/core/src/variables/VariableProcessor.js:154:57)
    at VariableProcessor.renderIncludeFile (/opt/homebrew/lib/node_modules/markbind-cli/node_modules/@markbind/core/src/variables/VariableProcessor.js:231:38)
    at processInclude (/opt/homebrew/lib/node_modules/markbind-cli/node_modules/@markbind/core/src/html/includePanelProcessor.js:198:68)
    at NodeProcessor.processNode (/opt/homebrew/lib/node_modules/markbind-cli/node_modules/@markbind/core/src/html/NodeProcessor.js:173:71)
    at NodeProcessor.traverse (/opt/homebrew/lib/node_modules/markbind-cli/node_modules/@markbind/core/src/html/NodeProcessor.js:345:24)
    at /opt/homebrew/lib/node_modules/markbind-cli/node_modules/@markbind/core/src/html/NodeProcessor.js:349:22
    at Array.forEach (<anonymous>)
    at NodeProcessor.traverse (/opt/homebrew/lib/node_modules/markbind-cli/node_modules/@markbind/core/src/html/NodeProcessor.js:348:27)
    at /opt/homebrew/lib/node_modules/markbind-cli/node_modules/@markbind/core/src/html/NodeProcessor.js:349:22
    at Array.forEach (<anonymous>)
2025-07-31T16:15:26.401Z - info: Site data built
2025-07-31T16:15:26.401Z - info: Pages rebuilt
2025-07-31T16:15:26.401Z - info: Website regeneration complete! Total build time: 0.328s
2025-07-31T16:15:54.928Z - info: [00:15:54] Reload for file change: /Users/damithch/Repos/nus-cs2103/cs2103-website-base/book/gitAndGithub/stage/text.md
2025-07-31T16:15:54.929Z - info: Synchronizing opened pages list before reload
2025-07-31T16:15:54.929Z - info: Current opened pages, from most-to-least recent:
2025-07-31T16:15:54.929Z - info: 1. book/gitAndGithub/trail/recordingFolderHistory/index
2025-07-31T16:15:55.955Z - info: Rebuilding 1 pages
2025-07-31T16:15:56.011Z - error:  Template render error: (/Users/damithch/Repos/nus-cs2103/cs2103-website-base/book/gitAndGithub/stage/text.md) [Line 22, Column 22]
  Template render error: (/Users/damithch/Repos/nus-cs2103/cs2103-website-base/book/gitAndGithub/stage/text.md) [Line 391, Column 9]
  Error: Unable to call `show_folder_columns`, which is undefined or falsey
    at Object._prettifyError (/opt/homebrew/lib/node_modules/markbind-cli/node_modules/nunjucks/src/lib.js:32:11)
    at /opt/homebrew/lib/node_modules/markbind-cli/node_modules/@markbind/core/src/patches/nunjucks/context-overrides-frame.js:383:17
    at Template.root [as rootRenderFunc] (eval at _compile (/opt/homebrew/lib/node_modules/markbind-cli/node_modules/nunjucks/src/environment.js:527:18), <anonymous>:321:3)
    at Template.render (/opt/homebrew/lib/node_modules/markbind-cli/node_modules/@markbind/core/src/patches/nunjucks/context-overrides-frame.js:372:8)
    at /opt/homebrew/lib/node_modules/markbind-cli/node_modules/@markbind/core/src/patches/nunjucks/context-overrides-frame.js:54:25
    at createTemplate (/opt/homebrew/lib/node_modules/markbind-cli/node_modules/@markbind/core/src/patches/nunjucks/load-event.js:121:7)
    at handle (/opt/homebrew/lib/node_modules/markbind-cli/node_modules/@markbind/core/src/patches/nunjucks/load-event.js:133:9)
    at /opt/homebrew/lib/node_modules/markbind-cli/node_modules/@markbind/core/src/patches/nunjucks/load-event.js:145:7
    at next (/opt/homebrew/lib/node_modules/markbind-cli/node_modules/nunjucks/src/lib.js:258:7)
    at Object.asyncIter (/opt/homebrew/lib/node_modules/markbind-cli/node_modules/nunjucks/src/lib.js:263:3)
    at Environment.getTemplate (/opt/homebrew/lib/node_modules/markbind-cli/node_modules/@markbind/core/src/patches/nunjucks/load-event.js:127:7)
    at Environment.render (/opt/homebrew/lib/node_modules/markbind-cli/node_modules/@markbind/core/src/patches/nunjucks/context-overrides-frame.js:48:8)
    at VariableRenderer.renderFile (/opt/homebrew/lib/node_modules/markbind-cli/node_modules/@markbind/core/src/variables/VariableRenderer.js:73:24)
    at VariableProcessor.renderWithSiteVariables (/opt/homebrew/lib/node_modules/markbind-cli/node_modules/@markbind/core/src/variables/VariableProcessor.js:154:57)
    at VariableProcessor.renderIncludeFile (/opt/homebrew/lib/node_modules/markbind-cli/node_modules/@markbind/core/src/variables/VariableProcessor.js:231:38)
    at processInclude (/opt/homebrew/lib/node_modules/markbind-cli/node_modules/@markbind/core/src/html/includePanelProcessor.js:198:68)
2025-07-31T16:15:56.045Z - error:  Template render error: (/Users/damithch/Repos/nus-cs2103/cs2103-website-base/book/gitAndGithub/stage/text.md) [Line 22, Column 22]
  Template render error: (/Users/damithch/Repos/nus-cs2103/cs2103-website-base/book/gitAndGithub/stage/text.md) [Line 391, Column 9]
  Error: Unable to call `show_folder_columns`, which is undefined or falsey
    at Object._prettifyError (/opt/homebrew/lib/node_modules/markbind-cli/node_modules/nunjucks/src/lib.js:32:11)
    at /opt/homebrew/lib/node_modules/markbind-cli/node_modules/@markbind/core/src/patches/nunjucks/context-overrides-frame.js:383:17
    at Template.root [as rootRenderFunc] (eval at _compile (/opt/homebrew/lib/node_modules/markbind-cli/node_modules/nunjucks/src/environment.js:527:18), <anonymous>:321:3)
    at Template.render (/opt/homebrew/lib/node_modules/markbind-cli/node_modules/@markbind/core/src/patches/nunjucks/context-overrides-frame.js:372:8)
    at /opt/homebrew/lib/node_modules/markbind-cli/node_modules/@markbind/core/src/patches/nunjucks/context-overrides-frame.js:54:25
    at Environment.getTemplate (/opt/homebrew/lib/node_modules/markbind-cli/node_modules/@markbind/core/src/patches/nunjucks/load-event.js:85:7)
    at Environment.render (/opt/homebrew/lib/node_modules/markbind-cli/node_modules/@markbind/core/src/patches/nunjucks/context-overrides-frame.js:48:8)
    at VariableRenderer.renderFile (/opt/homebrew/lib/node_modules/markbind-cli/node_modules/@markbind/core/src/variables/VariableRenderer.js:73:24)
    at VariableProcessor.renderWithSiteVariables (/opt/homebrew/lib/node_modules/markbind-cli/node_modules/@markbind/core/src/variables/VariableProcessor.js:154:57)
    at VariableProcessor.renderIncludeFile (/opt/homebrew/lib/node_modules/markbind-cli/node_modules/@markbind/core/src/variables/VariableProcessor.js:231:38)
    at processInclude (/opt/homebrew/lib/node_modules/markbind-cli/node_modules/@markbind/core/src/html/includePanelProcessor.js:198:68)
    at NodeProcessor.processNode (/opt/homebrew/lib/node_modules/markbind-cli/node_modules/@markbind/core/src/html/NodeProcessor.js:173:71)
    at NodeProcessor.traverse (/opt/homebrew/lib/node_modules/markbind-cli/node_modules/@markbind/core/src/html/NodeProcessor.js:345:24)
    at /opt/homebrew/lib/node_modules/markbind-cli/node_modules/@markbind/core/src/html/NodeProcessor.js:349:22
    at Array.forEach (<anonymous>)
    at NodeProcessor.traverse (/opt/homebrew/lib/node_modules/markbind-cli/node_modules/@markbind/core/src/html/NodeProcessor.js:348:27)
2025-07-31T16:15:56.046Z - error:  Template render error: (/Users/damithch/Repos/nus-cs2103/cs2103-website-base/book/gitAndGithub/stage/text.md) [Line 22, Column 22]
  Template render error: (/Users/damithch/Repos/nus-cs2103/cs2103-website-base/book/gitAndGithub/stage/text.md) [Line 391, Column 9]
  Error: Unable to call `show_folder_columns`, which is undefined or falsey
    at Object._prettifyError (/opt/homebrew/lib/node_modules/markbind-cli/node_modules/nunjucks/src/lib.js:32:11)
    at /opt/homebrew/lib/node_modules/markbind-cli/node_modules/@markbind/core/src/patches/nunjucks/context-overrides-frame.js:383:17
    at Template.root [as rootRenderFunc] (eval at _compile (/opt/homebrew/lib/node_modules/markbind-cli/node_modules/nunjucks/src/environment.js:527:18), <anonymous>:321:3)
    at Template.render (/opt/homebrew/lib/node_modules/markbind-cli/node_modules/@markbind/core/src/patches/nunjucks/context-overrides-frame.js:372:8)
    at /opt/homebrew/lib/node_modules/markbind-cli/node_modules/@markbind/core/src/patches/nunjucks/context-overrides-frame.js:54:25
    at Environment.getTemplate (/opt/homebrew/lib/node_modules/markbind-cli/node_modules/@markbind/core/src/patches/nunjucks/load-event.js:85:7)
    at Environment.render (/opt/homebrew/lib/node_modules/markbind-cli/node_modules/@markbind/core/src/patches/nunjucks/context-overrides-frame.js:48:8)
    at VariableRenderer.renderFile (/opt/homebrew/lib/node_modules/markbind-cli/node_modules/@markbind/core/src/variables/VariableRenderer.js:73:24)
    at VariableProcessor.renderWithSiteVariables (/opt/homebrew/lib/node_modules/markbind-cli/node_modules/@markbind/core/src/variables/VariableProcessor.js:154:57)
    at VariableProcessor.renderIncludeFile (/opt/homebrew/lib/node_modules/markbind-cli/node_modules/@markbind/core/src/variables/VariableProcessor.js:231:38)
    at processInclude (/opt/homebrew/lib/node_modules/markbind-cli/node_modules/@markbind/core/src/html/includePanelProcessor.js:198:68)
    at NodeProcessor.processNode (/opt/homebrew/lib/node_modules/markbind-cli/node_modules/@markbind/core/src/html/NodeProcessor.js:173:71)
    at NodeProcessor.traverse (/opt/homebrew/lib/node_modules/markbind-cli/node_modules/@markbind/core/src/html/NodeProcessor.js:345:24)
    at /opt/homebrew/lib/node_modules/markbind-cli/node_modules/@markbind/core/src/html/NodeProcessor.js:349:22
    at Array.forEach (<anonymous>)
    at NodeProcessor.traverse (/opt/homebrew/lib/node_modules/markbind-cli/node_modules/@markbind/core/src/html/NodeProcessor.js:348:27)
2025-07-31T16:15:56.223Z - info: Site data built
2025-07-31T16:15:56.223Z - info: Pages rebuilt
2025-07-31T16:15:56.223Z - info: Website regeneration complete! Total build time: 0.27s
2025-07-31T16:16:17.704Z - info: [00:16:17] Reload for file change: /Users/damithch/Repos/nus-cs2103/cs2103-website-base/book/gitAndGithub/stage/text.md
2025-07-31T16:16:17.705Z - info: Synchronizing opened pages list before reload
2025-07-31T16:16:17.705Z - info: Current opened pages, from most-to-least recent:
2025-07-31T16:16:17.706Z - info: 1. book/gitAndGithub/trail/recordingFolderHistory/index
2025-07-31T16:16:18.713Z - info: Rebuilding 1 pages
2025-07-31T16:16:18.791Z - error:  Template render error: (/Users/damithch/Repos/nus-cs2103/cs2103-website-base/book/gitAndGithub/stage/text.md) [Line 22, Column 22]
  Template render error: (/Users/damithch/Repos/nus-cs2103/cs2103-website-base/book/gitAndGithub/stage/text.md) [Line 391, Column 9]
  Error: Unable to call `show_folder_columns`, which is undefined or falsey
    at Object._prettifyError (/opt/homebrew/lib/node_modules/markbind-cli/node_modules/nunjucks/src/lib.js:32:11)
    at /opt/homebrew/lib/node_modules/markbind-cli/node_modules/@markbind/core/src/patches/nunjucks/context-overrides-frame.js:383:17
    at Template.root [as rootRenderFunc] (eval at _compile (/opt/homebrew/lib/node_modules/markbind-cli/node_modules/nunjucks/src/environment.js:527:18), <anonymous>:321:3)
    at Template.render (/opt/homebrew/lib/node_modules/markbind-cli/node_modules/@markbind/core/src/patches/nunjucks/context-overrides-frame.js:372:8)
    at /opt/homebrew/lib/node_modules/markbind-cli/node_modules/@markbind/core/src/patches/nunjucks/context-overrides-frame.js:54:25
    at createTemplate (/opt/homebrew/lib/node_modules/markbind-cli/node_modules/@markbind/core/src/patches/nunjucks/load-event.js:121:7)
    at handle (/opt/homebrew/lib/node_modules/markbind-cli/node_modules/@markbind/core/src/patches/nunjucks/load-event.js:133:9)
    at /opt/homebrew/lib/node_modules/markbind-cli/node_modules/@markbind/core/src/patches/nunjucks/load-event.js:145:7
    at next (/opt/homebrew/lib/node_modules/markbind-cli/node_modules/nunjucks/src/lib.js:258:7)
    at Object.asyncIter (/opt/homebrew/lib/node_modules/markbind-cli/node_modules/nunjucks/src/lib.js:263:3)
    at Environment.getTemplate (/opt/homebrew/lib/node_modules/markbind-cli/node_modules/@markbind/core/src/patches/nunjucks/load-event.js:127:7)
    at Environment.render (/opt/homebrew/lib/node_modules/markbind-cli/node_modules/@markbind/core/src/patches/nunjucks/context-overrides-frame.js:48:8)
    at VariableRenderer.renderFile (/opt/homebrew/lib/node_modules/markbind-cli/node_modules/@markbind/core/src/variables/VariableRenderer.js:73:24)
    at VariableProcessor.renderWithSiteVariables (/opt/homebrew/lib/node_modules/markbind-cli/node_modules/@markbind/core/src/variables/VariableProcessor.js:154:57)
    at VariableProcessor.renderIncludeFile (/opt/homebrew/lib/node_modules/markbind-cli/node_modules/@markbind/core/src/variables/VariableProcessor.js:231:38)
    at processInclude (/opt/homebrew/lib/node_modules/markbind-cli/node_modules/@markbind/core/src/html/includePanelProcessor.js:198:68)
2025-07-31T16:16:18.834Z - error:  Template render error: (/Users/damithch/Repos/nus-cs2103/cs2103-website-base/book/gitAndGithub/stage/text.md) [Line 22, Column 22]
  Template render error: (/Users/damithch/Repos/nus-cs2103/cs2103-website-base/book/gitAndGithub/stage/text.md) [Line 391, Column 9]
  Error: Unable to call `show_folder_columns`, which is undefined or falsey
    at Object._prettifyError (/opt/homebrew/lib/node_modules/markbind-cli/node_modules/nunjucks/src/lib.js:32:11)
    at /opt/homebrew/lib/node_modules/markbind-cli/node_modules/@markbind/core/src/patches/nunjucks/context-overrides-frame.js:383:17
    at Template.root [as rootRenderFunc] (eval at _compile (/opt/homebrew/lib/node_modules/markbind-cli/node_modules/nunjucks/src/environment.js:527:18), <anonymous>:321:3)
    at Template.render (/opt/homebrew/lib/node_modules/markbind-cli/node_modules/@markbind/core/src/patches/nunjucks/context-overrides-frame.js:372:8)
    at /opt/homebrew/lib/node_modules/markbind-cli/node_modules/@markbind/core/src/patches/nunjucks/context-overrides-frame.js:54:25
    at Environment.getTemplate (/opt/homebrew/lib/node_modules/markbind-cli/node_modules/@markbind/core/src/patches/nunjucks/load-event.js:85:7)
    at Environment.render (/opt/homebrew/lib/node_modules/markbind-cli/node_modules/@markbind/core/src/patches/nunjucks/context-overrides-frame.js:48:8)
    at VariableRenderer.renderFile (/opt/homebrew/lib/node_modules/markbind-cli/node_modules/@markbind/core/src/variables/VariableRenderer.js:73:24)
    at VariableProcessor.renderWithSiteVariables (/opt/homebrew/lib/node_modules/markbind-cli/node_modules/@markbind/core/src/variables/VariableProcessor.js:154:57)
    at VariableProcessor.renderIncludeFile (/opt/homebrew/lib/node_modules/markbind-cli/node_modules/@markbind/core/src/variables/VariableProcessor.js:231:38)
    at processInclude (/opt/homebrew/lib/node_modules/markbind-cli/node_modules/@markbind/core/src/html/includePanelProcessor.js:198:68)
    at NodeProcessor.processNode (/opt/homebrew/lib/node_modules/markbind-cli/node_modules/@markbind/core/src/html/NodeProcessor.js:173:71)
    at NodeProcessor.traverse (/opt/homebrew/lib/node_modules/markbind-cli/node_modules/@markbind/core/src/html/NodeProcessor.js:345:24)
    at /opt/homebrew/lib/node_modules/markbind-cli/node_modules/@markbind/core/src/html/NodeProcessor.js:349:22
    at Array.forEach (<anonymous>)
    at NodeProcessor.traverse (/opt/homebrew/lib/node_modules/markbind-cli/node_modules/@markbind/core/src/html/NodeProcessor.js:348:27)
2025-07-31T16:16:18.834Z - error:  Template render error: (/Users/damithch/Repos/nus-cs2103/cs2103-website-base/book/gitAndGithub/stage/text.md) [Line 22, Column 22]
  Template render error: (/Users/damithch/Repos/nus-cs2103/cs2103-website-base/book/gitAndGithub/stage/text.md) [Line 391, Column 9]
  Error: Unable to call `show_folder_columns`, which is undefined or falsey
    at Object._prettifyError (/opt/homebrew/lib/node_modules/markbind-cli/node_modules/nunjucks/src/lib.js:32:11)
    at /opt/homebrew/lib/node_modules/markbind-cli/node_modules/@markbind/core/src/patches/nunjucks/context-overrides-frame.js:383:17
    at Template.root [as rootRenderFunc] (eval at _compile (/opt/homebrew/lib/node_modules/markbind-cli/node_modules/nunjucks/src/environment.js:527:18), <anonymous>:321:3)
    at Template.render (/opt/homebrew/lib/node_modules/markbind-cli/node_modules/@markbind/core/src/patches/nunjucks/context-overrides-frame.js:372:8)
    at /opt/homebrew/lib/node_modules/markbind-cli/node_modules/@markbind/core/src/patches/nunjucks/context-overrides-frame.js:54:25
    at Environment.getTemplate (/opt/homebrew/lib/node_modules/markbind-cli/node_modules/@markbind/core/src/patches/nunjucks/load-event.js:85:7)
    at Environment.render (/opt/homebrew/lib/node_modules/markbind-cli/node_modules/@markbind/core/src/patches/nunjucks/context-overrides-frame.js:48:8)
    at VariableRenderer.renderFile (/opt/homebrew/lib/node_modules/markbind-cli/node_modules/@markbind/core/src/variables/VariableRenderer.js:73:24)
    at VariableProcessor.renderWithSiteVariables (/opt/homebrew/lib/node_modules/markbind-cli/node_modules/@markbind/core/src/variables/VariableProcessor.js:154:57)
    at VariableProcessor.renderIncludeFile (/opt/homebrew/lib/node_modules/markbind-cli/node_modules/@markbind/core/src/variables/VariableProcessor.js:231:38)
    at processInclude (/opt/homebrew/lib/node_modules/markbind-cli/node_modules/@markbind/core/src/html/includePanelProcessor.js:198:68)
    at NodeProcessor.processNode (/opt/homebrew/lib/node_modules/markbind-cli/node_modules/@markbind/core/src/html/NodeProcessor.js:173:71)
    at NodeProcessor.traverse (/opt/homebrew/lib/node_modules/markbind-cli/node_modules/@markbind/core/src/html/NodeProcessor.js:345:24)
    at /opt/homebrew/lib/node_modules/markbind-cli/node_modules/@markbind/core/src/html/NodeProcessor.js:349:22
    at Array.forEach (<anonymous>)
    at NodeProcessor.traverse (/opt/homebrew/lib/node_modules/markbind-cli/node_modules/@markbind/core/src/html/NodeProcessor.js:348:27)
2025-07-31T16:16:19.038Z - info: Site data built
2025-07-31T16:16:19.038Z - info: Pages rebuilt
2025-07-31T16:16:19.038Z - info: Website regeneration complete! Total build time: 0.328s
2025-07-31T16:16:56.047Z - info: [00:16:56] Reload for file change: /Users/damithch/Repos/nus-cs2103/cs2103-website-base/book/gitAndGithub/commit/cli_3.md
2025-07-31T16:16:56.048Z - info: Synchronizing opened pages list before reload
2025-07-31T16:16:56.048Z - info: Current opened pages, from most-to-least recent:
2025-07-31T16:16:56.048Z - info: 1. book/gitAndGithub/trail/recordingFolderHistory/index
2025-07-31T16:16:56.050Z - info: [00:16:56] Reload for file change: /Users/damithch/Repos/nus-cs2103/cs2103-website-base/book/gitAndGithub/stage/text.md
2025-07-31T16:16:56.051Z - info: Synchronizing opened pages list before reload
2025-07-31T16:16:56.051Z - info: Current opened pages, from most-to-least recent:
2025-07-31T16:16:56.051Z - info: 1. book/gitAndGithub/trail/recordingFolderHistory/index
2025-07-31T16:16:57.057Z - info: Rebuilding 1 pages
2025-07-31T16:16:57.121Z - error:  Template render error: (/Users/damithch/Repos/nus-cs2103/cs2103-website-base/book/gitAndGithub/stage/text.md) [Line 22, Column 22]
  Template render error: (/Users/damithch/Repos/nus-cs2103/cs2103-website-base/book/gitAndGithub/stage/text.md) [Line 391, Column 9]
  Error: Unable to call `show_folder_columns`, which is undefined or falsey
    at Object._prettifyError (/opt/homebrew/lib/node_modules/markbind-cli/node_modules/nunjucks/src/lib.js:32:11)
    at /opt/homebrew/lib/node_modules/markbind-cli/node_modules/@markbind/core/src/patches/nunjucks/context-overrides-frame.js:383:17
    at Template.root [as rootRenderFunc] (eval at _compile (/opt/homebrew/lib/node_modules/markbind-cli/node_modules/nunjucks/src/environment.js:527:18), <anonymous>:321:3)
    at Template.render (/opt/homebrew/lib/node_modules/markbind-cli/node_modules/@markbind/core/src/patches/nunjucks/context-overrides-frame.js:372:8)
    at /opt/homebrew/lib/node_modules/markbind-cli/node_modules/@markbind/core/src/patches/nunjucks/context-overrides-frame.js:54:25
    at createTemplate (/opt/homebrew/lib/node_modules/markbind-cli/node_modules/@markbind/core/src/patches/nunjucks/load-event.js:121:7)
    at handle (/opt/homebrew/lib/node_modules/markbind-cli/node_modules/@markbind/core/src/patches/nunjucks/load-event.js:133:9)
    at /opt/homebrew/lib/node_modules/markbind-cli/node_modules/@markbind/core/src/patches/nunjucks/load-event.js:145:7
    at next (/opt/homebrew/lib/node_modules/markbind-cli/node_modules/nunjucks/src/lib.js:258:7)
    at Object.asyncIter (/opt/homebrew/lib/node_modules/markbind-cli/node_modules/nunjucks/src/lib.js:263:3)
    at Environment.getTemplate (/opt/homebrew/lib/node_modules/markbind-cli/node_modules/@markbind/core/src/patches/nunjucks/load-event.js:127:7)
    at Environment.render (/opt/homebrew/lib/node_modules/markbind-cli/node_modules/@markbind/core/src/patches/nunjucks/context-overrides-frame.js:48:8)
    at VariableRenderer.renderFile (/opt/homebrew/lib/node_modules/markbind-cli/node_modules/@markbind/core/src/variables/VariableRenderer.js:73:24)
    at VariableProcessor.renderWithSiteVariables (/opt/homebrew/lib/node_modules/markbind-cli/node_modules/@markbind/core/src/variables/VariableProcessor.js:154:57)
    at VariableProcessor.renderIncludeFile (/opt/homebrew/lib/node_modules/markbind-cli/node_modules/@markbind/core/src/variables/VariableProcessor.js:231:38)
    at processInclude (/opt/homebrew/lib/node_modules/markbind-cli/node_modules/@markbind/core/src/html/includePanelProcessor.js:198:68)
2025-07-31T16:16:57.157Z - error:  Template render error: (/Users/damithch/Repos/nus-cs2103/cs2103-website-base/book/gitAndGithub/stage/text.md) [Line 22, Column 22]
  Template render error: (/Users/damithch/Repos/nus-cs2103/cs2103-website-base/book/gitAndGithub/stage/text.md) [Line 391, Column 9]
  Error: Unable to call `show_folder_columns`, which is undefined or falsey
    at Object._prettifyError (/opt/homebrew/lib/node_modules/markbind-cli/node_modules/nunjucks/src/lib.js:32:11)
    at /opt/homebrew/lib/node_modules/markbind-cli/node_modules/@markbind/core/src/patches/nunjucks/context-overrides-frame.js:383:17
    at Template.root [as rootRenderFunc] (eval at _compile (/opt/homebrew/lib/node_modules/markbind-cli/node_modules/nunjucks/src/environment.js:527:18), <anonymous>:321:3)
    at Template.render (/opt/homebrew/lib/node_modules/markbind-cli/node_modules/@markbind/core/src/patches/nunjucks/context-overrides-frame.js:372:8)
    at /opt/homebrew/lib/node_modules/markbind-cli/node_modules/@markbind/core/src/patches/nunjucks/context-overrides-frame.js:54:25
    at Environment.getTemplate (/opt/homebrew/lib/node_modules/markbind-cli/node_modules/@markbind/core/src/patches/nunjucks/load-event.js:85:7)
    at Environment.render (/opt/homebrew/lib/node_modules/markbind-cli/node_modules/@markbind/core/src/patches/nunjucks/context-overrides-frame.js:48:8)
    at VariableRenderer.renderFile (/opt/homebrew/lib/node_modules/markbind-cli/node_modules/@markbind/core/src/variables/VariableRenderer.js:73:24)
    at VariableProcessor.renderWithSiteVariables (/opt/homebrew/lib/node_modules/markbind-cli/node_modules/@markbind/core/src/variables/VariableProcessor.js:154:57)
    at VariableProcessor.renderIncludeFile (/opt/homebrew/lib/node_modules/markbind-cli/node_modules/@markbind/core/src/variables/VariableProcessor.js:231:38)
    at processInclude (/opt/homebrew/lib/node_modules/markbind-cli/node_modules/@markbind/core/src/html/includePanelProcessor.js:198:68)
    at NodeProcessor.processNode (/opt/homebrew/lib/node_modules/markbind-cli/node_modules/@markbind/core/src/html/NodeProcessor.js:173:71)
    at NodeProcessor.traverse (/opt/homebrew/lib/node_modules/markbind-cli/node_modules/@markbind/core/src/html/NodeProcessor.js:345:24)
    at /opt/homebrew/lib/node_modules/markbind-cli/node_modules/@markbind/core/src/html/NodeProcessor.js:349:22
    at Array.forEach (<anonymous>)
    at NodeProcessor.traverse (/opt/homebrew/lib/node_modules/markbind-cli/node_modules/@markbind/core/src/html/NodeProcessor.js:348:27)
2025-07-31T16:16:57.158Z - error:  Template render error: (/Users/damithch/Repos/nus-cs2103/cs2103-website-base/book/gitAndGithub/stage/text.md) [Line 22, Column 22]
  Template render error: (/Users/damithch/Repos/nus-cs2103/cs2103-website-base/book/gitAndGithub/stage/text.md) [Line 391, Column 9]
  Error: Unable to call `show_folder_columns`, which is undefined or falsey
    at Object._prettifyError (/opt/homebrew/lib/node_modules/markbind-cli/node_modules/nunjucks/src/lib.js:32:11)
    at /opt/homebrew/lib/node_modules/markbind-cli/node_modules/@markbind/core/src/patches/nunjucks/context-overrides-frame.js:383:17
    at Template.root [as rootRenderFunc] (eval at _compile (/opt/homebrew/lib/node_modules/markbind-cli/node_modules/nunjucks/src/environment.js:527:18), <anonymous>:321:3)
    at Template.render (/opt/homebrew/lib/node_modules/markbind-cli/node_modules/@markbind/core/src/patches/nunjucks/context-overrides-frame.js:372:8)
    at /opt/homebrew/lib/node_modules/markbind-cli/node_modules/@markbind/core/src/patches/nunjucks/context-overrides-frame.js:54:25
    at Environment.getTemplate (/opt/homebrew/lib/node_modules/markbind-cli/node_modules/@markbind/core/src/patches/nunjucks/load-event.js:85:7)
    at Environment.render (/opt/homebrew/lib/node_modules/markbind-cli/node_modules/@markbind/core/src/patches/nunjucks/context-overrides-frame.js:48:8)
    at VariableRenderer.renderFile (/opt/homebrew/lib/node_modules/markbind-cli/node_modules/@markbind/core/src/variables/VariableRenderer.js:73:24)
    at VariableProcessor.renderWithSiteVariables (/opt/homebrew/lib/node_modules/markbind-cli/node_modules/@markbind/core/src/variables/VariableProcessor.js:154:57)
    at VariableProcessor.renderIncludeFile (/opt/homebrew/lib/node_modules/markbind-cli/node_modules/@markbind/core/src/variables/VariableProcessor.js:231:38)
    at processInclude (/opt/homebrew/lib/node_modules/markbind-cli/node_modules/@markbind/core/src/html/includePanelProcessor.js:198:68)
    at NodeProcessor.processNode (/opt/homebrew/lib/node_modules/markbind-cli/node_modules/@markbind/core/src/html/NodeProcessor.js:173:71)
    at NodeProcessor.traverse (/opt/homebrew/lib/node_modules/markbind-cli/node_modules/@markbind/core/src/html/NodeProcessor.js:345:24)
    at /opt/homebrew/lib/node_modules/markbind-cli/node_modules/@markbind/core/src/html/NodeProcessor.js:349:22
    at Array.forEach (<anonymous>)
    at NodeProcessor.traverse (/opt/homebrew/lib/node_modules/markbind-cli/node_modules/@markbind/core/src/html/NodeProcessor.js:348:27)
2025-07-31T16:16:57.340Z - info: Site data built
2025-07-31T16:16:57.340Z - info: Pages rebuilt
2025-07-31T16:16:57.340Z - info: Website regeneration complete! Total build time: 0.285s
2025-07-31T16:18:20.808Z - info: Website generation (lazy) started at 00:18:19
2025-07-31T16:18:21.202Z - warn: ENOENT: no such file or directory, open '/Users/damithch/Repos/nus-cs2103/cs2103-website-base/node_modules/.cache/gh-pages/https!github.com!nus-cs2103-AY2526S1!website.git/book/_markbind/variables.md'
2025-07-31T16:18:21.203Z - warn: ENOENT: no such file or directory, open '/Users/damithch/Repos/nus-cs2103/cs2103-website-base/node_modules/.cache/gh-pages/https!github.com!nus-cs2103-AY2526S1!website.git/_markbind/variables.md'
2025-07-31T16:18:21.222Z - info: Building assets...
2025-07-31T16:18:23.853Z - info: Assets built
2025-07-31T16:18:23.853Z - info: Generating landing page...
2025-07-31T16:18:24.098Z - info: Landing page built, other pages will be built as you navigate to them!
2025-07-31T16:18:24.181Z - info: Site data built
2025-07-31T16:18:24.181Z - info: Website generation (lazy) complete! Total build time: 4.531s
2025-07-31T16:18:24.191Z - info: Serving "/Users/damithch/Repos/nus-cs2103/cs2103-website-base/_site" at http://127.0.0.1:8080
2025-07-31T16:18:24.191Z - info: Press CTRL+C to stop ...
2025-07-31T16:18:29.279Z - info: Building /Users/damithch/Repos/nus-cs2103/cs2103-website-base/book/gitAndGithub/trail/recordingFolderHistory/index as some of its dependencies were changed since the last visit
2025-07-31T16:18:29.330Z - error:  Template render error: (/Users/damithch/Repos/nus-cs2103/cs2103-website-base/book/gitAndGithub/stage/text.md) [Line 22, Column 22]
  Template render error: (/Users/damithch/Repos/nus-cs2103/cs2103-website-base/book/gitAndGithub/stage/text.md) [Line 391, Column 9]
  Error: Unable to call `show_folder_columns`, which is undefined or falsey
    at Object._prettifyError (/opt/homebrew/lib/node_modules/markbind-cli/node_modules/nunjucks/src/lib.js:32:11)
    at /opt/homebrew/lib/node_modules/markbind-cli/node_modules/@markbind/core/src/patches/nunjucks/context-overrides-frame.js:383:17
    at Template.root [as rootRenderFunc] (eval at _compile (/opt/homebrew/lib/node_modules/markbind-cli/node_modules/nunjucks/src/environment.js:527:18), <anonymous>:321:3)
    at Template.render (/opt/homebrew/lib/node_modules/markbind-cli/node_modules/@markbind/core/src/patches/nunjucks/context-overrides-frame.js:372:8)
    at /opt/homebrew/lib/node_modules/markbind-cli/node_modules/@markbind/core/src/patches/nunjucks/context-overrides-frame.js:54:25
    at createTemplate (/opt/homebrew/lib/node_modules/markbind-cli/node_modules/@markbind/core/src/patches/nunjucks/load-event.js:121:7)
    at handle (/opt/homebrew/lib/node_modules/markbind-cli/node_modules/@markbind/core/src/patches/nunjucks/load-event.js:133:9)
    at /opt/homebrew/lib/node_modules/markbind-cli/node_modules/@markbind/core/src/patches/nunjucks/load-event.js:145:7
    at next (/opt/homebrew/lib/node_modules/markbind-cli/node_modules/nunjucks/src/lib.js:258:7)
    at Object.asyncIter (/opt/homebrew/lib/node_modules/markbind-cli/node_modules/nunjucks/src/lib.js:263:3)
    at Environment.getTemplate (/opt/homebrew/lib/node_modules/markbind-cli/node_modules/@markbind/core/src/patches/nunjucks/load-event.js:127:7)
    at Environment.render (/opt/homebrew/lib/node_modules/markbind-cli/node_modules/@markbind/core/src/patches/nunjucks/context-overrides-frame.js:48:8)
    at VariableRenderer.renderFile (/opt/homebrew/lib/node_modules/markbind-cli/node_modules/@markbind/core/src/variables/VariableRenderer.js:73:24)
    at VariableProcessor.renderWithSiteVariables (/opt/homebrew/lib/node_modules/markbind-cli/node_modules/@markbind/core/src/variables/VariableProcessor.js:154:57)
    at VariableProcessor.renderIncludeFile (/opt/homebrew/lib/node_modules/markbind-cli/node_modules/@markbind/core/src/variables/VariableProcessor.js:231:38)
    at processInclude (/opt/homebrew/lib/node_modules/markbind-cli/node_modules/@markbind/core/src/html/includePanelProcessor.js:198:68)
2025-07-31T16:18:29.389Z - error:  Template render error: (/Users/damithch/Repos/nus-cs2103/cs2103-website-base/book/gitAndGithub/stage/text.md) [Line 22, Column 22]
  Template render error: (/Users/damithch/Repos/nus-cs2103/cs2103-website-base/book/gitAndGithub/stage/text.md) [Line 391, Column 9]
  Error: Unable to call `show_folder_columns`, which is undefined or falsey
    at Object._prettifyError (/opt/homebrew/lib/node_modules/markbind-cli/node_modules/nunjucks/src/lib.js:32:11)
    at /opt/homebrew/lib/node_modules/markbind-cli/node_modules/@markbind/core/src/patches/nunjucks/context-overrides-frame.js:383:17
    at Template.root [as rootRenderFunc] (eval at _compile (/opt/homebrew/lib/node_modules/markbind-cli/node_modules/nunjucks/src/environment.js:527:18), <anonymous>:321:3)
    at Template.render (/opt/homebrew/lib/node_modules/markbind-cli/node_modules/@markbind/core/src/patches/nunjucks/context-overrides-frame.js:372:8)
    at /opt/homebrew/lib/node_modules/markbind-cli/node_modules/@markbind/core/src/patches/nunjucks/context-overrides-frame.js:54:25
    at Environment.getTemplate (/opt/homebrew/lib/node_modules/markbind-cli/node_modules/@markbind/core/src/patches/nunjucks/load-event.js:85:7)
    at Environment.render (/opt/homebrew/lib/node_modules/markbind-cli/node_modules/@markbind/core/src/patches/nunjucks/context-overrides-frame.js:48:8)
    at VariableRenderer.renderFile (/opt/homebrew/lib/node_modules/markbind-cli/node_modules/@markbind/core/src/variables/VariableRenderer.js:73:24)
    at VariableProcessor.renderWithSiteVariables (/opt/homebrew/lib/node_modules/markbind-cli/node_modules/@markbind/core/src/variables/VariableProcessor.js:154:57)
    at VariableProcessor.renderIncludeFile (/opt/homebrew/lib/node_modules/markbind-cli/node_modules/@markbind/core/src/variables/VariableProcessor.js:231:38)
    at processInclude (/opt/homebrew/lib/node_modules/markbind-cli/node_modules/@markbind/core/src/html/includePanelProcessor.js:198:68)
    at NodeProcessor.processNode (/opt/homebrew/lib/node_modules/markbind-cli/node_modules/@markbind/core/src/html/NodeProcessor.js:173:71)
    at NodeProcessor.traverse (/opt/homebrew/lib/node_modules/markbind-cli/node_modules/@markbind/core/src/html/NodeProcessor.js:345:24)
    at /opt/homebrew/lib/node_modules/markbind-cli/node_modules/@markbind/core/src/html/NodeProcessor.js:349:22
    at Array.forEach (<anonymous>)
    at NodeProcessor.traverse (/opt/homebrew/lib/node_modules/markbind-cli/node_modules/@markbind/core/src/html/NodeProcessor.js:348:27)
2025-07-31T16:18:29.390Z - error:  Template render error: (/Users/damithch/Repos/nus-cs2103/cs2103-website-base/book/gitAndGithub/stage/text.md) [Line 22, Column 22]
  Template render error: (/Users/damithch/Repos/nus-cs2103/cs2103-website-base/book/gitAndGithub/stage/text.md) [Line 391, Column 9]
  Error: Unable to call `show_folder_columns`, which is undefined or falsey
    at Object._prettifyError (/opt/homebrew/lib/node_modules/markbind-cli/node_modules/nunjucks/src/lib.js:32:11)
    at /opt/homebrew/lib/node_modules/markbind-cli/node_modules/@markbind/core/src/patches/nunjucks/context-overrides-frame.js:383:17
    at Template.root [as rootRenderFunc] (eval at _compile (/opt/homebrew/lib/node_modules/markbind-cli/node_modules/nunjucks/src/environment.js:527:18), <anonymous>:321:3)
    at Template.render (/opt/homebrew/lib/node_modules/markbind-cli/node_modules/@markbind/core/src/patches/nunjucks/context-overrides-frame.js:372:8)
    at /opt/homebrew/lib/node_modules/markbind-cli/node_modules/@markbind/core/src/patches/nunjucks/context-overrides-frame.js:54:25
    at Environment.getTemplate (/opt/homebrew/lib/node_modules/markbind-cli/node_modules/@markbind/core/src/patches/nunjucks/load-event.js:85:7)
    at Environment.render (/opt/homebrew/lib/node_modules/markbind-cli/node_modules/@markbind/core/src/patches/nunjucks/context-overrides-frame.js:48:8)
    at VariableRenderer.renderFile (/opt/homebrew/lib/node_modules/markbind-cli/node_modules/@markbind/core/src/variables/VariableRenderer.js:73:24)
    at VariableProcessor.renderWithSiteVariables (/opt/homebrew/lib/node_modules/markbind-cli/node_modules/@markbind/core/src/variables/VariableProcessor.js:154:57)
    at VariableProcessor.renderIncludeFile (/opt/homebrew/lib/node_modules/markbind-cli/node_modules/@markbind/core/src/variables/VariableProcessor.js:231:38)
    at processInclude (/opt/homebrew/lib/node_modules/markbind-cli/node_modules/@markbind/core/src/html/includePanelProcessor.js:198:68)
    at NodeProcessor.processNode (/opt/homebrew/lib/node_modules/markbind-cli/node_modules/@markbind/core/src/html/NodeProcessor.js:173:71)
    at NodeProcessor.traverse (/opt/homebrew/lib/node_modules/markbind-cli/node_modules/@markbind/core/src/html/NodeProcessor.js:345:24)
    at /opt/homebrew/lib/node_modules/markbind-cli/node_modules/@markbind/core/src/html/NodeProcessor.js:349:22
    at Array.forEach (<anonymous>)
    at NodeProcessor.traverse (/opt/homebrew/lib/node_modules/markbind-cli/node_modules/@markbind/core/src/html/NodeProcessor.js:348:27)
2025-07-31T16:18:29.615Z - info: Site data built
2025-07-31T16:18:29.615Z - info: Lazy website regeneration complete! Total build time: 0.336s
2025-07-31T16:19:08.645Z - info: [00:19:08] Reload for file change: /Users/damithch/Repos/nus-cs2103/cs2103-website-base/book/gitAndGithub/stage/text.md
2025-07-31T16:19:08.648Z - info: Synchronizing opened pages list before reload
2025-07-31T16:19:08.650Z - info: Current opened pages, from most-to-least recent:
2025-07-31T16:19:08.650Z - info: 1. book/gitAndGithub/trail/recordingFolderHistory/index
2025-07-31T16:19:08.650Z - info: 2. index
2025-07-31T16:19:09.661Z - info: Rebuilding 1 pages
2025-07-31T16:19:09.729Z - error:  Template render error: (/Users/damithch/Repos/nus-cs2103/cs2103-website-base/book/gitAndGithub/stage/text.md) [Line 22, Column 22]
  Template render error: (/Users/damithch/Repos/nus-cs2103/cs2103-website-base/book/gitAndGithub/stage/text.md) [Line 391, Column 9]
  Error: Unable to call `show_folder_columns`, which is undefined or falsey
    at Object._prettifyError (/opt/homebrew/lib/node_modules/markbind-cli/node_modules/nunjucks/src/lib.js:32:11)
    at /opt/homebrew/lib/node_modules/markbind-cli/node_modules/@markbind/core/src/patches/nunjucks/context-overrides-frame.js:383:17
    at Template.root [as rootRenderFunc] (eval at _compile (/opt/homebrew/lib/node_modules/markbind-cli/node_modules/nunjucks/src/environment.js:527:18), <anonymous>:305:3)
    at Template.render (/opt/homebrew/lib/node_modules/markbind-cli/node_modules/@markbind/core/src/patches/nunjucks/context-overrides-frame.js:372:8)
    at /opt/homebrew/lib/node_modules/markbind-cli/node_modules/@markbind/core/src/patches/nunjucks/context-overrides-frame.js:54:25
    at createTemplate (/opt/homebrew/lib/node_modules/markbind-cli/node_modules/@markbind/core/src/patches/nunjucks/load-event.js:121:7)
    at handle (/opt/homebrew/lib/node_modules/markbind-cli/node_modules/@markbind/core/src/patches/nunjucks/load-event.js:133:9)
    at /opt/homebrew/lib/node_modules/markbind-cli/node_modules/@markbind/core/src/patches/nunjucks/load-event.js:145:7
    at next (/opt/homebrew/lib/node_modules/markbind-cli/node_modules/nunjucks/src/lib.js:258:7)
    at Object.asyncIter (/opt/homebrew/lib/node_modules/markbind-cli/node_modules/nunjucks/src/lib.js:263:3)
    at Environment.getTemplate (/opt/homebrew/lib/node_modules/markbind-cli/node_modules/@markbind/core/src/patches/nunjucks/load-event.js:127:7)
    at Environment.render (/opt/homebrew/lib/node_modules/markbind-cli/node_modules/@markbind/core/src/patches/nunjucks/context-overrides-frame.js:48:8)
    at VariableRenderer.renderFile (/opt/homebrew/lib/node_modules/markbind-cli/node_modules/@markbind/core/src/variables/VariableRenderer.js:73:24)
    at VariableProcessor.renderWithSiteVariables (/opt/homebrew/lib/node_modules/markbind-cli/node_modules/@markbind/core/src/variables/VariableProcessor.js:154:57)
    at VariableProcessor.renderIncludeFile (/opt/homebrew/lib/node_modules/markbind-cli/node_modules/@markbind/core/src/variables/VariableProcessor.js:231:38)
    at processInclude (/opt/homebrew/lib/node_modules/markbind-cli/node_modules/@markbind/core/src/html/includePanelProcessor.js:198:68)
2025-07-31T16:19:09.766Z - error:  Template render error: (/Users/damithch/Repos/nus-cs2103/cs2103-website-base/book/gitAndGithub/stage/text.md) [Line 22, Column 22]
  Template render error: (/Users/damithch/Repos/nus-cs2103/cs2103-website-base/book/gitAndGithub/stage/text.md) [Line 391, Column 9]
  Error: Unable to call `show_folder_columns`, which is undefined or falsey
    at Object._prettifyError (/opt/homebrew/lib/node_modules/markbind-cli/node_modules/nunjucks/src/lib.js:32:11)
    at /opt/homebrew/lib/node_modules/markbind-cli/node_modules/@markbind/core/src/patches/nunjucks/context-overrides-frame.js:383:17
    at Template.root [as rootRenderFunc] (eval at _compile (/opt/homebrew/lib/node_modules/markbind-cli/node_modules/nunjucks/src/environment.js:527:18), <anonymous>:305:3)
    at Template.render (/opt/homebrew/lib/node_modules/markbind-cli/node_modules/@markbind/core/src/patches/nunjucks/context-overrides-frame.js:372:8)
    at /opt/homebrew/lib/node_modules/markbind-cli/node_modules/@markbind/core/src/patches/nunjucks/context-overrides-frame.js:54:25
    at Environment.getTemplate (/opt/homebrew/lib/node_modules/markbind-cli/node_modules/@markbind/core/src/patches/nunjucks/load-event.js:85:7)
    at Environment.render (/opt/homebrew/lib/node_modules/markbind-cli/node_modules/@markbind/core/src/patches/nunjucks/context-overrides-frame.js:48:8)
    at VariableRenderer.renderFile (/opt/homebrew/lib/node_modules/markbind-cli/node_modules/@markbind/core/src/variables/VariableRenderer.js:73:24)
    at VariableProcessor.renderWithSiteVariables (/opt/homebrew/lib/node_modules/markbind-cli/node_modules/@markbind/core/src/variables/VariableProcessor.js:154:57)
    at VariableProcessor.renderIncludeFile (/opt/homebrew/lib/node_modules/markbind-cli/node_modules/@markbind/core/src/variables/VariableProcessor.js:231:38)
    at processInclude (/opt/homebrew/lib/node_modules/markbind-cli/node_modules/@markbind/core/src/html/includePanelProcessor.js:198:68)
    at NodeProcessor.processNode (/opt/homebrew/lib/node_modules/markbind-cli/node_modules/@markbind/core/src/html/NodeProcessor.js:173:71)
    at NodeProcessor.traverse (/opt/homebrew/lib/node_modules/markbind-cli/node_modules/@markbind/core/src/html/NodeProcessor.js:345:24)
    at /opt/homebrew/lib/node_modules/markbind-cli/node_modules/@markbind/core/src/html/NodeProcessor.js:349:22
    at Array.forEach (<anonymous>)
    at NodeProcessor.traverse (/opt/homebrew/lib/node_modules/markbind-cli/node_modules/@markbind/core/src/html/NodeProcessor.js:348:27)
2025-07-31T16:19:09.767Z - error:  Template render error: (/Users/damithch/Repos/nus-cs2103/cs2103-website-base/book/gitAndGithub/stage/text.md) [Line 22, Column 22]
  Template render error: (/Users/damithch/Repos/nus-cs2103/cs2103-website-base/book/gitAndGithub/stage/text.md) [Line 391, Column 9]
  Error: Unable to call `show_folder_columns`, which is undefined or falsey
    at Object._prettifyError (/opt/homebrew/lib/node_modules/markbind-cli/node_modules/nunjucks/src/lib.js:32:11)
    at /opt/homebrew/lib/node_modules/markbind-cli/node_modules/@markbind/core/src/patches/nunjucks/context-overrides-frame.js:383:17
    at Template.root [as rootRenderFunc] (eval at _compile (/opt/homebrew/lib/node_modules/markbind-cli/node_modules/nunjucks/src/environment.js:527:18), <anonymous>:305:3)
    at Template.render (/opt/homebrew/lib/node_modules/markbind-cli/node_modules/@markbind/core/src/patches/nunjucks/context-overrides-frame.js:372:8)
    at /opt/homebrew/lib/node_modules/markbind-cli/node_modules/@markbind/core/src/patches/nunjucks/context-overrides-frame.js:54:25
    at Environment.getTemplate (/opt/homebrew/lib/node_modules/markbind-cli/node_modules/@markbind/core/src/patches/nunjucks/load-event.js:85:7)
    at Environment.render (/opt/homebrew/lib/node_modules/markbind-cli/node_modules/@markbind/core/src/patches/nunjucks/context-overrides-frame.js:48:8)
    at VariableRenderer.renderFile (/opt/homebrew/lib/node_modules/markbind-cli/node_modules/@markbind/core/src/variables/VariableRenderer.js:73:24)
    at VariableProcessor.renderWithSiteVariables (/opt/homebrew/lib/node_modules/markbind-cli/node_modules/@markbind/core/src/variables/VariableProcessor.js:154:57)
    at VariableProcessor.renderIncludeFile (/opt/homebrew/lib/node_modules/markbind-cli/node_modules/@markbind/core/src/variables/VariableProcessor.js:231:38)
    at processInclude (/opt/homebrew/lib/node_modules/markbind-cli/node_modules/@markbind/core/src/html/includePanelProcessor.js:198:68)
    at NodeProcessor.processNode (/opt/homebrew/lib/node_modules/markbind-cli/node_modules/@markbind/core/src/html/NodeProcessor.js:173:71)
    at NodeProcessor.traverse (/opt/homebrew/lib/node_modules/markbind-cli/node_modules/@markbind/core/src/html/NodeProcessor.js:345:24)
    at /opt/homebrew/lib/node_modules/markbind-cli/node_modules/@markbind/core/src/html/NodeProcessor.js:349:22
    at Array.forEach (<anonymous>)
    at NodeProcessor.traverse (/opt/homebrew/lib/node_modules/markbind-cli/node_modules/@markbind/core/src/html/NodeProcessor.js:348:27)
2025-07-31T16:19:09.949Z - info: Site data built
2025-07-31T16:19:09.950Z - info: Pages rebuilt
2025-07-31T16:19:09.950Z - info: Website regeneration complete! Total build time: 0.292s
2025-07-31T16:20:05.182Z - info: [00:20:05] Reload for file change: /Users/damithch/Repos/nus-cs2103/cs2103-website-base/book/gitAndGithub/stage/text.md
2025-07-31T16:20:05.184Z - info: Synchronizing opened pages list before reload
2025-07-31T16:20:05.185Z - info: Current opened pages, from most-to-least recent:
2025-07-31T16:20:05.185Z - info: 1. book/gitAndGithub/trail/recordingFolderHistory/index
2025-07-31T16:20:06.203Z - info: Rebuilding 1 pages
2025-07-31T16:20:06.259Z - error:  Template render error: (/Users/damithch/Repos/nus-cs2103/cs2103-website-base/book/gitAndGithub/stage/text.md) [Line 22, Column 22]
  Template render error: (/Users/damithch/Repos/nus-cs2103/cs2103-website-base/book/gitAndGithub/stage/text.md) [Line 391, Column 9]
  Error: Unable to call `show_folder_columns`, which is undefined or falsey
    at Object._prettifyError (/opt/homebrew/lib/node_modules/markbind-cli/node_modules/nunjucks/src/lib.js:32:11)
    at /opt/homebrew/lib/node_modules/markbind-cli/node_modules/@markbind/core/src/patches/nunjucks/context-overrides-frame.js:383:17
    at Template.root [as rootRenderFunc] (eval at _compile (/opt/homebrew/lib/node_modules/markbind-cli/node_modules/nunjucks/src/environment.js:527:18), <anonymous>:321:3)
    at Template.render (/opt/homebrew/lib/node_modules/markbind-cli/node_modules/@markbind/core/src/patches/nunjucks/context-overrides-frame.js:372:8)
    at /opt/homebrew/lib/node_modules/markbind-cli/node_modules/@markbind/core/src/patches/nunjucks/context-overrides-frame.js:54:25
    at createTemplate (/opt/homebrew/lib/node_modules/markbind-cli/node_modules/@markbind/core/src/patches/nunjucks/load-event.js:121:7)
    at handle (/opt/homebrew/lib/node_modules/markbind-cli/node_modules/@markbind/core/src/patches/nunjucks/load-event.js:133:9)
    at /opt/homebrew/lib/node_modules/markbind-cli/node_modules/@markbind/core/src/patches/nunjucks/load-event.js:145:7
    at next (/opt/homebrew/lib/node_modules/markbind-cli/node_modules/nunjucks/src/lib.js:258:7)
    at Object.asyncIter (/opt/homebrew/lib/node_modules/markbind-cli/node_modules/nunjucks/src/lib.js:263:3)
    at Environment.getTemplate (/opt/homebrew/lib/node_modules/markbind-cli/node_modules/@markbind/core/src/patches/nunjucks/load-event.js:127:7)
    at Environment.render (/opt/homebrew/lib/node_modules/markbind-cli/node_modules/@markbind/core/src/patches/nunjucks/context-overrides-frame.js:48:8)
    at VariableRenderer.renderFile (/opt/homebrew/lib/node_modules/markbind-cli/node_modules/@markbind/core/src/variables/VariableRenderer.js:73:24)
    at VariableProcessor.renderWithSiteVariables (/opt/homebrew/lib/node_modules/markbind-cli/node_modules/@markbind/core/src/variables/VariableProcessor.js:154:57)
    at VariableProcessor.renderIncludeFile (/opt/homebrew/lib/node_modules/markbind-cli/node_modules/@markbind/core/src/variables/VariableProcessor.js:231:38)
    at processInclude (/opt/homebrew/lib/node_modules/markbind-cli/node_modules/@markbind/core/src/html/includePanelProcessor.js:198:68)
2025-07-31T16:20:06.298Z - error:  Template render error: (/Users/damithch/Repos/nus-cs2103/cs2103-website-base/book/gitAndGithub/stage/text.md) [Line 22, Column 22]
  Template render error: (/Users/damithch/Repos/nus-cs2103/cs2103-website-base/book/gitAndGithub/stage/text.md) [Line 391, Column 9]
  Error: Unable to call `show_folder_columns`, which is undefined or falsey
    at Object._prettifyError (/opt/homebrew/lib/node_modules/markbind-cli/node_modules/nunjucks/src/lib.js:32:11)
    at /opt/homebrew/lib/node_modules/markbind-cli/node_modules/@markbind/core/src/patches/nunjucks/context-overrides-frame.js:383:17
    at Template.root [as rootRenderFunc] (eval at _compile (/opt/homebrew/lib/node_modules/markbind-cli/node_modules/nunjucks/src/environment.js:527:18), <anonymous>:321:3)
    at Template.render (/opt/homebrew/lib/node_modules/markbind-cli/node_modules/@markbind/core/src/patches/nunjucks/context-overrides-frame.js:372:8)
    at /opt/homebrew/lib/node_modules/markbind-cli/node_modules/@markbind/core/src/patches/nunjucks/context-overrides-frame.js:54:25
    at Environment.getTemplate (/opt/homebrew/lib/node_modules/markbind-cli/node_modules/@markbind/core/src/patches/nunjucks/load-event.js:85:7)
    at Environment.render (/opt/homebrew/lib/node_modules/markbind-cli/node_modules/@markbind/core/src/patches/nunjucks/context-overrides-frame.js:48:8)
    at VariableRenderer.renderFile (/opt/homebrew/lib/node_modules/markbind-cli/node_modules/@markbind/core/src/variables/VariableRenderer.js:73:24)
    at VariableProcessor.renderWithSiteVariables (/opt/homebrew/lib/node_modules/markbind-cli/node_modules/@markbind/core/src/variables/VariableProcessor.js:154:57)
    at VariableProcessor.renderIncludeFile (/opt/homebrew/lib/node_modules/markbind-cli/node_modules/@markbind/core/src/variables/VariableProcessor.js:231:38)
    at processInclude (/opt/homebrew/lib/node_modules/markbind-cli/node_modules/@markbind/core/src/html/includePanelProcessor.js:198:68)
    at NodeProcessor.processNode (/opt/homebrew/lib/node_modules/markbind-cli/node_modules/@markbind/core/src/html/NodeProcessor.js:173:71)
    at NodeProcessor.traverse (/opt/homebrew/lib/node_modules/markbind-cli/node_modules/@markbind/core/src/html/NodeProcessor.js:345:24)
    at /opt/homebrew/lib/node_modules/markbind-cli/node_modules/@markbind/core/src/html/NodeProcessor.js:349:22
    at Array.forEach (<anonymous>)
    at NodeProcessor.traverse (/opt/homebrew/lib/node_modules/markbind-cli/node_modules/@markbind/core/src/html/NodeProcessor.js:348:27)
2025-07-31T16:20:06.298Z - error:  Template render error: (/Users/damithch/Repos/nus-cs2103/cs2103-website-base/book/gitAndGithub/stage/text.md) [Line 22, Column 22]
  Template render error: (/Users/damithch/Repos/nus-cs2103/cs2103-website-base/book/gitAndGithub/stage/text.md) [Line 391, Column 9]
  Error: Unable to call `show_folder_columns`, which is undefined or falsey
    at Object._prettifyError (/opt/homebrew/lib/node_modules/markbind-cli/node_modules/nunjucks/src/lib.js:32:11)
    at /opt/homebrew/lib/node_modules/markbind-cli/node_modules/@markbind/core/src/patches/nunjucks/context-overrides-frame.js:383:17
    at Template.root [as rootRenderFunc] (eval at _compile (/opt/homebrew/lib/node_modules/markbind-cli/node_modules/nunjucks/src/environment.js:527:18), <anonymous>:321:3)
    at Template.render (/opt/homebrew/lib/node_modules/markbind-cli/node_modules/@markbind/core/src/patches/nunjucks/context-overrides-frame.js:372:8)
    at /opt/homebrew/lib/node_modules/markbind-cli/node_modules/@markbind/core/src/patches/nunjucks/context-overrides-frame.js:54:25
    at Environment.getTemplate (/opt/homebrew/lib/node_modules/markbind-cli/node_modules/@markbind/core/src/patches/nunjucks/load-event.js:85:7)
    at Environment.render (/opt/homebrew/lib/node_modules/markbind-cli/node_modules/@markbind/core/src/patches/nunjucks/context-overrides-frame.js:48:8)
    at VariableRenderer.renderFile (/opt/homebrew/lib/node_modules/markbind-cli/node_modules/@markbind/core/src/variables/VariableRenderer.js:73:24)
    at VariableProcessor.renderWithSiteVariables (/opt/homebrew/lib/node_modules/markbind-cli/node_modules/@markbind/core/src/variables/VariableProcessor.js:154:57)
    at VariableProcessor.renderIncludeFile (/opt/homebrew/lib/node_modules/markbind-cli/node_modules/@markbind/core/src/variables/VariableProcessor.js:231:38)
    at processInclude (/opt/homebrew/lib/node_modules/markbind-cli/node_modules/@markbind/core/src/html/includePanelProcessor.js:198:68)
    at NodeProcessor.processNode (/opt/homebrew/lib/node_modules/markbind-cli/node_modules/@markbind/core/src/html/NodeProcessor.js:173:71)
    at NodeProcessor.traverse (/opt/homebrew/lib/node_modules/markbind-cli/node_modules/@markbind/core/src/html/NodeProcessor.js:345:24)
    at /opt/homebrew/lib/node_modules/markbind-cli/node_modules/@markbind/core/src/html/NodeProcessor.js:349:22
    at Array.forEach (<anonymous>)
    at NodeProcessor.traverse (/opt/homebrew/lib/node_modules/markbind-cli/node_modules/@markbind/core/src/html/NodeProcessor.js:348:27)
2025-07-31T16:20:06.484Z - info: Site data built
2025-07-31T16:20:06.484Z - info: Pages rebuilt
2025-07-31T16:20:06.484Z - info: Website regeneration complete! Total build time: 0.293s
2025-07-31T16:22:21.283Z - info: [00:22:21] Reload for file change: /Users/damithch/Repos/nus-cs2103/cs2103-website-base/book/gitAndGithub/stage/text.md
2025-07-31T16:22:21.292Z - info: Synchronizing opened pages list before reload
2025-07-31T16:22:21.294Z - info: Current opened pages, from most-to-least recent:
2025-07-31T16:22:21.296Z - info: 1. book/gitAndGithub/trail/recordingFolderHistory/index
2025-07-31T16:22:22.314Z - info: Rebuilding 1 pages
2025-07-31T16:22:22.716Z - info: Site data built
2025-07-31T16:22:22.717Z - info: Pages rebuilt
2025-07-31T16:22:22.717Z - info: Website regeneration complete! Total build time: 0.407s
2025-07-31T16:23:43.793Z - info: Website generation started at 00:23:42
2025-07-31T16:23:44.204Z - warn: ENOENT: no such file or directory, open '/Users/damithch/Repos/nus-cs2103/cs2103-website-base/node_modules/.cache/gh-pages/https!github.com!nus-cs2103-AY2526S1!website.git/book/_markbind/variables.md'
2025-07-31T16:23:44.205Z - warn: ENOENT: no such file or directory, open '/Users/damithch/Repos/nus-cs2103/cs2103-website-base/node_modules/.cache/gh-pages/https!github.com!nus-cs2103-AY2526S1!website.git/_markbind/variables.md'
2025-07-31T16:23:44.223Z - info: Building assets...
2025-07-31T16:23:46.827Z - info: Assets built
2025-07-31T16:23:46.827Z - info: Generating pages...
2025-07-31T16:23:54.826Z - debug:  
2025-07-31T16:23:54.826Z - debug:  
2025-07-31T16:23:54.826Z - debug:  
2025-07-31T16:23:54.826Z - debug:  
2025-07-31T16:23:54.826Z - debug:  
2025-07-31T16:23:54.826Z - debug:  
2025-07-31T16:23:54.826Z - debug:  
2025-07-31T16:23:54.826Z - debug:  
2025-07-31T16:23:54.826Z - debug:  
2025-07-31T16:23:54.826Z - debug:  
2025-07-31T16:23:54.826Z - debug:  
2025-07-31T16:23:57.125Z - debug:  
2025-07-31T16:23:57.133Z - debug:  
2025-07-31T16:23:57.158Z - debug:  
2025-07-31T16:23:57.183Z - debug:  
2025-07-31T16:23:57.184Z - debug:  
2025-07-31T16:23:57.194Z - debug:  
2025-07-31T16:24:05.861Z - debug:  
2025-07-31T16:25:00.294Z - debug:  
2025-07-31T16:25:15.393Z - debug:  
2025-07-31T16:25:15.411Z - debug:  
2025-07-31T16:25:21.940Z - info: Pages built
2025-07-31T16:25:22.013Z - info: Site data built
2025-07-31T16:25:22.013Z - info: Website generation complete! Total build time: 99.271s
2025-07-31T16:25:22.013Z - info: Build success!
2025-07-31T16:25:48.883Z - info: The website has been deployed at: https://nus-cs2103-ay2526s1.github.io/website
2025-07-31T16:58:56.675Z - info: Website generation (lazy) started at 00:58:55
2025-07-31T16:58:56.959Z - warn: ENOENT: no such file or directory, open '/Users/damithch/Repos/nus-cs2103/cs2103-website-base/node_modules/.cache/gh-pages/https!github.com!nus-cs2103-AY2526S1!website.git/book/_markbind/variables.md'
2025-07-31T16:58:56.959Z - warn: ENOENT: no such file or directory, open '/Users/damithch/Repos/nus-cs2103/cs2103-website-base/node_modules/.cache/gh-pages/https!github.com!nus-cs2103-AY2526S1!website.git/_markbind/variables.md'
2025-07-31T16:58:56.980Z - info: Building assets...
2025-07-31T16:59:00.466Z - info: Assets built
2025-07-31T16:59:00.468Z - info: Generating landing page...
2025-07-31T16:59:00.783Z - info: Landing page built, other pages will be built as you navigate to them!
2025-07-31T16:59:00.862Z - info: Site data built
2025-07-31T16:59:00.862Z - info: Website generation (lazy) complete! Total build time: 5.462s
2025-07-31T16:59:00.874Z - info: Serving "/Users/damithch/Repos/nus-cs2103/cs2103-website-base/_site" at http://127.0.0.1:8080
2025-07-31T16:59:00.875Z - info: Press CTRL+C to stop ...
2025-07-31T16:59:36.874Z - info: Building /Users/damithch/Repos/nus-cs2103/cs2103-website-base/se-book-adapted/git-trail/index as some of its dependencies were changed since the last visit
2025-07-31T16:59:37.307Z - info: Site data built
2025-07-31T16:59:37.307Z - info: Lazy website regeneration complete! Total build time: 0.434s
2025-07-31T16:59:53.931Z - info: Building /Users/damithch/Repos/nus-cs2103/cs2103-website-base/book/gitAndGithub/syncByMerge/index as some of its dependencies were changed since the last visit
2025-07-31T16:59:54.103Z - info: Site data built
2025-07-31T16:59:54.104Z - info: Lazy website regeneration complete! Total build time: 0.173s
2025-07-31T17:00:57.517Z - info: Building /Users/damithch/Repos/nus-cs2103/cs2103-website-base/book/gitAndGithub/syncByRebase/index as some of its dependencies were changed since the last visit
2025-07-31T17:00:57.613Z - info: Site data built
2025-07-31T17:00:57.613Z - info: Lazy website regeneration complete! Total build time: 0.097s
2025-07-31T17:02:17.932Z - info: [01:02:17] Reload for file change: /Users/damithch/Repos/nus-cs2103/cs2103-website-base/book/gitAndGithub/syncByRebase/text.md
2025-07-31T17:02:17.935Z - info: Synchronizing opened pages list before reload
2025-07-31T17:02:17.936Z - info: Current opened pages, from most-to-least recent:
2025-07-31T17:02:17.937Z - info: 1. book/gitAndGithub/syncByRebase/index
2025-07-31T17:02:17.937Z - info: 2. se-book-adapted/git-trail/index
2025-07-31T17:02:18.948Z - info: Rebuilding 2 pages
2025-07-31T17:02:19.302Z - info: Site data built
2025-07-31T17:02:19.302Z - info: Pages rebuilt
2025-07-31T17:02:19.302Z - info: Website regeneration complete! Total build time: 0.358s
2025-07-31T17:06:19.677Z - info: [01:06:19] Reload for file change: /Users/damithch/Repos/nus-cs2103/cs2103-website-base/book/gitAndGithub/syncByRebase/text.md
2025-07-31T17:06:19.681Z - info: Synchronizing opened pages list before reload
2025-07-31T17:06:19.683Z - info: Current opened pages, from most-to-least recent:
2025-07-31T17:06:19.684Z - info: 1. book/gitAndGithub/syncByRebase/index
2025-07-31T17:06:20.694Z - info: Rebuilding 1 pages
2025-07-31T17:06:20.811Z - info: Site data built
2025-07-31T17:06:20.811Z - info: Pages rebuilt
2025-07-31T17:06:20.811Z - info: Website regeneration complete! Total build time: 0.12s
2025-07-31T17:06:32.309Z - info: [01:06:32] Reload for file change: /Users/damithch/Repos/nus-cs2103/cs2103-website-base/book/gitAndGithub/syncByRebase/text.md
2025-07-31T17:06:32.309Z - info: Synchronizing opened pages list before reload
2025-07-31T17:06:32.309Z - info: Current opened pages, from most-to-least recent:
2025-07-31T17:06:32.309Z - info: 1. book/gitAndGithub/syncByRebase/index
2025-07-31T17:06:33.325Z - info: Rebuilding 1 pages
2025-07-31T17:06:33.397Z - info: Site data built
2025-07-31T17:06:33.397Z - info: Pages rebuilt
2025-07-31T17:06:33.397Z - info: Website regeneration complete! Total build time: 0.074s
2025-07-31T17:07:01.979Z - info: Building /Users/damithch/Repos/nus-cs2103/cs2103-website-base/se-book-adapted/git-trail/index as some of its dependencies were changed since the last visit
2025-07-31T17:07:02.237Z - info: Site data built
2025-07-31T17:07:02.238Z - info: Lazy website regeneration complete! Total build time: 0.26s
2025-07-31T17:07:08.775Z - info: Building /Users/damithch/Repos/nus-cs2103/cs2103-website-base/book/gitAndGithub/cherryPick/index as some of its dependencies were changed since the last visit
2025-07-31T17:07:08.852Z - info: Site data built
2025-07-31T17:07:08.852Z - info: Lazy website regeneration complete! Total build time: 0.077s
2025-07-31T17:08:23.784Z - info: [01:08:23] Reload for file change: /Users/damithch/Repos/nus-cs2103/cs2103-website-base/book/gitAndGithub/cherryPick/text.md
2025-07-31T17:08:23.785Z - info: Synchronizing opened pages list before reload
2025-07-31T17:08:23.786Z - info: Current opened pages, from most-to-least recent:
2025-07-31T17:08:23.786Z - info: 1. book/gitAndGithub/cherryPick/index
2025-07-31T17:08:23.786Z - info: 2. se-book-adapted/git-trail/index
2025-07-31T17:08:24.793Z - info: Rebuilding 2 pages
2025-07-31T17:08:25.176Z - info: Site data built
2025-07-31T17:08:25.176Z - info: Pages rebuilt
2025-07-31T17:08:25.176Z - info: Website regeneration complete! Total build time: 0.386s
2025-07-31T17:09:39.717Z - info: Building /Users/damithch/Repos/nus-cs2103/cs2103-website-base/book/gitAndGithub/remoteBranchPush/index as some of its dependencies were changed since the last visit
2025-07-31T17:09:39.857Z - info: Site data built
2025-07-31T17:09:39.857Z - info: Lazy website regeneration complete! Total build time: 0.141s
2025-07-31T17:10:17.227Z - info: [01:10:17] Reload for file change: /Users/damithch/Repos/nus-cs2103/cs2103-website-base/book/gitAndGithub/remoteBranchPush/text.md
2025-07-31T17:10:17.229Z - info: Synchronizing opened pages list before reload
2025-07-31T17:10:17.230Z - info: Current opened pages, from most-to-least recent:
2025-07-31T17:10:17.230Z - info: 1. book/gitAndGithub/remoteBranchPush/index
2025-07-31T17:10:17.230Z - info: 2. se-book-adapted/git-trail/index
2025-07-31T17:10:18.242Z - info: Rebuilding 2 pages
2025-07-31T17:10:18.582Z - info: Site data built
2025-07-31T17:10:18.582Z - info: Pages rebuilt
2025-07-31T17:10:18.582Z - info: Website regeneration complete! Total build time: 0.344s
2025-07-31T17:10:52.478Z - info: [01:10:52] Reload for file change: /Users/damithch/Repos/nus-cs2103/cs2103-website-base/book/gitAndGithub/remoteBranchPush/text.md
2025-07-31T17:10:52.483Z - info: Synchronizing opened pages list before reload
2025-07-31T17:10:52.484Z - info: Current opened pages, from most-to-least recent:
2025-07-31T17:10:52.484Z - info: 1. book/gitAndGithub/remoteBranchPush/index
2025-07-31T17:10:53.494Z - info: Rebuilding 1 pages
2025-07-31T17:10:53.649Z - info: Site data built
2025-07-31T17:10:53.649Z - info: Pages rebuilt
2025-07-31T17:10:53.649Z - info: Website regeneration complete! Total build time: 0.158s
2025-07-31T17:12:37.709Z - info: [01:12:37] Reload for file change: /Users/damithch/Repos/nus-cs2103/cs2103-website-base/book/gitAndGithub/remoteBranchPush/text.md
2025-07-31T17:12:37.709Z - info: Synchronizing opened pages list before reload
2025-07-31T17:12:37.710Z - info: Current opened pages, from most-to-least recent:
2025-07-31T17:12:37.710Z - info: 1. book/gitAndGithub/remoteBranchPush/index
2025-07-31T17:12:38.721Z - info: Rebuilding 1 pages
2025-07-31T17:12:38.797Z - info: Site data built
2025-07-31T17:12:38.797Z - info: Pages rebuilt
2025-07-31T17:12:38.797Z - info: Website regeneration complete! Total build time: 0.078s
2025-07-31T17:13:28.449Z - info: [01:13:28] Reload for file change: /Users/damithch/Repos/nus-cs2103/cs2103-website-base/book/gitAndGithub/remoteBranchPush/text.md
2025-07-31T17:13:28.452Z - info: Synchronizing opened pages list before reload
2025-07-31T17:13:28.453Z - info: Current opened pages, from most-to-least recent:
2025-07-31T17:13:28.453Z - info: 1. book/gitAndGithub/remoteBranchPush/index
2025-07-31T17:13:29.462Z - info: Rebuilding 1 pages
2025-07-31T17:13:29.561Z - info: Site data built
2025-07-31T17:13:29.561Z - info: Pages rebuilt
2025-07-31T17:13:29.561Z - info: Website regeneration complete! Total build time: 0.102s
2025-07-31T17:14:06.638Z - info: [01:14:06] Reload for file change: /Users/damithch/Repos/nus-cs2103/cs2103-website-base/book/gitAndGithub/remoteBranchPush/text.md
2025-07-31T17:14:06.640Z - info: Synchronizing opened pages list before reload
2025-07-31T17:14:06.640Z - info: Current opened pages, from most-to-least recent:
2025-07-31T17:14:06.640Z - info: 1. book/gitAndGithub/remoteBranchPush/index
2025-07-31T17:14:07.647Z - info: Rebuilding 1 pages
2025-07-31T17:14:07.739Z - info: Site data built
2025-07-31T17:14:07.739Z - info: Pages rebuilt
2025-07-31T17:14:07.739Z - info: Website regeneration complete! Total build time: 0.095s
2025-07-31T17:15:12.425Z - info: [01:15:12] Reload for file change: /Users/damithch/Repos/nus-cs2103/cs2103-website-base/book/gitAndGithub/remoteBranchPush/text.md
2025-07-31T17:15:12.426Z - info: Synchronizing opened pages list before reload
2025-07-31T17:15:12.427Z - info: Current opened pages, from most-to-least recent:
2025-07-31T17:15:12.427Z - info: 1. book/gitAndGithub/remoteBranchPush/index
2025-07-31T17:15:13.433Z - info: Rebuilding 1 pages
2025-07-31T17:15:13.528Z - info: Site data built
2025-07-31T17:15:13.529Z - info: Pages rebuilt
2025-07-31T17:15:13.529Z - info: Website regeneration complete! Total build time: 0.099s
2025-07-31T17:15:21.000Z - info: [01:15:21] Reload for file change: /Users/damithch/Repos/nus-cs2103/cs2103-website-base/book/gitAndGithub/remoteBranchPush/text.md
2025-07-31T17:15:21.000Z - info: Synchronizing opened pages list before reload
2025-07-31T17:15:21.000Z - info: Current opened pages, from most-to-least recent:
2025-07-31T17:15:21.000Z - info: 1. book/gitAndGithub/remoteBranchPush/index
2025-07-31T17:15:22.009Z - info: Rebuilding 1 pages
2025-07-31T17:15:22.107Z - info: Site data built
2025-07-31T17:15:22.107Z - info: Pages rebuilt
2025-07-31T17:15:22.107Z - info: Website regeneration complete! Total build time: 0.099s
2025-07-31T17:15:47.432Z - info: [01:15:47] Reload for file change: /Users/damithch/Repos/nus-cs2103/cs2103-website-base/book/gitAndGithub/remoteBranchPush/text.md
2025-07-31T17:15:47.433Z - info: Synchronizing opened pages list before reload
2025-07-31T17:15:47.433Z - info: Current opened pages, from most-to-least recent:
2025-07-31T17:15:47.433Z - info: 1. book/gitAndGithub/remoteBranchPush/index
2025-07-31T17:15:48.445Z - info: Rebuilding 1 pages
2025-07-31T17:15:48.555Z - info: Site data built
2025-07-31T17:15:48.555Z - info: Pages rebuilt
2025-07-31T17:15:48.555Z - info: Website regeneration complete! Total build time: 0.112s
2025-07-31T17:16:28.043Z - info: Building /Users/damithch/Repos/nus-cs2103/cs2103-website-base/se-book-adapted/git-trail/index as some of its dependencies were changed since the last visit
2025-07-31T17:16:28.305Z - info: Site data built
2025-07-31T17:16:28.306Z - info: Lazy website regeneration complete! Total build time: 0.262s
2025-07-31T17:16:34.026Z - info: Building /Users/damithch/Repos/nus-cs2103/cs2103-website-base/book/gitAndGithub/remoteBranchPull/index as some of its dependencies were changed since the last visit
2025-07-31T17:16:34.127Z - info: Site data built
2025-07-31T17:16:34.127Z - info: Lazy website regeneration complete! Total build time: 0.101s
2025-07-31T17:19:27.541Z - info: [01:19:27] Reload for file change: /Users/damithch/Repos/nus-cs2103/cs2103-website-base/book/gitAndGithub/remoteBranchPull/text.md
2025-07-31T17:19:27.542Z - info: Synchronizing opened pages list before reload
2025-07-31T17:19:27.542Z - info: Current opened pages, from most-to-least recent:
2025-07-31T17:19:27.542Z - info: 1. book/gitAndGithub/remoteBranchPull/index
2025-07-31T17:19:27.542Z - info: 2. se-book-adapted/git-trail/index
2025-07-31T17:19:28.554Z - info: Rebuilding 2 pages
2025-07-31T17:19:28.811Z - info: Site data built
2025-07-31T17:19:28.811Z - info: Pages rebuilt
2025-07-31T17:19:28.811Z - info: Website regeneration complete! Total build time: 0.259s
2025-07-31T17:19:42.819Z - info: [01:19:42] Reload for file change: /Users/damithch/Repos/nus-cs2103/cs2103-website-base/book/gitAndGithub/remoteBranchPull/text.md
2025-07-31T17:19:42.822Z - info: Synchronizing opened pages list before reload
2025-07-31T17:19:42.822Z - info: Current opened pages, from most-to-least recent:
2025-07-31T17:19:42.822Z - info: 1. book/gitAndGithub/remoteBranchPull/index
2025-07-31T17:19:43.837Z - info: Rebuilding 1 pages
2025-07-31T17:19:43.970Z - info: Site data built
2025-07-31T17:19:43.970Z - info: Pages rebuilt
2025-07-31T17:19:43.970Z - info: Website regeneration complete! Total build time: 0.136s
2025-07-31T17:21:45.864Z - info: Building /Users/damithch/Repos/nus-cs2103/cs2103-website-base/se-book-adapted/git-trail/index as some of its dependencies were changed since the last visit
2025-07-31T17:21:46.164Z - info: Site data built
2025-07-31T17:21:46.164Z - info: Lazy website regeneration complete! Total build time: 0.301s
2025-07-31T17:21:54.765Z - info: Building /Users/damithch/Repos/nus-cs2103/cs2103-website-base/book/gitAndGithub/remoteBranchDelete/index as some of its dependencies were changed since the last visit
2025-07-31T17:21:54.885Z - info: Site data built
2025-07-31T17:21:54.885Z - info: Lazy website regeneration complete! Total build time: 0.121s
2025-07-31T17:22:41.291Z - info: [01:22:41] Reload for file change: /Users/damithch/Repos/nus-cs2103/cs2103-website-base/book/gitAndGithub/remoteBranchDelete/text.md
2025-07-31T17:22:41.292Z - info: Synchronizing opened pages list before reload
2025-07-31T17:22:41.292Z - info: Current opened pages, from most-to-least recent:
2025-07-31T17:22:41.292Z - info: 1. book/gitAndGithub/remoteBranchDelete/index
2025-07-31T17:22:41.293Z - info: 2. se-book-adapted/git-trail/index
2025-07-31T17:22:42.301Z - info: Rebuilding 2 pages
2025-07-31T17:22:42.629Z - info: Site data built
2025-07-31T17:22:42.629Z - info: Pages rebuilt
2025-07-31T17:22:42.629Z - info: Website regeneration complete! Total build time: 0.332s
2025-07-31T17:23:06.115Z - info: [01:23:06] Reload for file change: /Users/damithch/Repos/nus-cs2103/cs2103-website-base/book/gitAndGithub/remoteBranchDelete/text.md
2025-07-31T17:23:06.116Z - info: Synchronizing opened pages list before reload
2025-07-31T17:23:06.116Z - info: Current opened pages, from most-to-least recent:
2025-07-31T17:23:06.116Z - info: 1. book/gitAndGithub/remoteBranchDelete/index
2025-07-31T17:23:07.133Z - info: Rebuilding 1 pages
2025-07-31T17:23:07.233Z - info: Site data built
2025-07-31T17:23:07.234Z - info: Pages rebuilt
2025-07-31T17:23:07.234Z - info: Website regeneration complete! Total build time: 0.103s
2025-07-31T17:23:16.926Z - info: [01:23:16] Reload for file change: /Users/damithch/Repos/nus-cs2103/cs2103-website-base/book/gitAndGithub/remoteBranchDelete/text.md
2025-07-31T17:23:16.927Z - info: Synchronizing opened pages list before reload
2025-07-31T17:23:16.927Z - info: Current opened pages, from most-to-least recent:
2025-07-31T17:23:16.927Z - info: 1. book/gitAndGithub/remoteBranchDelete/index
2025-07-31T17:23:17.931Z - info: Rebuilding 1 pages
2025-07-31T17:23:18.025Z - info: Site data built
2025-07-31T17:23:18.025Z - info: Pages rebuilt
2025-07-31T17:23:18.025Z - info: Website regeneration complete! Total build time: 0.096s
2025-07-31T17:24:11.192Z - info: [01:24:11] Reload for file change: /Users/damithch/Repos/nus-cs2103/cs2103-website-base/book/gitAndGithub/remoteBranchDelete/text.md
2025-07-31T17:24:11.192Z - info: Synchronizing opened pages list before reload
2025-07-31T17:24:11.192Z - info: Current opened pages, from most-to-least recent:
2025-07-31T17:24:11.192Z - info: 1. book/gitAndGithub/remoteBranchDelete/index
2025-07-31T17:24:12.196Z - info: Rebuilding 1 pages
2025-07-31T17:24:12.286Z - info: Site data built
2025-07-31T17:24:12.286Z - info: Pages rebuilt
2025-07-31T17:24:12.286Z - info: Website regeneration complete! Total build time: 0.092s
2025-07-31T17:24:38.159Z - info: [01:24:38] Reload for file change: /Users/damithch/Repos/nus-cs2103/cs2103-website-base/book/gitAndGithub/remoteBranchDelete/text.md
2025-07-31T17:24:38.160Z - info: Synchronizing opened pages list before reload
2025-07-31T17:24:38.160Z - info: Current opened pages, from most-to-least recent:
2025-07-31T17:24:38.160Z - info: 1. book/gitAndGithub/remoteBranchDelete/index
2025-07-31T17:24:39.166Z - info: Rebuilding 1 pages
2025-07-31T17:24:39.250Z - info: Site data built
2025-07-31T17:24:39.251Z - info: Pages rebuilt
2025-07-31T17:24:39.251Z - info: Website regeneration complete! Total build time: 0.089s
2025-07-31T17:25:50.012Z - info: Building /Users/damithch/Repos/nus-cs2103/cs2103-website-base/se-book-adapted/git-trail/index as some of its dependencies were changed since the last visit
2025-07-31T17:25:50.323Z - info: Site data built
2025-07-31T17:25:50.323Z - info: Lazy website regeneration complete! Total build time: 0.312s
2025-07-31T17:25:56.097Z - info: Building /Users/damithch/Repos/nus-cs2103/cs2103-website-base/book/gitAndGithub/remoteBranchRename/index as some of its dependencies were changed since the last visit
2025-07-31T17:25:56.176Z - info: Site data built
2025-07-31T17:25:56.176Z - info: Lazy website regeneration complete! Total build time: 0.079s
2025-07-31T17:27:10.205Z - info: [01:27:10] Reload for file change: /Users/damithch/Repos/nus-cs2103/cs2103-website-base/book/gitAndGithub/remoteBranchRename/text.md
2025-07-31T17:27:10.217Z - info: Synchronizing opened pages list before reload
2025-07-31T17:27:10.218Z - info: Current opened pages, from most-to-least recent:
2025-07-31T17:27:10.218Z - info: 1. book/gitAndGithub/remoteBranchRename/index
2025-07-31T17:27:10.218Z - info: 2. se-book-adapted/git-trail/index
2025-07-31T17:27:11.223Z - info: Rebuilding 2 pages
2025-07-31T17:27:11.476Z - info: Site data built
2025-07-31T17:27:11.476Z - info: Pages rebuilt
2025-07-31T17:27:11.476Z - info: Website regeneration complete! Total build time: 0.256s
2025-07-31T17:27:53.858Z - info: [01:27:53] Reload for file change: /Users/damithch/Repos/nus-cs2103/cs2103-website-base/book/gitAndGithub/remoteBranchRename/text.md
2025-07-31T17:27:53.860Z - info: Synchronizing opened pages list before reload
2025-07-31T17:27:53.860Z - info: Current opened pages, from most-to-least recent:
2025-07-31T17:27:53.861Z - info: 1. book/gitAndGithub/remoteBranchRename/index
2025-07-31T17:27:54.869Z - info: Rebuilding 1 pages
2025-07-31T17:27:54.972Z - info: Site data built
2025-07-31T17:27:54.972Z - info: Pages rebuilt
2025-07-31T17:27:54.973Z - info: Website regeneration complete! Total build time: 0.105s
2025-07-31T17:28:48.266Z - info: Building /Users/damithch/Repos/nus-cs2103/cs2103-website-base/se-book-adapted/git-trail/index as some of its dependencies were changed since the last visit
2025-07-31T17:28:48.554Z - info: Site data built
2025-07-31T17:28:48.554Z - info: Lazy website regeneration complete! Total build time: 0.289s
2025-07-31T17:33:30.234Z - info: Building /Users/damithch/Repos/nus-cs2103/cs2103-website-base/se-book-adapted/chapters/gitAndGithub as some of its dependencies were changed since the last visit
2025-07-31T17:33:31.847Z - info: Site data built
2025-07-31T17:33:31.848Z - info: Lazy website regeneration complete! Total build time: 1.615s
2025-07-31T17:39:03.101Z - info: Website generation started at 01:39:01
2025-07-31T17:39:03.521Z - warn: ENOENT: no such file or directory, open '/Users/damithch/Repos/nus-cs2103/cs2103-website-base/node_modules/.cache/gh-pages/https!github.com!nus-cs2103-AY2526S1!website.git/book/_markbind/variables.md'
2025-07-31T17:39:03.521Z - warn: ENOENT: no such file or directory, open '/Users/damithch/Repos/nus-cs2103/cs2103-website-base/node_modules/.cache/gh-pages/https!github.com!nus-cs2103-AY2526S1!website.git/_markbind/variables.md'
2025-07-31T17:39:03.542Z - info: Building assets...
2025-07-31T17:39:06.322Z - info: Assets built
2025-07-31T17:39:06.322Z - info: Generating pages...
2025-07-31T17:39:13.011Z - debug:  
2025-07-31T17:39:13.012Z - debug:  
2025-07-31T17:39:16.208Z - debug:  
2025-07-31T17:39:16.209Z - debug:  
2025-07-31T17:39:16.209Z - debug:  
2025-07-31T17:39:16.209Z - debug:  
2025-07-31T17:39:16.209Z - debug:  
2025-07-31T17:39:16.209Z - debug:  
2025-07-31T17:39:16.209Z - debug:  
2025-07-31T17:39:16.209Z - debug:  
2025-07-31T17:39:16.209Z - debug:  
2025-07-31T17:39:18.651Z - debug:  
2025-07-31T17:39:18.652Z - debug:  
2025-07-31T17:39:18.657Z - debug:  
2025-07-31T17:39:18.670Z - debug:  
2025-07-31T17:39:18.679Z - debug:  
2025-07-31T17:39:18.682Z - debug:  
2025-07-31T17:39:28.221Z - debug:  
2025-07-31T17:40:22.091Z - debug:  
2025-07-31T17:40:36.633Z - debug:  
2025-07-31T17:40:36.650Z - debug:  
2025-07-31T17:40:43.405Z - info: Pages built
2025-07-31T17:40:43.474Z - info: Site data built
2025-07-31T17:40:43.474Z - info: Website generation complete! Total build time: 101.565s
2025-07-31T17:40:43.474Z - info: Build success!
2025-07-31T17:41:09.285Z - info: The website has been deployed at: https://nus-cs2103-ay2526s1.github.io/website
