2025-10-30T16:17:00.519Z - info: Website generation (lazy) started at 00:16:59
2025-10-30T16:17:01.336Z - warn: ENOENT: no such file or directory, open '/Users/damithch/Repos/nus-cs2103/cs2103-website-base/node_modules/.cache/gh-pages/https!github.com!nus-cs2103-AY2526S1!website.git/book/_markbind/variables.md'
2025-10-30T16:17:01.336Z - warn: ENOENT: no such file or directory, open '/Users/damithch/Repos/nus-cs2103/cs2103-website-base/node_modules/.cache/gh-pages/https!github.com!nus-cs2103-AY2526S1!website.git/_markbind/variables.md'
2025-10-30T16:17:01.356Z - info: Building assets...
2025-10-30T16:17:03.970Z - info: Assets built
2025-10-30T16:17:03.971Z - info: Generating landing page...
2025-10-30T16:17:04.546Z - info: Landing page built, other pages will be built as you navigate to them!
2025-10-30T16:17:04.617Z - info: Site data built
2025-10-30T16:17:04.617Z - info: Website generation (lazy) complete! Total build time: 5.462s
2025-10-30T16:17:04.629Z - info: Serving "/Users/damithch/Repos/nus-cs2103/cs2103-website-base/_site" at http://127.0.0.1:8080
2025-10-30T16:17:04.629Z - info: Press CTRL+C to stop ...
2025-10-30T16:17:08.756Z - info: Building /Users/damithch/Repos/nus-cs2103/cs2103-website-base/admin/tp-ped as some of its dependencies were changed since the last visit
2025-10-30T16:17:09.640Z - info: Site data built
2025-10-30T16:17:09.640Z - info: Lazy website regeneration complete! Total build time: 0.885s
2025-10-30T16:21:26.060Z - info: [00:21:26] Reload for file change: /Users/damithch/Repos/nus-cs2103/cs2103-website-base/admin/tp-ped-fragment.md
2025-10-30T16:21:26.061Z - info: Synchronizing opened pages list before reload
2025-10-30T16:21:26.062Z - info: Current opened pages, from most-to-least recent:
2025-10-30T16:21:26.062Z - info: 1. admin/tp-ped
2025-10-30T16:21:27.078Z - info: Rebuilding 1 pages
2025-10-30T16:21:28.035Z - info: Site data built
2025-10-30T16:21:28.035Z - info: Pages rebuilt
2025-10-30T16:21:28.035Z - info: Website regeneration complete! Total build time: 0.96s
2025-10-30T16:21:56.264Z - info: [00:21:56] Reload for file change: /Users/damithch/Repos/nus-cs2103/cs2103-website-base/admin/tp-ped-fragment.md
2025-10-30T16:21:56.265Z - info: Synchronizing opened pages list before reload
2025-10-30T16:21:56.266Z - info: Current opened pages, from most-to-least recent:
2025-10-30T16:21:56.267Z - info: 1. admin/tp-ped
2025-10-30T16:21:57.277Z - info: Rebuilding 1 pages
2025-10-30T16:21:58.213Z - info: Site data built
2025-10-30T16:21:58.213Z - info: Pages rebuilt
2025-10-30T16:21:58.213Z - info: Website regeneration complete! Total build time: 0.937s
2025-10-30T16:22:55.801Z - info: [00:22:55] Reload for file change: /Users/damithch/Repos/nus-cs2103/cs2103-website-base/admin/tp-ped-fragment.md
2025-10-30T16:22:55.802Z - info: Synchronizing opened pages list before reload
2025-10-30T16:22:55.803Z - info: Current opened pages, from most-to-least recent:
2025-10-30T16:22:55.803Z - info: 1. admin/tp-ped
2025-10-30T16:22:56.820Z - info: Rebuilding 1 pages
2025-10-30T16:22:57.754Z - info: Site data built
2025-10-30T16:22:57.754Z - info: Pages rebuilt
2025-10-30T16:22:57.754Z - info: Website regeneration complete! Total build time: 0.937s
2025-10-30T16:23:23.954Z - info: [00:23:23] Reload for file change: /Users/damithch/Repos/nus-cs2103/cs2103-website-base/admin/tp-ped-fragment.md
2025-10-30T16:23:23.954Z - info: Synchronizing opened pages list before reload
2025-10-30T16:23:23.954Z - info: Current opened pages, from most-to-least recent:
2025-10-30T16:23:23.954Z - info: 1. admin/tp-ped
2025-10-30T16:23:24.960Z - info: Rebuilding 1 pages
2025-10-30T16:23:25.894Z - info: Site data built
2025-10-30T16:23:25.894Z - info: Pages rebuilt
2025-10-30T16:23:25.894Z - info: Website regeneration complete! Total build time: 0.936s
2025-10-30T16:25:32.067Z - info: [00:25:32] Reload for file change: /Users/damithch/Repos/nus-cs2103/cs2103-website-base/admin/tp-pe-bug-triaging-guidelines-fragment.md
2025-10-30T16:25:32.068Z - info: Synchronizing opened pages list before reload
2025-10-30T16:25:32.068Z - info: Current opened pages, from most-to-least recent:
2025-10-30T16:25:32.069Z - info: 1. admin/tp-ped
2025-10-30T16:25:33.076Z - info: Rebuilding 1 pages
2025-10-30T16:25:34.047Z - info: Site data built
2025-10-30T16:25:34.047Z - info: Pages rebuilt
2025-10-30T16:25:34.047Z - info: Website regeneration complete! Total build time: 0.974s
2025-10-30T16:26:15.656Z - info: [00:26:15] Reload for file change: /Users/damithch/Repos/nus-cs2103/cs2103-website-base/admin/tp-pe-bug-triaging-guidelines-fragment.md
2025-10-30T16:26:15.656Z - info: Synchronizing opened pages list before reload
2025-10-30T16:26:15.657Z - info: Current opened pages, from most-to-least recent:
2025-10-30T16:26:15.657Z - info: 1. admin/tp-ped
2025-10-30T16:26:16.671Z - info: Rebuilding 1 pages
2025-10-30T16:26:17.599Z - info: Site data built
2025-10-30T16:26:17.599Z - info: Pages rebuilt
2025-10-30T16:26:17.599Z - info: Website regeneration complete! Total build time: 0.929s
2025-10-30T16:26:30.860Z - info: Building /Users/damithch/Repos/nus-cs2103/cs2103-website-base/admin/tp-constraints as some of its dependencies were changed since the last visit
2025-10-30T16:26:31.096Z - info: Site data built
2025-10-30T16:26:31.096Z - info: Lazy website regeneration complete! Total build time: 0.237s
2025-10-30T16:27:18.285Z - info: [00:27:18] Reload for file change: /Users/damithch/Repos/nus-cs2103/cs2103-website-base/admin/tp-pe-bug-triaging-guidelines-fragment.md
2025-10-30T16:27:18.286Z - info: Synchronizing opened pages list before reload
2025-10-30T16:27:18.286Z - info: Current opened pages, from most-to-least recent:
2025-10-30T16:27:18.286Z - info: 1. admin/tp-constraints
2025-10-30T16:27:19.297Z - info: No pages needed to be rebuilt
2025-10-30T16:27:41.182Z - info: [00:27:41] Reload for file change: /Users/damithch/Repos/nus-cs2103/cs2103-website-base/admin/tp-pe-bug-triaging-guidelines-fragment.md
2025-10-30T16:27:41.182Z - info: Synchronizing opened pages list before reload
2025-10-30T16:27:41.182Z - info: Current opened pages, from most-to-least recent:
2025-10-30T16:27:41.182Z - info: 1. admin/tp-constraints
2025-10-30T16:27:42.188Z - info: No pages needed to be rebuilt
2025-10-30T16:27:58.045Z - info: [00:27:58] Reload for file change: /Users/damithch/Repos/nus-cs2103/cs2103-website-base/admin/tp-pe-bug-triaging-guidelines-fragment.md
2025-10-30T16:27:58.045Z - info: Synchronizing opened pages list before reload
2025-10-30T16:27:58.046Z - info: Current opened pages, from most-to-least recent:
2025-10-30T16:27:58.046Z - info: 1. admin/tp-constraints
2025-10-30T16:27:59.053Z - info: No pages needed to be rebuilt
2025-10-30T16:28:07.828Z - info: Building /Users/damithch/Repos/nus-cs2103/cs2103-website-base/admin/tp-ped as some of its dependencies were changed since the last visit
2025-10-30T16:28:08.763Z - info: Site data built
2025-10-30T16:28:08.763Z - info: Lazy website regeneration complete! Total build time: 0.936s
2025-10-30T16:28:30.818Z - info: [00:28:30] Reload for file change: /Users/damithch/Repos/nus-cs2103/cs2103-website-base/admin/tp-pe-bug-triaging-guidelines-fragment.md
2025-10-30T16:28:30.819Z - info: Synchronizing opened pages list before reload
2025-10-30T16:28:30.819Z - info: Current opened pages, from most-to-least recent:
2025-10-30T16:28:30.819Z - info: 1. admin/tp-ped
2025-10-30T16:28:31.835Z - info: Rebuilding 1 pages
2025-10-30T16:28:32.762Z - info: Site data built
2025-10-30T16:28:32.762Z - info: Pages rebuilt
2025-10-30T16:28:32.762Z - info: Website regeneration complete! Total build time: 0.928s
2025-10-30T16:29:00.685Z - info: [00:29:00] Reload for file change: /Users/damithch/Repos/nus-cs2103/cs2103-website-base/admin/tp-pe-bug-triaging-guidelines-fragment.md
2025-10-30T16:29:00.688Z - info: Synchronizing opened pages list before reload
2025-10-30T16:29:00.689Z - info: Current opened pages, from most-to-least recent:
2025-10-30T16:29:00.689Z - info: 1. admin/tp-ped
2025-10-30T16:29:01.700Z - info: Rebuilding 1 pages
2025-10-30T16:29:02.641Z - info: Site data built
2025-10-30T16:29:02.641Z - info: Pages rebuilt
2025-10-30T16:29:02.641Z - info: Website regeneration complete! Total build time: 0.944s
2025-10-30T16:29:34.379Z - info: Website generation started at 00:29:33
2025-10-30T16:29:34.805Z - warn: ENOENT: no such file or directory, open '/Users/damithch/Repos/nus-cs2103/cs2103-website-base/node_modules/.cache/gh-pages/https!github.com!nus-cs2103-AY2526S1!website.git/book/_markbind/variables.md'
2025-10-30T16:29:34.806Z - warn: ENOENT: no such file or directory, open '/Users/damithch/Repos/nus-cs2103/cs2103-website-base/node_modules/.cache/gh-pages/https!github.com!nus-cs2103-AY2526S1!website.git/_markbind/variables.md'
2025-10-30T16:29:34.825Z - info: Building assets...
2025-10-30T16:29:37.906Z - info: Assets built
2025-10-30T16:29:37.907Z - info: Generating pages...
2025-10-30T16:29:45.429Z - debug:  
2025-10-30T16:29:45.430Z - debug:  
2025-10-30T16:29:45.430Z - debug:  
2025-10-30T16:29:49.461Z - debug:  
2025-10-30T16:29:49.461Z - debug:  
2025-10-30T16:29:49.461Z - debug:  
2025-10-30T16:29:49.461Z - debug:  
2025-10-30T16:29:49.461Z - debug:  
2025-10-30T16:29:49.461Z - debug:  
2025-10-30T16:29:49.461Z - debug:  
2025-10-30T16:29:49.461Z - debug:  
2025-10-30T16:29:49.461Z - debug:  
2025-10-30T16:29:52.214Z - debug:  
2025-10-30T16:29:52.257Z - debug:  
2025-10-30T16:29:52.266Z - debug:  
2025-10-30T16:29:52.278Z - debug:  
2025-10-30T16:29:52.289Z - debug:  
2025-10-30T16:29:52.312Z - debug:  
2025-10-30T16:30:01.792Z - debug:  
2025-10-30T16:31:00.368Z - debug:  
2025-10-30T16:31:15.199Z - debug:  
2025-10-30T16:31:15.538Z - debug:  
2025-10-30T16:31:25.799Z - info: Pages built
2025-10-30T16:31:25.873Z - info: Site data built
2025-10-30T16:31:25.873Z - info: Website generation complete! Total build time: 112.499s
2025-10-30T16:31:25.873Z - info: Build success!
2025-10-30T16:31:52.197Z - info: The website has been deployed at: https://nus-cs2103-ay2526s1.github.io/website
2025-10-30T18:09:40.139Z - info: Website generation (lazy) started at 02:09:38
2025-10-30T18:09:40.771Z - warn: ENOENT: no such file or directory, open '/Users/damithch/Repos/nus-cs2103/cs2103-website-base/node_modules/.cache/gh-pages/https!github.com!nus-cs2103-AY2526S1!website.git/book/_markbind/variables.md'
2025-10-30T18:09:40.771Z - warn: ENOENT: no such file or directory, open '/Users/damithch/Repos/nus-cs2103/cs2103-website-base/node_modules/.cache/gh-pages/https!github.com!nus-cs2103-AY2526S1!website.git/_markbind/variables.md'
2025-10-30T18:09:40.793Z - info: Building assets...
2025-10-30T18:09:43.748Z - info: Assets built
2025-10-30T18:09:43.748Z - info: Generating landing page...
2025-10-30T18:09:44.392Z - info: Landing page built, other pages will be built as you navigate to them!
2025-10-30T18:09:44.462Z - info: Site data built
2025-10-30T18:09:44.462Z - info: Website generation (lazy) complete! Total build time: 5.592s
2025-10-30T18:09:44.475Z - info: Serving "/Users/damithch/Repos/nus-cs2103/cs2103-website-base/_site" at http://127.0.0.1:8080
2025-10-30T18:09:44.475Z - info: Press CTRL+C to stop ...
2025-10-30T18:09:48.174Z - info: Building /Users/damithch/Repos/nus-cs2103/cs2103-website-base/admin/tp-ped as some of its dependencies were changed since the last visit
2025-10-30T18:09:49.303Z - info: Site data built
2025-10-30T18:09:49.303Z - info: Lazy website regeneration complete! Total build time: 1.13s
2025-10-30T18:11:22.597Z - info: [02:11:22] Reload for file change: /Users/damithch/Repos/nus-cs2103/cs2103-website-base/admin/tp-ped-fragment.md
2025-10-30T18:11:22.598Z - info: Synchronizing opened pages list before reload
2025-10-30T18:11:22.599Z - info: Current opened pages, from most-to-least recent:
2025-10-30T18:11:22.599Z - info: 1. admin/tp-ped
2025-10-30T18:11:23.611Z - info: Rebuilding 1 pages
2025-10-30T18:11:24.621Z - info: Site data built
2025-10-30T18:11:24.621Z - info: Pages rebuilt
2025-10-30T18:11:24.621Z - info: Website regeneration complete! Total build time: 1.014s
2025-10-30T18:12:12.014Z - info: [02:12:12] Reload for file change: /Users/damithch/Repos/nus-cs2103/cs2103-website-base/admin/tp-ped-fragment.md
2025-10-30T18:12:12.014Z - info: Synchronizing opened pages list before reload
2025-10-30T18:12:12.015Z - info: Current opened pages, from most-to-least recent:
2025-10-30T18:12:12.016Z - info: 1. admin/tp-ped
2025-10-30T18:12:13.020Z - info: Rebuilding 1 pages
2025-10-30T18:12:13.930Z - info: Site data built
2025-10-30T18:12:13.930Z - info: Pages rebuilt
2025-10-30T18:12:13.930Z - info: Website regeneration complete! Total build time: 0.911s
2025-10-30T18:12:40.496Z - info: Website generation started at 02:12:39
2025-10-30T18:12:40.867Z - warn: ENOENT: no such file or directory, open '/Users/damithch/Repos/nus-cs2103/cs2103-website-base/node_modules/.cache/gh-pages/https!github.com!nus-cs2103-AY2526S1!website.git/book/_markbind/variables.md'
2025-10-30T18:12:40.868Z - warn: ENOENT: no such file or directory, open '/Users/damithch/Repos/nus-cs2103/cs2103-website-base/node_modules/.cache/gh-pages/https!github.com!nus-cs2103-AY2526S1!website.git/_markbind/variables.md'
2025-10-30T18:12:40.890Z - info: Building assets...
2025-10-30T18:12:44.509Z - info: Assets built
2025-10-30T18:12:44.511Z - info: Generating pages...
2025-10-30T18:12:49.779Z - debug:  
2025-10-30T18:12:49.779Z - debug:  
2025-10-30T18:12:50.106Z - debug:  
2025-10-30T18:12:52.657Z - debug:  
2025-10-30T18:12:52.657Z - debug:  
2025-10-30T18:12:52.657Z - debug:  
2025-10-30T18:12:52.657Z - debug:  
2025-10-30T18:12:52.657Z - debug:  
2025-10-30T18:12:52.657Z - debug:  
2025-10-30T18:12:52.657Z - debug:  
2025-10-30T18:12:52.657Z - debug:  
2025-10-30T18:12:52.657Z - debug:  
2025-10-30T18:12:54.914Z - debug:  
2025-10-30T18:12:54.920Z - debug:  
2025-10-30T18:12:54.943Z - debug:  
2025-10-30T18:12:54.955Z - debug:  
2025-10-30T18:12:54.969Z - debug:  
2025-10-30T18:12:54.983Z - debug:  
2025-10-30T18:13:05.213Z - debug:  
2025-10-30T18:14:04.767Z - debug:  
2025-10-30T18:14:17.427Z - debug:  
2025-10-30T18:14:17.742Z - debug:  
2025-10-30T18:14:28.202Z - info: Pages built
2025-10-30T18:14:28.285Z - info: Site data built
2025-10-30T18:14:28.285Z - info: Website generation complete! Total build time: 108.725s
2025-10-30T18:14:28.285Z - info: Build success!
2025-10-30T18:14:55.126Z - info: The website has been deployed at: https://nus-cs2103-ay2526s1.github.io/website
2025-10-31T12:24:28.338Z - info: Website generation (lazy) started at 20:24:27
2025-10-31T12:24:28.989Z - warn: ENOENT: no such file or directory, open '/Users/damithch/Repos/nus-cs2103/cs2103-website-base/node_modules/.cache/gh-pages/https!github.com!nus-cs2103-AY2526S1!website.git/book/_markbind/variables.md'
2025-10-31T12:24:28.989Z - warn: ENOENT: no such file or directory, open '/Users/damithch/Repos/nus-cs2103/cs2103-website-base/node_modules/.cache/gh-pages/https!github.com!nus-cs2103-AY2526S1!website.git/_markbind/variables.md'
2025-10-31T12:24:29.012Z - info: Building assets...
2025-10-31T12:24:32.844Z - info: Assets built
2025-10-31T12:24:32.847Z - info: Generating landing page...
2025-10-31T12:24:34.119Z - info: Landing page built, other pages will be built as you navigate to them!
2025-10-31T12:24:34.258Z - info: Site data built
2025-10-31T12:24:34.259Z - info: Website generation (lazy) complete! Total build time: 7.159s
2025-10-31T12:24:34.275Z - info: Serving "/Users/damithch/Repos/nus-cs2103/cs2103-website-base/_site" at http://127.0.0.1:8080
2025-10-31T12:24:34.275Z - info: Press CTRL+C to stop ...
2025-10-31T12:25:09.550Z - info: [20:25:09] Reload for file change: /Users/damithch/Repos/nus-cs2103/cs2103-website-base/_markbind/variables.md
2025-10-31T12:25:09.555Z - info: Synchronizing opened pages list before reload
2025-10-31T12:25:09.559Z - info: Current opened pages, from most-to-least recent:
2025-10-31T12:25:09.560Z - info: 1. index
2025-10-31T12:25:10.592Z - warn: ENOENT: no such file or directory, open '/Users/damithch/Repos/nus-cs2103/cs2103-website-base/node_modules/.cache/gh-pages/https!github.com!nus-cs2103-AY2526S1!website.git/book/_markbind/variables.md'
2025-10-31T12:25:10.593Z - warn: ENOENT: no such file or directory, open '/Users/damithch/Repos/nus-cs2103/cs2103-website-base/node_modules/.cache/gh-pages/https!github.com!nus-cs2103-AY2526S1!website.git/_markbind/variables.md'
2025-10-31T12:25:10.627Z - warn: Rebuilding all pages as variables file was changed, or the --force-reload flag was set
2025-10-31T12:25:10.629Z - info: Rebuilding 1 pages
2025-10-31T12:25:11.031Z - info: Site data built
2025-10-31T12:25:11.031Z - info: Pages rebuilt
2025-10-31T12:25:11.031Z - info: Website regeneration complete! Total build time: 0.463s
2025-10-31T12:26:25.974Z - info: Building /Users/damithch/Repos/nus-cs2103/cs2103-website-base/schedule/week11/index as some of its dependencies were changed since the last visit
2025-10-31T12:26:26.480Z - info: Site data built
2025-10-31T12:26:26.480Z - info: Lazy website regeneration complete! Total build time: 0.506s
2025-10-31T12:27:50.010Z - info: [20:27:50] Reload for file change: /Users/damithch/Repos/nus-cs2103/cs2103-website-base/_course-CS2103/weeklyTpTasks-fragment.md
2025-10-31T12:27:50.012Z - info: Synchronizing opened pages list before reload
2025-10-31T12:27:50.013Z - info: Current opened pages, from most-to-least recent:
2025-10-31T12:27:50.013Z - info: 1. schedule/week11/index
2025-10-31T12:27:51.123Z - info: Rebuilding 1 pages
2025-10-31T12:27:51.556Z - info: Site data built
2025-10-31T12:27:51.557Z - info: Pages rebuilt
2025-10-31T12:27:51.557Z - info: Website regeneration complete! Total build time: 0.435s
2025-10-31T12:27:55.540Z - info: Building /Users/damithch/Repos/nus-cs2103/cs2103-website-base/schedule/week12/index as some of its dependencies were changed since the last visit
2025-10-31T12:27:55.892Z - info: Site data built
2025-10-31T12:27:55.892Z - info: Lazy website regeneration complete! Total build time: 0.353s
2025-10-31T12:28:59.831Z - info: [20:28:59] Reload for file change: /Users/damithch/Repos/nus-cs2103/cs2103-website-base/_course-CS2103/weeklyTpTasks-fragment.md
2025-10-31T12:28:59.832Z - info: Synchronizing opened pages list before reload
2025-10-31T12:28:59.833Z - info: Current opened pages, from most-to-least recent:
2025-10-31T12:28:59.833Z - info: 1. schedule/week12/index
2025-10-31T12:29:00.916Z - warn:  Template render error: (/Users/damithch/Repos/nus-cs2103/cs2103-website-base/_markbind/layouts/schedule-layout.md)
  Template render error: (/Users/damithch/Repos/nus-cs2103/cs2103-website-base/_markbind/layouts/schedule-layout.md)
  Template render error: (/Users/damithch/Repos/nus-cs2103/cs2103-website-base/_markbind/layouts/css.md)
  Template render error: (/Users/damithch/Repos/nus-cs2103/cs2103-website-base/_markbind/layouts/schedule-layout.md)
  Template render error: (/Users/damithch/Repos/nus-cs2103/cs2103-website-base/_markbind/layouts/header.md)
  Template render error: (/Users/damithch/Repos/nus-cs2103/cs2103-website-base/_markbind/layouts/schedule-layout.md)
  Template render error: (/Users/damithch/Repos/nus-cs2103/cs2103-website-base/_markbind/layouts/header.md)
  Template render error: (/Users/damithch/Repos/nus-cs2103/cs2103-website-base/_markbind/layouts/schedule-layout.md)
  Template render error: (/Users/damithch/Repos/nus-cs2103/cs2103-website-base/_markbind/layouts/header.md)
  Template render error: (/Users/damithch/Repos/nus-cs2103/cs2103-website-base/_markbind/layouts/schedule-layout.md)
  Template render error: (/Users/damithch/Repos/nus-cs2103/cs2103-website-base/_markbind/layouts/header.md)
  Template render error: (/Users/damithch/Repos/nus-cs2103/cs2103-website-base/_markbind/layouts/schedule-layout.md)
  Template render error: (/Users/damithch/Repos/nus-cs2103/cs2103-website-base/_markbind/layouts/header.md)
  Template render error: (/Users/damithch/Repos/nus-cs2103/cs2103-website-base/_markbind/layouts/schedule-layout.md)
  Template render error: (/Users/damithch/Repos/nus-cs2103/cs2103-website-base/_markbind/layouts/header.md)
  Template render error: (/Users/damithch/Repos/nus-cs2103/cs2103-website-base/_markbind/layouts/schedule-layout.md)
  Template render error: (/Users/damithch/Repos/nus-cs2103/cs2103-website-base/_markbind/layouts/header.md)
  Template render error: (/Users/damithch/Repos/nus-cs2103/cs2103-website-base/_markbind/layouts/schedule-layout.md)
  Template render error: (/Users/damithch/Repos/nus-cs2103/cs2103-website-base/_markbind/layouts/header.md)
  Template render error: (/Users/damithch/Repos/nus-cs2103/cs2103-website-base/_markbind/layouts/schedule-layout.md)
  Template render error: (/Users/damithch/Repos/nus-cs2103/cs2103-website-base/_markbind/layouts/header.md)
  Template render error: (/Users/damithch/Repos/nus-cs2103/cs2103-website-base/_markbind/layouts/schedule-layout.md)
  Template render error: (/Users/damithch/Repos/nus-cs2103/cs2103-website-base/_markbind/layouts/header.md) [Line 60, Column 174]
  unexpected token: ,
    at Object._prettifyError (/opt/homebrew/lib/node_modules/markbind-cli/node_modules/nunjucks/src/lib.js:32:11)
    at /opt/homebrew/lib/node_modules/markbind-cli/node_modules/@markbind/core/src/patches/nunjucks/context-overrides-frame.js:383:17
    at Template.root [as rootRenderFunc] (eval at _compile (/opt/homebrew/lib/node_modules/markbind-cli/node_modules/nunjucks/src/environment.js:527:18), <anonymous>:96:3)
    at Template.render (/opt/homebrew/lib/node_modules/markbind-cli/node_modules/@markbind/core/src/patches/nunjucks/context-overrides-frame.js:372:8)
    at /opt/homebrew/lib/node_modules/markbind-cli/node_modules/@markbind/core/src/patches/nunjucks/context-overrides-frame.js:54:25
    at createTemplate (/opt/homebrew/lib/node_modules/markbind-cli/node_modules/@markbind/core/src/patches/nunjucks/load-event.js:121:7)
    at handle (/opt/homebrew/lib/node_modules/markbind-cli/node_modules/@markbind/core/src/patches/nunjucks/load-event.js:133:9)
    at /opt/homebrew/lib/node_modules/markbind-cli/node_modules/@markbind/core/src/patches/nunjucks/load-event.js:145:7
    at next (/opt/homebrew/lib/node_modules/markbind-cli/node_modules/nunjucks/src/lib.js:258:7)
    at Object.asyncIter (/opt/homebrew/lib/node_modules/markbind-cli/node_modules/nunjucks/src/lib.js:263:3)
    at Environment.getTemplate (/opt/homebrew/lib/node_modules/markbind-cli/node_modules/@markbind/core/src/patches/nunjucks/load-event.js:127:7)
    at Environment.render (/opt/homebrew/lib/node_modules/markbind-cli/node_modules/@markbind/core/src/patches/nunjucks/context-overrides-frame.js:48:8)
    at VariableRenderer.renderFile (/opt/homebrew/lib/node_modules/markbind-cli/node_modules/@markbind/core/src/variables/VariableRenderer.js:73:24)
    at VariableProcessor.renderWithSiteVariables (/opt/homebrew/lib/node_modules/markbind-cli/node_modules/@markbind/core/src/variables/VariableProcessor.js:154:57)
    at Layout.<anonymous> (/opt/homebrew/lib/node_modules/markbind-cli/node_modules/@markbind/core/src/Layout/Layout.js:70:61)
    at Generator.next (<anonymous>)
2025-10-31T12:29:24.643Z - info: [20:29:24] Reload for file change: /Users/damithch/Repos/nus-cs2103/cs2103-website-base/_course-CS2103/weeklyTpTasks-fragment.md
2025-10-31T12:29:24.645Z - info: Synchronizing opened pages list before reload
2025-10-31T12:29:24.645Z - info: No pages are currently opened
2025-10-31T12:29:25.663Z - info: No pages needed to be rebuilt
2025-10-31T12:29:28.476Z - info: Building /Users/damithch/Repos/nus-cs2103/cs2103-website-base/schedule/week12/index as some of its dependencies were changed since the last visit
2025-10-31T12:29:28.562Z - error:  Template render error: (/Users/damithch/Repos/nus-cs2103/cs2103-website-base/schedule/week12/index.md)
  Template render error: (/Users/damithch/Repos/nus-cs2103/cs2103-website-base/schedule/week12/index.md)
  Template render error: (/Users/damithch/Repos/nus-cs2103/cs2103-website-base/schedule/week12/index.md)
  Template render error: (/Users/damithch/Repos/nus-cs2103/cs2103-website-base/schedule/week12/index.md)
  Template render error: (/Users/damithch/Repos/nus-cs2103/cs2103-website-base/schedule/week12/index.md)
  Template render error: (/Users/damithch/Repos/nus-cs2103/cs2103-website-base/schedule/week12/index.md)
  Template render error: (/Users/damithch/Repos/nus-cs2103/cs2103-website-base/schedule/week12/index.md)
  Template render error: (/Users/damithch/Repos/nus-cs2103/cs2103-website-base/schedule/week12/index.md)
  Template render error: (/Users/damithch/Repos/nus-cs2103/cs2103-website-base/schedule/week12/index.md)
  Template render error: (/Users/damithch/Repos/nus-cs2103/cs2103-website-base/schedule/week12/index.md)
  Template render error: (/Users/damithch/Repos/nus-cs2103/cs2103-website-base/schedule/week12/index.md)
  Template render error: (/Users/damithch/Repos/nus-cs2103/cs2103-website-base/schedule/week12/index.md)
  Template render error: (/Users/damithch/Repos/nus-cs2103/cs2103-website-base/schedule/week12/index.md)
  Template render error: (/Users/damithch/Repos/nus-cs2103/cs2103-website-base/schedule/week12/index.md)
  Template render error: (/Users/damithch/Repos/nus-cs2103/cs2103-website-base/schedule/week12/index.md)
  Template render error: (/Users/damithch/Repos/nus-cs2103/cs2103-website-base/schedule/week12/index.md) [Line 60, Column 176]
  unexpected token: ,
    at Object._prettifyError (/opt/homebrew/lib/node_modules/markbind-cli/node_modules/nunjucks/src/lib.js:32:11)
    at /opt/homebrew/lib/node_modules/markbind-cli/node_modules/@markbind/core/src/patches/nunjucks/context-overrides-frame.js:383:17
    at Template.root [as rootRenderFunc] (eval at _compile (/opt/homebrew/lib/node_modules/markbind-cli/node_modules/nunjucks/src/environment.js:527:18), <anonymous>:29:3)
    at Template.render (/opt/homebrew/lib/node_modules/markbind-cli/node_modules/@markbind/core/src/patches/nunjucks/context-overrides-frame.js:372:8)
    at /opt/homebrew/lib/node_modules/markbind-cli/node_modules/@markbind/core/src/patches/nunjucks/context-overrides-frame.js:54:25
    at createTemplate (/opt/homebrew/lib/node_modules/markbind-cli/node_modules/@markbind/core/src/patches/nunjucks/load-event.js:121:7)
    at handle (/opt/homebrew/lib/node_modules/markbind-cli/node_modules/@markbind/core/src/patches/nunjucks/load-event.js:133:9)
    at /opt/homebrew/lib/node_modules/markbind-cli/node_modules/@markbind/core/src/patches/nunjucks/load-event.js:145:7
    at next (/opt/homebrew/lib/node_modules/markbind-cli/node_modules/nunjucks/src/lib.js:258:7)
    at Object.asyncIter (/opt/homebrew/lib/node_modules/markbind-cli/node_modules/nunjucks/src/lib.js:263:3)
    at Environment.getTemplate (/opt/homebrew/lib/node_modules/markbind-cli/node_modules/@markbind/core/src/patches/nunjucks/load-event.js:127:7)
    at Environment.render (/opt/homebrew/lib/node_modules/markbind-cli/node_modules/@markbind/core/src/patches/nunjucks/context-overrides-frame.js:48:8)
    at VariableRenderer.renderFile (/opt/homebrew/lib/node_modules/markbind-cli/node_modules/@markbind/core/src/variables/VariableRenderer.js:73:24)
    at VariableProcessor.renderWithSiteVariables (/opt/homebrew/lib/node_modules/markbind-cli/node_modules/@markbind/core/src/variables/VariableProcessor.js:154:57)
    at Page.<anonymous> (/opt/homebrew/lib/node_modules/markbind-cli/node_modules/@markbind/core/src/Page/index.js:494:45)
    at Generator.next (<anonymous>)
2025-10-31T12:29:28.563Z - warn:  Error: Error while generating /Users/damithch/Repos/nus-cs2103/cs2103-website-base/schedule/week12/index.md
    at Site.<anonymous> (/opt/homebrew/lib/node_modules/markbind-cli/node_modules/@markbind/core/src/Site/index.js:970:28)
    at Generator.throw (<anonymous>)
    at rejected (/opt/homebrew/lib/node_modules/markbind-cli/node_modules/@markbind/core/src/Site/index.js:29:65)
2025-10-31T12:30:08.131Z - info: [20:30:08] Reload for file change: /Users/damithch/Repos/nus-cs2103/cs2103-website-base/_course-CS2103/weeklyTpTasks-fragment.md
2025-10-31T12:30:08.133Z - info: Synchronizing opened pages list before reload
2025-10-31T12:30:08.133Z - info: No pages are currently opened
2025-10-31T12:30:09.139Z - info: No pages needed to be rebuilt
2025-10-31T12:30:13.817Z - info: Building /Users/damithch/Repos/nus-cs2103/cs2103-website-base/schedule/week12/index as some of its dependencies were changed since the last visit
2025-10-31T12:30:14.224Z - info: Site data built
2025-10-31T12:30:14.225Z - info: Lazy website regeneration complete! Total build time: 0.409s
2025-10-31T12:30:34.043Z - info: Website generation (lazy) started at 20:30:34
2025-10-31T12:30:34.480Z - warn: ENOENT: no such file or directory, open '/Users/damithch/Repos/nus-cs2103/cs2103-website-base/node_modules/.cache/gh-pages/https!github.com!nus-cs2103-AY2526S1!website.git/book/_markbind/variables.md'
2025-10-31T12:30:34.480Z - warn: ENOENT: no such file or directory, open '/Users/damithch/Repos/nus-cs2103/cs2103-website-base/node_modules/.cache/gh-pages/https!github.com!nus-cs2103-AY2526S1!website.git/_markbind/variables.md'
2025-10-31T12:30:34.501Z - info: Building assets...
2025-10-31T12:30:37.192Z - info: Assets built
2025-10-31T12:30:37.192Z - info: Generating landing page...
2025-10-31T12:30:37.645Z - info: Landing page built, other pages will be built as you navigate to them!
2025-10-31T12:30:37.722Z - info: Site data built
2025-10-31T12:30:37.722Z - info: Website generation (lazy) complete! Total build time: 3.692s
2025-10-31T12:30:37.728Z - info: Serving "/Users/damithch/Repos/nus-cs2103/cs2103-website-base/_site" at http://127.0.0.1:8080
2025-10-31T12:30:37.728Z - info: Press CTRL+C to stop ...
2025-10-31T12:31:25.158Z - info: [20:31:25] Reload for file change: /Users/damithch/Repos/nus-cs2103/cs2103-website-base/_course-CS2103/weeklyTpTasks-fragment.md
2025-10-31T12:31:25.160Z - info: Synchronizing opened pages list before reload
2025-10-31T12:31:25.161Z - info: Current opened pages, from most-to-least recent:
2025-10-31T12:31:25.161Z - info: 1. index
2025-10-31T12:31:26.269Z - info: Rebuilding 1 pages
2025-10-31T12:31:26.599Z - info: Site data built
2025-10-31T12:31:26.599Z - info: Pages rebuilt
2025-10-31T12:31:26.599Z - info: Website regeneration complete! Total build time: 0.33s
2025-10-31T12:31:55.525Z - info: [20:31:55] Reload for file change: /Users/damithch/Repos/nus-cs2103/cs2103-website-base/_course-CS2103/weeklyTpTasks-fragment.md
2025-10-31T12:31:55.525Z - info: Synchronizing opened pages list before reload
2025-10-31T12:31:55.526Z - info: Current opened pages, from most-to-least recent:
2025-10-31T12:31:55.526Z - info: 1. index
2025-10-31T12:31:56.638Z - info: Rebuilding 1 pages
2025-10-31T12:31:56.945Z - info: Site data built
2025-10-31T12:31:56.945Z - info: Pages rebuilt
2025-10-31T12:31:56.945Z - info: Website regeneration complete! Total build time: 0.307s
2025-10-31T12:32:37.999Z - info: Building /Users/damithch/Repos/nus-cs2103/cs2103-website-base/schedule/week12/admin as some of its dependencies were changed since the last visit
2025-10-31T12:32:38.332Z - info: Site data built
2025-10-31T12:32:38.332Z - info: Lazy website regeneration complete! Total build time: 0.334s
2025-10-31T12:32:55.422Z - info: Building /Users/damithch/Repos/nus-cs2103/cs2103-website-base/schedule/week12/topics as some of its dependencies were changed since the last visit
2025-10-31T12:32:55.556Z - info: Site data built
2025-10-31T12:32:55.556Z - info: Lazy website regeneration complete! Total build time: 0.135s
2025-10-31T12:32:59.029Z - info: Building /Users/damithch/Repos/nus-cs2103/cs2103-website-base/schedule/week12/project as some of its dependencies were changed since the last visit
2025-10-31T12:33:00.884Z - info: Site data built
2025-10-31T12:33:00.885Z - info: Lazy website regeneration complete! Total build time: 1.856s
2025-10-31T12:35:37.823Z - info: Building /Users/damithch/Repos/nus-cs2103/cs2103-website-base/schedule/week12/tutorial as some of its dependencies were changed since the last visit
2025-10-31T12:35:38.036Z - info: Site data built
2025-10-31T12:35:38.036Z - info: Lazy website regeneration complete! Total build time: 0.214s
2025-10-31T12:36:01.327Z - info: Building /Users/damithch/Repos/nus-cs2103/cs2103-website-base/schedule/week12/index as some of its dependencies were changed since the last visit
2025-10-31T12:36:01.725Z - info: Site data built
2025-10-31T12:36:01.725Z - info: Lazy website regeneration complete! Total build time: 0.398s
2025-10-31T12:36:06.582Z - info: Building /Users/damithch/Repos/nus-cs2103/cs2103-website-base/schedule/week13/index as some of its dependencies were changed since the last visit
2025-10-31T12:36:06.769Z - info: Site data built
2025-10-31T12:36:06.769Z - info: Lazy website regeneration complete! Total build time: 0.188s
2025-10-31T12:37:56.337Z - info: [20:37:56] Reload for file change: /Users/damithch/Repos/nus-cs2103/cs2103-website-base/admin/courseBriefings.md
2025-10-31T12:37:56.339Z - info: Synchronizing opened pages list before reload
2025-10-31T12:37:56.340Z - info: Current opened pages, from most-to-least recent:
2025-10-31T12:37:56.340Z - info: 1. schedule/week13/index
2025-10-31T12:37:57.349Z - info: Rebuilding 1 pages
2025-10-31T12:37:57.594Z - info: Site data built
2025-10-31T12:37:57.595Z - info: Pages rebuilt
2025-10-31T12:37:57.595Z - info: Website regeneration complete! Total build time: 0.248s
2025-10-31T12:38:52.917Z - info: Website generation started at 20:38:51
2025-10-31T12:38:53.342Z - warn: ENOENT: no such file or directory, open '/Users/damithch/Repos/nus-cs2103/cs2103-website-base/node_modules/.cache/gh-pages/https!github.com!nus-cs2103-AY2526S1!website.git/book/_markbind/variables.md'
2025-10-31T12:38:53.342Z - warn: ENOENT: no such file or directory, open '/Users/damithch/Repos/nus-cs2103/cs2103-website-base/node_modules/.cache/gh-pages/https!github.com!nus-cs2103-AY2526S1!website.git/_markbind/variables.md'
2025-10-31T12:38:53.361Z - info: Building assets...
2025-10-31T12:38:56.832Z - info: Assets built
2025-10-31T12:38:56.835Z - info: Generating pages...
2025-10-31T12:39:02.730Z - debug:  
2025-10-31T12:39:05.904Z - debug:  
2025-10-31T12:39:05.904Z - debug:  
2025-10-31T12:39:05.904Z - debug:  
2025-10-31T12:39:05.904Z - debug:  
2025-10-31T12:39:05.904Z - debug:  
2025-10-31T12:39:05.904Z - debug:  
2025-10-31T12:39:05.904Z - debug:  
2025-10-31T12:39:05.904Z - debug:  
2025-10-31T12:39:05.904Z - debug:  
2025-10-31T12:39:05.904Z - debug:  
2025-10-31T12:39:05.904Z - debug:  
2025-10-31T12:39:07.938Z - debug:  
2025-10-31T12:39:08.354Z - debug:  
2025-10-31T12:39:08.437Z - debug:  
2025-10-31T12:39:08.437Z - debug:  
2025-10-31T12:39:08.438Z - debug:  
2025-10-31T12:39:08.460Z - debug:  
2025-10-31T12:39:19.266Z - debug:  
2025-10-31T12:40:23.114Z - debug:  
2025-10-31T12:40:35.238Z - debug:  
2025-10-31T12:40:35.274Z - debug:  
2025-10-31T12:40:44.779Z - info: Pages built
2025-10-31T12:40:44.855Z - info: Site data built
2025-10-31T12:40:44.855Z - info: Website generation complete! Total build time: 112.964s
2025-10-31T12:40:44.855Z - info: Build success!
2025-10-31T12:41:11.306Z - info: The website has been deployed at: https://nus-cs2103-ay2526s1.github.io/website
