2025-07-24T10:19:04.426Z - info: Website generation (lazy) started at 18:19:03
2025-07-24T10:19:04.937Z - warn: ENOENT: no such file or directory, open '/Users/damithch/Repos/nus-cs2103/cs2103-website-base/node_modules/.cache/gh-pages/https!github.com!nus-cs2103-AY2526S1!website.git/book/_markbind/variables.md'
2025-07-24T10:19:04.937Z - warn: ENOENT: no such file or directory, open '/Users/damithch/Repos/nus-cs2103/cs2103-website-base/node_modules/.cache/gh-pages/https!github.com!nus-cs2103-AY2526S1!website.git/_markbind/variables.md'
2025-07-24T10:19:04.957Z - info: Building assets...
2025-07-24T10:19:07.513Z - info: Assets built
2025-07-24T10:19:07.513Z - info: Generating landing page...
2025-07-24T10:19:07.760Z - info: Landing page built, other pages will be built as you navigate to them!
2025-07-24T10:19:07.829Z - info: Site data built
2025-07-24T10:19:07.829Z - info: Website generation (lazy) complete! Total build time: 4.674s
2025-07-24T10:19:07.838Z - info: Serving "/Users/damithch/Repos/nus-cs2103/cs2103-website-base/_site" at http://127.0.0.1:8080
2025-07-24T10:19:07.838Z - info: Press CTRL+C to stop ...
2025-07-24T10:19:17.916Z - info: Building /Users/damithch/Repos/nus-cs2103/cs2103-website-base/se-book-adapted/git-trail/index as some of its dependencies were changed since the last visit
2025-07-24T10:19:18.265Z - info: Site data built
2025-07-24T10:19:18.266Z - info: Lazy website regeneration complete! Total build time: 0.349s
2025-07-24T10:19:20.486Z - info: Building /Users/damithch/Repos/nus-cs2103/cs2103-website-base/book/gitAndGithub/trail/backingUpOnCloud/index as some of its dependencies were changed since the last visit
2025-07-24T10:19:20.777Z - info: Site data built
2025-07-24T10:19:20.777Z - info: Lazy website regeneration complete! Total build time: 0.291s
2025-07-24T10:19:24.308Z - info: Building /Users/damithch/Repos/nus-cs2103/cs2103-website-base/book/gitAndGithub/push/index as some of its dependencies were changed since the last visit
2025-07-24T10:19:24.423Z - info: Site data built
2025-07-24T10:19:24.423Z - info: Lazy website regeneration complete! Total build time: 0.116s
2025-07-24T10:21:38.437Z - info: [18:21:38] Reload for file change: /Users/damithch/Repos/nus-cs2103/cs2103-website-base/book/gitAndGithub/push/sourcetree-subsequent-push-fragment.md
2025-07-24T10:21:38.446Z - info: Synchronizing opened pages list before reload
2025-07-24T10:21:38.449Z - info: Current opened pages, from most-to-least recent:
2025-07-24T10:21:38.450Z - info: 1. book/gitAndGithub/push/index
2025-07-24T10:21:38.451Z - info: 2. book/gitAndGithub/trail/backingUpOnCloud/index
2025-07-24T10:21:38.465Z - info: [18:21:38] Reload for file change: /Users/damithch/Repos/nus-cs2103/cs2103-website-base/book/gitAndGithub/push/text.md
2025-07-24T10:21:38.465Z - info: Synchronizing opened pages list before reload
2025-07-24T10:21:38.465Z - info: Current opened pages, from most-to-least recent:
2025-07-24T10:21:38.465Z - info: 1. book/gitAndGithub/push/index
2025-07-24T10:21:38.467Z - info: 2. book/gitAndGithub/trail/backingUpOnCloud/index
2025-07-24T10:21:39.465Z - info: Rebuilding 2 pages
2025-07-24T10:21:39.512Z - error:  Template render error: (/Users/damithch/Repos/nus-cs2103/cs2103-website-base/book/gitAndGithub/push/text.md) [Line 59, Column 26]
  Template render error: (/Users/damithch/Repos/nus-cs2103/cs2103-website-base/book/gitAndGithub/push/text.md) [Line 20, Column 9]
  Error: Unable to call `show_git_tabs_from_text`, which is undefined or falsey
    at Object._prettifyError (/opt/homebrew/lib/node_modules/markbind-cli/node_modules/nunjucks/src/lib.js:32:11)
    at /opt/homebrew/lib/node_modules/markbind-cli/node_modules/@markbind/core/src/patches/nunjucks/context-overrides-frame.js:383:17
    at Template.root [as rootRenderFunc] (eval at _compile (/opt/homebrew/lib/node_modules/markbind-cli/node_modules/nunjucks/src/environment.js:527:18), <anonymous>:239:3)
    at Template.render (/opt/homebrew/lib/node_modules/markbind-cli/node_modules/@markbind/core/src/patches/nunjucks/context-overrides-frame.js:372:8)
    at /opt/homebrew/lib/node_modules/markbind-cli/node_modules/@markbind/core/src/patches/nunjucks/context-overrides-frame.js:54:25
    at createTemplate (/opt/homebrew/lib/node_modules/markbind-cli/node_modules/@markbind/core/src/patches/nunjucks/load-event.js:121:7)
    at handle (/opt/homebrew/lib/node_modules/markbind-cli/node_modules/@markbind/core/src/patches/nunjucks/load-event.js:133:9)
    at /opt/homebrew/lib/node_modules/markbind-cli/node_modules/@markbind/core/src/patches/nunjucks/load-event.js:145:7
    at next (/opt/homebrew/lib/node_modules/markbind-cli/node_modules/nunjucks/src/lib.js:258:7)
    at Object.asyncIter (/opt/homebrew/lib/node_modules/markbind-cli/node_modules/nunjucks/src/lib.js:263:3)
    at Environment.getTemplate (/opt/homebrew/lib/node_modules/markbind-cli/node_modules/@markbind/core/src/patches/nunjucks/load-event.js:127:7)
    at Environment.render (/opt/homebrew/lib/node_modules/markbind-cli/node_modules/@markbind/core/src/patches/nunjucks/context-overrides-frame.js:48:8)
    at VariableRenderer.renderFile (/opt/homebrew/lib/node_modules/markbind-cli/node_modules/@markbind/core/src/variables/VariableRenderer.js:73:24)
    at VariableProcessor.renderWithSiteVariables (/opt/homebrew/lib/node_modules/markbind-cli/node_modules/@markbind/core/src/variables/VariableProcessor.js:154:57)
    at VariableProcessor.renderIncludeFile (/opt/homebrew/lib/node_modules/markbind-cli/node_modules/@markbind/core/src/variables/VariableProcessor.js:231:38)
    at processInclude (/opt/homebrew/lib/node_modules/markbind-cli/node_modules/@markbind/core/src/html/includePanelProcessor.js:198:68)
2025-07-24T10:21:39.513Z - error:  Template render error: (/Users/damithch/Repos/nus-cs2103/cs2103-website-base/book/gitAndGithub/push/text.md) [Line 59, Column 26]
  Template render error: (/Users/damithch/Repos/nus-cs2103/cs2103-website-base/book/gitAndGithub/push/text.md) [Line 20, Column 9]
  Error: Unable to call `show_git_tabs_from_text`, which is undefined or falsey
    at Object._prettifyError (/opt/homebrew/lib/node_modules/markbind-cli/node_modules/nunjucks/src/lib.js:32:11)
    at /opt/homebrew/lib/node_modules/markbind-cli/node_modules/@markbind/core/src/patches/nunjucks/context-overrides-frame.js:383:17
    at Template.root [as rootRenderFunc] (eval at _compile (/opt/homebrew/lib/node_modules/markbind-cli/node_modules/nunjucks/src/environment.js:527:18), <anonymous>:239:3)
    at Template.render (/opt/homebrew/lib/node_modules/markbind-cli/node_modules/@markbind/core/src/patches/nunjucks/context-overrides-frame.js:372:8)
    at /opt/homebrew/lib/node_modules/markbind-cli/node_modules/@markbind/core/src/patches/nunjucks/context-overrides-frame.js:54:25
    at Environment.getTemplate (/opt/homebrew/lib/node_modules/markbind-cli/node_modules/@markbind/core/src/patches/nunjucks/load-event.js:85:7)
    at Environment.render (/opt/homebrew/lib/node_modules/markbind-cli/node_modules/@markbind/core/src/patches/nunjucks/context-overrides-frame.js:48:8)
    at VariableRenderer.renderFile (/opt/homebrew/lib/node_modules/markbind-cli/node_modules/@markbind/core/src/variables/VariableRenderer.js:73:24)
    at VariableProcessor.renderWithSiteVariables (/opt/homebrew/lib/node_modules/markbind-cli/node_modules/@markbind/core/src/variables/VariableProcessor.js:154:57)
    at VariableProcessor.renderIncludeFile (/opt/homebrew/lib/node_modules/markbind-cli/node_modules/@markbind/core/src/variables/VariableProcessor.js:231:38)
    at processInclude (/opt/homebrew/lib/node_modules/markbind-cli/node_modules/@markbind/core/src/html/includePanelProcessor.js:198:68)
    at NodeProcessor.processNode (/opt/homebrew/lib/node_modules/markbind-cli/node_modules/@markbind/core/src/html/NodeProcessor.js:173:71)
    at NodeProcessor.traverse (/opt/homebrew/lib/node_modules/markbind-cli/node_modules/@markbind/core/src/html/NodeProcessor.js:345:24)
    at /opt/homebrew/lib/node_modules/markbind-cli/node_modules/@markbind/core/src/html/NodeProcessor.js:349:22
    at Array.forEach (<anonymous>)
    at NodeProcessor.traverse (/opt/homebrew/lib/node_modules/markbind-cli/node_modules/@markbind/core/src/html/NodeProcessor.js:348:27)
2025-07-24T10:21:39.514Z - error:  Template render error: (/Users/damithch/Repos/nus-cs2103/cs2103-website-base/book/gitAndGithub/push/text.md) [Line 59, Column 26]
  Template render error: (/Users/damithch/Repos/nus-cs2103/cs2103-website-base/book/gitAndGithub/push/text.md) [Line 20, Column 9]
  Error: Unable to call `show_git_tabs_from_text`, which is undefined or falsey
    at Object._prettifyError (/opt/homebrew/lib/node_modules/markbind-cli/node_modules/nunjucks/src/lib.js:32:11)
    at /opt/homebrew/lib/node_modules/markbind-cli/node_modules/@markbind/core/src/patches/nunjucks/context-overrides-frame.js:383:17
    at Template.root [as rootRenderFunc] (eval at _compile (/opt/homebrew/lib/node_modules/markbind-cli/node_modules/nunjucks/src/environment.js:527:18), <anonymous>:239:3)
    at Template.render (/opt/homebrew/lib/node_modules/markbind-cli/node_modules/@markbind/core/src/patches/nunjucks/context-overrides-frame.js:372:8)
    at /opt/homebrew/lib/node_modules/markbind-cli/node_modules/@markbind/core/src/patches/nunjucks/context-overrides-frame.js:54:25
    at Environment.getTemplate (/opt/homebrew/lib/node_modules/markbind-cli/node_modules/@markbind/core/src/patches/nunjucks/load-event.js:85:7)
    at Environment.render (/opt/homebrew/lib/node_modules/markbind-cli/node_modules/@markbind/core/src/patches/nunjucks/context-overrides-frame.js:48:8)
    at VariableRenderer.renderFile (/opt/homebrew/lib/node_modules/markbind-cli/node_modules/@markbind/core/src/variables/VariableRenderer.js:73:24)
    at VariableProcessor.renderWithSiteVariables (/opt/homebrew/lib/node_modules/markbind-cli/node_modules/@markbind/core/src/variables/VariableProcessor.js:154:57)
    at VariableProcessor.renderIncludeFile (/opt/homebrew/lib/node_modules/markbind-cli/node_modules/@markbind/core/src/variables/VariableProcessor.js:231:38)
    at processInclude (/opt/homebrew/lib/node_modules/markbind-cli/node_modules/@markbind/core/src/html/includePanelProcessor.js:198:68)
    at NodeProcessor.processNode (/opt/homebrew/lib/node_modules/markbind-cli/node_modules/@markbind/core/src/html/NodeProcessor.js:173:71)
    at NodeProcessor.traverse (/opt/homebrew/lib/node_modules/markbind-cli/node_modules/@markbind/core/src/html/NodeProcessor.js:345:24)
    at /opt/homebrew/lib/node_modules/markbind-cli/node_modules/@markbind/core/src/html/NodeProcessor.js:349:22
    at Array.forEach (<anonymous>)
    at NodeProcessor.traverse (/opt/homebrew/lib/node_modules/markbind-cli/node_modules/@markbind/core/src/html/NodeProcessor.js:348:27)
2025-07-24T10:21:39.589Z - error:  Template render error: (/Users/damithch/Repos/nus-cs2103/cs2103-website-base/book/gitAndGithub/push/text.md) [Line 59, Column 26]
  Template render error: (/Users/damithch/Repos/nus-cs2103/cs2103-website-base/book/gitAndGithub/push/text.md) [Line 20, Column 9]
  Error: Unable to call `show_git_tabs_from_text`, which is undefined or falsey
    at Object._prettifyError (/opt/homebrew/lib/node_modules/markbind-cli/node_modules/nunjucks/src/lib.js:32:11)
    at /opt/homebrew/lib/node_modules/markbind-cli/node_modules/@markbind/core/src/patches/nunjucks/context-overrides-frame.js:383:17
    at Template.root [as rootRenderFunc] (eval at _compile (/opt/homebrew/lib/node_modules/markbind-cli/node_modules/nunjucks/src/environment.js:527:18), <anonymous>:239:3)
    at Template.render (/opt/homebrew/lib/node_modules/markbind-cli/node_modules/@markbind/core/src/patches/nunjucks/context-overrides-frame.js:372:8)
    at /opt/homebrew/lib/node_modules/markbind-cli/node_modules/@markbind/core/src/patches/nunjucks/context-overrides-frame.js:54:25
    at Environment.getTemplate (/opt/homebrew/lib/node_modules/markbind-cli/node_modules/@markbind/core/src/patches/nunjucks/load-event.js:85:7)
    at Environment.render (/opt/homebrew/lib/node_modules/markbind-cli/node_modules/@markbind/core/src/patches/nunjucks/context-overrides-frame.js:48:8)
    at VariableRenderer.renderFile (/opt/homebrew/lib/node_modules/markbind-cli/node_modules/@markbind/core/src/variables/VariableRenderer.js:73:24)
    at VariableProcessor.renderWithSiteVariables (/opt/homebrew/lib/node_modules/markbind-cli/node_modules/@markbind/core/src/variables/VariableProcessor.js:154:57)
    at VariableProcessor.renderIncludeFile (/opt/homebrew/lib/node_modules/markbind-cli/node_modules/@markbind/core/src/variables/VariableProcessor.js:231:38)
    at processInclude (/opt/homebrew/lib/node_modules/markbind-cli/node_modules/@markbind/core/src/html/includePanelProcessor.js:198:68)
    at NodeProcessor.processNode (/opt/homebrew/lib/node_modules/markbind-cli/node_modules/@markbind/core/src/html/NodeProcessor.js:173:71)
    at NodeProcessor.traverse (/opt/homebrew/lib/node_modules/markbind-cli/node_modules/@markbind/core/src/html/NodeProcessor.js:345:24)
    at /opt/homebrew/lib/node_modules/markbind-cli/node_modules/@markbind/core/src/html/NodeProcessor.js:349:22
    at Array.forEach (<anonymous>)
    at NodeProcessor.traverse (/opt/homebrew/lib/node_modules/markbind-cli/node_modules/@markbind/core/src/html/NodeProcessor.js:348:27)
2025-07-24T10:21:39.616Z - error:  Template render error: (/Users/damithch/Repos/nus-cs2103/cs2103-website-base/book/gitAndGithub/push/text.md) [Line 59, Column 26]
  Template render error: (/Users/damithch/Repos/nus-cs2103/cs2103-website-base/book/gitAndGithub/push/text.md) [Line 20, Column 9]
  Error: Unable to call `show_git_tabs_from_text`, which is undefined or falsey
    at Object._prettifyError (/opt/homebrew/lib/node_modules/markbind-cli/node_modules/nunjucks/src/lib.js:32:11)
    at /opt/homebrew/lib/node_modules/markbind-cli/node_modules/@markbind/core/src/patches/nunjucks/context-overrides-frame.js:383:17
    at Template.root [as rootRenderFunc] (eval at _compile (/opt/homebrew/lib/node_modules/markbind-cli/node_modules/nunjucks/src/environment.js:527:18), <anonymous>:239:3)
    at Template.render (/opt/homebrew/lib/node_modules/markbind-cli/node_modules/@markbind/core/src/patches/nunjucks/context-overrides-frame.js:372:8)
    at /opt/homebrew/lib/node_modules/markbind-cli/node_modules/@markbind/core/src/patches/nunjucks/context-overrides-frame.js:54:25
    at Environment.getTemplate (/opt/homebrew/lib/node_modules/markbind-cli/node_modules/@markbind/core/src/patches/nunjucks/load-event.js:85:7)
    at Environment.render (/opt/homebrew/lib/node_modules/markbind-cli/node_modules/@markbind/core/src/patches/nunjucks/context-overrides-frame.js:48:8)
    at VariableRenderer.renderFile (/opt/homebrew/lib/node_modules/markbind-cli/node_modules/@markbind/core/src/variables/VariableRenderer.js:73:24)
    at VariableProcessor.renderWithSiteVariables (/opt/homebrew/lib/node_modules/markbind-cli/node_modules/@markbind/core/src/variables/VariableProcessor.js:154:57)
    at VariableProcessor.renderIncludeFile (/opt/homebrew/lib/node_modules/markbind-cli/node_modules/@markbind/core/src/variables/VariableProcessor.js:231:38)
    at processInclude (/opt/homebrew/lib/node_modules/markbind-cli/node_modules/@markbind/core/src/html/includePanelProcessor.js:198:68)
    at NodeProcessor.processNode (/opt/homebrew/lib/node_modules/markbind-cli/node_modules/@markbind/core/src/html/NodeProcessor.js:173:71)
    at NodeProcessor.traverse (/opt/homebrew/lib/node_modules/markbind-cli/node_modules/@markbind/core/src/html/NodeProcessor.js:345:24)
    at /opt/homebrew/lib/node_modules/markbind-cli/node_modules/@markbind/core/src/html/NodeProcessor.js:349:22
    at Array.forEach (<anonymous>)
    at NodeProcessor.traverse (/opt/homebrew/lib/node_modules/markbind-cli/node_modules/@markbind/core/src/html/NodeProcessor.js:348:27)
2025-07-24T10:21:39.617Z - error:  Template render error: (/Users/damithch/Repos/nus-cs2103/cs2103-website-base/book/gitAndGithub/push/text.md) [Line 59, Column 26]
  Template render error: (/Users/damithch/Repos/nus-cs2103/cs2103-website-base/book/gitAndGithub/push/text.md) [Line 20, Column 9]
  Error: Unable to call `show_git_tabs_from_text`, which is undefined or falsey
    at Object._prettifyError (/opt/homebrew/lib/node_modules/markbind-cli/node_modules/nunjucks/src/lib.js:32:11)
    at /opt/homebrew/lib/node_modules/markbind-cli/node_modules/@markbind/core/src/patches/nunjucks/context-overrides-frame.js:383:17
    at Template.root [as rootRenderFunc] (eval at _compile (/opt/homebrew/lib/node_modules/markbind-cli/node_modules/nunjucks/src/environment.js:527:18), <anonymous>:239:3)
    at Template.render (/opt/homebrew/lib/node_modules/markbind-cli/node_modules/@markbind/core/src/patches/nunjucks/context-overrides-frame.js:372:8)
    at /opt/homebrew/lib/node_modules/markbind-cli/node_modules/@markbind/core/src/patches/nunjucks/context-overrides-frame.js:54:25
    at Environment.getTemplate (/opt/homebrew/lib/node_modules/markbind-cli/node_modules/@markbind/core/src/patches/nunjucks/load-event.js:85:7)
    at Environment.render (/opt/homebrew/lib/node_modules/markbind-cli/node_modules/@markbind/core/src/patches/nunjucks/context-overrides-frame.js:48:8)
    at VariableRenderer.renderFile (/opt/homebrew/lib/node_modules/markbind-cli/node_modules/@markbind/core/src/variables/VariableRenderer.js:73:24)
    at VariableProcessor.renderWithSiteVariables (/opt/homebrew/lib/node_modules/markbind-cli/node_modules/@markbind/core/src/variables/VariableProcessor.js:154:57)
    at VariableProcessor.renderIncludeFile (/opt/homebrew/lib/node_modules/markbind-cli/node_modules/@markbind/core/src/variables/VariableProcessor.js:231:38)
    at processInclude (/opt/homebrew/lib/node_modules/markbind-cli/node_modules/@markbind/core/src/html/includePanelProcessor.js:198:68)
    at NodeProcessor.processNode (/opt/homebrew/lib/node_modules/markbind-cli/node_modules/@markbind/core/src/html/NodeProcessor.js:173:71)
    at NodeProcessor.traverse (/opt/homebrew/lib/node_modules/markbind-cli/node_modules/@markbind/core/src/html/NodeProcessor.js:345:24)
    at /opt/homebrew/lib/node_modules/markbind-cli/node_modules/@markbind/core/src/html/NodeProcessor.js:349:22
    at Array.forEach (<anonymous>)
    at NodeProcessor.traverse (/opt/homebrew/lib/node_modules/markbind-cli/node_modules/@markbind/core/src/html/NodeProcessor.js:348:27)
2025-07-24T10:21:39.765Z - info: Site data built
2025-07-24T10:21:39.765Z - info: Pages rebuilt
2025-07-24T10:21:39.766Z - info: Website regeneration complete! Total build time: 0.305s
2025-07-24T10:22:01.427Z - info: [18:22:01] Reload for file change: /Users/damithch/Repos/nus-cs2103/cs2103-website-base/book/gitAndGithub/push/text.md
2025-07-24T10:22:01.428Z - info: Synchronizing opened pages list before reload
2025-07-24T10:22:01.428Z - info: Current opened pages, from most-to-least recent:
2025-07-24T10:22:01.429Z - info: 1. book/gitAndGithub/push/index
2025-07-24T10:22:02.440Z - info: Rebuilding 1 pages
2025-07-24T10:22:02.586Z - info: Site data built
2025-07-24T10:22:02.586Z - info: Pages rebuilt
2025-07-24T10:22:02.586Z - info: Website regeneration complete! Total build time: 0.149s
2025-07-24T10:22:56.878Z - info: [18:22:56] Reload for file change: /Users/damithch/Repos/nus-cs2103/cs2103-website-base/book/gitAndGithub/push/text.md
2025-07-24T10:22:56.878Z - info: Synchronizing opened pages list before reload
2025-07-24T10:22:56.879Z - info: Current opened pages, from most-to-least recent:
2025-07-24T10:22:56.879Z - info: 1. book/gitAndGithub/push/index
2025-07-24T10:22:56.963Z - info: [18:22:56] Reload for file change: /Users/damithch/Repos/nus-cs2103/cs2103-website-base/book/gitAndGithub/push/cli-subsequent-push-fragment.md
2025-07-24T10:22:56.964Z - info: Synchronizing opened pages list before reload
2025-07-24T10:22:56.964Z - info: Current opened pages, from most-to-least recent:
2025-07-24T10:22:56.964Z - info: 1. book/gitAndGithub/push/index
2025-07-24T10:22:57.888Z - info: Rebuilding 1 pages
2025-07-24T10:22:58.029Z - info: Site data built
2025-07-24T10:22:58.029Z - info: Pages rebuilt
2025-07-24T10:22:58.029Z - info: Website regeneration complete! Total build time: 0.143s
2025-07-24T10:23:58.134Z - info: [18:23:58] Reload for file change: /Users/damithch/Repos/nus-cs2103/cs2103-website-base/book/gitAndGithub/push/text.md
2025-07-24T10:23:58.136Z - info: Synchronizing opened pages list before reload
2025-07-24T10:23:58.138Z - info: Current opened pages, from most-to-least recent:
2025-07-24T10:23:58.139Z - info: 1. book/gitAndGithub/push/index
2025-07-24T10:23:59.145Z - info: Rebuilding 1 pages
2025-07-24T10:23:59.304Z - info: Site data built
2025-07-24T10:23:59.304Z - info: Pages rebuilt
2025-07-24T10:23:59.304Z - info: Website regeneration complete! Total build time: 0.161s
2025-07-24T10:24:24.649Z - info: [18:24:24] Reload for file change: /Users/damithch/Repos/nus-cs2103/cs2103-website-base/book/gitAndGithub/push/text.md
2025-07-24T10:24:24.660Z - info: Synchronizing opened pages list before reload
2025-07-24T10:24:24.664Z - info: Current opened pages, from most-to-least recent:
2025-07-24T10:24:24.664Z - info: 1. book/gitAndGithub/push/index
2025-07-24T10:24:25.670Z - info: Rebuilding 1 pages
2025-07-24T10:24:25.836Z - info: Site data built
2025-07-24T10:24:25.836Z - info: Pages rebuilt
2025-07-24T10:24:25.836Z - info: Website regeneration complete! Total build time: 0.168s
2025-07-24T10:25:52.094Z - info: [18:25:52] Reload for file change: /Users/damithch/Repos/nus-cs2103/cs2103-website-base/book/gitAndGithub/push/text.md
2025-07-24T10:25:52.095Z - info: Synchronizing opened pages list before reload
2025-07-24T10:25:52.095Z - info: Current opened pages, from most-to-least recent:
2025-07-24T10:25:52.096Z - info: 1. book/gitAndGithub/push/index
2025-07-24T10:25:53.104Z - info: Rebuilding 1 pages
2025-07-24T10:25:53.244Z - info: Site data built
2025-07-24T10:25:53.244Z - info: Pages rebuilt
2025-07-24T10:25:53.244Z - info: Website regeneration complete! Total build time: 0.142s
2025-07-24T10:26:08.057Z - info: [18:26:08] Reload for file change: /Users/damithch/Repos/nus-cs2103/cs2103-website-base/book/gitAndGithub/push/text.md
2025-07-24T10:26:08.057Z - info: Synchronizing opened pages list before reload
2025-07-24T10:26:08.058Z - info: Current opened pages, from most-to-least recent:
2025-07-24T10:26:08.058Z - info: 1. book/gitAndGithub/push/index
2025-07-24T10:26:09.071Z - info: Rebuilding 1 pages
2025-07-24T10:26:09.213Z - info: Site data built
2025-07-24T10:26:09.213Z - info: Pages rebuilt
2025-07-24T10:26:09.213Z - info: Website regeneration complete! Total build time: 0.145s
2025-07-24T10:26:48.451Z - info: [18:26:48] Reload for file change: /Users/damithch/Repos/nus-cs2103/cs2103-website-base/book/gitAndGithub/push/text.md
2025-07-24T10:26:48.451Z - info: Synchronizing opened pages list before reload
2025-07-24T10:26:48.451Z - info: Current opened pages, from most-to-least recent:
2025-07-24T10:26:48.451Z - info: 1. book/gitAndGithub/push/index
2025-07-24T10:26:49.469Z - info: Rebuilding 1 pages
2025-07-24T10:26:49.584Z - info: Site data built
2025-07-24T10:26:49.584Z - info: Pages rebuilt
2025-07-24T10:26:49.584Z - info: Website regeneration complete! Total build time: 0.118s
2025-07-24T10:29:39.670Z - info: Building /Users/damithch/Repos/nus-cs2103/cs2103-website-base/book/gitAndGithub/trail/backingUpOnCloud/index as some of its dependencies were changed since the last visit
2025-07-24T10:29:39.996Z - info: Site data built
2025-07-24T10:29:39.996Z - info: Lazy website regeneration complete! Total build time: 0.327s
2025-07-24T10:29:53.800Z - info: Building /Users/damithch/Repos/nus-cs2103/cs2103-website-base/book/gitAndGithub/trail/workingWithRemotes/index as some of its dependencies were changed since the last visit
2025-07-24T10:29:53.968Z - info: Site data built
2025-07-24T10:29:53.968Z - info: Lazy website regeneration complete! Total build time: 0.168s
2025-07-24T10:32:34.958Z - info: [18:32:34] Reload for file change: /Users/damithch/Repos/nus-cs2103/cs2103-website-base/book/gitAndGithub/setRemote/text.md
2025-07-24T10:32:34.960Z - info: Synchronizing opened pages list before reload
2025-07-24T10:32:34.961Z - info: No pages are currently opened
2025-07-24T10:32:35.972Z - info: No pages needed to be rebuilt
2025-07-24T10:34:00.197Z - info: [18:34:00] Reload for file change: /Users/damithch/Repos/nus-cs2103/cs2103-website-base/book/gitAndGithub/setRemote/text.md
2025-07-24T10:34:00.198Z - info: Synchronizing opened pages list before reload
2025-07-24T10:34:00.200Z - info: No pages are currently opened
2025-07-24T10:34:01.204Z - info: No pages needed to be rebuilt
2025-07-24T10:34:05.680Z - info: Building /Users/damithch/Repos/nus-cs2103/cs2103-website-base/book/gitAndGithub/trail/backingUpOnCloud/index as some of its dependencies were changed since the last visit
2025-07-24T10:34:06.033Z - info: Site data built
2025-07-24T10:34:06.033Z - info: Lazy website regeneration complete! Total build time: 0.353s
2025-07-24T10:34:12.729Z - info: Building /Users/damithch/Repos/nus-cs2103/cs2103-website-base/book/gitAndGithub/setRemote/index as some of its dependencies were changed since the last visit
2025-07-24T10:34:12.848Z - info: Site data built
2025-07-24T10:34:12.848Z - info: Lazy website regeneration complete! Total build time: 0.119s
2025-07-24T10:34:44.199Z - info: Building /Users/damithch/Repos/nus-cs2103/cs2103-website-base/book/gitAndGithub/githubPrep/index as some of its dependencies were changed since the last visit
2025-07-24T10:34:44.333Z - info: Site data built
2025-07-24T10:34:44.333Z - info: Lazy website regeneration complete! Total build time: 0.135s
2025-07-24T10:58:29.740Z - info: Building /Users/damithch/Repos/nus-cs2103/cs2103-website-base/se-book-adapted/git-trail/index as some of its dependencies were changed since the last visit
2025-07-24T10:58:30.003Z - info: Site data built
2025-07-24T10:58:30.003Z - info: Lazy website regeneration complete! Total build time: 0.263s
2025-07-24T11:01:38.835Z - info: Building /Users/damithch/Repos/nus-cs2103/cs2103-website-base/book/gitAndGithub/push/index as some of its dependencies were changed since the last visit
2025-07-24T11:01:38.992Z - info: Site data built
2025-07-24T11:01:38.992Z - info: Lazy website regeneration complete! Total build time: 0.158s
2025-07-24T11:02:42.016Z - info: [19:02:42] Reload for file add: /Users/damithch/Repos/nus-cs2103/cs2103-website-base/book/gitAndGithub/pull/detour-pullingFromMultipleRemotes-fragment.md
2025-07-24T11:02:42.016Z - info: Synchronizing opened pages list before reload
2025-07-24T11:02:42.016Z - info: Current opened pages, from most-to-least recent:
2025-07-24T11:02:42.016Z - info: 1. book/gitAndGithub/push/index
2025-07-24T11:02:42.016Z - info: 2. se-book-adapted/git-trail/index
2025-07-24T11:02:43.187Z - info: Assets built
2025-07-24T11:04:51.096Z - info: [19:04:51] Reload for file change: /Users/damithch/Repos/nus-cs2103/cs2103-website-base/book/common/macros.njk
2025-07-24T11:04:51.097Z - info: Synchronizing opened pages list before reload
2025-07-24T11:04:51.099Z - info: Current opened pages, from most-to-least recent:
2025-07-24T11:04:51.100Z - info: 1. book/gitAndGithub/push/index
2025-07-24T11:04:51.100Z - info: 2. se-book-adapted/git-trail/index
2025-07-24T11:04:51.104Z - info: [19:04:51] Reload for file change: /Users/damithch/Repos/nus-cs2103/cs2103-website-base/book/gitAndGithub/pull/text.md
2025-07-24T11:04:51.104Z - info: Synchronizing opened pages list before reload
2025-07-24T11:04:51.105Z - info: Current opened pages, from most-to-least recent:
2025-07-24T11:04:51.105Z - info: 1. book/gitAndGithub/push/index
2025-07-24T11:04:51.105Z - info: 2. se-book-adapted/git-trail/index
2025-07-24T11:04:51.112Z - info: [19:04:51] Reload for file change: /Users/damithch/Repos/nus-cs2103/cs2103-website-base/book/gitAndGithub/pull/detour-pullingFromMultipleRemotes-fragment.md
2025-07-24T11:04:51.113Z - info: Synchronizing opened pages list before reload
2025-07-24T11:04:51.113Z - info: Current opened pages, from most-to-least recent:
2025-07-24T11:04:51.113Z - info: 1. book/gitAndGithub/push/index
2025-07-24T11:04:51.113Z - info: 2. se-book-adapted/git-trail/index
2025-07-24T11:04:51.190Z - info: [19:04:51] Reload for file change: /Users/damithch/Repos/nus-cs2103/cs2103-website-base/book/common/macros.njk
2025-07-24T11:04:51.190Z - info: Synchronizing opened pages list before reload
2025-07-24T11:04:51.190Z - info: Current opened pages, from most-to-least recent:
2025-07-24T11:04:51.190Z - info: 1. book/gitAndGithub/push/index
2025-07-24T11:04:51.190Z - info: 2. se-book-adapted/git-trail/index
2025-07-24T11:04:52.112Z - info: Rebuilding 2 pages
2025-07-24T11:04:52.207Z - info: Assets built
2025-07-24T11:04:52.411Z - info: Site data built
2025-07-24T11:04:52.412Z - info: Pages rebuilt
2025-07-24T11:04:52.412Z - info: Website regeneration complete! Total build time: 0.301s
2025-07-24T11:04:59.308Z - info: Building /Users/damithch/Repos/nus-cs2103/cs2103-website-base/book/gitAndGithub/trail/workingWithRemotes/index as some of its dependencies were changed since the last visit
2025-07-24T11:04:59.379Z - error: No such file: /Users/damithch/Repos/nus-cs2103/cs2103-website-base/book/detour-pullingFromMultipleRepos-fragment.md
Missing reference in /Users/damithch/Repos/nus-cs2103/cs2103-website-base/book/gitAndGithub/pull/text.md
2025-07-24T11:04:59.458Z - info: Site data built
2025-07-24T11:04:59.459Z - info: Lazy website regeneration complete! Total build time: 0.151s
2025-07-24T11:05:24.675Z - info: [19:05:24] Reload for file change: /Users/damithch/Repos/nus-cs2103/cs2103-website-base/book/gitAndGithub/pull/text.md
2025-07-24T11:05:24.677Z - info: Synchronizing opened pages list before reload
2025-07-24T11:05:24.677Z - info: Current opened pages, from most-to-least recent:
2025-07-24T11:05:24.678Z - info: 1. book/gitAndGithub/push/index
2025-07-24T11:05:24.678Z - info: 2. se-book-adapted/git-trail/index
2025-07-24T11:05:24.678Z - info: 3. book/gitAndGithub/trail/workingWithRemotes/index
2025-07-24T11:05:25.684Z - info: Rebuilding 2 pages
2025-07-24T11:05:26.083Z - info: Site data built
2025-07-24T11:05:26.083Z - info: Pages rebuilt
2025-07-24T11:05:26.083Z - info: Website regeneration complete! Total build time: 0.402s
2025-07-24T11:06:49.914Z - info: [19:06:49] Reload for file change: /Users/damithch/Repos/nus-cs2103/cs2103-website-base/book/gitAndGithub/pull/detour-pullingFromMultipleRemotes-fragment.md
2025-07-24T11:06:49.915Z - info: Synchronizing opened pages list before reload
2025-07-24T11:06:49.916Z - info: Current opened pages, from most-to-least recent:
2025-07-24T11:06:49.916Z - info: 1. se-book-adapted/git-trail/index
2025-07-24T11:06:49.916Z - info: 2. book/gitAndGithub/trail/workingWithRemotes/index
2025-07-24T11:06:50.923Z - info: Rebuilding 1 pages
2025-07-24T11:06:51.141Z - info: Site data built
2025-07-24T11:06:51.141Z - info: Pages rebuilt
2025-07-24T11:06:51.141Z - info: Website regeneration complete! Total build time: 0.22s
2025-07-24T11:07:01.502Z - info: [19:07:01] Reload for file change: /Users/damithch/Repos/nus-cs2103/cs2103-website-base/book/gitAndGithub/pull/detour-pullingFromMultipleRemotes-fragment.md
2025-07-24T11:07:01.505Z - info: Synchronizing opened pages list before reload
2025-07-24T11:07:01.508Z - info: Current opened pages, from most-to-least recent:
2025-07-24T11:07:01.508Z - info: 1. se-book-adapted/git-trail/index
2025-07-24T11:07:01.508Z - info: 2. book/gitAndGithub/trail/workingWithRemotes/index
2025-07-24T11:07:02.522Z - info: Rebuilding 1 pages
2025-07-24T11:07:02.698Z - info: Site data built
2025-07-24T11:07:02.698Z - info: Pages rebuilt
2025-07-24T11:07:02.698Z - info: Website regeneration complete! Total build time: 0.177s
2025-07-24T11:07:42.538Z - info: [19:07:42] Reload for file change: /Users/damithch/Repos/nus-cs2103/cs2103-website-base/book/gitAndGithub/pull/detour-pullingFromMultipleRemotes-fragment.md
2025-07-24T11:07:42.539Z - info: Synchronizing opened pages list before reload
2025-07-24T11:07:42.539Z - info: Current opened pages, from most-to-least recent:
2025-07-24T11:07:42.539Z - info: 1. se-book-adapted/git-trail/index
2025-07-24T11:07:42.539Z - info: 2. book/gitAndGithub/trail/workingWithRemotes/index
2025-07-24T11:07:43.545Z - info: Rebuilding 1 pages
2025-07-24T11:07:43.767Z - info: Site data built
2025-07-24T11:07:43.767Z - info: Pages rebuilt
2025-07-24T11:07:43.767Z - info: Website regeneration complete! Total build time: 0.224s
2025-07-24T11:08:22.219Z - info: [19:08:22] Reload for file change: /Users/damithch/Repos/nus-cs2103/cs2103-website-base/book/gitAndGithub/pull/detour-pullingFromMultipleRemotes-fragment.md
2025-07-24T11:08:22.220Z - info: Synchronizing opened pages list before reload
2025-07-24T11:08:22.221Z - info: Current opened pages, from most-to-least recent:
2025-07-24T11:08:22.221Z - info: 1. se-book-adapted/git-trail/index
2025-07-24T11:08:22.221Z - info: 2. book/gitAndGithub/trail/workingWithRemotes/index
2025-07-24T11:08:23.226Z - info: Rebuilding 1 pages
2025-07-24T11:08:23.465Z - info: Site data built
2025-07-24T11:08:23.465Z - info: Pages rebuilt
2025-07-24T11:08:23.465Z - info: Website regeneration complete! Total build time: 0.241s
2025-07-24T11:09:11.048Z - info: [19:09:11] Reload for file change: /Users/damithch/Repos/nus-cs2103/cs2103-website-base/book/gitAndGithub/pull/detour-pullingFromMultipleRemotes-fragment.md
2025-07-24T11:09:11.048Z - info: Synchronizing opened pages list before reload
2025-07-24T11:09:11.049Z - info: Current opened pages, from most-to-least recent:
2025-07-24T11:09:11.049Z - info: 1. se-book-adapted/git-trail/index
2025-07-24T11:09:11.049Z - info: 2. book/gitAndGithub/trail/workingWithRemotes/index
2025-07-24T11:09:12.061Z - info: Rebuilding 1 pages
2025-07-24T11:09:12.255Z - info: Site data built
2025-07-24T11:09:12.255Z - info: Pages rebuilt
2025-07-24T11:09:12.255Z - info: Website regeneration complete! Total build time: 0.196s
2025-07-24T11:27:31.571Z - info: Website generation started at 19:27:30
2025-07-24T11:27:32.093Z - warn: ENOENT: no such file or directory, open '/Users/damithch/Repos/nus-cs2103/cs2103-website-base/node_modules/.cache/gh-pages/https!github.com!nus-cs2103-AY2526S1!website.git/book/_markbind/variables.md'
2025-07-24T11:27:32.093Z - warn: ENOENT: no such file or directory, open '/Users/damithch/Repos/nus-cs2103/cs2103-website-base/node_modules/.cache/gh-pages/https!github.com!nus-cs2103-AY2526S1!website.git/_markbind/variables.md'
2025-07-24T11:27:32.114Z - info: Building assets...
2025-07-24T11:27:34.852Z - info: Assets built
2025-07-24T11:27:34.852Z - info: Generating pages...
2025-07-24T11:27:37.921Z - error: No such file: /Users/damithch/Repos/nus-cs2103/cs2103-website-base/book/detour-conflictAtCheckout-fragment.md
Missing reference in /Users/damithch/Repos/nus-cs2103/cs2103-website-base/book/gitAndGithub/checkout/text.md
2025-07-24T11:27:38.401Z - error: No such file: /Users/damithch/Repos/nus-cs2103/cs2103-website-base/book/detour-conflictAtCheckout-fragment.md
Missing reference in /Users/damithch/Repos/nus-cs2103/cs2103-website-base/book/gitAndGithub/checkout/text.md
2025-07-24T11:27:42.544Z - debug:  
2025-07-24T11:27:42.545Z - debug:  
2025-07-24T11:27:42.749Z - debug:  
2025-07-24T11:27:42.749Z - debug:  
2025-07-24T11:27:42.749Z - debug:  
2025-07-24T11:27:42.749Z - debug:  
2025-07-24T11:27:42.749Z - debug:  
2025-07-24T11:27:42.749Z - debug:  
2025-07-24T11:27:42.749Z - debug:  
2025-07-24T11:27:42.749Z - debug:  
2025-07-24T11:27:42.749Z - debug:  
2025-07-24T11:27:46.530Z - debug:  
2025-07-24T11:27:46.530Z - debug:  
2025-07-24T11:27:46.530Z - debug:  
2025-07-24T11:27:46.530Z - debug:  
2025-07-24T11:27:46.530Z - debug:  
2025-07-24T11:27:46.530Z - debug:  
2025-07-24T11:27:57.221Z - debug:  
2025-07-24T11:27:59.297Z - error: No such file: /Users/damithch/Repos/nus-cs2103/cs2103-website-base/book/detour-conflictAtCheckout-fragment.md
Missing reference in /Users/damithch/Repos/nus-cs2103/cs2103-website-base/book/gitAndGithub/checkout/text.md
2025-07-24T11:28:01.521Z - error: No such file: /Users/damithch/Repos/nus-cs2103/cs2103-website-base/book/detour-conflictAtCheckout-fragment.md
Missing reference in /Users/damithch/Repos/nus-cs2103/cs2103-website-base/book/gitAndGithub/checkout/text.md
2025-07-24T11:28:02.413Z - error: No such file: /Users/damithch/Repos/nus-cs2103/cs2103-website-base/book/detour-conflictAtCheckout-fragment.md
Missing reference in /Users/damithch/Repos/nus-cs2103/cs2103-website-base/book/gitAndGithub/checkout/text.md
2025-07-24T11:28:15.465Z - error: No such file: /Users/damithch/Repos/nus-cs2103/cs2103-website-base/book/detour-conflictAtCheckout-fragment.md
Missing reference in /Users/damithch/Repos/nus-cs2103/cs2103-website-base/book/gitAndGithub/checkout/text.md
2025-07-24T11:28:15.686Z - error: No such file: /Users/damithch/Repos/nus-cs2103/cs2103-website-base/book/detour-conflictAtCheckout-fragment.md
Missing reference in /Users/damithch/Repos/nus-cs2103/cs2103-website-base/book/gitAndGithub/checkout/text.md
2025-07-24T11:29:41.238Z - info: Website generation started at 19:29:40
2025-07-24T11:29:41.589Z - warn: ENOENT: no such file or directory, open '/Users/damithch/Repos/nus-cs2103/cs2103-website-base/node_modules/.cache/gh-pages/https!github.com!nus-cs2103-AY2526S1!website.git/book/_markbind/variables.md'
2025-07-24T11:29:41.589Z - warn: ENOENT: no such file or directory, open '/Users/damithch/Repos/nus-cs2103/cs2103-website-base/node_modules/.cache/gh-pages/https!github.com!nus-cs2103-AY2526S1!website.git/_markbind/variables.md'
2025-07-24T11:29:41.610Z - info: Building assets...
2025-07-24T11:29:44.186Z - info: Assets built
2025-07-24T11:29:44.186Z - info: Generating pages...
2025-07-24T11:29:47.390Z - error: No such file: /Users/damithch/Repos/nus-cs2103/cs2103-website-base/book/detour-conflictAtCheckout-fragment.md
Missing reference in /Users/damithch/Repos/nus-cs2103/cs2103-website-base/book/gitAndGithub/checkout/text.md
2025-07-24T11:29:47.629Z - error: No such file: /Users/damithch/Repos/nus-cs2103/cs2103-website-base/book/detour-conflictAtCheckout-fragment.md
Missing reference in /Users/damithch/Repos/nus-cs2103/cs2103-website-base/book/gitAndGithub/checkout/text.md
2025-07-24T11:29:51.411Z - debug:  
2025-07-24T11:29:51.411Z - debug:  
2025-07-24T11:29:51.492Z - debug:  
2025-07-24T11:29:55.356Z - debug:  
2025-07-24T11:29:55.356Z - debug:  
2025-07-24T11:29:55.356Z - debug:  
2025-07-24T11:29:55.356Z - debug:  
2025-07-24T11:29:55.356Z - debug:  
2025-07-24T11:29:55.356Z - debug:  
2025-07-24T11:29:55.356Z - debug:  
2025-07-24T11:29:55.356Z - debug:  
2025-07-24T11:29:55.356Z - debug:  
2025-07-24T11:29:55.356Z - debug:  
2025-07-24T11:29:55.356Z - debug:  
2025-07-24T11:29:55.356Z - debug:  
2025-07-24T11:29:55.356Z - debug:  
2025-07-24T11:29:55.356Z - debug:  
2025-07-24T11:30:06.294Z - debug:  
2025-07-24T11:30:08.390Z - error: No such file: /Users/damithch/Repos/nus-cs2103/cs2103-website-base/book/detour-conflictAtCheckout-fragment.md
Missing reference in /Users/damithch/Repos/nus-cs2103/cs2103-website-base/book/gitAndGithub/checkout/text.md
2025-07-24T11:30:10.913Z - error: No such file: /Users/damithch/Repos/nus-cs2103/cs2103-website-base/book/detour-conflictAtCheckout-fragment.md
Missing reference in /Users/damithch/Repos/nus-cs2103/cs2103-website-base/book/gitAndGithub/checkout/text.md
2025-07-24T11:30:11.841Z - error: No such file: /Users/damithch/Repos/nus-cs2103/cs2103-website-base/book/detour-conflictAtCheckout-fragment.md
Missing reference in /Users/damithch/Repos/nus-cs2103/cs2103-website-base/book/gitAndGithub/checkout/text.md
2025-07-24T11:30:24.741Z - error: No such file: /Users/damithch/Repos/nus-cs2103/cs2103-website-base/book/detour-conflictAtCheckout-fragment.md
Missing reference in /Users/damithch/Repos/nus-cs2103/cs2103-website-base/book/gitAndGithub/checkout/text.md
2025-07-24T11:30:24.957Z - error: No such file: /Users/damithch/Repos/nus-cs2103/cs2103-website-base/book/detour-conflictAtCheckout-fragment.md
Missing reference in /Users/damithch/Repos/nus-cs2103/cs2103-website-base/book/gitAndGithub/checkout/text.md
2025-07-24T11:30:31.169Z - error: No such file: /Users/damithch/Repos/nus-cs2103/cs2103-website-base/book/detour-conflictAtCheckout-fragment.md
Missing reference in /Users/damithch/Repos/nus-cs2103/cs2103-website-base/book/gitAndGithub/checkout/text.md
2025-07-24T11:30:31.462Z - error: No such file: /Users/damithch/Repos/nus-cs2103/cs2103-website-base/book/detour-conflictAtCheckout-fragment.md
Missing reference in /Users/damithch/Repos/nus-cs2103/cs2103-website-base/book/gitAndGithub/checkout/text.md
2025-07-24T11:30:43.262Z - error: No such file: /Users/damithch/Repos/nus-cs2103/cs2103-website-base/book/detour-conflictAtCheckout-fragment.md
Missing reference in /Users/damithch/Repos/nus-cs2103/cs2103-website-base/book/gitAndGithub/checkout/text.md
2025-07-24T11:31:09.830Z - debug:  
2025-07-24T11:31:21.800Z - debug:  
2025-07-24T11:31:21.841Z - debug:  
2025-07-24T11:31:29.274Z - info: Pages built
2025-07-24T11:31:29.364Z - info: Site data built
2025-07-24T11:31:29.364Z - info: Website generation complete! Total build time: 109.204s
2025-07-24T11:31:29.364Z - info: Build success!
2025-07-24T11:32:11.822Z - info: Website generation (lazy) started at 19:32:10
2025-07-24T11:32:12.276Z - warn: ENOENT: no such file or directory, open '/Users/damithch/Repos/nus-cs2103/cs2103-website-base/node_modules/.cache/gh-pages/https!github.com!nus-cs2103-AY2526S1!website.git/book/_markbind/variables.md'
2025-07-24T11:32:12.277Z - warn: ENOENT: no such file or directory, open '/Users/damithch/Repos/nus-cs2103/cs2103-website-base/node_modules/.cache/gh-pages/https!github.com!nus-cs2103-AY2526S1!website.git/_markbind/variables.md'
2025-07-24T11:32:12.297Z - info: Building assets...
2025-07-24T11:32:16.256Z - info: Assets built
2025-07-24T11:32:16.257Z - info: Generating landing page...
2025-07-24T11:32:16.517Z - info: Landing page built, other pages will be built as you navigate to them!
2025-07-24T11:32:16.593Z - info: Site data built
2025-07-24T11:32:16.593Z - info: Website generation (lazy) complete! Total build time: 6.237s
2025-07-24T11:32:16.607Z - info: Serving "/Users/damithch/Repos/nus-cs2103/cs2103-website-base/_site" at http://127.0.0.1:8080
2025-07-24T11:32:16.607Z - info: Press CTRL+C to stop ...
2025-07-24T11:32:31.345Z - info: Building /Users/damithch/Repos/nus-cs2103/cs2103-website-base/se-book-adapted/git-trail/index as some of its dependencies were changed since the last visit
2025-07-24T11:32:31.862Z - info: Site data built
2025-07-24T11:32:31.862Z - info: Lazy website regeneration complete! Total build time: 0.518s
2025-07-24T11:33:42.497Z - info: Building /Users/damithch/Repos/nus-cs2103/cs2103-website-base/book/gitAndGithub/show/index as some of its dependencies were changed since the last visit
2025-07-24T11:33:42.746Z - info: Site data built
2025-07-24T11:33:42.746Z - info: Lazy website regeneration complete! Total build time: 0.25s
2025-07-24T11:35:42.484Z - info: Building /Users/damithch/Repos/nus-cs2103/cs2103-website-base/book/gitAndGithub/checkout/index as some of its dependencies were changed since the last visit
2025-07-24T11:35:42.570Z - error: No such file: /Users/damithch/Repos/nus-cs2103/cs2103-website-base/book/detour-conflictAtCheckout-fragment.md
Missing reference in /Users/damithch/Repos/nus-cs2103/cs2103-website-base/book/gitAndGithub/checkout/text.md
2025-07-24T11:35:42.678Z - info: Site data built
2025-07-24T11:35:42.678Z - info: Lazy website regeneration complete! Total build time: 0.195s
2025-07-24T11:56:12.817Z - info: [19:56:12] Reload for file change: /Users/damithch/Repos/nus-cs2103/cs2103-website-base/book/common/macros.njk
2025-07-24T11:56:12.819Z - info: Synchronizing opened pages list before reload
2025-07-24T11:56:12.820Z - info: Current opened pages, from most-to-least recent:
2025-07-24T11:56:12.821Z - info: 1. book/gitAndGithub/checkout/index
2025-07-24T11:56:12.821Z - info: 2. se-book-adapted/git-trail/index
2025-07-24T11:56:13.826Z - info: Rebuilding 2 pages
2025-07-24T11:56:14.271Z - info: Site data built
2025-07-24T11:56:14.271Z - info: Pages rebuilt
2025-07-24T11:56:14.271Z - info: Website regeneration complete! Total build time: 0.447s
2025-07-24T11:56:38.163Z - info: [19:56:38] Reload for file change: /Users/damithch/Repos/nus-cs2103/cs2103-website-base/book/common/macros.njk
2025-07-24T11:56:38.164Z - info: Synchronizing opened pages list before reload
2025-07-24T11:56:38.164Z - info: Current opened pages, from most-to-least recent:
2025-07-24T11:56:38.164Z - info: 1. book/gitAndGithub/checkout/index
2025-07-24T11:56:39.170Z - info: Rebuilding 1 pages
2025-07-24T11:56:39.300Z - info: Site data built
2025-07-24T11:56:39.300Z - info: Pages rebuilt
2025-07-24T11:56:39.300Z - info: Website regeneration complete! Total build time: 0.131s
2025-07-24T11:56:52.806Z - info: Website generation started at 19:56:51
2025-07-24T11:56:53.228Z - warn: ENOENT: no such file or directory, open '/Users/damithch/Repos/nus-cs2103/cs2103-website-base/node_modules/.cache/gh-pages/https!github.com!nus-cs2103-AY2526S1!website.git/book/_markbind/variables.md'
2025-07-24T11:56:53.229Z - warn: ENOENT: no such file or directory, open '/Users/damithch/Repos/nus-cs2103/cs2103-website-base/node_modules/.cache/gh-pages/https!github.com!nus-cs2103-AY2526S1!website.git/_markbind/variables.md'
2025-07-24T11:56:53.255Z - info: Building assets...
2025-07-24T11:56:56.030Z - info: Assets built
2025-07-24T11:56:56.030Z - info: Generating pages...
2025-07-24T11:57:04.083Z - debug:  
2025-07-24T11:57:04.084Z - debug:  
2025-07-24T11:57:04.084Z - debug:  
2025-07-24T11:57:04.084Z - debug:  
2025-07-24T11:57:04.084Z - debug:  
2025-07-24T11:57:04.084Z - debug:  
2025-07-24T11:57:04.225Z - debug:  
2025-07-24T11:57:04.225Z - debug:  
2025-07-24T11:57:04.225Z - debug:  
2025-07-24T11:57:04.225Z - debug:  
2025-07-24T11:57:04.225Z - debug:  
2025-07-24T11:57:04.225Z - debug:  
2025-07-24T11:57:04.225Z - debug:  
2025-07-24T11:57:04.225Z - debug:  
2025-07-24T11:57:04.225Z - debug:  
2025-07-24T11:57:04.225Z - debug:  
2025-07-24T11:57:08.303Z - debug:  
2025-07-24T11:57:20.457Z - debug:  
2025-07-24T11:58:22.933Z - debug:  
2025-07-24T11:58:35.159Z - debug:  
2025-07-24T11:58:35.196Z - debug:  
2025-07-24T11:58:41.899Z - info: Pages built
2025-07-24T11:58:41.979Z - info: Site data built
2025-07-24T11:58:41.979Z - info: Website generation complete! Total build time: 110.312s
2025-07-24T11:58:41.979Z - info: Build success!
2025-07-24T12:02:36.237Z - info: Website generation started at 20:02:34
2025-07-24T12:02:36.643Z - warn: ENOENT: no such file or directory, open '/Users/damithch/Repos/nus-cs2103/cs2103-website-base/node_modules/.cache/gh-pages/https!github.com!nus-cs2103-AY2526S1!website.git/book/_markbind/variables.md'
2025-07-24T12:02:36.644Z - warn: ENOENT: no such file or directory, open '/Users/damithch/Repos/nus-cs2103/cs2103-website-base/node_modules/.cache/gh-pages/https!github.com!nus-cs2103-AY2526S1!website.git/_markbind/variables.md'
2025-07-24T12:02:36.663Z - info: Building assets...
2025-07-24T12:02:39.936Z - info: Assets built
2025-07-24T12:02:39.937Z - info: Generating pages...
2025-07-24T12:02:47.570Z - debug:  
2025-07-24T12:02:47.570Z - debug:  
2025-07-24T12:02:48.476Z - debug:  
2025-07-24T12:02:48.476Z - debug:  
2025-07-24T12:02:48.477Z - debug:  
2025-07-24T12:02:48.477Z - debug:  
2025-07-24T12:02:48.477Z - debug:  
2025-07-24T12:02:48.554Z - debug:  
2025-07-24T12:02:52.657Z - debug:  
2025-07-24T12:02:52.657Z - debug:  
2025-07-24T12:02:52.657Z - debug:  
2025-07-24T12:02:52.657Z - debug:  
2025-07-24T12:02:52.657Z - debug:  
2025-07-24T12:02:52.657Z - debug:  
2025-07-24T12:02:52.657Z - debug:  
2025-07-24T12:02:52.657Z - debug:  
2025-07-24T12:02:52.657Z - debug:  
2025-07-24T12:03:03.637Z - debug:  
2025-07-24T12:04:02.645Z - debug:  
2025-07-24T12:04:17.357Z - debug:  
2025-07-24T12:04:17.379Z - debug:  
2025-07-24T12:04:24.769Z - info: Pages built
2025-07-24T12:04:24.842Z - info: Site data built
2025-07-24T12:04:24.842Z - info: Website generation complete! Total build time: 109.892s
2025-07-24T12:04:24.842Z - info: Build success!
2025-07-24T12:04:50.516Z - info: The website has been deployed at: https://nus-cs2103-ay2526s1.github.io/website
2025-07-24T13:26:16.065Z - info: Website generation (lazy) started at 21:26:14
2025-07-24T13:26:16.539Z - warn: ENOENT: no such file or directory, open '/Users/damithch/Repos/nus-cs2103/cs2103-website-base/node_modules/.cache/gh-pages/https!github.com!nus-cs2103-AY2526S1!website.git/book/_markbind/variables.md'
2025-07-24T13:26:16.539Z - warn: ENOENT: no such file or directory, open '/Users/damithch/Repos/nus-cs2103/cs2103-website-base/node_modules/.cache/gh-pages/https!github.com!nus-cs2103-AY2526S1!website.git/_markbind/variables.md'
2025-07-24T13:26:16.558Z - info: Building assets...
2025-07-24T13:26:19.798Z - info: Assets built
2025-07-24T13:26:19.799Z - info: Generating landing page...
2025-07-24T13:26:20.052Z - info: Landing page built, other pages will be built as you navigate to them!
2025-07-24T13:26:20.126Z - info: Site data built
2025-07-24T13:26:20.126Z - info: Website generation (lazy) complete! Total build time: 5.304s
2025-07-24T13:26:20.139Z - info: Serving "/Users/damithch/Repos/nus-cs2103/cs2103-website-base/_site" at http://127.0.0.1:8080
2025-07-24T13:26:20.139Z - info: Press CTRL+C to stop ...
2025-07-24T13:26:32.857Z - info: Building /Users/damithch/Repos/nus-cs2103/cs2103-website-base/se-book-adapted/git-trail/index as some of its dependencies were changed since the last visit
2025-07-24T13:26:33.227Z - info: Site data built
2025-07-24T13:26:33.228Z - info: Lazy website regeneration complete! Total build time: 0.373s
2025-07-24T13:26:49.593Z - info: Building /Users/damithch/Repos/nus-cs2103/cs2103-website-base/book/gitAndGithub/trail/usingRevisionHistory/index as some of its dependencies were changed since the last visit
2025-07-24T13:26:50.108Z - info: Site data built
2025-07-24T13:26:50.108Z - info: Lazy website regeneration complete! Total build time: 0.516s
2025-07-24T13:27:03.440Z - info: Building /Users/damithch/Repos/nus-cs2103/cs2103-website-base/book/gitAndGithub/trail/workingWithRemotes/index as some of its dependencies were changed since the last visit
2025-07-24T13:27:03.659Z - info: Site data built
2025-07-24T13:27:03.659Z - info: Lazy website regeneration complete! Total build time: 0.22s
2025-07-24T13:32:40.166Z - info: [21:32:40] Reload for file change: /Users/damithch/Repos/nus-cs2103/cs2103-website-base/book/gitAndGithub/clone/text.md
2025-07-24T13:32:40.167Z - info: Synchronizing opened pages list before reload
2025-07-24T13:32:40.167Z - info: Current opened pages, from most-to-least recent:
2025-07-24T13:32:40.168Z - info: 1. book/gitAndGithub/trail/workingWithRemotes/index
2025-07-24T13:32:40.168Z - info: 2. se-book-adapted/git-trail/index
2025-07-24T13:32:41.180Z - info: Rebuilding 2 pages
2025-07-24T13:32:41.586Z - info: Site data built
2025-07-24T13:32:41.587Z - info: Pages rebuilt
2025-07-24T13:32:41.587Z - info: Website regeneration complete! Total build time: 0.409s
2025-07-24T13:32:54.179Z - info: [21:32:54] Reload for file change: /Users/damithch/Repos/nus-cs2103/cs2103-website-base/book/gitAndGithub/clone/text.md
2025-07-24T13:32:54.179Z - info: Synchronizing opened pages list before reload
2025-07-24T13:32:54.179Z - info: Current opened pages, from most-to-least recent:
2025-07-24T13:32:54.179Z - info: 1. book/gitAndGithub/trail/workingWithRemotes/index
2025-07-24T13:32:55.186Z - info: Rebuilding 1 pages
2025-07-24T13:32:55.392Z - info: Site data built
2025-07-24T13:32:55.392Z - info: Pages rebuilt
2025-07-24T13:32:55.392Z - info: Website regeneration complete! Total build time: 0.208s
2025-07-24T14:10:13.386Z - info: [22:10:13] Reload for file change: /Users/damithch/Repos/nus-cs2103/cs2103-website-base/book/gitAndGithub/clone/text.md
2025-07-24T14:10:13.391Z - info: Synchronizing opened pages list before reload
2025-07-24T14:10:13.396Z - info: Current opened pages, from most-to-least recent:
2025-07-24T14:10:13.397Z - info: 1. book/gitAndGithub/trail/workingWithRemotes/index
2025-07-24T14:10:14.403Z - info: Rebuilding 1 pages
2025-07-24T14:10:14.607Z - info: Site data built
2025-07-24T14:10:14.607Z - info: Pages rebuilt
2025-07-24T14:10:14.607Z - info: Website regeneration complete! Total build time: 0.207s
2025-07-24T14:10:39.118Z - info: [22:10:39] Reload for file change: /Users/damithch/Repos/nus-cs2103/cs2103-website-base/book/gitAndGithub/clone/text.md
2025-07-24T14:10:39.119Z - info: Synchronizing opened pages list before reload
2025-07-24T14:10:39.120Z - info: Current opened pages, from most-to-least recent:
2025-07-24T14:10:39.120Z - info: 1. book/gitAndGithub/trail/workingWithRemotes/index
2025-07-24T14:10:40.125Z - info: Rebuilding 1 pages
2025-07-24T14:10:40.347Z - info: Site data built
2025-07-24T14:10:40.347Z - info: Pages rebuilt
2025-07-24T14:10:40.347Z - info: Website regeneration complete! Total build time: 0.224s
2025-07-24T14:13:00.791Z - info: [22:13:00] Reload for file change: /Users/damithch/Repos/nus-cs2103/cs2103-website-base/book/gitAndGithub/clone/text.md
2025-07-24T14:13:00.796Z - info: Synchronizing opened pages list before reload
2025-07-24T14:13:00.797Z - info: Current opened pages, from most-to-least recent:
2025-07-24T14:13:00.798Z - info: 1. book/gitAndGithub/trail/workingWithRemotes/index
2025-07-24T14:13:01.814Z - info: Rebuilding 1 pages
2025-07-24T14:13:02.037Z - info: Site data built
2025-07-24T14:13:02.037Z - info: Pages rebuilt
2025-07-24T14:13:02.037Z - info: Website regeneration complete! Total build time: 0.225s
2025-07-24T14:13:11.514Z - info: [22:13:11] Reload for file change: /Users/damithch/Repos/nus-cs2103/cs2103-website-base/book/gitAndGithub/clone/text.md
2025-07-24T14:13:11.514Z - info: Synchronizing opened pages list before reload
2025-07-24T14:13:11.514Z - info: Current opened pages, from most-to-least recent:
2025-07-24T14:13:11.514Z - info: 1. book/gitAndGithub/trail/workingWithRemotes/index
2025-07-24T14:13:12.522Z - info: Rebuilding 1 pages
2025-07-24T14:13:12.732Z - info: Site data built
2025-07-24T14:13:12.732Z - info: Pages rebuilt
2025-07-24T14:13:12.732Z - info: Website regeneration complete! Total build time: 0.212s
2025-07-24T14:13:25.520Z - info: [22:13:25] Reload for file change: /Users/damithch/Repos/nus-cs2103/cs2103-website-base/book/gitAndGithub/clone/text.md
2025-07-24T14:13:25.521Z - info: Synchronizing opened pages list before reload
2025-07-24T14:13:25.521Z - info: Current opened pages, from most-to-least recent:
2025-07-24T14:13:25.521Z - info: 1. book/gitAndGithub/trail/workingWithRemotes/index
2025-07-24T14:13:26.529Z - info: Rebuilding 1 pages
2025-07-24T14:13:26.684Z - info: Site data built
2025-07-24T14:13:26.684Z - info: Pages rebuilt
2025-07-24T14:13:26.684Z - info: Website regeneration complete! Total build time: 0.157s
2025-07-24T14:16:30.279Z - info: [22:16:30] Reload for file change: /Users/damithch/Repos/nus-cs2103/cs2103-website-base/book/gitAndGithub/pull/text.md
2025-07-24T14:16:30.282Z - info: Synchronizing opened pages list before reload
2025-07-24T14:16:30.283Z - info: Current opened pages, from most-to-least recent:
2025-07-24T14:16:30.283Z - info: 1. book/gitAndGithub/trail/workingWithRemotes/index
2025-07-24T14:16:31.290Z - info: Rebuilding 1 pages
2025-07-24T14:16:31.508Z - info: Site data built
2025-07-24T14:16:31.508Z - info: Pages rebuilt
2025-07-24T14:16:31.509Z - info: Website regeneration complete! Total build time: 0.22s
2025-07-24T14:17:41.221Z - info: [22:17:41] Reload for file change: /Users/damithch/Repos/nus-cs2103/cs2103-website-base/book/gitAndGithub/pull/text.md
2025-07-24T14:17:41.225Z - info: Synchronizing opened pages list before reload
2025-07-24T14:17:41.226Z - info: Current opened pages, from most-to-least recent:
2025-07-24T14:17:41.227Z - info: 1. book/gitAndGithub/trail/workingWithRemotes/index
2025-07-24T14:17:42.232Z - info: Rebuilding 1 pages
2025-07-24T14:17:42.478Z - info: Site data built
2025-07-24T14:17:42.478Z - info: Pages rebuilt
2025-07-24T14:17:42.478Z - info: Website regeneration complete! Total build time: 0.248s
2025-07-24T14:19:01.197Z - info: [22:19:01] Reload for file change: /Users/damithch/Repos/nus-cs2103/cs2103-website-base/book/gitAndGithub/pull/text.md
2025-07-24T14:19:01.198Z - info: Synchronizing opened pages list before reload
2025-07-24T14:19:01.199Z - info: Current opened pages, from most-to-least recent:
2025-07-24T14:19:01.199Z - info: 1. book/gitAndGithub/trail/workingWithRemotes/index
2025-07-24T14:19:02.205Z - info: Rebuilding 1 pages
2025-07-24T14:19:02.458Z - info: Site data built
2025-07-24T14:19:02.458Z - info: Pages rebuilt
2025-07-24T14:19:02.458Z - info: Website regeneration complete! Total build time: 0.256s
2025-07-24T14:22:48.464Z - info: [22:22:48] Reload for file change: /Users/damithch/Repos/nus-cs2103/cs2103-website-base/book/gitAndGithub/pull/text.md
2025-07-24T14:22:48.467Z - info: Synchronizing opened pages list before reload
2025-07-24T14:22:48.468Z - info: Current opened pages, from most-to-least recent:
2025-07-24T14:22:48.468Z - info: 1. book/gitAndGithub/trail/workingWithRemotes/index
2025-07-24T14:22:49.478Z - info: Rebuilding 1 pages
2025-07-24T14:22:49.710Z - info: Site data built
2025-07-24T14:22:49.710Z - info: Pages rebuilt
2025-07-24T14:22:49.710Z - info: Website regeneration complete! Total build time: 0.235s
2025-07-24T14:24:13.555Z - info: [22:24:13] Reload for file change: /Users/damithch/Repos/nus-cs2103/cs2103-website-base/book/gitAndGithub/pull/text.md
2025-07-24T14:24:13.556Z - info: Synchronizing opened pages list before reload
2025-07-24T14:24:13.556Z - info: Current opened pages, from most-to-least recent:
2025-07-24T14:24:13.556Z - info: 1. book/gitAndGithub/trail/workingWithRemotes/index
2025-07-24T14:24:14.569Z - info: Rebuilding 1 pages
2025-07-24T14:24:14.795Z - info: Site data built
2025-07-24T14:24:14.795Z - info: Pages rebuilt
2025-07-24T14:24:14.795Z - info: Website regeneration complete! Total build time: 0.228s
2025-07-24T14:24:43.149Z - info: [22:24:43] Reload for file change: /Users/damithch/Repos/nus-cs2103/cs2103-website-base/book/gitAndGithub/pull/text.md
2025-07-24T14:24:43.150Z - info: Synchronizing opened pages list before reload
2025-07-24T14:24:43.155Z - info: Current opened pages, from most-to-least recent:
2025-07-24T14:24:43.155Z - info: 1. book/gitAndGithub/trail/workingWithRemotes/index
2025-07-24T14:24:44.163Z - info: Rebuilding 1 pages
2025-07-24T14:24:44.392Z - info: Site data built
2025-07-24T14:24:44.392Z - info: Pages rebuilt
2025-07-24T14:24:44.392Z - info: Website regeneration complete! Total build time: 0.231s
2025-07-24T14:26:39.238Z - info: [22:26:39] Reload for file change: /Users/damithch/Repos/nus-cs2103/cs2103-website-base/book/gitAndGithub/pull/text.md
2025-07-24T14:26:39.239Z - info: Synchronizing opened pages list before reload
2025-07-24T14:26:39.239Z - info: Current opened pages, from most-to-least recent:
2025-07-24T14:26:39.240Z - info: 1. book/gitAndGithub/trail/workingWithRemotes/index
2025-07-24T14:26:40.244Z - info: Rebuilding 1 pages
2025-07-24T14:26:40.489Z - info: Site data built
2025-07-24T14:26:40.489Z - info: Pages rebuilt
2025-07-24T14:26:40.489Z - info: Website regeneration complete! Total build time: 0.247s
2025-07-24T14:37:12.170Z - info: [22:37:12] Reload for file change: /Users/damithch/Repos/nus-cs2103/cs2103-website-base/book/gitAndGithub/pull/text.md
2025-07-24T14:37:12.171Z - info: Synchronizing opened pages list before reload
2025-07-24T14:37:12.171Z - info: Current opened pages, from most-to-least recent:
2025-07-24T14:37:12.172Z - info: 1. book/gitAndGithub/trail/workingWithRemotes/index
2025-07-24T14:37:13.176Z - info: Rebuilding 1 pages
2025-07-24T14:37:13.405Z - info: Site data built
2025-07-24T14:37:13.406Z - info: Pages rebuilt
2025-07-24T14:37:13.406Z - info: Website regeneration complete! Total build time: 0.232s
2025-07-24T14:38:28.447Z - info: [22:38:28] Reload for file change: /Users/damithch/Repos/nus-cs2103/cs2103-website-base/book/gitAndGithub/pull/text.md
2025-07-24T14:38:28.448Z - info: Synchronizing opened pages list before reload
2025-07-24T14:38:28.448Z - info: Current opened pages, from most-to-least recent:
2025-07-24T14:38:28.448Z - info: 1. book/gitAndGithub/trail/workingWithRemotes/index
2025-07-24T14:38:29.456Z - info: Rebuilding 1 pages
2025-07-24T14:38:29.671Z - info: Site data built
2025-07-24T14:38:29.671Z - info: Pages rebuilt
2025-07-24T14:38:29.671Z - info: Website regeneration complete! Total build time: 0.217s
2025-07-24T14:38:38.420Z - info: [22:38:38] Reload for file change: /Users/damithch/Repos/nus-cs2103/cs2103-website-base/book/gitAndGithub/pull/text.md
2025-07-24T14:38:38.420Z - info: Synchronizing opened pages list before reload
2025-07-24T14:38:38.420Z - info: Current opened pages, from most-to-least recent:
2025-07-24T14:38:38.420Z - info: 1. book/gitAndGithub/trail/workingWithRemotes/index
2025-07-24T14:38:39.423Z - info: Rebuilding 1 pages
2025-07-24T14:38:39.636Z - info: Site data built
2025-07-24T14:38:39.636Z - info: Pages rebuilt
2025-07-24T14:38:39.637Z - info: Website regeneration complete! Total build time: 0.216s
2025-07-24T14:38:53.555Z - info: [22:38:53] Reload for file change: /Users/damithch/Repos/nus-cs2103/cs2103-website-base/book/gitAndGithub/pull/text.md
2025-07-24T14:38:53.556Z - info: Synchronizing opened pages list before reload
2025-07-24T14:38:53.556Z - info: Current opened pages, from most-to-least recent:
2025-07-24T14:38:53.557Z - info: 1. book/gitAndGithub/trail/workingWithRemotes/index
2025-07-24T14:38:54.565Z - info: Rebuilding 1 pages
2025-07-24T14:38:54.756Z - info: Site data built
2025-07-24T14:38:54.756Z - info: Pages rebuilt
2025-07-24T14:38:54.756Z - info: Website regeneration complete! Total build time: 0.192s
2025-07-24T14:39:18.945Z - info: [22:39:18] Reload for file change: /Users/damithch/Repos/nus-cs2103/cs2103-website-base/book/gitAndGithub/pull/text.md
2025-07-24T14:39:18.945Z - info: Synchronizing opened pages list before reload
2025-07-24T14:39:18.945Z - info: Current opened pages, from most-to-least recent:
2025-07-24T14:39:18.945Z - info: 1. book/gitAndGithub/trail/workingWithRemotes/index
2025-07-24T14:39:19.956Z - info: Rebuilding 1 pages
2025-07-24T14:39:20.157Z - info: Site data built
2025-07-24T14:39:20.157Z - info: Pages rebuilt
2025-07-24T14:39:20.157Z - info: Website regeneration complete! Total build time: 0.202s
2025-07-24T14:41:11.533Z - info: [22:41:11] Reload for file change: /Users/damithch/Repos/nus-cs2103/cs2103-website-base/book/gitAndGithub/pull/text.md
2025-07-24T14:41:11.534Z - info: Synchronizing opened pages list before reload
2025-07-24T14:41:11.535Z - info: Current opened pages, from most-to-least recent:
2025-07-24T14:41:11.535Z - info: 1. book/gitAndGithub/trail/workingWithRemotes/index
2025-07-24T14:41:12.540Z - info: Rebuilding 1 pages
2025-07-24T14:41:12.801Z - info: Site data built
2025-07-24T14:41:12.801Z - info: Pages rebuilt
2025-07-24T14:41:12.801Z - info: Website regeneration complete! Total build time: 0.264s
2025-07-24T14:42:31.985Z - info: [22:42:31] Reload for file change: /Users/damithch/Repos/nus-cs2103/cs2103-website-base/book/gitAndGithub/pull/text.md
2025-07-24T14:42:31.990Z - info: Synchronizing opened pages list before reload
2025-07-24T14:42:31.992Z - info: Current opened pages, from most-to-least recent:
2025-07-24T14:42:31.993Z - info: 1. book/gitAndGithub/trail/workingWithRemotes/index
2025-07-24T14:42:33.000Z - info: Rebuilding 1 pages
2025-07-24T14:42:33.262Z - info: Site data built
2025-07-24T14:42:33.262Z - info: Pages rebuilt
2025-07-24T14:42:33.262Z - info: Website regeneration complete! Total build time: 0.264s
2025-07-24T14:42:43.236Z - info: [22:42:43] Reload for file change: /Users/damithch/Repos/nus-cs2103/cs2103-website-base/book/gitAndGithub/pull/text.md
2025-07-24T14:42:43.236Z - info: Synchronizing opened pages list before reload
2025-07-24T14:42:43.236Z - info: Current opened pages, from most-to-least recent:
2025-07-24T14:42:43.236Z - info: 1. book/gitAndGithub/trail/workingWithRemotes/index
2025-07-24T14:42:44.242Z - info: Rebuilding 1 pages
2025-07-24T14:42:44.445Z - info: Site data built
2025-07-24T14:42:44.445Z - info: Pages rebuilt
2025-07-24T14:42:44.445Z - info: Website regeneration complete! Total build time: 0.204s
2025-07-24T14:43:01.301Z - info: [22:43:01] Reload for file change: /Users/damithch/Repos/nus-cs2103/cs2103-website-base/book/gitAndGithub/pull/text.md
2025-07-24T14:43:01.302Z - info: Synchronizing opened pages list before reload
2025-07-24T14:43:01.302Z - info: Current opened pages, from most-to-least recent:
2025-07-24T14:43:01.302Z - info: 1. book/gitAndGithub/trail/workingWithRemotes/index
2025-07-24T14:43:02.305Z - info: Rebuilding 1 pages
2025-07-24T14:43:02.406Z - error: Error parsing texts: ["4.1", "4.2, "4.3"], please check the format of the texts attribute

2025-07-24T14:43:02.552Z - info: Site data built
2025-07-24T14:43:02.552Z - info: Pages rebuilt
2025-07-24T14:43:02.552Z - info: Website regeneration complete! Total build time: 0.249s
2025-07-24T14:43:49.942Z - info: [22:43:49] Reload for file change: /Users/damithch/Repos/nus-cs2103/cs2103-website-base/book/gitAndGithub/pull/text.md
2025-07-24T14:43:49.943Z - info: Synchronizing opened pages list before reload
2025-07-24T14:43:49.944Z - info: Current opened pages, from most-to-least recent:
2025-07-24T14:43:49.944Z - info: 1. book/gitAndGithub/trail/workingWithRemotes/index
2025-07-24T14:43:50.955Z - info: Rebuilding 1 pages
2025-07-24T14:43:51.175Z - info: Site data built
2025-07-24T14:43:51.175Z - info: Pages rebuilt
2025-07-24T14:43:51.175Z - info: Website regeneration complete! Total build time: 0.223s
2025-07-24T14:44:18.906Z - info: [22:44:18] Reload for file change: /Users/damithch/Repos/nus-cs2103/cs2103-website-base/book/gitAndGithub/pull/text.md
2025-07-24T14:44:18.911Z - info: Synchronizing opened pages list before reload
2025-07-24T14:44:18.913Z - info: Current opened pages, from most-to-least recent:
2025-07-24T14:44:18.914Z - info: 1. book/gitAndGithub/trail/workingWithRemotes/index
2025-07-24T14:44:19.925Z - info: Rebuilding 1 pages
2025-07-24T14:44:20.132Z - info: Site data built
2025-07-24T14:44:20.132Z - info: Pages rebuilt
2025-07-24T14:44:20.132Z - info: Website regeneration complete! Total build time: 0.209s
2025-07-24T14:44:36.853Z - info: [22:44:36] Reload for file change: /Users/damithch/Repos/nus-cs2103/cs2103-website-base/book/gitAndGithub/pull/text.md
2025-07-24T14:44:36.853Z - info: Synchronizing opened pages list before reload
2025-07-24T14:44:36.854Z - info: Current opened pages, from most-to-least recent:
2025-07-24T14:44:36.854Z - info: 1. book/gitAndGithub/trail/workingWithRemotes/index
2025-07-24T14:44:37.859Z - info: Rebuilding 1 pages
2025-07-24T14:44:38.073Z - info: Site data built
2025-07-24T14:44:38.073Z - info: Pages rebuilt
2025-07-24T14:44:38.073Z - info: Website regeneration complete! Total build time: 0.216s
2025-07-24T14:44:44.546Z - info: [22:44:44] Reload for file change: /Users/damithch/Repos/nus-cs2103/cs2103-website-base/book/gitAndGithub/pull/text.md
2025-07-24T14:44:44.546Z - info: Synchronizing opened pages list before reload
2025-07-24T14:44:44.546Z - info: Current opened pages, from most-to-least recent:
2025-07-24T14:44:44.546Z - info: 1. book/gitAndGithub/trail/workingWithRemotes/index
2025-07-24T14:44:45.565Z - info: Rebuilding 1 pages
2025-07-24T14:44:45.728Z - info: Site data built
2025-07-24T14:44:45.728Z - info: Pages rebuilt
2025-07-24T14:44:45.728Z - info: Website regeneration complete! Total build time: 0.165s
2025-07-24T14:48:18.714Z - info: Building /Users/damithch/Repos/nus-cs2103/cs2103-website-base/book/gitAndGithub/log/index as some of its dependencies were changed since the last visit
2025-07-24T14:48:18.879Z - info: Site data built
2025-07-24T14:48:18.879Z - info: Lazy website regeneration complete! Total build time: 0.166s
2025-07-24T14:49:27.804Z - info: Building /Users/damithch/Repos/nus-cs2103/cs2103-website-base/se-book-adapted/git-trail/index as some of its dependencies were changed since the last visit
2025-07-24T14:49:28.088Z - info: Site data built
2025-07-24T14:49:28.088Z - info: Lazy website regeneration complete! Total build time: 0.285s
2025-07-24T14:49:35.342Z - info: Building /Users/damithch/Repos/nus-cs2103/cs2103-website-base/book/gitAndGithub/trail/recordingFolderHistory/index as some of its dependencies were changed since the last visit
2025-07-24T14:49:35.644Z - info: Site data built
2025-07-24T14:49:35.644Z - info: Lazy website regeneration complete! Total build time: 0.302s
2025-07-24T14:50:54.550Z - info: [22:50:54] Reload for file change: /Users/damithch/Repos/nus-cs2103/cs2103-website-base/book/gitAndGithub/log/text.md
2025-07-24T14:50:54.554Z - info: Synchronizing opened pages list before reload
2025-07-24T14:50:54.554Z - info: Current opened pages, from most-to-least recent:
2025-07-24T14:50:54.555Z - info: 1. book/gitAndGithub/trail/recordingFolderHistory/index
2025-07-24T14:50:54.555Z - info: 2. book/gitAndGithub/log/index
2025-07-24T14:50:55.572Z - info: Rebuilding 1 pages
2025-07-24T14:50:55.743Z - info: Site data built
2025-07-24T14:50:55.743Z - info: Pages rebuilt
2025-07-24T14:50:55.743Z - info: Website regeneration complete! Total build time: 0.174s
2025-07-24T14:57:32.329Z - info: [22:57:32] Reload for file change: /Users/damithch/Repos/nus-cs2103/cs2103-website-base/book/gitAndGithub/pull/text.md
2025-07-24T14:57:32.331Z - info: Synchronizing opened pages list before reload
2025-07-24T14:57:32.332Z - info: Current opened pages, from most-to-least recent:
2025-07-24T14:57:32.333Z - info: 1. book/gitAndGithub/log/index
2025-07-24T14:57:33.341Z - info: No pages needed to be rebuilt
2025-07-24T14:58:51.012Z - info: [22:58:51] Reload for file change: /Users/damithch/Repos/nus-cs2103/cs2103-website-base/book/gitAndGithub/pull/text.md
2025-07-24T14:58:51.012Z - info: Synchronizing opened pages list before reload
2025-07-24T14:58:51.012Z - info: Current opened pages, from most-to-least recent:
2025-07-24T14:58:51.012Z - info: 1. book/gitAndGithub/log/index
2025-07-24T14:58:52.028Z - info: No pages needed to be rebuilt
2025-07-24T14:59:00.702Z - info: [22:59:00] Reload for file change: /Users/damithch/Repos/nus-cs2103/cs2103-website-base/book/gitAndGithub/pull/text.md
2025-07-24T14:59:00.702Z - info: Synchronizing opened pages list before reload
2025-07-24T14:59:00.702Z - info: Current opened pages, from most-to-least recent:
2025-07-24T14:59:00.702Z - info: 1. book/gitAndGithub/log/index
2025-07-24T14:59:01.717Z - info: No pages needed to be rebuilt
2025-07-24T15:01:10.881Z - info: [23:01:10] Reload for file change: /Users/damithch/Repos/nus-cs2103/cs2103-website-base/book/gitAndGithub/log/text.md
2025-07-24T15:01:10.881Z - info: Synchronizing opened pages list before reload
2025-07-24T15:01:10.881Z - info: Current opened pages, from most-to-least recent:
2025-07-24T15:01:10.881Z - info: 1. book/gitAndGithub/log/index
2025-07-24T15:01:11.886Z - info: Rebuilding 1 pages
2025-07-24T15:01:12.056Z - info: Site data built
2025-07-24T15:01:12.056Z - info: Pages rebuilt
2025-07-24T15:01:12.056Z - info: Website regeneration complete! Total build time: 0.172s
2025-07-24T15:01:54.486Z - info: [23:01:54] Reload for file change: /Users/damithch/Repos/nus-cs2103/cs2103-website-base/book/gitAndGithub/log/text.md
2025-07-24T15:01:54.487Z - info: Synchronizing opened pages list before reload
2025-07-24T15:01:54.487Z - info: Current opened pages, from most-to-least recent:
2025-07-24T15:01:54.487Z - info: 1. book/gitAndGithub/log/index
2025-07-24T15:01:55.498Z - info: Rebuilding 1 pages
2025-07-24T15:01:55.687Z - info: Site data built
2025-07-24T15:01:55.687Z - info: Pages rebuilt
2025-07-24T15:01:55.687Z - info: Website regeneration complete! Total build time: 0.192s
2025-07-24T15:11:10.269Z - info: [23:11:10] Reload for file change: /Users/damithch/Repos/nus-cs2103/cs2103-website-base/book/gitAndGithub/log/text.md
2025-07-24T15:11:10.270Z - info: Synchronizing opened pages list before reload
2025-07-24T15:11:10.270Z - info: Current opened pages, from most-to-least recent:
2025-07-24T15:11:10.270Z - info: 1. book/gitAndGithub/trail/recordingFolderHistory/index
2025-07-24T15:11:10.270Z - info: 2. book/gitAndGithub/log/index
2025-07-24T15:11:11.281Z - info: Rebuilding 1 pages
2025-07-24T15:11:11.449Z - info: Site data built
2025-07-24T15:11:11.449Z - info: Pages rebuilt
2025-07-24T15:11:11.449Z - info: Website regeneration complete! Total build time: 0.17s
2025-07-24T15:14:31.214Z - info: [23:14:31] Reload for file change: /Users/damithch/Repos/nus-cs2103/cs2103-website-base/book/gitAndGithub/log/cli-view-rg-normal.md
2025-07-24T15:14:31.216Z - info: Synchronizing opened pages list before reload
2025-07-24T15:14:31.216Z - info: Current opened pages, from most-to-least recent:
2025-07-24T15:14:31.216Z - info: 1. book/gitAndGithub/log/index
2025-07-24T15:14:32.223Z - info: Rebuilding 1 pages
2025-07-24T15:14:32.384Z - info: Site data built
2025-07-24T15:14:32.384Z - info: Pages rebuilt
2025-07-24T15:14:32.384Z - info: Website regeneration complete! Total build time: 0.164s
2025-07-24T15:16:34.909Z - info: [23:16:34] Reload for file change: /Users/damithch/Repos/nus-cs2103/cs2103-website-base/book/gitAndGithub/log/cli-view-rg-normal.md
2025-07-24T15:16:34.912Z - info: Synchronizing opened pages list before reload
2025-07-24T15:16:34.912Z - info: Current opened pages, from most-to-least recent:
2025-07-24T15:16:34.912Z - info: 1. book/gitAndGithub/log/index
2025-07-24T15:16:35.917Z - info: Rebuilding 1 pages
2025-07-24T15:16:36.077Z - info: Site data built
2025-07-24T15:16:36.077Z - info: Pages rebuilt
2025-07-24T15:16:36.077Z - info: Website regeneration complete! Total build time: 0.162s
2025-07-24T15:18:19.468Z - info: [23:18:19] Reload for file change: /Users/damithch/Repos/nus-cs2103/cs2103-website-base/book/gitAndGithub/log/cli-view-rg-normal.md
2025-07-24T15:18:19.469Z - info: Synchronizing opened pages list before reload
2025-07-24T15:18:19.469Z - info: Current opened pages, from most-to-least recent:
2025-07-24T15:18:19.469Z - info: 1. book/gitAndGithub/log/index
2025-07-24T15:18:20.473Z - info: Rebuilding 1 pages
2025-07-24T15:18:20.634Z - info: Site data built
2025-07-24T15:18:20.634Z - info: Pages rebuilt
2025-07-24T15:18:20.634Z - info: Website regeneration complete! Total build time: 0.163s
2025-07-24T15:20:14.332Z - info: [23:20:14] Reload for file change: /Users/damithch/Repos/nus-cs2103/cs2103-website-base/book/gitAndGithub/log/cli-view-rg-normal.md
2025-07-24T15:20:14.332Z - info: Synchronizing opened pages list before reload
2025-07-24T15:20:14.333Z - info: Current opened pages, from most-to-least recent:
2025-07-24T15:20:14.333Z - info: 1. book/gitAndGithub/log/index
2025-07-24T15:20:15.349Z - info: Rebuilding 1 pages
2025-07-24T15:20:15.514Z - info: Site data built
2025-07-24T15:20:15.514Z - info: Pages rebuilt
2025-07-24T15:20:15.514Z - info: Website regeneration complete! Total build time: 0.167s
2025-07-24T15:21:31.965Z - info: [23:21:31] Reload for file change: /Users/damithch/Repos/nus-cs2103/cs2103-website-base/book/gitAndGithub/log/cli-view-rg-normal.md
2025-07-24T15:21:31.969Z - info: Synchronizing opened pages list before reload
2025-07-24T15:21:31.971Z - info: Current opened pages, from most-to-least recent:
2025-07-24T15:21:31.971Z - info: 1. book/gitAndGithub/log/index
2025-07-24T15:21:32.978Z - info: Rebuilding 1 pages
2025-07-24T15:21:33.149Z - info: Site data built
2025-07-24T15:21:33.149Z - info: Pages rebuilt
2025-07-24T15:21:33.149Z - info: Website regeneration complete! Total build time: 0.173s
2025-07-24T15:21:45.860Z - info: [23:21:45] Reload for file change: /Users/damithch/Repos/nus-cs2103/cs2103-website-base/book/gitAndGithub/log/cli-view-rg-normal.md
2025-07-24T15:21:45.861Z - info: Synchronizing opened pages list before reload
2025-07-24T15:21:45.861Z - info: Current opened pages, from most-to-least recent:
2025-07-24T15:21:45.861Z - info: 1. book/gitAndGithub/log/index
2025-07-24T15:21:46.864Z - info: Rebuilding 1 pages
2025-07-24T15:21:47.006Z - info: Site data built
2025-07-24T15:21:47.006Z - info: Pages rebuilt
2025-07-24T15:21:47.006Z - info: Website regeneration complete! Total build time: 0.144s
2025-07-24T15:22:09.396Z - info: [23:22:09] Reload for file change: /Users/damithch/Repos/nus-cs2103/cs2103-website-base/book/gitAndGithub/log/cli-view-rg-normal.md
2025-07-24T15:22:09.396Z - info: Synchronizing opened pages list before reload
2025-07-24T15:22:09.397Z - info: Current opened pages, from most-to-least recent:
2025-07-24T15:22:09.397Z - info: 1. book/gitAndGithub/log/index
2025-07-24T15:22:10.410Z - info: Rebuilding 1 pages
2025-07-24T15:22:10.593Z - info: Site data built
2025-07-24T15:22:10.593Z - info: Pages rebuilt
2025-07-24T15:22:10.593Z - info: Website regeneration complete! Total build time: 0.185s
2025-07-24T15:24:13.943Z - info: [23:24:13] Reload for file change: /Users/damithch/Repos/nus-cs2103/cs2103-website-base/book/gitAndGithub/log/cli-view-rg-normal.md
2025-07-24T15:24:13.944Z - info: Synchronizing opened pages list before reload
2025-07-24T15:24:13.945Z - info: Current opened pages, from most-to-least recent:
2025-07-24T15:24:13.945Z - info: 1. book/gitAndGithub/log/index
2025-07-24T15:24:14.956Z - info: Rebuilding 1 pages
2025-07-24T15:24:15.123Z - info: Site data built
2025-07-24T15:24:15.123Z - info: Pages rebuilt
2025-07-24T15:24:15.123Z - info: Website regeneration complete! Total build time: 0.169s
2025-07-24T15:24:53.548Z - info: [23:24:53] Reload for file change: /Users/damithch/Repos/nus-cs2103/cs2103-website-base/book/gitAndGithub/log/cli-view-rg-normal.md
2025-07-24T15:24:53.548Z - info: Synchronizing opened pages list before reload
2025-07-24T15:24:53.548Z - info: Current opened pages, from most-to-least recent:
2025-07-24T15:24:53.549Z - info: 1. book/gitAndGithub/log/index
2025-07-24T15:24:54.560Z - info: Rebuilding 1 pages
2025-07-24T15:24:54.730Z - info: Site data built
2025-07-24T15:24:54.730Z - info: Pages rebuilt
2025-07-24T15:24:54.731Z - info: Website regeneration complete! Total build time: 0.172s
2025-07-24T15:25:09.845Z - info: [23:25:09] Reload for file change: /Users/damithch/Repos/nus-cs2103/cs2103-website-base/book/gitAndGithub/log/cli-view-rg-normal.md
2025-07-24T15:25:09.845Z - info: Synchronizing opened pages list before reload
2025-07-24T15:25:09.845Z - info: Current opened pages, from most-to-least recent:
2025-07-24T15:25:09.846Z - info: 1. book/gitAndGithub/log/index
2025-07-24T15:25:10.856Z - info: Rebuilding 1 pages
2025-07-24T15:25:11.013Z - info: Site data built
2025-07-24T15:25:11.013Z - info: Pages rebuilt
2025-07-24T15:25:11.013Z - info: Website regeneration complete! Total build time: 0.159s
2025-07-24T15:31:35.555Z - info: [23:31:35] Reload for file change: /Users/damithch/Repos/nus-cs2103/cs2103-website-base/book/common/macros.njk
2025-07-24T15:31:35.559Z - info: Synchronizing opened pages list before reload
2025-07-24T15:31:35.560Z - info: Current opened pages, from most-to-least recent:
2025-07-24T15:31:35.561Z - info: 1. book/gitAndGithub/log/index
2025-07-24T15:31:36.571Z - info: Rebuilding 1 pages
2025-07-24T15:31:36.763Z - info: Site data built
2025-07-24T15:31:36.764Z - info: Pages rebuilt
2025-07-24T15:31:36.764Z - info: Website regeneration complete! Total build time: 0.196s
2025-07-24T15:32:01.453Z - info: [23:32:01] Reload for file change: /Users/damithch/Repos/nus-cs2103/cs2103-website-base/book/common/macros.njk
2025-07-24T15:32:01.453Z - info: Synchronizing opened pages list before reload
2025-07-24T15:32:01.454Z - info: Current opened pages, from most-to-least recent:
2025-07-24T15:32:01.454Z - info: 1. book/gitAndGithub/log/index
2025-07-24T15:32:02.455Z - info: Rebuilding 1 pages
2025-07-24T15:32:02.516Z - warn: Usage of conflicting box attributes: 'no-icon' with 'icon'
2025-07-24T15:32:02.620Z - info: Site data built
2025-07-24T15:32:02.620Z - info: Pages rebuilt
2025-07-24T15:32:02.620Z - info: Website regeneration complete! Total build time: 0.166s
2025-07-24T15:32:17.725Z - info: [23:32:17] Reload for file change: /Users/damithch/Repos/nus-cs2103/cs2103-website-base/book/common/macros.njk
2025-07-24T15:32:17.725Z - info: Synchronizing opened pages list before reload
2025-07-24T15:32:17.725Z - info: Current opened pages, from most-to-least recent:
2025-07-24T15:32:17.725Z - info: 1. book/gitAndGithub/log/index
2025-07-24T15:32:18.734Z - info: Rebuilding 1 pages
2025-07-24T15:32:18.887Z - info: Site data built
2025-07-24T15:32:18.887Z - info: Pages rebuilt
2025-07-24T15:32:18.887Z - info: Website regeneration complete! Total build time: 0.155s
2025-07-24T15:32:31.776Z - info: [23:32:31] Reload for file change: /Users/damithch/Repos/nus-cs2103/cs2103-website-base/book/common/macros.njk
2025-07-24T15:32:31.776Z - info: Synchronizing opened pages list before reload
2025-07-24T15:32:31.777Z - info: Current opened pages, from most-to-least recent:
2025-07-24T15:32:31.777Z - info: 1. book/gitAndGithub/log/index
2025-07-24T15:32:32.785Z - info: Rebuilding 1 pages
2025-07-24T15:32:32.940Z - info: Site data built
2025-07-24T15:32:32.940Z - info: Pages rebuilt
2025-07-24T15:32:32.940Z - info: Website regeneration complete! Total build time: 0.156s
2025-07-24T15:32:46.942Z - info: [23:32:46] Reload for file change: /Users/damithch/Repos/nus-cs2103/cs2103-website-base/book/common/macros.njk
2025-07-24T15:32:46.942Z - info: Synchronizing opened pages list before reload
2025-07-24T15:32:46.942Z - info: Current opened pages, from most-to-least recent:
2025-07-24T15:32:46.942Z - info: 1. book/gitAndGithub/log/index
2025-07-24T15:32:47.954Z - info: Rebuilding 1 pages
2025-07-24T15:32:48.109Z - info: Site data built
2025-07-24T15:32:48.109Z - info: Pages rebuilt
2025-07-24T15:32:48.109Z - info: Website regeneration complete! Total build time: 0.157s
2025-07-24T15:34:50.903Z - info: [23:34:50] Reload for file change: /Users/damithch/Repos/nus-cs2103/cs2103-website-base/book/gitAndGithub/log/cli-view-rg-normal.md
2025-07-24T15:34:50.906Z - info: Synchronizing opened pages list before reload
2025-07-24T15:34:50.908Z - info: Current opened pages, from most-to-least recent:
2025-07-24T15:34:50.911Z - info: 1. book/gitAndGithub/log/index
2025-07-24T15:34:51.919Z - info: Rebuilding 1 pages
2025-07-24T15:34:52.079Z - info: Site data built
2025-07-24T15:34:52.079Z - info: Pages rebuilt
2025-07-24T15:34:52.079Z - info: Website regeneration complete! Total build time: 0.162s
2025-07-24T15:38:04.032Z - info: [23:38:04] Reload for file change: /Users/damithch/Repos/nus-cs2103/cs2103-website-base/book/gitAndGithub/log/cli-view-rg-normal.md
2025-07-24T15:38:04.033Z - info: Synchronizing opened pages list before reload
2025-07-24T15:38:04.034Z - info: Current opened pages, from most-to-least recent:
2025-07-24T15:38:04.034Z - info: 1. book/gitAndGithub/log/index
2025-07-24T15:38:05.038Z - info: Rebuilding 1 pages
2025-07-24T15:38:05.260Z - info: Site data built
2025-07-24T15:38:05.261Z - info: Pages rebuilt
2025-07-24T15:38:05.261Z - info: Website regeneration complete! Total build time: 0.225s
2025-07-24T15:38:29.171Z - info: [23:38:29] Reload for file change: /Users/damithch/Repos/nus-cs2103/cs2103-website-base/book/gitAndGithub/log/cli-view-rg-normal.md
2025-07-24T15:38:29.172Z - info: Synchronizing opened pages list before reload
2025-07-24T15:38:29.173Z - info: Current opened pages, from most-to-least recent:
2025-07-24T15:38:29.173Z - info: 1. book/gitAndGithub/log/index
2025-07-24T15:38:30.178Z - info: Rebuilding 1 pages
2025-07-24T15:38:30.353Z - info: Site data built
2025-07-24T15:38:30.353Z - info: Pages rebuilt
2025-07-24T15:38:30.353Z - info: Website regeneration complete! Total build time: 0.177s
2025-07-24T15:39:26.329Z - info: [23:39:26] Reload for file change: /Users/damithch/Repos/nus-cs2103/cs2103-website-base/book/gitAndGithub/log/cli-view-rg-normal.md
2025-07-24T15:39:26.330Z - info: Synchronizing opened pages list before reload
2025-07-24T15:39:26.330Z - info: Current opened pages, from most-to-least recent:
2025-07-24T15:39:26.330Z - info: 1. book/gitAndGithub/log/index
2025-07-24T15:39:27.344Z - info: Rebuilding 1 pages
2025-07-24T15:39:27.512Z - info: Site data built
2025-07-24T15:39:27.512Z - info: Pages rebuilt
2025-07-24T15:39:27.512Z - info: Website regeneration complete! Total build time: 0.17s
2025-07-24T15:40:21.252Z - info: [23:40:21] Reload for file change: /Users/damithch/Repos/nus-cs2103/cs2103-website-base/book/gitAndGithub/log/cli-view-rg-normal.md
2025-07-24T15:40:21.252Z - info: Synchronizing opened pages list before reload
2025-07-24T15:40:21.252Z - info: Current opened pages, from most-to-least recent:
2025-07-24T15:40:21.252Z - info: 1. book/gitAndGithub/log/index
2025-07-24T15:40:22.266Z - info: Rebuilding 1 pages
2025-07-24T15:40:22.431Z - info: Site data built
2025-07-24T15:40:22.431Z - info: Pages rebuilt
2025-07-24T15:40:22.431Z - info: Website regeneration complete! Total build time: 0.166s
2025-07-24T15:40:48.456Z - info: [23:40:48] Reload for file change: /Users/damithch/Repos/nus-cs2103/cs2103-website-base/book/gitAndGithub/log/cli-view-rg-normal.md
2025-07-24T15:40:48.457Z - info: Synchronizing opened pages list before reload
2025-07-24T15:40:48.457Z - info: Current opened pages, from most-to-least recent:
2025-07-24T15:40:48.457Z - info: 1. book/gitAndGithub/log/index
2025-07-24T15:40:49.463Z - info: Rebuilding 1 pages
2025-07-24T15:40:49.639Z - info: Site data built
2025-07-24T15:40:49.639Z - info: Pages rebuilt
2025-07-24T15:40:49.639Z - info: Website regeneration complete! Total build time: 0.178s
2025-07-24T15:41:22.007Z - info: [23:41:22] Reload for file change: /Users/damithch/Repos/nus-cs2103/cs2103-website-base/book/gitAndGithub/log/cli-view-rg-normal.md
2025-07-24T15:41:22.008Z - info: Synchronizing opened pages list before reload
2025-07-24T15:41:22.008Z - info: Current opened pages, from most-to-least recent:
2025-07-24T15:41:22.008Z - info: 1. book/gitAndGithub/log/index
2025-07-24T15:41:23.012Z - info: Rebuilding 1 pages
2025-07-24T15:41:23.181Z - info: Site data built
2025-07-24T15:41:23.181Z - info: Pages rebuilt
2025-07-24T15:41:23.181Z - info: Website regeneration complete! Total build time: 0.171s
2025-07-24T15:41:48.582Z - info: [23:41:48] Reload for file change: /Users/damithch/Repos/nus-cs2103/cs2103-website-base/book/gitAndGithub/log/cli-view-rg-normal.md
2025-07-24T15:41:48.583Z - info: Synchronizing opened pages list before reload
2025-07-24T15:41:48.583Z - info: Current opened pages, from most-to-least recent:
2025-07-24T15:41:48.584Z - info: 1. book/gitAndGithub/log/index
2025-07-24T15:41:49.598Z - info: Rebuilding 1 pages
2025-07-24T15:41:49.759Z - info: Site data built
2025-07-24T15:41:49.759Z - info: Pages rebuilt
2025-07-24T15:41:49.759Z - info: Website regeneration complete! Total build time: 0.164s
2025-07-24T15:42:41.811Z - info: [23:42:41] Reload for file change: /Users/damithch/Repos/nus-cs2103/cs2103-website-base/book/gitAndGithub/log/cli-view-rg-normal.md
2025-07-24T15:42:41.812Z - info: Synchronizing opened pages list before reload
2025-07-24T15:42:41.812Z - info: Current opened pages, from most-to-least recent:
2025-07-24T15:42:41.812Z - info: 1. book/gitAndGithub/log/index
2025-07-24T15:42:42.814Z - info: Rebuilding 1 pages
2025-07-24T15:42:42.981Z - info: Site data built
2025-07-24T15:42:42.981Z - info: Pages rebuilt
2025-07-24T15:42:42.981Z - info: Website regeneration complete! Total build time: 0.168s
2025-07-24T15:43:49.270Z - info: [23:43:49] Reload for file change: /Users/damithch/Repos/nus-cs2103/cs2103-website-base/book/gitAndGithub/log/cli-view-rg-normal.md
2025-07-24T15:43:49.271Z - info: Synchronizing opened pages list before reload
2025-07-24T15:43:49.271Z - info: Current opened pages, from most-to-least recent:
2025-07-24T15:43:49.271Z - info: 1. book/gitAndGithub/log/index
2025-07-24T15:43:50.276Z - info: Rebuilding 1 pages
2025-07-24T15:43:50.448Z - info: Site data built
2025-07-24T15:43:50.448Z - info: Pages rebuilt
2025-07-24T15:43:50.448Z - info: Website regeneration complete! Total build time: 0.174s
2025-07-24T15:44:05.572Z - info: [23:44:05] Reload for file change: /Users/damithch/Repos/nus-cs2103/cs2103-website-base/book/gitAndGithub/log/cli-view-rg-normal.md
2025-07-24T15:44:05.573Z - info: Synchronizing opened pages list before reload
2025-07-24T15:44:05.573Z - info: Current opened pages, from most-to-least recent:
2025-07-24T15:44:05.573Z - info: 1. book/gitAndGithub/log/index
2025-07-24T15:44:06.587Z - info: Rebuilding 1 pages
2025-07-24T15:44:06.756Z - info: Site data built
2025-07-24T15:44:06.756Z - info: Pages rebuilt
2025-07-24T15:44:06.756Z - info: Website regeneration complete! Total build time: 0.17s
2025-07-24T15:44:16.314Z - info: [23:44:16] Reload for file change: /Users/damithch/Repos/nus-cs2103/cs2103-website-base/book/gitAndGithub/log/cli-view-rg-normal.md
2025-07-24T15:44:16.314Z - info: Synchronizing opened pages list before reload
2025-07-24T15:44:16.314Z - info: Current opened pages, from most-to-least recent:
2025-07-24T15:44:16.314Z - info: 1. book/gitAndGithub/log/index
2025-07-24T15:44:17.329Z - info: Rebuilding 1 pages
2025-07-24T15:44:17.486Z - info: Site data built
2025-07-24T15:44:17.486Z - info: Pages rebuilt
2025-07-24T15:44:17.486Z - info: Website regeneration complete! Total build time: 0.159s
2025-07-24T15:45:16.899Z - info: [23:45:16] Reload for file change: /Users/damithch/Repos/nus-cs2103/cs2103-website-base/book/gitAndGithub/log/cli-view-rg-normal.md
2025-07-24T15:45:16.900Z - info: Synchronizing opened pages list before reload
2025-07-24T15:45:16.901Z - info: Current opened pages, from most-to-least recent:
2025-07-24T15:45:16.901Z - info: 1. book/gitAndGithub/log/index
2025-07-24T15:45:17.914Z - info: Rebuilding 1 pages
2025-07-24T15:45:18.089Z - info: Site data built
2025-07-24T15:45:18.089Z - info: Pages rebuilt
2025-07-24T15:45:18.089Z - info: Website regeneration complete! Total build time: 0.176s
2025-07-24T15:46:16.327Z - info: [23:46:16] Reload for file change: /Users/damithch/Repos/nus-cs2103/cs2103-website-base/book/gitAndGithub/log/cli-view-rg-normal.md
2025-07-24T15:46:16.359Z - info: Synchronizing opened pages list before reload
2025-07-24T15:46:16.389Z - info: Current opened pages, from most-to-least recent:
2025-07-24T15:46:16.389Z - info: 1. book/gitAndGithub/log/index
2025-07-24T15:46:17.409Z - info: Rebuilding 1 pages
2025-07-24T15:46:17.585Z - info: Site data built
2025-07-24T15:46:17.585Z - info: Pages rebuilt
2025-07-24T15:46:17.585Z - info: Website regeneration complete! Total build time: 0.178s
2025-07-24T15:47:58.197Z - info: [23:47:58] Reload for file change: /Users/damithch/Repos/nus-cs2103/cs2103-website-base/book/gitAndGithub/log/cli-view-rg-normal.md
2025-07-24T15:47:58.198Z - info: Synchronizing opened pages list before reload
2025-07-24T15:47:58.199Z - info: Current opened pages, from most-to-least recent:
2025-07-24T15:47:58.199Z - info: 1. book/gitAndGithub/log/index
2025-07-24T15:47:59.208Z - info: Rebuilding 1 pages
2025-07-24T15:47:59.393Z - info: Site data built
2025-07-24T15:47:59.393Z - info: Pages rebuilt
2025-07-24T15:47:59.393Z - info: Website regeneration complete! Total build time: 0.188s
2025-07-24T15:48:37.500Z - info: [23:48:37] Reload for file change: /Users/damithch/Repos/nus-cs2103/cs2103-website-base/book/gitAndGithub/log/cli-view-rg-normal.md
2025-07-24T15:48:37.500Z - info: Synchronizing opened pages list before reload
2025-07-24T15:48:37.500Z - info: Current opened pages, from most-to-least recent:
2025-07-24T15:48:37.500Z - info: 1. book/gitAndGithub/log/index
2025-07-24T15:48:38.509Z - info: Rebuilding 1 pages
2025-07-24T15:48:38.669Z - info: Site data built
2025-07-24T15:48:38.669Z - info: Pages rebuilt
2025-07-24T15:48:38.669Z - info: Website regeneration complete! Total build time: 0.161s
2025-07-24T15:49:13.762Z - info: [23:49:13] Reload for file change: /Users/damithch/Repos/nus-cs2103/cs2103-website-base/book/gitAndGithub/log/cli-view-rg-normal.md
2025-07-24T15:49:13.762Z - info: Synchronizing opened pages list before reload
2025-07-24T15:49:13.763Z - info: Current opened pages, from most-to-least recent:
2025-07-24T15:49:13.763Z - info: 1. book/gitAndGithub/log/index
2025-07-24T15:49:14.772Z - info: Rebuilding 1 pages
2025-07-24T15:49:14.979Z - info: Site data built
2025-07-24T15:49:14.979Z - info: Pages rebuilt
2025-07-24T15:49:14.979Z - info: Website regeneration complete! Total build time: 0.209s
2025-07-24T15:51:48.596Z - info: Building /Users/damithch/Repos/nus-cs2103/cs2103-website-base/book/gitAndGithub/trail/recordingFolderHistory/index as some of its dependencies were changed since the last visit
2025-07-24T15:51:49.004Z - info: Site data built
2025-07-24T15:51:49.004Z - info: Lazy website regeneration complete! Total build time: 0.409s
2025-07-24T15:51:56.469Z - info: Building /Users/damithch/Repos/nus-cs2103/cs2103-website-base/book/gitAndGithub/trail/usingRevisionHistory/index as some of its dependencies were changed since the last visit
2025-07-24T15:51:56.836Z - info: Site data built
2025-07-24T15:51:56.836Z - info: Lazy website regeneration complete! Total build time: 0.368s
2025-07-24T15:52:04.816Z - info: Building /Users/damithch/Repos/nus-cs2103/cs2103-website-base/book/gitAndGithub/tag/index as some of its dependencies were changed since the last visit
2025-07-24T15:52:04.931Z - info: Site data built
2025-07-24T15:52:04.931Z - info: Lazy website regeneration complete! Total build time: 0.115s
2025-07-24T15:53:38.522Z - info: Building /Users/damithch/Repos/nus-cs2103/cs2103-website-base/book/gitAndGithub/trail/workingWithRemotes/index as some of its dependencies were changed since the last visit
2025-07-24T15:53:38.749Z - info: Site data built
2025-07-24T15:53:38.749Z - info: Lazy website regeneration complete! Total build time: 0.227s
