2025-10-16T07:24:50.855Z - info: Website generation started at 15:24:50
2025-10-16T07:24:51.490Z - warn: ENOENT: no such file or directory, open '/Users/damithch/Repos/nus-cs2103/cs2103-website-base/node_modules/.cache/gh-pages/https!github.com!nus-cs2103-AY2526S1!website.git/book/_markbind/variables.md'
2025-10-16T07:24:51.490Z - warn: ENOENT: no such file or directory, open '/Users/damithch/Repos/nus-cs2103/cs2103-website-base/node_modules/.cache/gh-pages/https!github.com!nus-cs2103-AY2526S1!website.git/_markbind/variables.md'
2025-10-16T07:24:51.510Z - info: Building assets...
2025-10-16T07:24:54.257Z - info: Assets built
2025-10-16T07:24:54.257Z - info: Generating pages...
2025-10-16T07:25:00.614Z - debug:  
2025-10-16T07:25:00.614Z - debug:  
2025-10-16T07:25:00.720Z - debug:  
2025-10-16T07:25:04.394Z - debug:  
2025-10-16T07:25:04.395Z - debug:  
2025-10-16T07:25:04.395Z - debug:  
2025-10-16T07:25:04.395Z - debug:  
2025-10-16T07:25:04.395Z - debug:  
2025-10-16T07:25:04.395Z - debug:  
2025-10-16T07:25:04.395Z - debug:  
2025-10-16T07:25:04.395Z - debug:  
2025-10-16T07:25:04.395Z - debug:  
2025-10-16T07:25:06.578Z - debug:  
2025-10-16T07:25:06.840Z - debug:  
2025-10-16T07:25:06.956Z - debug:  
2025-10-16T07:25:06.969Z - debug:  
2025-10-16T07:25:06.992Z - debug:  
2025-10-16T07:25:06.992Z - debug:  
2025-10-16T07:25:16.960Z - debug:  
2025-10-16T07:26:20.150Z - debug:  
2025-10-16T07:26:33.759Z - debug:  
2025-10-16T07:26:33.793Z - debug:  
2025-10-16T07:26:43.072Z - info: Pages built
2025-10-16T07:26:43.149Z - info: Site data built
2025-10-16T07:26:43.150Z - info: Website generation complete! Total build time: 113.083s
2025-10-16T07:26:43.150Z - info: Build success!
2025-10-16T07:27:10.523Z - info: The website has been deployed at: https://nus-cs2103-ay2526s1.github.io/website
2025-10-16T07:37:22.083Z - info: Website generation (lazy) started at 15:37:20
2025-10-16T07:37:22.531Z - warn: ENOENT: no such file or directory, open '/Users/damithch/Repos/nus-cs2103/cs2103-website-base/node_modules/.cache/gh-pages/https!github.com!nus-cs2103-AY2526S1!website.git/book/_markbind/variables.md'
2025-10-16T07:37:22.531Z - warn: ENOENT: no such file or directory, open '/Users/damithch/Repos/nus-cs2103/cs2103-website-base/node_modules/.cache/gh-pages/https!github.com!nus-cs2103-AY2526S1!website.git/_markbind/variables.md'
2025-10-16T07:37:22.551Z - info: Building assets...
2025-10-16T07:37:26.113Z - info: Assets built
2025-10-16T07:37:26.115Z - info: Generating landing page...
2025-10-16T07:37:26.795Z - info: Landing page built, other pages will be built as you navigate to them!
2025-10-16T07:37:26.907Z - info: Site data built
2025-10-16T07:37:26.908Z - info: Website generation (lazy) complete! Total build time: 6.311s
2025-10-16T07:37:26.925Z - info: Serving "/Users/damithch/Repos/nus-cs2103/cs2103-website-base/_site" at http://127.0.0.1:8080
2025-10-16T07:37:26.925Z - info: Press CTRL+C to stop ...
2025-10-16T07:38:52.241Z - info: [15:38:52] Reload for file change: /Users/damithch/Repos/nus-cs2103/cs2103-website-base/admin/faq-fragment.md
2025-10-16T07:38:52.243Z - info: Synchronizing opened pages list before reload
2025-10-16T07:38:52.244Z - info: Current opened pages, from most-to-least recent:
2025-10-16T07:38:52.244Z - info: 1. index
2025-10-16T07:38:53.250Z - info: Assets built
2025-10-16T07:40:14.187Z - info: [15:40:14] Reload for file change: /Users/damithch/Repos/nus-cs2103/cs2103-website-base/admin/faq-fragment.md
2025-10-16T07:40:14.194Z - info: Synchronizing opened pages list before reload
2025-10-16T07:40:14.197Z - info: Current opened pages, from most-to-least recent:
2025-10-16T07:40:14.200Z - info: 1. index
2025-10-16T07:40:14.268Z - info: [15:40:14] Reload for file change: /Users/damithch/Repos/nus-cs2103/cs2103-website-base/admin/appendixC-faq.md
2025-10-16T07:40:14.269Z - info: Synchronizing opened pages list before reload
2025-10-16T07:40:14.269Z - info: Current opened pages, from most-to-least recent:
2025-10-16T07:40:14.269Z - info: 1. index
2025-10-16T07:40:15.240Z - info: Assets built
2025-10-16T07:40:15.288Z - info: No pages needed to be rebuilt
2025-10-16T07:49:04.069Z - info: [15:49:04] Reload for file change: /Users/damithch/Repos/nus-cs2103/cs2103-website-base/admin/faq-fragment.md
2025-10-16T07:49:04.072Z - info: Synchronizing opened pages list before reload
2025-10-16T07:49:04.074Z - info: Current opened pages, from most-to-least recent:
2025-10-16T07:49:04.075Z - info: 1. index
2025-10-16T07:49:05.091Z - info: Assets built
2025-10-16T07:49:15.685Z - info: Building /Users/damithch/Repos/nus-cs2103/cs2103-website-base/schedule/week9/project as some of its dependencies were changed since the last visit
2025-10-16T07:49:16.653Z - info: Site data built
2025-10-16T07:49:16.653Z - info: Lazy website regeneration complete! Total build time: 0.969s
2025-10-16T07:50:07.687Z - info: [15:50:07] Reload for file change: /Users/damithch/Repos/nus-cs2103/cs2103-website-base/admin/tp-tasks-fragment.md
2025-10-16T07:50:07.690Z - info: Synchronizing opened pages list before reload
2025-10-16T07:50:07.690Z - info: Current opened pages, from most-to-least recent:
2025-10-16T07:50:07.691Z - info: 1. schedule/week9/project
2025-10-16T07:50:07.778Z - info: [15:50:07] Reload for file change: /Users/damithch/Repos/nus-cs2103/cs2103-website-base/admin/tp-tasks-fragment.md
2025-10-16T07:50:07.778Z - info: Synchronizing opened pages list before reload
2025-10-16T07:50:07.778Z - info: Current opened pages, from most-to-least recent:
2025-10-16T07:50:07.778Z - info: 1. schedule/week9/project
2025-10-16T07:50:08.697Z - info: Rebuilding 1 pages
2025-10-16T07:50:09.626Z - info: Building /Users/damithch/Repos/nus-cs2103/cs2103-website-base/schedule/week8/index as some of its dependencies were changed since the last visit
2025-10-16T07:50:09.853Z - info: Site data built
2025-10-16T07:50:09.853Z - info: Pages rebuilt
2025-10-16T07:50:09.853Z - info: Website regeneration complete! Total build time: 1.159s
2025-10-16T07:50:09.853Z - info: Site data built
2025-10-16T07:50:09.853Z - info: Lazy website regeneration complete! Total build time: 0.229s
2025-10-16T07:50:12.941Z - info: Building /Users/damithch/Repos/nus-cs2103/cs2103-website-base/schedule/week8/project as some of its dependencies were changed since the last visit
2025-10-16T07:50:13.960Z - info: Site data built
2025-10-16T07:50:13.960Z - info: Lazy website regeneration complete! Total build time: 1.02s
2025-10-16T07:50:42.809Z - info: [15:50:42] Reload for file change: /Users/damithch/Repos/nus-cs2103/cs2103-website-base/admin/tp-tasks-fragment.md
2025-10-16T07:50:42.813Z - info: Synchronizing opened pages list before reload
2025-10-16T07:50:42.814Z - info: Current opened pages, from most-to-least recent:
2025-10-16T07:50:42.814Z - info: 1. schedule/week8/project
2025-10-16T07:50:43.821Z - info: Rebuilding 1 pages
2025-10-16T07:50:44.928Z - info: Site data built
2025-10-16T07:50:44.928Z - info: Pages rebuilt
2025-10-16T07:50:44.928Z - info: Website regeneration complete! Total build time: 1.11s
2025-10-16T07:53:01.959Z - info: [15:53:01] Reload for file change: /Users/damithch/Repos/nus-cs2103/cs2103-website-base/admin/faq-fragment.md
2025-10-16T07:53:01.965Z - info: Synchronizing opened pages list before reload
2025-10-16T07:53:01.966Z - info: Current opened pages, from most-to-least recent:
2025-10-16T07:53:01.966Z - info: 1. schedule/week8/project
2025-10-16T07:53:02.974Z - info: Rebuilding 1 pages
2025-10-16T07:53:04.094Z - info: Site data built
2025-10-16T07:53:04.094Z - info: Pages rebuilt
2025-10-16T07:53:04.094Z - info: Website regeneration complete! Total build time: 1.123s
2025-10-16T07:54:01.091Z - info: [15:54:01] Reload for file change: /Users/damithch/Repos/nus-cs2103/cs2103-website-base/admin/faq-fragment.md
2025-10-16T07:54:01.093Z - info: Synchronizing opened pages list before reload
2025-10-16T07:54:01.094Z - info: Current opened pages, from most-to-least recent:
2025-10-16T07:54:01.094Z - info: 1. schedule/week8/project
2025-10-16T07:54:02.104Z - info: Rebuilding 1 pages
2025-10-16T07:54:03.240Z - info: Site data built
2025-10-16T07:54:03.240Z - info: Pages rebuilt
2025-10-16T07:54:03.240Z - info: Website regeneration complete! Total build time: 1.138s
2025-10-16T07:54:38.924Z - info: [15:54:38] Reload for file change: /Users/damithch/Repos/nus-cs2103/cs2103-website-base/admin/faq-fragment.md
2025-10-16T07:54:38.925Z - info: Synchronizing opened pages list before reload
2025-10-16T07:54:38.925Z - info: Current opened pages, from most-to-least recent:
2025-10-16T07:54:38.925Z - info: 1. schedule/week8/project
2025-10-16T07:54:39.938Z - info: Rebuilding 1 pages
2025-10-16T07:54:41.036Z - info: Site data built
2025-10-16T07:54:41.036Z - info: Pages rebuilt
2025-10-16T07:54:41.036Z - info: Website regeneration complete! Total build time: 1.1s
2025-10-16T07:54:49.293Z - info: Website generation started at 15:54:48
2025-10-16T07:54:49.735Z - warn: ENOENT: no such file or directory, open '/Users/damithch/Repos/nus-cs2103/cs2103-website-base/node_modules/.cache/gh-pages/https!github.com!nus-cs2103-AY2526S1!website.git/book/_markbind/variables.md'
2025-10-16T07:54:49.735Z - warn: ENOENT: no such file or directory, open '/Users/damithch/Repos/nus-cs2103/cs2103-website-base/node_modules/.cache/gh-pages/https!github.com!nus-cs2103-AY2526S1!website.git/_markbind/variables.md'
2025-10-16T07:54:49.754Z - info: Building assets...
2025-10-16T07:54:52.479Z - info: Assets built
2025-10-16T07:54:52.480Z - info: Generating pages...
2025-10-16T07:55:00.895Z - debug:  
2025-10-16T07:55:00.895Z - debug:  
2025-10-16T07:55:00.895Z - debug:  
2025-10-16T07:55:00.895Z - debug:  
2025-10-16T07:55:00.895Z - debug:  
2025-10-16T07:55:00.895Z - debug:  
2025-10-16T07:55:00.895Z - debug:  
2025-10-16T07:55:00.895Z - debug:  
2025-10-16T07:55:00.895Z - debug:  
2025-10-16T07:55:00.895Z - debug:  
2025-10-16T07:55:00.895Z - debug:  
2025-10-16T07:55:00.895Z - debug:  
2025-10-16T07:55:03.211Z - debug:  
2025-10-16T07:55:03.216Z - debug:  
2025-10-16T07:55:03.229Z - debug:  
2025-10-16T07:55:03.229Z - debug:  
2025-10-16T07:55:03.240Z - debug:  
2025-10-16T07:55:03.273Z - debug:  
2025-10-16T07:55:12.923Z - debug:  
2025-10-16T07:56:12.361Z - debug:  
2025-10-16T07:56:28.605Z - debug:  
2025-10-16T07:56:28.644Z - debug:  
2025-10-16T07:56:38.759Z - info: Pages built
2025-10-16T07:56:38.836Z - info: Site data built
2025-10-16T07:56:38.837Z - info: Website generation complete! Total build time: 110.69s
2025-10-16T07:56:38.837Z - info: Build success!
2025-10-16T07:57:04.708Z - info: The website has been deployed at: https://nus-cs2103-ay2526s1.github.io/website
