2025-10-25T17:38:00.894Z - info: Website generation (lazy) started at 01:37:59
2025-10-25T17:38:01.513Z - warn: ENOENT: no such file or directory, open '/Users/damithch/Repos/nus-cs2103/cs2103-website-base/node_modules/.cache/gh-pages/https!github.com!nus-cs2103-AY2526S1!website.git/book/_markbind/variables.md'
2025-10-25T17:38:01.513Z - warn: ENOENT: no such file or directory, open '/Users/damithch/Repos/nus-cs2103/cs2103-website-base/node_modules/.cache/gh-pages/https!github.com!nus-cs2103-AY2526S1!website.git/_markbind/variables.md'
2025-10-25T17:38:01.534Z - info: Building assets...
2025-10-25T17:38:04.258Z - info: Assets built
2025-10-25T17:38:04.259Z - info: Generating landing page...
2025-10-25T17:38:04.918Z - info: Landing page built, other pages will be built as you navigate to them!
2025-10-25T17:38:05.029Z - info: Site data built
2025-10-25T17:38:05.029Z - info: Website generation (lazy) complete! Total build time: 5.395s
2025-10-25T17:38:05.046Z - info: Serving "/Users/damithch/Repos/nus-cs2103/cs2103-website-base/_site" at http://127.0.0.1:8080
2025-10-25T17:38:05.046Z - info: Press CTRL+C to stop ...
2025-10-25T17:38:11.051Z - info: Building /Users/damithch/Repos/nus-cs2103/cs2103-website-base/schedule/week11/project as some of its dependencies were changed since the last visit
2025-10-25T17:38:13.211Z - info: Site data built
2025-10-25T17:38:13.211Z - info: Lazy website regeneration complete! Total build time: 2.161s
2025-10-25T17:38:59.797Z - info: [01:38:59] Reload for file change: /Users/damithch/Repos/nus-cs2103/cs2103-website-base/admin/tp-tasks-fragment.md
2025-10-25T17:38:59.807Z - info: Synchronizing opened pages list before reload
2025-10-25T17:38:59.808Z - info: Current opened pages, from most-to-least recent:
2025-10-25T17:38:59.808Z - info: 1. schedule/week11/project
2025-10-25T17:39:00.852Z - info: Rebuilding 1 pages
2025-10-25T17:39:03.018Z - info: Site data built
2025-10-25T17:39:03.018Z - info: Pages rebuilt
2025-10-25T17:39:03.018Z - info: Website regeneration complete! Total build time: 2.175s
2025-10-25T17:39:28.209Z - info: Website generation started at 01:39:27
2025-10-25T17:39:28.554Z - warn: ENOENT: no such file or directory, open '/Users/damithch/Repos/nus-cs2103/cs2103-website-base/node_modules/.cache/gh-pages/https!github.com!nus-cs2103-AY2526S1!website.git/book/_markbind/variables.md'
2025-10-25T17:39:28.554Z - warn: ENOENT: no such file or directory, open '/Users/damithch/Repos/nus-cs2103/cs2103-website-base/node_modules/.cache/gh-pages/https!github.com!nus-cs2103-AY2526S1!website.git/_markbind/variables.md'
2025-10-25T17:39:28.574Z - info: Building assets...
2025-10-25T17:39:31.911Z - info: Assets built
2025-10-25T17:39:31.912Z - info: Generating pages...
2025-10-25T17:39:37.948Z - debug:  
2025-10-25T17:39:40.956Z - debug:  
2025-10-25T17:39:40.956Z - debug:  
2025-10-25T17:39:40.957Z - debug:  
2025-10-25T17:39:40.957Z - debug:  
2025-10-25T17:39:40.957Z - debug:  
2025-10-25T17:39:40.957Z - debug:  
2025-10-25T17:39:40.957Z - debug:  
2025-10-25T17:39:40.957Z - debug:  
2025-10-25T17:39:40.957Z - debug:  
2025-10-25T17:39:40.957Z - debug:  
2025-10-25T17:39:40.957Z - debug:  
2025-10-25T17:39:43.329Z - debug:  
2025-10-25T17:39:43.412Z - debug:  
2025-10-25T17:39:43.424Z - debug:  
2025-10-25T17:39:43.438Z - debug:  
2025-10-25T17:39:43.447Z - debug:  
2025-10-25T17:39:43.468Z - debug:  
2025-10-25T17:39:54.815Z - debug:  
2025-10-25T17:40:55.861Z - debug:  
2025-10-25T17:41:08.157Z - debug:  
2025-10-25T17:41:08.467Z - debug:  
2025-10-25T17:41:17.798Z - info: Pages built
2025-10-25T17:41:17.875Z - info: Site data built
2025-10-25T17:41:17.875Z - info: Website generation complete! Total build time: 110.623s
2025-10-25T17:41:17.875Z - info: Build success!
2025-10-25T17:41:43.359Z - info: The website has been deployed at: https://nus-cs2103-ay2526s1.github.io/website
2025-10-26T08:13:55.800Z - info: Website generation (lazy) started at 16:13:54
2025-10-26T08:13:57.137Z - warn: ENOENT: no such file or directory, open '/Users/damithch/Repos/nus-cs2103/cs2103-website-base/node_modules/.cache/gh-pages/https!github.com!nus-cs2103-AY2526S1!website.git/book/_markbind/variables.md'
2025-10-26T08:13:57.138Z - warn: ENOENT: no such file or directory, open '/Users/damithch/Repos/nus-cs2103/cs2103-website-base/node_modules/.cache/gh-pages/https!github.com!nus-cs2103-AY2526S1!website.git/_markbind/variables.md'
2025-10-26T08:13:57.177Z - info: Building assets...
2025-10-26T08:14:00.518Z - info: Assets built
2025-10-26T08:14:00.520Z - info: Generating landing page...
2025-10-26T08:14:01.259Z - info: Landing page built, other pages will be built as you navigate to them!
2025-10-26T08:14:01.328Z - info: Site data built
2025-10-26T08:14:01.329Z - info: Website generation (lazy) complete! Total build time: 7.158s
2025-10-26T08:14:01.343Z - info: Serving "/Users/damithch/Repos/nus-cs2103/cs2103-website-base/_site" at http://127.0.0.1:8080
2025-10-26T08:14:01.343Z - info: Press CTRL+C to stop ...
2025-10-26T08:14:01.513Z - info: [16:14:01] Reload for file change: /Users/damithch/Repos/nus-cs2103/cs2103-website-base/admin/tp-ped-fragment.md
2025-10-26T08:14:01.514Z - info: Synchronizing opened pages list before reload
2025-10-26T08:14:01.514Z - info: No pages are currently opened
2025-10-26T08:14:02.531Z - info: Assets built
2025-10-26T08:15:36.637Z - info: [16:15:36] Reload for file change: /Users/damithch/Repos/nus-cs2103/cs2103-website-base/admin/tp-ped-fragment.md
2025-10-26T08:15:36.638Z - info: Synchronizing opened pages list before reload
2025-10-26T08:15:36.640Z - info: Current opened pages, from most-to-least recent:
2025-10-26T08:15:36.641Z - info: 1. index
2025-10-26T08:15:37.649Z - info: Assets built
2025-10-26T08:15:39.485Z - info: Building /Users/damithch/Repos/nus-cs2103/cs2103-website-base/admin/tp-ped as some of its dependencies were changed since the last visit
2025-10-26T08:15:40.575Z - info: Site data built
2025-10-26T08:15:40.576Z - info: Lazy website regeneration complete! Total build time: 1.091s
2025-10-26T08:17:52.769Z - info: [16:17:52] Reload for file change: /Users/damithch/Repos/nus-cs2103/cs2103-website-base/admin/tp-ped-fragment.md
2025-10-26T08:17:52.772Z - info: Synchronizing opened pages list before reload
2025-10-26T08:17:52.778Z - info: Current opened pages, from most-to-least recent:
2025-10-26T08:17:52.779Z - info: 1. admin/tp-ped
2025-10-26T08:17:53.791Z - info: Rebuilding 1 pages
2025-10-26T08:17:54.929Z - info: Site data built
2025-10-26T08:17:54.929Z - info: Pages rebuilt
2025-10-26T08:17:54.929Z - info: Website regeneration complete! Total build time: 1.142s
2025-10-26T08:18:13.297Z - info: [16:18:13] Reload for file change: /Users/damithch/Repos/nus-cs2103/cs2103-website-base/admin/tp-ped-fragment.md
2025-10-26T08:18:13.298Z - info: Synchronizing opened pages list before reload
2025-10-26T08:18:13.299Z - info: Current opened pages, from most-to-least recent:
2025-10-26T08:18:13.299Z - info: 1. admin/tp-ped
2025-10-26T08:18:14.307Z - info: Rebuilding 1 pages
2025-10-26T08:18:15.410Z - info: Site data built
2025-10-26T08:18:15.410Z - info: Pages rebuilt
2025-10-26T08:18:15.410Z - info: Website regeneration complete! Total build time: 1.106s
2025-10-26T08:19:29.258Z - info: [16:19:29] Reload for file change: /Users/damithch/Repos/nus-cs2103/cs2103-website-base/admin/tp-ped-fragment.md
2025-10-26T08:19:29.261Z - info: Synchronizing opened pages list before reload
2025-10-26T08:19:29.263Z - info: Current opened pages, from most-to-least recent:
2025-10-26T08:19:29.264Z - info: 1. admin/tp-ped
2025-10-26T08:19:30.278Z - info: Rebuilding 1 pages
2025-10-26T08:19:31.242Z - info: Site data built
2025-10-26T08:19:31.242Z - info: Pages rebuilt
2025-10-26T08:19:31.242Z - info: Website regeneration complete! Total build time: 0.967s
2025-10-26T08:20:12.098Z - info: [16:20:12] Reload for file change: /Users/damithch/Repos/nus-cs2103/cs2103-website-base/admin/tp-ped-fragment.md
2025-10-26T08:20:12.104Z - info: Synchronizing opened pages list before reload
2025-10-26T08:20:12.106Z - info: Current opened pages, from most-to-least recent:
2025-10-26T08:20:12.107Z - info: 1. admin/tp-ped
2025-10-26T08:20:13.116Z - info: Rebuilding 1 pages
2025-10-26T08:20:14.059Z - info: Site data built
2025-10-26T08:20:14.059Z - info: Pages rebuilt
2025-10-26T08:20:14.059Z - info: Website regeneration complete! Total build time: 0.946s
2025-10-26T08:20:28.612Z - info: [16:20:28] Reload for file change: /Users/damithch/Repos/nus-cs2103/cs2103-website-base/admin/tp-ped-fragment.md
2025-10-26T08:20:28.615Z - info: Synchronizing opened pages list before reload
2025-10-26T08:20:28.616Z - info: Current opened pages, from most-to-least recent:
2025-10-26T08:20:28.617Z - info: 1. admin/tp-ped
2025-10-26T08:20:29.650Z - info: Rebuilding 1 pages
2025-10-26T08:20:30.603Z - info: Site data built
2025-10-26T08:20:30.604Z - info: Pages rebuilt
2025-10-26T08:20:30.604Z - info: Website regeneration complete! Total build time: 0.96s
2025-10-26T08:20:39.966Z - info: [16:20:39] Reload for file change: /Users/damithch/Repos/nus-cs2103/cs2103-website-base/admin/tp-ped-fragment.md
2025-10-26T08:20:39.967Z - info: Synchronizing opened pages list before reload
2025-10-26T08:20:39.967Z - info: Current opened pages, from most-to-least recent:
2025-10-26T08:20:39.968Z - info: 1. admin/tp-ped
2025-10-26T08:20:40.981Z - info: Rebuilding 1 pages
2025-10-26T08:20:41.913Z - info: Site data built
2025-10-26T08:20:41.913Z - info: Pages rebuilt
2025-10-26T08:20:41.913Z - info: Website regeneration complete! Total build time: 0.933s
2025-10-26T08:20:54.267Z - info: Website generation started at 16:20:53
2025-10-26T08:20:54.789Z - warn: ENOENT: no such file or directory, open '/Users/damithch/Repos/nus-cs2103/cs2103-website-base/node_modules/.cache/gh-pages/https!github.com!nus-cs2103-AY2526S1!website.git/book/_markbind/variables.md'
2025-10-26T08:20:54.790Z - warn: ENOENT: no such file or directory, open '/Users/damithch/Repos/nus-cs2103/cs2103-website-base/node_modules/.cache/gh-pages/https!github.com!nus-cs2103-AY2526S1!website.git/_markbind/variables.md'
2025-10-26T08:20:54.812Z - info: Building assets...
2025-10-26T08:20:59.300Z - info: Assets built
2025-10-26T08:20:59.307Z - info: Generating pages...
2025-10-26T08:21:04.948Z - debug:  
2025-10-26T08:21:04.948Z - debug:  
2025-10-26T08:21:05.245Z - debug:  
2025-10-26T08:21:08.251Z - debug:  
2025-10-26T08:21:08.251Z - debug:  
2025-10-26T08:21:08.251Z - debug:  
2025-10-26T08:21:08.251Z - debug:  
2025-10-26T08:21:08.251Z - debug:  
2025-10-26T08:21:08.251Z - debug:  
2025-10-26T08:21:08.251Z - debug:  
2025-10-26T08:21:08.251Z - debug:  
2025-10-26T08:21:08.251Z - debug:  
2025-10-26T08:21:10.602Z - debug:  
2025-10-26T08:21:10.657Z - debug:  
2025-10-26T08:21:10.693Z - debug:  
2025-10-26T08:21:10.699Z - debug:  
2025-10-26T08:21:10.714Z - debug:  
2025-10-26T08:21:10.726Z - debug:  
2025-10-26T08:21:22.409Z - debug:  
2025-10-26T08:22:30.674Z - debug:  
2025-10-26T08:22:42.408Z - debug:  
2025-10-26T08:22:42.734Z - debug:  
2025-10-26T08:22:52.989Z - info: Pages built
2025-10-26T08:22:53.067Z - info: Site data built
2025-10-26T08:22:53.068Z - info: Website generation complete! Total build time: 119.97s
2025-10-26T08:22:53.068Z - info: Build success!
2025-10-26T08:23:18.205Z - info: The website has been deployed at: https://nus-cs2103-ay2526s1.github.io/website
