2025-08-02T05:06:52.495Z - info: Website generation (lazy) started at 13:06:51
2025-08-02T05:06:53.094Z - warn: ENOENT: no such file or directory, open '/Users/damithch/Repos/nus-cs2103/cs2103-website-base/node_modules/.cache/gh-pages/https!github.com!nus-cs2103-AY2526S1!website.git/book/_markbind/variables.md'
2025-08-02T05:06:53.094Z - warn: ENOENT: no such file or directory, open '/Users/damithch/Repos/nus-cs2103/cs2103-website-base/node_modules/.cache/gh-pages/https!github.com!nus-cs2103-AY2526S1!website.git/_markbind/variables.md'
2025-08-02T05:06:53.116Z - info: Building assets...
2025-08-02T05:06:55.720Z - info: Assets built
2025-08-02T05:06:55.721Z - info: Generating landing page...
2025-08-02T05:06:55.966Z - info: Landing page built, other pages will be built as you navigate to them!
2025-08-02T05:06:56.032Z - info: Site data built
2025-08-02T05:06:56.033Z - info: Website generation (lazy) complete! Total build time: 4.966s
2025-08-02T05:06:56.043Z - info: Serving "/Users/damithch/Repos/nus-cs2103/cs2103-website-base/_site" at http://127.0.0.1:8080
2025-08-02T05:06:56.043Z - info: Press CTRL+C to stop ...
2025-08-02T05:07:03.276Z - info: Building /Users/damithch/Repos/nus-cs2103/cs2103-website-base/se-book-adapted/git-trail/index as some of its dependencies were changed since the last visit
2025-08-02T05:07:03.836Z - info: Site data built
2025-08-02T05:07:03.836Z - info: Lazy website regeneration complete! Total build time: 0.561s
2025-08-02T05:07:08.044Z - info: Building /Users/damithch/Repos/nus-cs2103/cs2103-website-base/book/gitAndGithub/trail/syncingBranches/index as some of its dependencies were changed since the last visit
2025-08-02T05:07:08.210Z - info: Site data built
2025-08-02T05:07:08.210Z - info: Lazy website regeneration complete! Total build time: 0.166s
2025-08-02T05:09:15.676Z - info: [13:09:15] Reload for file change: /Users/damithch/Repos/nus-cs2103/cs2103-website-base/book/gitAndGithub/syncByMerge/text.md
2025-08-02T05:09:15.677Z - info: Synchronizing opened pages list before reload
2025-08-02T05:09:15.679Z - info: Current opened pages, from most-to-least recent:
2025-08-02T05:09:15.679Z - info: 1. book/gitAndGithub/trail/syncingBranches/index
2025-08-02T05:09:16.689Z - info: Rebuilding 1 pages
2025-08-02T05:09:16.823Z - info: Site data built
2025-08-02T05:09:16.823Z - info: Pages rebuilt
2025-08-02T05:09:16.823Z - info: Website regeneration complete! Total build time: 0.137s
2025-08-02T05:10:49.280Z - info: [13:10:49] Reload for file change: /Users/damithch/Repos/nus-cs2103/cs2103-website-base/book/gitAndGithub/syncByMerge/text.md
2025-08-02T05:10:49.281Z - info: Synchronizing opened pages list before reload
2025-08-02T05:10:49.282Z - info: Current opened pages, from most-to-least recent:
2025-08-02T05:10:49.282Z - info: 1. book/gitAndGithub/trail/syncingBranches/index
2025-08-02T05:10:50.290Z - info: Rebuilding 1 pages
2025-08-02T05:10:50.398Z - info: Site data built
2025-08-02T05:10:50.398Z - info: Pages rebuilt
2025-08-02T05:10:50.398Z - info: Website regeneration complete! Total build time: 0.111s
2025-08-02T05:12:32.033Z - info: [13:12:32] Reload for file change: /Users/damithch/Repos/nus-cs2103/cs2103-website-base/book/gitAndGithub/cherryPick/text.md
2025-08-02T05:12:32.040Z - info: Synchronizing opened pages list before reload
2025-08-02T05:12:32.042Z - info: Current opened pages, from most-to-least recent:
2025-08-02T05:12:32.042Z - info: 1. book/gitAndGithub/trail/syncingBranches/index
2025-08-02T05:12:33.051Z - info: Rebuilding 1 pages
2025-08-02T05:12:33.175Z - info: Site data built
2025-08-02T05:12:33.175Z - info: Pages rebuilt
2025-08-02T05:12:33.175Z - info: Website regeneration complete! Total build time: 0.126s
2025-08-02T05:13:10.086Z - info: [13:13:10] Reload for file change: /Users/damithch/Repos/nus-cs2103/cs2103-website-base/book/gitAndGithub/cherryPick/text.md
2025-08-02T05:13:10.087Z - info: Synchronizing opened pages list before reload
2025-08-02T05:13:10.087Z - info: Current opened pages, from most-to-least recent:
2025-08-02T05:13:10.087Z - info: 1. book/gitAndGithub/trail/syncingBranches/index
2025-08-02T05:13:11.107Z - info: Rebuilding 1 pages
2025-08-02T05:13:11.203Z - info: Site data built
2025-08-02T05:13:11.203Z - info: Pages rebuilt
2025-08-02T05:13:11.203Z - info: Website regeneration complete! Total build time: 0.098s
2025-08-02T05:15:50.416Z - info: [13:15:50] Reload for file change: /Users/damithch/Repos/nus-cs2103/cs2103-website-base/book/gitAndGithub/syncByRebase/text.md
2025-08-02T05:15:50.417Z - info: Synchronizing opened pages list before reload
2025-08-02T05:15:50.417Z - info: Current opened pages, from most-to-least recent:
2025-08-02T05:15:50.417Z - info: 1. book/gitAndGithub/trail/syncingBranches/index
2025-08-02T05:15:51.432Z - info: Rebuilding 1 pages
2025-08-02T05:15:51.554Z - info: Site data built
2025-08-02T05:15:51.554Z - info: Pages rebuilt
2025-08-02T05:15:51.554Z - info: Website regeneration complete! Total build time: 0.123s
2025-08-02T05:16:21.509Z - info: [13:16:21] Reload for file change: /Users/damithch/Repos/nus-cs2103/cs2103-website-base/book/gitAndGithub/syncByRebase/text.md
2025-08-02T05:16:21.509Z - info: Synchronizing opened pages list before reload
2025-08-02T05:16:21.509Z - info: Current opened pages, from most-to-least recent:
2025-08-02T05:16:21.509Z - info: 1. book/gitAndGithub/trail/syncingBranches/index
2025-08-02T05:16:22.517Z - info: Rebuilding 1 pages
2025-08-02T05:16:22.627Z - info: Site data built
2025-08-02T05:16:22.627Z - info: Pages rebuilt
2025-08-02T05:16:22.627Z - info: Website regeneration complete! Total build time: 0.112s
2025-08-02T05:18:14.127Z - info: [13:18:14] Reload for file change: /Users/damithch/Repos/nus-cs2103/cs2103-website-base/book/gitAndGithub/cherryPick/text.md
2025-08-02T05:18:14.131Z - info: Synchronizing opened pages list before reload
2025-08-02T05:18:14.131Z - info: Current opened pages, from most-to-least recent:
2025-08-02T05:18:14.131Z - info: 1. book/gitAndGithub/trail/syncingBranches/index
2025-08-02T05:18:15.137Z - info: Rebuilding 1 pages
2025-08-02T05:18:15.271Z - info: Site data built
2025-08-02T05:18:15.271Z - info: Pages rebuilt
2025-08-02T05:18:15.271Z - info: Website regeneration complete! Total build time: 0.136s
2025-08-02T05:22:22.186Z - info: [13:22:22] Reload for file change: /Users/damithch/Repos/nus-cs2103/cs2103-website-base/book/gitAndGithub/syncByMerge/text.md
2025-08-02T05:22:22.188Z - info: Synchronizing opened pages list before reload
2025-08-02T05:22:22.189Z - info: Current opened pages, from most-to-least recent:
2025-08-02T05:22:22.190Z - info: 1. book/gitAndGithub/trail/syncingBranches/index
2025-08-02T05:22:23.195Z - info: Rebuilding 1 pages
2025-08-02T05:22:23.312Z - info: Site data built
2025-08-02T05:22:23.312Z - info: Pages rebuilt
2025-08-02T05:22:23.312Z - info: Website regeneration complete! Total build time: 0.118s
2025-08-02T05:22:51.755Z - info: [13:22:51] Reload for file change: /Users/damithch/Repos/nus-cs2103/cs2103-website-base/book/gitAndGithub/syncByMerge/text.md
2025-08-02T05:22:51.755Z - info: Synchronizing opened pages list before reload
2025-08-02T05:22:51.756Z - info: Current opened pages, from most-to-least recent:
2025-08-02T05:22:51.756Z - info: 1. book/gitAndGithub/trail/syncingBranches/index
2025-08-02T05:22:52.774Z - info: Rebuilding 1 pages
2025-08-02T05:22:52.906Z - info: Site data built
2025-08-02T05:22:52.906Z - info: Pages rebuilt
2025-08-02T05:22:52.906Z - info: Website regeneration complete! Total build time: 0.134s
2025-08-02T05:23:29.732Z - info: Website generation started at 13:23:28
2025-08-02T05:23:30.160Z - warn: ENOENT: no such file or directory, open '/Users/damithch/Repos/nus-cs2103/cs2103-website-base/node_modules/.cache/gh-pages/https!github.com!nus-cs2103-AY2526S1!website.git/book/_markbind/variables.md'
2025-08-02T05:23:30.160Z - warn: ENOENT: no such file or directory, open '/Users/damithch/Repos/nus-cs2103/cs2103-website-base/node_modules/.cache/gh-pages/https!github.com!nus-cs2103-AY2526S1!website.git/_markbind/variables.md'
2025-08-02T05:23:30.179Z - info: Building assets...
2025-08-02T05:23:33.437Z - info: Assets built
2025-08-02T05:23:33.440Z - info: Generating pages...
2025-08-02T05:23:42.317Z - debug:  
2025-08-02T05:23:42.317Z - debug:  
2025-08-02T05:23:42.317Z - debug:  
2025-08-02T05:23:42.317Z - debug:  
2025-08-02T05:23:42.317Z - debug:  
2025-08-02T05:23:42.317Z - debug:  
2025-08-02T05:23:42.317Z - debug:  
2025-08-02T05:23:42.317Z - debug:  
2025-08-02T05:23:42.317Z - debug:  
2025-08-02T05:23:42.317Z - debug:  
2025-08-02T05:23:42.317Z - debug:  
2025-08-02T05:23:44.261Z - debug:  
2025-08-02T05:23:44.628Z - debug:  
2025-08-02T05:23:44.650Z - debug:  
2025-08-02T05:23:44.657Z - debug:  
2025-08-02T05:23:44.672Z - debug:  
2025-08-02T05:23:44.719Z - debug:  
2025-08-02T05:23:53.534Z - debug:  
2025-08-02T05:24:47.053Z - debug:  
2025-08-02T05:24:58.780Z - debug:  
2025-08-02T05:24:58.794Z - debug:  
2025-08-02T05:25:05.539Z - info: Pages built
2025-08-02T05:25:05.614Z - info: Site data built
2025-08-02T05:25:05.614Z - info: Website generation complete! Total build time: 97.051s
2025-08-02T05:25:05.614Z - info: Build success!
2025-08-02T05:25:30.408Z - info: The website has been deployed at: https://nus-cs2103-ay2526s1.github.io/website
2025-08-02T05:31:44.415Z - info: Website generation (lazy) started at 13:31:43
2025-08-02T05:31:44.775Z - warn: ENOENT: no such file or directory, open '/Users/damithch/Repos/nus-cs2103/cs2103-website-base/node_modules/.cache/gh-pages/https!github.com!nus-cs2103-AY2526S1!website.git/book/_markbind/variables.md'
2025-08-02T05:31:44.775Z - warn: ENOENT: no such file or directory, open '/Users/damithch/Repos/nus-cs2103/cs2103-website-base/node_modules/.cache/gh-pages/https!github.com!nus-cs2103-AY2526S1!website.git/_markbind/variables.md'
2025-08-02T05:31:44.794Z - info: Building assets...
2025-08-02T05:31:48.144Z - info: Assets built
2025-08-02T05:31:48.145Z - info: Generating landing page...
2025-08-02T05:31:48.391Z - info: Landing page built, other pages will be built as you navigate to them!
2025-08-02T05:31:48.454Z - info: Site data built
2025-08-02T05:31:48.455Z - info: Website generation (lazy) complete! Total build time: 5.392s
2025-08-02T05:31:48.465Z - info: Serving "/Users/damithch/Repos/nus-cs2103/cs2103-website-base/_site" at http://127.0.0.1:8080
2025-08-02T05:31:48.465Z - info: Press CTRL+C to stop ...
2025-08-02T05:33:29.968Z - info: Building /Users/damithch/Repos/nus-cs2103/cs2103-website-base/se-book-adapted/git-trail/index as some of its dependencies were changed since the last visit
2025-08-02T05:33:30.343Z - info: Site data built
2025-08-02T05:33:30.343Z - info: Lazy website regeneration complete! Total build time: 0.377s
2025-08-02T05:33:33.597Z - info: Building /Users/damithch/Repos/nus-cs2103/cs2103-website-base/book/gitAndGithub/trail/remoteBranches/index as some of its dependencies were changed since the last visit
2025-08-02T05:33:33.777Z - info: Site data built
2025-08-02T05:33:33.777Z - info: Lazy website regeneration complete! Total build time: 0.18s
2025-08-02T05:34:44.767Z - info: [13:34:44] Reload for file change: /Users/damithch/Repos/nus-cs2103/cs2103-website-base/book/gitAndGithub/remoteBranchPush/text.md
2025-08-02T05:34:44.768Z - info: Synchronizing opened pages list before reload
2025-08-02T05:34:44.770Z - info: Current opened pages, from most-to-least recent:
2025-08-02T05:34:44.770Z - info: 1. book/gitAndGithub/trail/remoteBranches/index
2025-08-02T05:34:44.771Z - info: [13:34:44] Reload for file change: /Users/damithch/Repos/nus-cs2103/cs2103-website-base/book/gitAndGithub/remoteBranchPull/text.md
2025-08-02T05:34:44.771Z - info: Synchronizing opened pages list before reload
2025-08-02T05:34:44.771Z - info: Current opened pages, from most-to-least recent:
2025-08-02T05:34:44.772Z - info: 1. book/gitAndGithub/trail/remoteBranches/index
2025-08-02T05:34:44.772Z - info: [13:34:44] Reload for file change: /Users/damithch/Repos/nus-cs2103/cs2103-website-base/book/gitAndGithub/trail/remoteBranches/text.md
2025-08-02T05:34:44.772Z - info: Synchronizing opened pages list before reload
2025-08-02T05:34:44.772Z - info: Current opened pages, from most-to-least recent:
2025-08-02T05:34:44.773Z - info: 1. book/gitAndGithub/trail/remoteBranches/index
2025-08-02T05:34:44.773Z - info: [13:34:44] Reload for file change: /Users/damithch/Repos/nus-cs2103/cs2103-website-base/book/gitAndGithub/remoteBranchDelete/text.md
2025-08-02T05:34:44.773Z - info: Synchronizing opened pages list before reload
2025-08-02T05:34:44.773Z - info: Current opened pages, from most-to-least recent:
2025-08-02T05:34:44.773Z - info: 1. book/gitAndGithub/trail/remoteBranches/index
2025-08-02T05:34:45.787Z - info: Rebuilding 1 pages
2025-08-02T05:34:45.986Z - info: Site data built
2025-08-02T05:34:45.986Z - info: Pages rebuilt
2025-08-02T05:34:45.986Z - info: Website regeneration complete! Total build time: 0.202s
2025-08-02T05:36:16.927Z - info: [13:36:16] Reload for file change: /Users/damithch/Repos/nus-cs2103/cs2103-website-base/book/gitAndGithub/remoteBranchDelete/text.md
2025-08-02T05:36:16.931Z - info: Synchronizing opened pages list before reload
2025-08-02T05:36:16.931Z - info: Current opened pages, from most-to-least recent:
2025-08-02T05:36:16.932Z - info: 1. book/gitAndGithub/trail/remoteBranches/index
2025-08-02T05:36:17.941Z - info: Rebuilding 1 pages
2025-08-02T05:36:18.131Z - info: Site data built
2025-08-02T05:36:18.131Z - info: Pages rebuilt
2025-08-02T05:36:18.131Z - info: Website regeneration complete! Total build time: 0.192s
2025-08-02T05:36:42.023Z - info: [13:36:42] Reload for file change: /Users/damithch/Repos/nus-cs2103/cs2103-website-base/book/gitAndGithub/remoteBranchDelete/text.md
2025-08-02T05:36:42.023Z - info: Synchronizing opened pages list before reload
2025-08-02T05:36:42.023Z - info: Current opened pages, from most-to-least recent:
2025-08-02T05:36:42.024Z - info: 1. book/gitAndGithub/trail/remoteBranches/index
2025-08-02T05:36:43.035Z - info: Rebuilding 1 pages
2025-08-02T05:36:43.217Z - info: Site data built
2025-08-02T05:36:43.217Z - info: Pages rebuilt
2025-08-02T05:36:43.217Z - info: Website regeneration complete! Total build time: 0.184s
2025-08-02T05:37:32.362Z - info: [13:37:32] Reload for file change: /Users/damithch/Repos/nus-cs2103/cs2103-website-base/book/gitAndGithub/remoteBranchDelete/text.md
2025-08-02T05:37:32.363Z - info: Synchronizing opened pages list before reload
2025-08-02T05:37:32.363Z - info: Current opened pages, from most-to-least recent:
2025-08-02T05:37:32.363Z - info: 1. book/gitAndGithub/trail/remoteBranches/index
2025-08-02T05:37:33.375Z - info: Rebuilding 1 pages
2025-08-02T05:37:33.562Z - info: Site data built
2025-08-02T05:37:33.562Z - info: Pages rebuilt
2025-08-02T05:37:33.562Z - info: Website regeneration complete! Total build time: 0.189s
2025-08-02T05:41:01.794Z - info: [13:41:01] Reload for file change: /Users/damithch/Repos/nus-cs2103/cs2103-website-base/book/gitAndGithub/remoteBranchDelete/text.md
2025-08-02T05:41:01.796Z - info: Synchronizing opened pages list before reload
2025-08-02T05:41:01.796Z - info: Current opened pages, from most-to-least recent:
2025-08-02T05:41:01.797Z - info: 1. book/gitAndGithub/trail/remoteBranches/index
2025-08-02T05:41:02.805Z - info: Rebuilding 1 pages
2025-08-02T05:41:03.004Z - info: Site data built
2025-08-02T05:41:03.005Z - info: Pages rebuilt
2025-08-02T05:41:03.005Z - info: Website regeneration complete! Total build time: 0.203s
2025-08-02T05:41:30.637Z - info: [13:41:30] Reload for file change: /Users/damithch/Repos/nus-cs2103/cs2103-website-base/book/gitAndGithub/remoteBranchRename/text.md
2025-08-02T05:41:30.637Z - info: Synchronizing opened pages list before reload
2025-08-02T05:41:30.637Z - info: Current opened pages, from most-to-least recent:
2025-08-02T05:41:30.637Z - info: 1. book/gitAndGithub/trail/remoteBranches/index
2025-08-02T05:41:31.658Z - info: Rebuilding 1 pages
2025-08-02T05:41:31.859Z - info: Site data built
2025-08-02T05:41:31.859Z - info: Pages rebuilt
2025-08-02T05:41:31.859Z - info: Website regeneration complete! Total build time: 0.205s
2025-08-02T05:45:37.911Z - info: [13:45:37] Reload for file change: /Users/damithch/Repos/nus-cs2103/cs2103-website-base/book/gitAndGithub/trail/remoteBranches/text.md
2025-08-02T05:45:37.916Z - info: Synchronizing opened pages list before reload
2025-08-02T05:45:37.918Z - info: Current opened pages, from most-to-least recent:
2025-08-02T05:45:37.919Z - info: 1. book/gitAndGithub/trail/remoteBranches/index
2025-08-02T05:45:37.926Z - info: [13:45:37] Reload for file change: /Users/damithch/Repos/nus-cs2103/cs2103-website-base/book/gitAndGithub/remoteBranchPush/text.md
2025-08-02T05:45:37.927Z - info: Synchronizing opened pages list before reload
2025-08-02T05:45:37.927Z - info: Current opened pages, from most-to-least recent:
2025-08-02T05:45:37.927Z - info: 1. book/gitAndGithub/trail/remoteBranches/index
2025-08-02T05:45:37.929Z - info: [13:45:37] Reload for file change: /Users/damithch/Repos/nus-cs2103/cs2103-website-base/book/gitAndGithub/remoteBranchRename/text.md
2025-08-02T05:45:37.929Z - info: Synchronizing opened pages list before reload
2025-08-02T05:45:37.930Z - info: Current opened pages, from most-to-least recent:
2025-08-02T05:45:37.931Z - info: 1. book/gitAndGithub/trail/remoteBranches/index
2025-08-02T05:45:38.939Z - info: Rebuilding 1 pages
2025-08-02T05:45:39.119Z - info: Site data built
2025-08-02T05:45:39.119Z - info: Pages rebuilt
2025-08-02T05:45:39.119Z - info: Website regeneration complete! Total build time: 0.184s
2025-08-02T05:47:50.879Z - info: [13:47:50] Reload for file change: /Users/damithch/Repos/nus-cs2103/cs2103-website-base/book/gitAndGithub/remoteBranchRename/text.md
2025-08-02T05:47:50.881Z - info: Synchronizing opened pages list before reload
2025-08-02T05:47:50.882Z - info: Current opened pages, from most-to-least recent:
2025-08-02T05:47:50.883Z - info: 1. book/gitAndGithub/trail/remoteBranches/index
2025-08-02T05:47:51.891Z - info: Rebuilding 1 pages
2025-08-02T05:47:52.073Z - info: Site data built
2025-08-02T05:47:52.073Z - info: Pages rebuilt
2025-08-02T05:47:52.074Z - info: Website regeneration complete! Total build time: 0.184s
2025-08-02T05:49:19.661Z - info: [13:49:19] Reload for file change: /Users/damithch/Repos/nus-cs2103/cs2103-website-base/book/gitAndGithub/remoteBranchRename/text.md
2025-08-02T05:49:19.664Z - info: Synchronizing opened pages list before reload
2025-08-02T05:49:19.664Z - info: Current opened pages, from most-to-least recent:
2025-08-02T05:49:19.665Z - info: 1. book/gitAndGithub/trail/remoteBranches/index
2025-08-02T05:49:20.671Z - info: Rebuilding 1 pages
2025-08-02T05:49:20.871Z - info: Site data built
2025-08-02T05:49:20.871Z - info: Pages rebuilt
2025-08-02T05:49:20.871Z - info: Website regeneration complete! Total build time: 0.202s
2025-08-02T05:49:25.190Z - info: [13:49:25] Reload for file change: /Users/damithch/Repos/nus-cs2103/cs2103-website-base/book/gitAndGithub/remoteBranchRename/text.md
2025-08-02T05:49:25.190Z - info: Synchronizing opened pages list before reload
2025-08-02T05:49:25.190Z - info: No pages are currently opened
2025-08-02T05:49:26.195Z - info: No pages needed to be rebuilt
2025-08-02T05:50:40.576Z - info: [13:50:40] Reload for file change: /Users/damithch/Repos/nus-cs2103/cs2103-website-base/book/gitAndGithub/remoteBranchRename/text.md
2025-08-02T05:50:40.579Z - info: Synchronizing opened pages list before reload
2025-08-02T05:50:40.579Z - info: No pages are currently opened
2025-08-02T05:50:41.590Z - info: No pages needed to be rebuilt
2025-08-02T05:50:52.862Z - info: Building /Users/damithch/Repos/nus-cs2103/cs2103-website-base/book/gitAndGithub/trail/remoteBranches/index as some of its dependencies were changed since the last visit
2025-08-02T05:50:53.072Z - info: Site data built
2025-08-02T05:50:53.072Z - info: Lazy website regeneration complete! Total build time: 0.211s
2025-08-02T05:52:20.845Z - info: [13:52:20] Reload for file change: /Users/damithch/Repos/nus-cs2103/cs2103-website-base/book/gitAndGithub/remoteBranchRename/text.md
2025-08-02T05:52:20.846Z - info: Synchronizing opened pages list before reload
2025-08-02T05:52:20.846Z - info: Current opened pages, from most-to-least recent:
2025-08-02T05:52:20.846Z - info: 1. book/gitAndGithub/trail/remoteBranches/index
2025-08-02T05:52:21.852Z - info: Rebuilding 1 pages
2025-08-02T05:52:22.036Z - info: Site data built
2025-08-02T05:52:22.036Z - info: Pages rebuilt
2025-08-02T05:52:22.036Z - info: Website regeneration complete! Total build time: 0.187s
2025-08-02T05:52:34.551Z - info: [13:52:34] Reload for file change: /Users/damithch/Repos/nus-cs2103/cs2103-website-base/book/gitAndGithub/remoteBranchRename/text.md
2025-08-02T05:52:34.551Z - info: Synchronizing opened pages list before reload
2025-08-02T05:52:34.551Z - info: Current opened pages, from most-to-least recent:
2025-08-02T05:52:34.551Z - info: 1. book/gitAndGithub/trail/remoteBranches/index
2025-08-02T05:52:35.555Z - info: Rebuilding 1 pages
2025-08-02T05:52:35.725Z - info: Site data built
2025-08-02T05:52:35.725Z - info: Pages rebuilt
2025-08-02T05:52:35.725Z - info: Website regeneration complete! Total build time: 0.171s
2025-08-02T05:54:15.107Z - info: [13:54:15] Reload for file change: /Users/damithch/Repos/nus-cs2103/cs2103-website-base/book/gitAndGithub/trail/remoteBranches/text.md
2025-08-02T05:54:15.108Z - info: Synchronizing opened pages list before reload
2025-08-02T05:54:15.108Z - info: Current opened pages, from most-to-least recent:
2025-08-02T05:54:15.109Z - info: 1. book/gitAndGithub/trail/remoteBranches/index
2025-08-02T05:54:16.124Z - info: Rebuilding 1 pages
2025-08-02T05:54:16.296Z - info: Site data built
2025-08-02T05:54:16.296Z - info: Pages rebuilt
2025-08-02T05:54:16.296Z - info: Website regeneration complete! Total build time: 0.176s
2025-08-02T05:55:13.219Z - info: Website generation started at 13:55:12
2025-08-02T05:55:13.645Z - warn: ENOENT: no such file or directory, open '/Users/damithch/Repos/nus-cs2103/cs2103-website-base/node_modules/.cache/gh-pages/https!github.com!nus-cs2103-AY2526S1!website.git/book/_markbind/variables.md'
2025-08-02T05:55:13.645Z - warn: ENOENT: no such file or directory, open '/Users/damithch/Repos/nus-cs2103/cs2103-website-base/node_modules/.cache/gh-pages/https!github.com!nus-cs2103-AY2526S1!website.git/_markbind/variables.md'
2025-08-02T05:55:13.665Z - info: Building assets...
2025-08-02T05:55:17.132Z - info: Assets built
2025-08-02T05:55:17.132Z - info: Generating pages...
2025-08-02T05:55:22.015Z - debug:  
2025-08-02T05:55:22.015Z - debug:  
2025-08-02T05:55:24.889Z - debug:  
2025-08-02T05:55:24.889Z - debug:  
2025-08-02T05:55:24.889Z - debug:  
2025-08-02T05:55:24.890Z - debug:  
2025-08-02T05:55:24.890Z - debug:  
2025-08-02T05:55:24.890Z - debug:  
2025-08-02T05:55:24.890Z - debug:  
2025-08-02T05:55:24.890Z - debug:  
2025-08-02T05:55:24.890Z - debug:  
2025-08-02T05:55:26.797Z - debug:  
2025-08-02T05:55:26.819Z - debug:  
2025-08-02T05:55:26.820Z - debug:  
2025-08-02T05:55:26.823Z - debug:  
2025-08-02T05:55:26.823Z - debug:  
2025-08-02T05:55:27.012Z - debug:  
2025-08-02T05:55:35.990Z - debug:  
2025-08-02T05:56:30.885Z - debug:  
2025-08-02T05:56:43.550Z - debug:  
2025-08-02T05:56:43.610Z - debug:  
2025-08-02T05:56:50.802Z - info: Pages built
2025-08-02T05:56:50.871Z - info: Site data built
2025-08-02T05:56:50.871Z - info: Website generation complete! Total build time: 98.855s
2025-08-02T05:56:50.871Z - info: Build success!
2025-08-02T05:57:20.203Z - info: The website has been deployed at: https://nus-cs2103-ay2526s1.github.io/website
2025-08-02T06:09:39.517Z - info: Website generation (lazy) started at 14:09:38
2025-08-02T06:09:39.957Z - warn: ENOENT: no such file or directory, open '/Users/damithch/Repos/nus-cs2103/cs2103-website-base/node_modules/.cache/gh-pages/https!github.com!nus-cs2103-AY2526S1!website.git/book/_markbind/variables.md'
2025-08-02T06:09:39.957Z - warn: ENOENT: no such file or directory, open '/Users/damithch/Repos/nus-cs2103/cs2103-website-base/node_modules/.cache/gh-pages/https!github.com!nus-cs2103-AY2526S1!website.git/_markbind/variables.md'
2025-08-02T06:09:39.976Z - info: Building assets...
2025-08-02T06:09:42.520Z - info: Assets built
2025-08-02T06:09:42.521Z - info: Generating landing page...
2025-08-02T06:09:42.761Z - info: Landing page built, other pages will be built as you navigate to them!
2025-08-02T06:09:42.829Z - info: Site data built
2025-08-02T06:09:42.829Z - info: Website generation (lazy) complete! Total build time: 4.635s
2025-08-02T06:09:42.838Z - info: Serving "/Users/damithch/Repos/nus-cs2103/cs2103-website-base/_site" at http://127.0.0.1:8080
2025-08-02T06:09:42.838Z - info: Press CTRL+C to stop ...
2025-08-02T06:09:50.424Z - info: Building /Users/damithch/Repos/nus-cs2103/cs2103-website-base/se-book-adapted/git-trail/index as some of its dependencies were changed since the last visit
2025-08-02T06:09:50.786Z - info: Site data built
2025-08-02T06:09:50.786Z - info: Lazy website regeneration complete! Total build time: 0.362s
2025-08-02T06:09:54.604Z - info: Building /Users/damithch/Repos/nus-cs2103/cs2103-website-base/book/gitAndGithub/trail/recordingFolderHistory/index as some of its dependencies were changed since the last visit
2025-08-02T06:09:55.066Z - info: Site data built
2025-08-02T06:09:55.066Z - info: Lazy website regeneration complete! Total build time: 0.462s
2025-08-02T06:10:08.693Z - info: Building /Users/damithch/Repos/nus-cs2103/cs2103-website-base/book/gitAndGithub/trail/backingUpOnCloud/index as some of its dependencies were changed since the last visit
2025-08-02T06:10:08.984Z - info: Site data built
2025-08-02T06:10:08.984Z - info: Lazy website regeneration complete! Total build time: 0.292s
2025-08-02T06:11:58.377Z - info: [14:11:58] Reload for file change: /Users/damithch/Repos/nus-cs2103/cs2103-website-base/book/gitAndGithub/ignore/text.md
2025-08-02T06:11:58.382Z - info: Synchronizing opened pages list before reload
2025-08-02T06:11:58.384Z - info: Current opened pages, from most-to-least recent:
2025-08-02T06:11:58.387Z - info: 1. book/gitAndGithub/trail/backingUpOnCloud/index
2025-08-02T06:11:59.407Z - info: Rebuilding 1 pages
2025-08-02T06:11:59.732Z - info: Site data built
2025-08-02T06:11:59.732Z - info: Pages rebuilt
2025-08-02T06:11:59.733Z - info: Website regeneration complete! Total build time: 0.329s
2025-08-02T06:58:12.043Z - info: [14:58:12] Reload for file change: /Users/damithch/Repos/nus-cs2103/cs2103-website-base/book/gitAndGithub/setRemote/text.md
2025-08-02T06:58:12.063Z - info: Synchronizing opened pages list before reload
2025-08-02T06:58:12.102Z - info: Current opened pages, from most-to-least recent:
2025-08-02T06:58:12.103Z - info: 1. book/gitAndGithub/trail/backingUpOnCloud/index
2025-08-02T06:58:13.113Z - info: Rebuilding 1 pages
2025-08-02T06:58:13.437Z - info: Site data built
2025-08-02T06:58:13.437Z - info: Pages rebuilt
2025-08-02T06:58:13.437Z - info: Website regeneration complete! Total build time: 0.327s
2025-08-02T06:59:38.283Z - info: [14:59:38] Reload for file change: /Users/damithch/Repos/nus-cs2103/cs2103-website-base/book/gitAndGithub/setRemote/text.md
2025-08-02T06:59:38.284Z - info: Synchronizing opened pages list before reload
2025-08-02T06:59:38.285Z - info: Current opened pages, from most-to-least recent:
2025-08-02T06:59:38.285Z - info: 1. book/gitAndGithub/trail/backingUpOnCloud/index
2025-08-02T06:59:39.292Z - info: Rebuilding 1 pages
2025-08-02T06:59:39.593Z - info: Site data built
2025-08-02T06:59:39.593Z - info: Pages rebuilt
2025-08-02T06:59:39.593Z - info: Website regeneration complete! Total build time: 0.304s
2025-08-02T07:01:19.899Z - info: [15:01:19] Reload for file change: /Users/damithch/Repos/nus-cs2103/cs2103-website-base/book/gitAndGithub/setRemote/text.md
2025-08-02T07:01:19.900Z - info: Synchronizing opened pages list before reload
2025-08-02T07:01:19.901Z - info: Current opened pages, from most-to-least recent:
2025-08-02T07:01:19.901Z - info: 1. book/gitAndGithub/trail/backingUpOnCloud/index
2025-08-02T07:01:20.914Z - info: Rebuilding 1 pages
2025-08-02T07:01:21.230Z - info: Site data built
2025-08-02T07:01:21.230Z - info: Pages rebuilt
2025-08-02T07:01:21.230Z - info: Website regeneration complete! Total build time: 0.319s
2025-08-02T07:03:00.733Z - info: [15:03:00] Reload for file change: /Users/damithch/Repos/nus-cs2103/cs2103-website-base/book/gitAndGithub/setRemote/text.md
2025-08-02T07:03:00.735Z - info: Synchronizing opened pages list before reload
2025-08-02T07:03:00.736Z - info: Current opened pages, from most-to-least recent:
2025-08-02T07:03:00.736Z - info: 1. book/gitAndGithub/trail/backingUpOnCloud/index
2025-08-02T07:03:01.745Z - info: Rebuilding 1 pages
2025-08-02T07:03:02.048Z - info: Site data built
2025-08-02T07:03:02.048Z - info: Pages rebuilt
2025-08-02T07:03:02.049Z - info: Website regeneration complete! Total build time: 0.306s
2025-08-02T07:03:11.299Z - info: [15:03:11] Reload for file change: /Users/damithch/Repos/nus-cs2103/cs2103-website-base/book/gitAndGithub/setRemote/text.md
2025-08-02T07:03:11.299Z - info: Synchronizing opened pages list before reload
2025-08-02T07:03:11.299Z - info: Current opened pages, from most-to-least recent:
2025-08-02T07:03:11.299Z - info: 1. book/gitAndGithub/trail/backingUpOnCloud/index
2025-08-02T07:03:12.306Z - info: Rebuilding 1 pages
2025-08-02T07:03:12.602Z - info: Site data built
2025-08-02T07:03:12.602Z - info: Pages rebuilt
2025-08-02T07:03:12.602Z - info: Website regeneration complete! Total build time: 0.298s
2025-08-02T07:06:21.051Z - info: [15:06:21] Reload for file change: /Users/damithch/Repos/nus-cs2103/cs2103-website-base/book/gitAndGithub/push/cli-subsequent-push-fragment.md
2025-08-02T07:06:21.053Z - info: Synchronizing opened pages list before reload
2025-08-02T07:06:21.054Z - info: Current opened pages, from most-to-least recent:
2025-08-02T07:06:21.054Z - info: 1. book/gitAndGithub/trail/backingUpOnCloud/index
2025-08-02T07:06:22.066Z - info: Rebuilding 1 pages
2025-08-02T07:06:22.378Z - info: Site data built
2025-08-02T07:06:22.378Z - info: Pages rebuilt
2025-08-02T07:06:22.378Z - info: Website regeneration complete! Total build time: 0.317s
2025-08-02T07:08:43.729Z - info: [15:08:43] Reload for file change: /Users/damithch/Repos/nus-cs2103/cs2103-website-base/book/gitAndGithub/push/cli-push-to-empty-remote-fragment.md
2025-08-02T07:08:43.731Z - info: Synchronizing opened pages list before reload
2025-08-02T07:08:43.731Z - info: Current opened pages, from most-to-least recent:
2025-08-02T07:08:43.731Z - info: 1. book/gitAndGithub/trail/backingUpOnCloud/index
2025-08-02T07:08:44.739Z - info: Rebuilding 1 pages
2025-08-02T07:08:45.052Z - info: Site data built
2025-08-02T07:08:45.052Z - info: Pages rebuilt
2025-08-02T07:08:45.052Z - info: Website regeneration complete! Total build time: 0.315s
2025-08-02T07:08:59.051Z - info: [15:08:59] Reload for file change: /Users/damithch/Repos/nus-cs2103/cs2103-website-base/book/gitAndGithub/push/cli-push-to-empty-remote-fragment.md
2025-08-02T07:08:59.051Z - info: Synchronizing opened pages list before reload
2025-08-02T07:08:59.051Z - info: Current opened pages, from most-to-least recent:
2025-08-02T07:08:59.051Z - info: 1. book/gitAndGithub/trail/backingUpOnCloud/index
2025-08-02T07:09:00.062Z - info: Rebuilding 1 pages
2025-08-02T07:09:00.353Z - info: Site data built
2025-08-02T07:09:00.353Z - info: Pages rebuilt
2025-08-02T07:09:00.353Z - info: Website regeneration complete! Total build time: 0.292s
2025-08-02T07:53:04.641Z - info: [15:53:04] Reload for file change: /Users/damithch/Repos/nus-cs2103/cs2103-website-base/book/gitAndGithub/createRemoteRepo/images/fillNewRepoInfo.png
2025-08-02T07:53:04.646Z - info: Synchronizing opened pages list before reload
2025-08-02T07:53:04.647Z - info: Current opened pages, from most-to-least recent:
2025-08-02T07:53:04.648Z - info: 1. book/gitAndGithub/trail/backingUpOnCloud/index
2025-08-02T07:53:05.680Z - info: Assets built
2025-08-02T07:58:22.327Z - info: [15:58:22] Reload for file change: /Users/damithch/Repos/nus-cs2103/cs2103-website-base/book/gitAndGithub/createRemoteRepo/text.md
2025-08-02T07:58:22.329Z - info: Synchronizing opened pages list before reload
2025-08-02T07:58:22.330Z - info: Current opened pages, from most-to-least recent:
2025-08-02T07:58:22.330Z - info: 1. book/gitAndGithub/trail/backingUpOnCloud/index
2025-08-02T07:58:23.351Z - info: Rebuilding 1 pages
2025-08-02T07:58:23.670Z - info: Site data built
2025-08-02T07:58:23.670Z - info: Pages rebuilt
2025-08-02T07:58:23.670Z - info: Website regeneration complete! Total build time: 0.336s
2025-08-02T07:58:58.165Z - info: [15:58:58] Reload for file change: /Users/damithch/Repos/nus-cs2103/cs2103-website-base/book/gitAndGithub/createRemoteRepo/text.md
2025-08-02T07:58:58.166Z - info: Synchronizing opened pages list before reload
2025-08-02T07:58:58.166Z - info: Current opened pages, from most-to-least recent:
2025-08-02T07:58:58.166Z - info: 1. book/gitAndGithub/trail/backingUpOnCloud/index
2025-08-02T07:58:59.178Z - info: Rebuilding 1 pages
2025-08-02T07:58:59.476Z - info: Site data built
2025-08-02T07:58:59.477Z - info: Pages rebuilt
2025-08-02T07:58:59.477Z - info: Website regeneration complete! Total build time: 0.301s
2025-08-02T07:59:06.605Z - info: [15:59:06] Reload for file change: /Users/damithch/Repos/nus-cs2103/cs2103-website-base/book/gitAndGithub/createRemoteRepo/text.md
2025-08-02T07:59:06.605Z - info: Synchronizing opened pages list before reload
2025-08-02T07:59:06.605Z - info: Current opened pages, from most-to-least recent:
2025-08-02T07:59:06.605Z - info: 1. book/gitAndGithub/trail/backingUpOnCloud/index
2025-08-02T07:59:07.606Z - info: Rebuilding 1 pages
2025-08-02T07:59:07.874Z - info: Site data built
2025-08-02T07:59:07.874Z - info: Pages rebuilt
2025-08-02T07:59:07.874Z - info: Website regeneration complete! Total build time: 0.268s
2025-08-02T08:00:00.961Z - info: [16:00:00] Reload for file change: /Users/damithch/Repos/nus-cs2103/cs2103-website-base/book/gitAndGithub/createRemoteRepo/text.md
2025-08-02T08:00:00.963Z - info: Synchronizing opened pages list before reload
2025-08-02T08:00:00.963Z - info: Current opened pages, from most-to-least recent:
2025-08-02T08:00:00.963Z - info: 1. book/gitAndGithub/trail/backingUpOnCloud/index
2025-08-02T08:00:01.967Z - info: Rebuilding 1 pages
2025-08-02T08:00:02.266Z - info: Site data built
2025-08-02T08:00:02.266Z - info: Pages rebuilt
2025-08-02T08:00:02.266Z - info: Website regeneration complete! Total build time: 0.301s
2025-08-02T08:03:16.650Z - info: [16:03:16] Reload for file change: /Users/damithch/Repos/nus-cs2103/cs2103-website-base/book/gitAndGithub/createRemoteRepo/text.md
2025-08-02T08:03:16.651Z - info: Synchronizing opened pages list before reload
2025-08-02T08:03:16.651Z - info: Current opened pages, from most-to-least recent:
2025-08-02T08:03:16.652Z - info: 1. book/gitAndGithub/trail/backingUpOnCloud/index
2025-08-02T08:03:17.658Z - info: Rebuilding 1 pages
2025-08-02T08:03:17.966Z - info: Site data built
2025-08-02T08:03:17.967Z - info: Pages rebuilt
2025-08-02T08:03:17.967Z - info: Website regeneration complete! Total build time: 0.311s
2025-08-02T08:04:29.183Z - info: [16:04:29] Reload for file change: /Users/damithch/Repos/nus-cs2103/cs2103-website-base/book/gitAndGithub/createRemoteRepo/text.md
2025-08-02T08:04:29.184Z - info: Synchronizing opened pages list before reload
2025-08-02T08:04:29.185Z - info: Current opened pages, from most-to-least recent:
2025-08-02T08:04:29.185Z - info: 1. book/gitAndGithub/trail/backingUpOnCloud/index
2025-08-02T08:04:30.192Z - info: Rebuilding 1 pages
2025-08-02T08:04:30.548Z - info: Site data built
2025-08-02T08:04:30.548Z - info: Pages rebuilt
2025-08-02T08:04:30.548Z - info: Website regeneration complete! Total build time: 0.358s
2025-08-02T08:04:46.659Z - info: [16:04:46] Reload for file change: /Users/damithch/Repos/nus-cs2103/cs2103-website-base/book/gitAndGithub/createRemoteRepo/text.md
2025-08-02T08:04:46.660Z - info: Synchronizing opened pages list before reload
2025-08-02T08:04:46.660Z - info: Current opened pages, from most-to-least recent:
2025-08-02T08:04:46.660Z - info: 1. book/gitAndGithub/trail/backingUpOnCloud/index
2025-08-02T08:04:47.675Z - info: Rebuilding 1 pages
2025-08-02T08:04:47.962Z - info: Site data built
2025-08-02T08:04:47.962Z - info: Pages rebuilt
2025-08-02T08:04:47.962Z - info: Website regeneration complete! Total build time: 0.288s
2025-08-02T08:05:28.216Z - info: [16:05:28] Reload for file change: /Users/damithch/Repos/nus-cs2103/cs2103-website-base/book/gitAndGithub/createRemoteRepo/text.md
2025-08-02T08:05:28.216Z - info: Synchronizing opened pages list before reload
2025-08-02T08:05:28.217Z - info: Current opened pages, from most-to-least recent:
2025-08-02T08:05:28.217Z - info: 1. book/gitAndGithub/trail/backingUpOnCloud/index
2025-08-02T08:05:29.226Z - info: Rebuilding 1 pages
2025-08-02T08:05:29.539Z - info: Site data built
2025-08-02T08:05:29.540Z - info: Pages rebuilt
2025-08-02T08:05:29.540Z - info: Website regeneration complete! Total build time: 0.317s
2025-08-02T08:07:08.328Z - info: [16:07:08] Reload for file change: /Users/damithch/Repos/nus-cs2103/cs2103-website-base/book/gitAndGithub/createRemoteRepo/text.md
2025-08-02T08:07:08.329Z - info: Synchronizing opened pages list before reload
2025-08-02T08:07:08.329Z - info: Current opened pages, from most-to-least recent:
2025-08-02T08:07:08.329Z - info: 1. book/gitAndGithub/trail/backingUpOnCloud/index
2025-08-02T08:07:09.344Z - info: Rebuilding 1 pages
2025-08-02T08:07:09.644Z - info: Site data built
2025-08-02T08:07:09.645Z - info: Pages rebuilt
2025-08-02T08:07:09.645Z - info: Website regeneration complete! Total build time: 0.304s
2025-08-02T08:08:09.085Z - info: Website generation (lazy) started at 16:08:07
2025-08-02T08:08:09.505Z - warn: ENOENT: no such file or directory, open '/Users/damithch/Repos/nus-cs2103/cs2103-website-base/node_modules/.cache/gh-pages/https!github.com!nus-cs2103-AY2526S1!website.git/book/_markbind/variables.md'
2025-08-02T08:08:09.505Z - warn: ENOENT: no such file or directory, open '/Users/damithch/Repos/nus-cs2103/cs2103-website-base/node_modules/.cache/gh-pages/https!github.com!nus-cs2103-AY2526S1!website.git/_markbind/variables.md'
2025-08-02T08:08:09.528Z - info: Building assets...
2025-08-02T08:08:12.700Z - info: Assets built
2025-08-02T08:08:12.700Z - info: Generating landing page...
2025-08-02T08:08:12.991Z - info: Landing page built, other pages will be built as you navigate to them!
2025-08-02T08:08:13.063Z - info: Site data built
2025-08-02T08:08:13.063Z - info: Website generation (lazy) complete! Total build time: 5.256s
2025-08-02T08:08:13.075Z - info: Serving "/Users/damithch/Repos/nus-cs2103/cs2103-website-base/_site" at http://127.0.0.1:8080
2025-08-02T08:08:13.075Z - info: Press CTRL+C to stop ...
2025-08-02T08:08:20.094Z - info: Building /Users/damithch/Repos/nus-cs2103/cs2103-website-base/book/gitAndGithub/trail/backingUpOnCloud/index as some of its dependencies were changed since the last visit
2025-08-02T08:08:20.501Z - info: Site data built
2025-08-02T08:08:20.501Z - info: Lazy website regeneration complete! Total build time: 0.408s
2025-08-02T08:09:17.064Z - info: [16:09:17] Reload for file change: /Users/damithch/Repos/nus-cs2103/cs2103-website-base/book/gitAndGithub/createRemoteRepo/text.md
2025-08-02T08:09:17.065Z - info: Synchronizing opened pages list before reload
2025-08-02T08:09:17.065Z - info: Current opened pages, from most-to-least recent:
2025-08-02T08:09:17.066Z - info: 1. book/gitAndGithub/trail/backingUpOnCloud/index
2025-08-02T08:09:17.066Z - info: 2. index
2025-08-02T08:09:18.076Z - info: Rebuilding 1 pages
2025-08-02T08:09:18.406Z - info: Site data built
2025-08-02T08:09:18.406Z - info: Pages rebuilt
2025-08-02T08:09:18.406Z - info: Website regeneration complete! Total build time: 0.334s
2025-08-02T08:11:41.065Z - info: [16:11:41] Reload for file change: /Users/damithch/Repos/nus-cs2103/cs2103-website-base/book/common/macros.njk
2025-08-02T08:11:41.073Z - info: Synchronizing opened pages list before reload
2025-08-02T08:11:41.076Z - info: Current opened pages, from most-to-least recent:
2025-08-02T08:11:41.076Z - info: 1. book/gitAndGithub/trail/backingUpOnCloud/index
2025-08-02T08:11:41.077Z - info: 2. index
2025-08-02T08:11:41.085Z - info: [16:11:41] Reload for file change: /Users/damithch/Repos/nus-cs2103/cs2103-website-base/book/gitAndGithub/createRemoteRepo/text.md
2025-08-02T08:11:41.088Z - info: Synchronizing opened pages list before reload
2025-08-02T08:11:41.088Z - info: Current opened pages, from most-to-least recent:
2025-08-02T08:11:41.088Z - info: 1. book/gitAndGithub/trail/backingUpOnCloud/index
2025-08-02T08:11:41.089Z - info: 2. index
2025-08-02T08:11:42.086Z - info: Rebuilding 1 pages
2025-08-02T08:11:42.397Z - info: Site data built
2025-08-02T08:11:42.398Z - info: Pages rebuilt
2025-08-02T08:11:42.398Z - info: Website regeneration complete! Total build time: 0.315s
2025-08-02T08:11:51.553Z - info: [16:11:51] Reload for file change: /Users/damithch/Repos/nus-cs2103/cs2103-website-base/book/gitAndGithub/createRemoteRepo/text.md
2025-08-02T08:11:51.553Z - info: Synchronizing opened pages list before reload
2025-08-02T08:11:51.553Z - info: Current opened pages, from most-to-least recent:
2025-08-02T08:11:51.553Z - info: 1. book/gitAndGithub/trail/backingUpOnCloud/index
2025-08-02T08:11:51.553Z - info: 2. index
2025-08-02T08:11:52.558Z - info: Rebuilding 1 pages
2025-08-02T08:11:52.859Z - info: Site data built
2025-08-02T08:11:52.859Z - info: Pages rebuilt
2025-08-02T08:11:52.859Z - info: Website regeneration complete! Total build time: 0.303s
2025-08-02T08:12:19.095Z - info: [16:12:19] Reload for file change: /Users/damithch/Repos/nus-cs2103/cs2103-website-base/book/gitAndGithub/createRemoteRepo/text.md
2025-08-02T08:12:19.095Z - info: Synchronizing opened pages list before reload
2025-08-02T08:12:19.096Z - info: Current opened pages, from most-to-least recent:
2025-08-02T08:12:19.096Z - info: 1. book/gitAndGithub/trail/backingUpOnCloud/index
2025-08-02T08:12:19.096Z - info: 2. index
2025-08-02T08:12:20.100Z - info: Rebuilding 1 pages
2025-08-02T08:12:20.404Z - info: Site data built
2025-08-02T08:12:20.404Z - info: Pages rebuilt
2025-08-02T08:12:20.404Z - info: Website regeneration complete! Total build time: 0.307s
2025-08-02T08:12:25.840Z - info: [16:12:25] Reload for file change: /Users/damithch/Repos/nus-cs2103/cs2103-website-base/book/gitAndGithub/createRemoteRepo/text.md
2025-08-02T08:12:25.840Z - info: Synchronizing opened pages list before reload
2025-08-02T08:12:25.840Z - info: Current opened pages, from most-to-least recent:
2025-08-02T08:12:25.840Z - info: 1. book/gitAndGithub/trail/backingUpOnCloud/index
2025-08-02T08:12:25.840Z - info: 2. index
2025-08-02T08:12:26.843Z - info: Rebuilding 1 pages
2025-08-02T08:12:27.108Z - info: Site data built
2025-08-02T08:12:27.108Z - info: Pages rebuilt
2025-08-02T08:12:27.108Z - info: Website regeneration complete! Total build time: 0.267s
2025-08-02T08:12:33.428Z - info: [16:12:33] Reload for file change: /Users/damithch/Repos/nus-cs2103/cs2103-website-base/book/gitAndGithub/createRemoteRepo/text.md
2025-08-02T08:12:33.428Z - info: Synchronizing opened pages list before reload
2025-08-02T08:12:33.428Z - info: Current opened pages, from most-to-least recent:
2025-08-02T08:12:33.429Z - info: 1. book/gitAndGithub/trail/backingUpOnCloud/index
2025-08-02T08:12:33.429Z - info: 2. index
2025-08-02T08:12:34.436Z - info: Rebuilding 1 pages
2025-08-02T08:12:34.657Z - info: Site data built
2025-08-02T08:12:34.657Z - info: Pages rebuilt
2025-08-02T08:12:34.657Z - info: Website regeneration complete! Total build time: 0.223s
2025-08-02T08:12:41.080Z - info: [16:12:41] Reload for file change: /Users/damithch/Repos/nus-cs2103/cs2103-website-base/book/gitAndGithub/createRemoteRepo/text.md
2025-08-02T08:12:41.080Z - info: Synchronizing opened pages list before reload
2025-08-02T08:12:41.080Z - info: Current opened pages, from most-to-least recent:
2025-08-02T08:12:41.080Z - info: 1. book/gitAndGithub/trail/backingUpOnCloud/index
2025-08-02T08:12:41.081Z - info: 2. index
2025-08-02T08:12:42.095Z - info: Rebuilding 1 pages
2025-08-02T08:12:42.336Z - info: Site data built
2025-08-02T08:12:42.336Z - info: Pages rebuilt
2025-08-02T08:12:42.336Z - info: Website regeneration complete! Total build time: 0.242s
2025-08-02T08:22:53.841Z - info: [16:22:53] Reload for file change: /Users/damithch/Repos/nus-cs2103/cs2103-website-base/book/gitAndGithub/createRemoteRepo/text.md
2025-08-02T08:22:53.845Z - info: Synchronizing opened pages list before reload
2025-08-02T08:22:53.846Z - info: Current opened pages, from most-to-least recent:
2025-08-02T08:22:53.846Z - info: 1. book/gitAndGithub/trail/backingUpOnCloud/index
2025-08-02T08:22:53.846Z - info: 2. index
2025-08-02T08:22:54.855Z - info: Rebuilding 1 pages
2025-08-02T08:22:55.179Z - info: Site data built
2025-08-02T08:22:55.179Z - info: Pages rebuilt
2025-08-02T08:22:55.179Z - info: Website regeneration complete! Total build time: 0.326s
2025-08-02T08:23:24.451Z - info: [16:23:24] Reload for file change: /Users/damithch/Repos/nus-cs2103/cs2103-website-base/book/gitAndGithub/createRemoteRepo/text.md
2025-08-02T08:23:24.452Z - info: Synchronizing opened pages list before reload
2025-08-02T08:23:24.453Z - info: Current opened pages, from most-to-least recent:
2025-08-02T08:23:24.453Z - info: 1. book/gitAndGithub/trail/backingUpOnCloud/index
2025-08-02T08:23:24.453Z - info: 2. index
2025-08-02T08:23:25.464Z - info: Rebuilding 1 pages
2025-08-02T08:23:25.769Z - info: Site data built
2025-08-02T08:23:25.769Z - info: Pages rebuilt
2025-08-02T08:23:25.769Z - info: Website regeneration complete! Total build time: 0.308s
2025-08-02T08:25:24.348Z - info: [16:25:24] Reload for file change: /Users/damithch/Repos/nus-cs2103/cs2103-website-base/book/common/macros.njk
2025-08-02T08:25:24.349Z - info: Synchronizing opened pages list before reload
2025-08-02T08:25:24.349Z - info: Current opened pages, from most-to-least recent:
2025-08-02T08:25:24.349Z - info: 1. book/gitAndGithub/trail/backingUpOnCloud/index
2025-08-02T08:25:24.349Z - info: 2. index
2025-08-02T08:25:24.375Z - info: [16:25:24] Reload for file change: /Users/damithch/Repos/nus-cs2103/cs2103-website-base/book/gitAndGithub/createRemoteRepo/text.md
2025-08-02T08:25:24.376Z - info: Synchronizing opened pages list before reload
2025-08-02T08:25:24.376Z - info: Current opened pages, from most-to-least recent:
2025-08-02T08:25:24.376Z - info: 1. book/gitAndGithub/trail/backingUpOnCloud/index
2025-08-02T08:25:24.376Z - info: 2. index
2025-08-02T08:25:25.357Z - info: Rebuilding 1 pages
2025-08-02T08:25:25.674Z - info: Site data built
2025-08-02T08:25:25.674Z - info: Pages rebuilt
2025-08-02T08:25:25.674Z - info: Website regeneration complete! Total build time: 0.32s
2025-08-02T08:27:50.409Z - info: [16:27:50] Reload for file change: /Users/damithch/Repos/nus-cs2103/cs2103-website-base/book/gitAndGithub/ignore/text.md
2025-08-02T08:27:50.410Z - info: Synchronizing opened pages list before reload
2025-08-02T08:27:50.411Z - info: Current opened pages, from most-to-least recent:
2025-08-02T08:27:50.411Z - info: 1. book/gitAndGithub/trail/backingUpOnCloud/index
2025-08-02T08:27:50.411Z - info: 2. index
2025-08-02T08:27:51.423Z - info: Rebuilding 1 pages
2025-08-02T08:27:51.710Z - info: Site data built
2025-08-02T08:27:51.710Z - info: Pages rebuilt
2025-08-02T08:27:51.710Z - info: Website regeneration complete! Total build time: 0.291s
2025-08-02T08:28:07.520Z - info: [16:28:07] Reload for file change: /Users/damithch/Repos/nus-cs2103/cs2103-website-base/book/gitAndGithub/ignore/text.md
2025-08-02T08:28:07.520Z - info: Synchronizing opened pages list before reload
2025-08-02T08:28:07.520Z - info: Current opened pages, from most-to-least recent:
2025-08-02T08:28:07.520Z - info: 1. book/gitAndGithub/trail/backingUpOnCloud/index
2025-08-02T08:28:07.520Z - info: 2. index
2025-08-02T08:28:08.533Z - info: Rebuilding 1 pages
2025-08-02T08:28:08.817Z - info: Site data built
2025-08-02T08:28:08.818Z - info: Pages rebuilt
2025-08-02T08:28:08.818Z - info: Website regeneration complete! Total build time: 0.288s
2025-08-02T08:30:23.292Z - info: [16:30:23] Reload for file change: /Users/damithch/Repos/nus-cs2103/cs2103-website-base/book/gitAndGithub/githubPrep/text.md
2025-08-02T08:30:23.293Z - info: Synchronizing opened pages list before reload
2025-08-02T08:30:23.294Z - info: Current opened pages, from most-to-least recent:
2025-08-02T08:30:23.294Z - info: 1. book/gitAndGithub/trail/backingUpOnCloud/index
2025-08-02T08:30:23.294Z - info: 2. index
2025-08-02T08:30:24.309Z - info: Rebuilding 1 pages
2025-08-02T08:30:24.608Z - info: Site data built
2025-08-02T08:30:24.608Z - info: Pages rebuilt
2025-08-02T08:30:24.608Z - info: Website regeneration complete! Total build time: 0.301s
2025-08-02T08:33:15.212Z - info: [16:33:15] Reload for file change: /Users/damithch/Repos/nus-cs2103/cs2103-website-base/book/gitAndGithub/githubPrep/text.md
2025-08-02T08:33:15.213Z - info: Synchronizing opened pages list before reload
2025-08-02T08:33:15.213Z - info: Current opened pages, from most-to-least recent:
2025-08-02T08:33:15.214Z - info: 1. book/gitAndGithub/trail/backingUpOnCloud/index
2025-08-02T08:33:15.214Z - info: 2. index
2025-08-02T08:33:16.222Z - info: Rebuilding 1 pages
2025-08-02T08:33:16.541Z - info: Site data built
2025-08-02T08:33:16.542Z - info: Pages rebuilt
2025-08-02T08:33:16.542Z - info: Website regeneration complete! Total build time: 0.323s
2025-08-02T08:34:44.903Z - info: Website generation started at 16:34:43
2025-08-02T08:34:45.391Z - warn: ENOENT: no such file or directory, open '/Users/damithch/Repos/nus-cs2103/cs2103-website-base/node_modules/.cache/gh-pages/https!github.com!nus-cs2103-AY2526S1!website.git/book/_markbind/variables.md'
2025-08-02T08:34:45.391Z - warn: ENOENT: no such file or directory, open '/Users/damithch/Repos/nus-cs2103/cs2103-website-base/node_modules/.cache/gh-pages/https!github.com!nus-cs2103-AY2526S1!website.git/_markbind/variables.md'
2025-08-02T08:34:45.420Z - info: Building assets...
2025-08-02T08:34:48.211Z - info: Assets built
2025-08-02T08:34:48.212Z - info: Generating pages...
2025-08-02T08:34:53.205Z - debug:  
2025-08-02T08:34:55.814Z - debug:  
2025-08-02T08:34:55.814Z - debug:  
2025-08-02T08:34:55.814Z - debug:  
2025-08-02T08:34:55.814Z - debug:  
2025-08-02T08:34:55.814Z - debug:  
2025-08-02T08:34:55.814Z - debug:  
2025-08-02T08:34:55.814Z - debug:  
2025-08-02T08:34:55.814Z - debug:  
2025-08-02T08:34:55.814Z - debug:  
2025-08-02T08:34:55.814Z - debug:  
2025-08-02T08:34:58.088Z - debug:  
2025-08-02T08:34:58.146Z - debug:  
2025-08-02T08:34:58.151Z - debug:  
2025-08-02T08:34:58.156Z - debug:  
2025-08-02T08:34:58.207Z - debug:  
2025-08-02T08:34:58.209Z - debug:  
2025-08-02T08:35:07.761Z - debug:  
2025-08-02T08:36:04.389Z - debug:  
2025-08-02T08:36:16.385Z - debug:  
2025-08-02T08:36:16.392Z - debug:  
2025-08-02T08:36:23.371Z - info: Pages built
2025-08-02T08:36:23.442Z - info: Site data built
2025-08-02T08:36:23.442Z - info: Website generation complete! Total build time: 99.661s
2025-08-02T08:36:23.442Z - info: Build success!
2025-08-02T08:36:51.636Z - info: The website has been deployed at: https://nus-cs2103-ay2526s1.github.io/website
2025-08-02T08:39:53.270Z - info: Website generation (lazy) started at 16:39:51
2025-08-02T08:39:53.666Z - warn: ENOENT: no such file or directory, open '/Users/damithch/Repos/nus-cs2103/cs2103-website-base/node_modules/.cache/gh-pages/https!github.com!nus-cs2103-AY2526S1!website.git/book/_markbind/variables.md'
2025-08-02T08:39:53.666Z - warn: ENOENT: no such file or directory, open '/Users/damithch/Repos/nus-cs2103/cs2103-website-base/node_modules/.cache/gh-pages/https!github.com!nus-cs2103-AY2526S1!website.git/_markbind/variables.md'
2025-08-02T08:39:53.685Z - info: Building assets...
2025-08-02T08:39:56.334Z - info: Assets built
2025-08-02T08:39:56.335Z - info: Generating landing page...
2025-08-02T08:39:56.631Z - info: Landing page built, other pages will be built as you navigate to them!
2025-08-02T08:39:56.699Z - info: Site data built
2025-08-02T08:39:56.699Z - info: Website generation (lazy) complete! Total build time: 4.794s
2025-08-02T08:39:56.711Z - info: Serving "/Users/damithch/Repos/nus-cs2103/cs2103-website-base/_site" at http://127.0.0.1:8080
2025-08-02T08:39:56.711Z - info: Press CTRL+C to stop ...
2025-08-02T08:40:20.513Z - info: [16:40:20] Reload for file change: /Users/damithch/Repos/nus-cs2103/cs2103-website-base/book/gitAndGithub/remoteBranchDelete/text.md
2025-08-02T08:40:20.514Z - info: Synchronizing opened pages list before reload
2025-08-02T08:40:20.514Z - info: Current opened pages, from most-to-least recent:
2025-08-02T08:40:20.515Z - info: 1. index
2025-08-02T08:40:21.520Z - info: Assets built
2025-08-02T08:40:24.838Z - info: Building /Users/damithch/Repos/nus-cs2103/cs2103-website-base/se-book-adapted/git-trail/index as some of its dependencies were changed since the last visit
2025-08-02T08:40:25.202Z - info: Site data built
2025-08-02T08:40:25.202Z - info: Lazy website regeneration complete! Total build time: 0.364s
2025-08-02T08:40:30.450Z - info: Building /Users/damithch/Repos/nus-cs2103/cs2103-website-base/book/gitAndGithub/trail/workingWithRemotes/index as some of its dependencies were changed since the last visit
2025-08-02T08:40:30.658Z - info: Site data built
2025-08-02T08:40:30.658Z - info: Lazy website regeneration complete! Total build time: 0.209s
2025-08-02T08:41:01.050Z - info: [16:41:01] Reload for file change: /Users/damithch/Repos/nus-cs2103/cs2103-website-base/book/gitAndGithub/remoteBranchDelete/text.md
2025-08-02T08:41:01.051Z - info: Synchronizing opened pages list before reload
2025-08-02T08:41:01.052Z - info: Current opened pages, from most-to-least recent:
2025-08-02T08:41:01.053Z - info: 1. book/gitAndGithub/trail/workingWithRemotes/index
2025-08-02T08:41:02.071Z - info: No pages needed to be rebuilt
2025-08-02T08:41:12.056Z - info: [16:41:12] Reload for file change: /Users/damithch/Repos/nus-cs2103/cs2103-website-base/book/gitAndGithub/remoteBranchDelete/text.md
2025-08-02T08:41:12.056Z - info: Synchronizing opened pages list before reload
2025-08-02T08:41:12.057Z - info: Current opened pages, from most-to-least recent:
2025-08-02T08:41:12.057Z - info: 1. book/gitAndGithub/trail/workingWithRemotes/index
2025-08-02T08:41:13.063Z - info: No pages needed to be rebuilt
2025-08-02T08:42:47.090Z - info: [16:42:47] Reload for file change: /Users/damithch/Repos/nus-cs2103/cs2103-website-base/book/gitAndGithub/remoteBranchDelete/text.md
2025-08-02T08:42:47.091Z - info: Synchronizing opened pages list before reload
2025-08-02T08:42:47.094Z - info: Current opened pages, from most-to-least recent:
2025-08-02T08:42:47.101Z - info: 1. book/gitAndGithub/trail/workingWithRemotes/index
2025-08-02T08:42:48.113Z - info: No pages needed to be rebuilt
2025-08-02T08:43:09.533Z - info: [16:43:09] Reload for file change: /Users/damithch/Repos/nus-cs2103/cs2103-website-base/book/gitAndGithub/remoteBranchDelete/text.md
2025-08-02T08:43:09.533Z - info: Synchronizing opened pages list before reload
2025-08-02T08:43:09.533Z - info: Current opened pages, from most-to-least recent:
2025-08-02T08:43:09.533Z - info: 1. book/gitAndGithub/trail/workingWithRemotes/index
2025-08-02T08:43:10.536Z - info: No pages needed to be rebuilt
2025-08-02T08:43:22.392Z - info: Building /Users/damithch/Repos/nus-cs2103/cs2103-website-base/book/gitAndGithub/fork/index as some of its dependencies were changed since the last visit
2025-08-02T08:43:22.506Z - info: Site data built
2025-08-02T08:43:22.507Z - info: Lazy website regeneration complete! Total build time: 0.114s
2025-08-02T08:44:41.041Z - info: [16:44:41] Reload for file change: /Users/damithch/Repos/nus-cs2103/cs2103-website-base/book/gitAndGithub/remoteBranchDelete/text.md
2025-08-02T08:44:41.043Z - info: Synchronizing opened pages list before reload
2025-08-02T08:44:41.045Z - info: Current opened pages, from most-to-least recent:
2025-08-02T08:44:41.045Z - info: 1. book/gitAndGithub/fork/index
2025-08-02T08:44:41.045Z - info: 2. book/gitAndGithub/trail/workingWithRemotes/index
2025-08-02T08:44:42.053Z - info: No pages needed to be rebuilt
2025-08-02T08:45:02.817Z - info: [16:45:02] Reload for file change: /Users/damithch/Repos/nus-cs2103/cs2103-website-base/book/gitAndGithub/remoteBranchDelete/text.md
2025-08-02T08:45:02.817Z - info: Synchronizing opened pages list before reload
2025-08-02T08:45:02.817Z - info: Current opened pages, from most-to-least recent:
2025-08-02T08:45:02.818Z - info: 1. book/gitAndGithub/fork/index
2025-08-02T08:45:02.818Z - info: 2. book/gitAndGithub/trail/workingWithRemotes/index
2025-08-02T08:45:03.827Z - info: No pages needed to be rebuilt
2025-08-02T08:45:36.492Z - info: [16:45:36] Reload for file change: /Users/damithch/Repos/nus-cs2103/cs2103-website-base/book/gitAndGithub/fork/text.md
2025-08-02T08:45:36.494Z - info: Synchronizing opened pages list before reload
2025-08-02T08:45:36.495Z - info: Current opened pages, from most-to-least recent:
2025-08-02T08:45:36.495Z - info: 1. book/gitAndGithub/fork/index
2025-08-02T08:45:36.495Z - info: 2. book/gitAndGithub/trail/workingWithRemotes/index
2025-08-02T08:45:37.506Z - info: Rebuilding 2 pages
2025-08-02T08:45:37.752Z - info: Site data built
2025-08-02T08:45:37.752Z - info: Pages rebuilt
2025-08-02T08:45:37.752Z - info: Website regeneration complete! Total build time: 0.249s
2025-08-02T08:46:42.513Z - info: [16:46:42] Reload for file change: /Users/damithch/Repos/nus-cs2103/cs2103-website-base/book/gitAndGithub/remoteBranchPush/text.md
2025-08-02T08:46:42.514Z - info: Synchronizing opened pages list before reload
2025-08-02T08:46:42.514Z - info: Current opened pages, from most-to-least recent:
2025-08-02T08:46:42.514Z - info: 1. book/gitAndGithub/fork/index
2025-08-02T08:46:42.514Z - info: 2. book/gitAndGithub/trail/workingWithRemotes/index
2025-08-02T08:46:43.532Z - info: No pages needed to be rebuilt
2025-08-02T08:47:29.041Z - info: Website generation started at 16:47:27
2025-08-02T08:47:29.461Z - warn: ENOENT: no such file or directory, open '/Users/damithch/Repos/nus-cs2103/cs2103-website-base/node_modules/.cache/gh-pages/https!github.com!nus-cs2103-AY2526S1!website.git/book/_markbind/variables.md'
2025-08-02T08:47:29.462Z - warn: ENOENT: no such file or directory, open '/Users/damithch/Repos/nus-cs2103/cs2103-website-base/node_modules/.cache/gh-pages/https!github.com!nus-cs2103-AY2526S1!website.git/_markbind/variables.md'
2025-08-02T08:47:29.482Z - info: Building assets...
2025-08-02T08:47:32.710Z - info: Assets built
2025-08-02T08:47:32.711Z - info: Generating pages...
2025-08-02T08:47:37.409Z - debug:  
2025-08-02T08:47:37.409Z - debug:  
2025-08-02T08:47:40.255Z - debug:  
2025-08-02T08:47:40.255Z - debug:  
2025-08-02T08:47:40.255Z - debug:  
2025-08-02T08:47:40.255Z - debug:  
2025-08-02T08:47:40.255Z - debug:  
2025-08-02T08:47:40.255Z - debug:  
2025-08-02T08:47:40.255Z - debug:  
2025-08-02T08:47:40.256Z - debug:  
2025-08-02T08:47:40.256Z - debug:  
2025-08-02T08:47:42.556Z - debug:  
2025-08-02T08:47:42.589Z - debug:  
2025-08-02T08:47:42.594Z - debug:  
2025-08-02T08:47:42.597Z - debug:  
2025-08-02T08:47:42.616Z - debug:  
2025-08-02T08:47:42.617Z - debug:  
2025-08-02T08:47:52.221Z - debug:  
2025-08-02T08:48:49.403Z - debug:  
2025-08-02T08:49:00.405Z - debug:  
2025-08-02T08:49:00.420Z - debug:  
2025-08-02T08:49:06.699Z - info: Pages built
2025-08-02T08:49:06.766Z - info: Site data built
2025-08-02T08:49:06.766Z - info: Website generation complete! Total build time: 98.903s
2025-08-02T08:49:06.766Z - info: Build success!
2025-08-02T08:49:58.819Z - info: The website has been deployed at: https://nus-cs2103-ay2526s1.github.io/website
2025-08-02T08:52:02.016Z - info: Website generation (lazy) started at 16:52:00
2025-08-02T08:52:02.360Z - warn: ENOENT: no such file or directory, open '/Users/damithch/Repos/nus-cs2103/cs2103-website-base/node_modules/.cache/gh-pages/https!github.com!nus-cs2103-AY2526S1!website.git/book/_markbind/variables.md'
2025-08-02T08:52:02.360Z - warn: ENOENT: no such file or directory, open '/Users/damithch/Repos/nus-cs2103/cs2103-website-base/node_modules/.cache/gh-pages/https!github.com!nus-cs2103-AY2526S1!website.git/_markbind/variables.md'
2025-08-02T08:52:02.383Z - info: Building assets...
2025-08-02T08:52:05.573Z - info: Assets built
2025-08-02T08:52:05.574Z - info: Generating landing page...
2025-08-02T08:52:05.864Z - info: Landing page built, other pages will be built as you navigate to them!
2025-08-02T08:52:05.925Z - info: Site data built
2025-08-02T08:52:05.926Z - info: Website generation (lazy) complete! Total build time: 5.306s
2025-08-02T08:52:05.938Z - info: Serving "/Users/damithch/Repos/nus-cs2103/cs2103-website-base/_site" at http://127.0.0.1:8080
2025-08-02T08:52:05.938Z - info: Press CTRL+C to stop ...
2025-08-02T08:52:57.775Z - info: [16:52:57] Reload for file change: /Users/damithch/Repos/nus-cs2103/cs2103-website-base/book/gitAndGithub/show/text.md
2025-08-02T08:52:57.779Z - info: Synchronizing opened pages list before reload
2025-08-02T08:52:57.781Z - info: Current opened pages, from most-to-least recent:
2025-08-02T08:52:57.781Z - info: 1. index
2025-08-02T08:52:58.788Z - info: Assets built
2025-08-02T08:54:17.871Z - info: [16:54:17] Reload for file change: /Users/damithch/Repos/nus-cs2103/cs2103-website-base/book/gitAndGithub/log/cli-view-rg-normal.md
2025-08-02T08:54:17.872Z - info: Synchronizing opened pages list before reload
2025-08-02T08:54:17.873Z - info: Current opened pages, from most-to-least recent:
2025-08-02T08:54:17.874Z - info: 1. index
2025-08-02T08:54:18.885Z - info: Assets built
2025-08-02T08:55:20.667Z - info: [16:55:20] Reload for file change: /Users/damithch/Repos/nus-cs2103/cs2103-website-base/book/gitAndGithub/show/text.md
2025-08-02T08:55:20.689Z - info: Synchronizing opened pages list before reload
2025-08-02T08:55:20.692Z - info: Current opened pages, from most-to-least recent:
2025-08-02T08:55:20.693Z - info: 1. index
2025-08-02T08:55:21.733Z - info: Assets built
2025-08-02T08:56:22.200Z - info: [16:56:22] Reload for file change: /Users/damithch/Repos/nus-cs2103/cs2103-website-base/book/gitAndGithub/tag/text.md
2025-08-02T08:56:22.206Z - info: Synchronizing opened pages list before reload
2025-08-02T08:56:22.207Z - info: Current opened pages, from most-to-least recent:
2025-08-02T08:56:22.208Z - info: 1. index
2025-08-02T08:56:23.214Z - info: Assets built
2025-08-02T08:56:56.120Z - info: Building /Users/damithch/Repos/nus-cs2103/cs2103-website-base/se-book-adapted/git-trail/index as some of its dependencies were changed since the last visit
2025-08-02T08:56:56.489Z - info: Site data built
2025-08-02T08:56:56.489Z - info: Lazy website regeneration complete! Total build time: 0.37s
2025-08-02T08:56:59.779Z - info: Building /Users/damithch/Repos/nus-cs2103/cs2103-website-base/book/gitAndGithub/trail/usingRevisionHistory/index as some of its dependencies were changed since the last visit
2025-08-02T08:57:00.249Z - info: Site data built
2025-08-02T08:57:00.249Z - info: Lazy website regeneration complete! Total build time: 0.471s
2025-08-02T08:59:04.245Z - info: [16:59:04] Reload for file change: /Users/damithch/Repos/nus-cs2103/cs2103-website-base/book/gitAndGithub/tag/text.md
2025-08-02T08:59:04.246Z - info: Synchronizing opened pages list before reload
2025-08-02T08:59:04.246Z - info: Current opened pages, from most-to-least recent:
2025-08-02T08:59:04.246Z - info: 1. book/gitAndGithub/trail/usingRevisionHistory/index
2025-08-02T08:59:05.254Z - info: Rebuilding 1 pages
2025-08-02T08:59:05.793Z - info: Site data built
2025-08-02T08:59:05.793Z - info: Pages rebuilt
2025-08-02T08:59:05.793Z - info: Website regeneration complete! Total build time: 0.543s
2025-08-02T09:00:10.774Z - info: Building /Users/damithch/Repos/nus-cs2103/cs2103-website-base/se-book-adapted/git-trail/index as some of its dependencies were changed since the last visit
2025-08-02T09:00:11.052Z - info: Site data built
2025-08-02T09:00:11.052Z - info: Lazy website regeneration complete! Total build time: 0.278s
2025-08-02T09:00:26.002Z - info: Building /Users/damithch/Repos/nus-cs2103/cs2103-website-base/book/gitAndGithub/trail/recordingFolderHistory/index as some of its dependencies were changed since the last visit
2025-08-02T09:00:26.329Z - info: Site data built
2025-08-02T09:00:26.330Z - info: Lazy website regeneration complete! Total build time: 0.329s
2025-08-02T09:02:51.897Z - info: [17:02:51] Reload for file change: /Users/damithch/Repos/nus-cs2103/cs2103-website-base/book/gitAndGithub/stage/sourcetree-stage-new-file-fragment.md
2025-08-02T09:02:51.899Z - info: Synchronizing opened pages list before reload
2025-08-02T09:02:51.900Z - info: Current opened pages, from most-to-least recent:
2025-08-02T09:02:51.900Z - info: 1. book/gitAndGithub/trail/recordingFolderHistory/index
2025-08-02T09:02:52.914Z - info: Rebuilding 1 pages
2025-08-02T09:02:53.290Z - info: Site data built
2025-08-02T09:02:53.290Z - info: Pages rebuilt
2025-08-02T09:02:53.290Z - info: Website regeneration complete! Total build time: 0.378s
2025-08-02T09:04:54.155Z - info: [17:04:54] Reload for file change: /Users/damithch/Repos/nus-cs2103/cs2103-website-base/book/gitAndGithub/stage/sourcetree-stage-new-file-fragment.md
2025-08-02T09:04:54.156Z - info: Synchronizing opened pages list before reload
2025-08-02T09:04:54.156Z - info: Current opened pages, from most-to-least recent:
2025-08-02T09:04:54.156Z - info: 1. book/gitAndGithub/trail/recordingFolderHistory/index
2025-08-02T09:04:55.163Z - info: Rebuilding 1 pages
2025-08-02T09:04:55.552Z - info: Site data built
2025-08-02T09:04:55.552Z - info: Pages rebuilt
2025-08-02T09:04:55.552Z - info: Website regeneration complete! Total build time: 0.391s
2025-08-02T09:05:45.563Z - info: [17:05:45] Reload for file change: /Users/damithch/Repos/nus-cs2103/cs2103-website-base/book/gitAndGithub/stage/sourcetree-stage-new-file-fragment.md
2025-08-02T09:05:45.564Z - info: Synchronizing opened pages list before reload
2025-08-02T09:05:45.564Z - info: Current opened pages, from most-to-least recent:
2025-08-02T09:05:45.564Z - info: 1. book/gitAndGithub/trail/recordingFolderHistory/index
2025-08-02T09:05:46.579Z - info: Rebuilding 1 pages
2025-08-02T09:05:46.945Z - info: Site data built
2025-08-02T09:05:46.945Z - info: Pages rebuilt
2025-08-02T09:05:46.945Z - info: Website regeneration complete! Total build time: 0.368s
2025-08-02T09:06:30.288Z - info: [17:06:30] Reload for file change: /Users/damithch/Repos/nus-cs2103/cs2103-website-base/book/gitAndGithub/stage/sourcetree-stage-new-file-fragment.md
2025-08-02T09:06:30.288Z - info: Synchronizing opened pages list before reload
2025-08-02T09:06:30.289Z - info: Current opened pages, from most-to-least recent:
2025-08-02T09:06:30.289Z - info: 1. book/gitAndGithub/trail/recordingFolderHistory/index
2025-08-02T09:06:31.294Z - info: Rebuilding 1 pages
2025-08-02T09:06:31.682Z - info: Site data built
2025-08-02T09:06:31.682Z - info: Pages rebuilt
2025-08-02T09:06:31.682Z - info: Website regeneration complete! Total build time: 0.39s
2025-08-02T09:07:03.620Z - info: [17:07:03] Reload for file change: /Users/damithch/Repos/nus-cs2103/cs2103-website-base/book/gitAndGithub/stage/sourcetree-stage-new-file-fragment.md
2025-08-02T09:07:03.620Z - info: Synchronizing opened pages list before reload
2025-08-02T09:07:03.620Z - info: Current opened pages, from most-to-least recent:
2025-08-02T09:07:03.620Z - info: 1. book/gitAndGithub/trail/recordingFolderHistory/index
2025-08-02T09:07:04.626Z - info: Rebuilding 1 pages
2025-08-02T09:07:05.003Z - info: Site data built
2025-08-02T09:07:05.003Z - info: Pages rebuilt
2025-08-02T09:07:05.003Z - info: Website regeneration complete! Total build time: 0.38s
2025-08-02T09:08:47.404Z - info: [17:08:47] Reload for file change: /Users/damithch/Repos/nus-cs2103/cs2103-website-base/book/gitAndGithub/trail/fineTuningHistory/text.md
2025-08-02T09:08:47.405Z - info: Synchronizing opened pages list before reload
2025-08-02T09:08:47.406Z - info: Current opened pages, from most-to-least recent:
2025-08-02T09:08:47.406Z - info: 1. book/gitAndGithub/trail/recordingFolderHistory/index
2025-08-02T09:08:48.422Z - info: No pages needed to be rebuilt
2025-08-02T09:09:11.576Z - info: [17:09:11] Reload for file change: /Users/damithch/Repos/nus-cs2103/cs2103-website-base/book/gitAndGithub/commitMessage/text.md
2025-08-02T09:09:11.583Z - info: Synchronizing opened pages list before reload
2025-08-02T09:09:11.584Z - info: Current opened pages, from most-to-least recent:
2025-08-02T09:09:11.584Z - info: 1. book/gitAndGithub/trail/recordingFolderHistory/index
2025-08-02T09:09:12.596Z - info: No pages needed to be rebuilt
2025-08-02T09:14:09.695Z - info: [17:14:09] Reload for file change: /Users/damithch/Repos/nus-cs2103/cs2103-website-base/book/gitAndGithub/branch/text.md
2025-08-02T09:14:09.696Z - info: Synchronizing opened pages list before reload
2025-08-02T09:14:09.696Z - info: Current opened pages, from most-to-least recent:
2025-08-02T09:14:09.697Z - info: 1. book/gitAndGithub/trail/recordingFolderHistory/index
2025-08-02T09:14:10.711Z - info: No pages needed to be rebuilt
2025-08-02T09:19:15.823Z - info: [17:19:15] Reload for file change: /Users/damithch/Repos/nus-cs2103/cs2103-website-base/book/gitAndGithub/merge/text.md
2025-08-02T09:19:15.824Z - info: Synchronizing opened pages list before reload
2025-08-02T09:19:15.824Z - info: Current opened pages, from most-to-least recent:
2025-08-02T09:19:15.825Z - info: 1. book/gitAndGithub/trail/recordingFolderHistory/index
2025-08-02T09:19:15.827Z - info: [17:19:15] Reload for file change: /Users/damithch/Repos/nus-cs2103/cs2103-website-base/book/gitAndGithub/branch/text.md
2025-08-02T09:19:15.827Z - info: Synchronizing opened pages list before reload
2025-08-02T09:19:15.827Z - info: Current opened pages, from most-to-least recent:
2025-08-02T09:19:15.827Z - info: 1. book/gitAndGithub/trail/recordingFolderHistory/index
2025-08-02T09:19:15.829Z - info: [17:19:15] Reload for file change: /Users/damithch/Repos/nus-cs2103/cs2103-website-base/book/gitAndGithub/branchDelete/text.md
2025-08-02T09:19:15.829Z - info: Synchronizing opened pages list before reload
2025-08-02T09:19:15.829Z - info: Current opened pages, from most-to-least recent:
2025-08-02T09:19:15.829Z - info: 1. book/gitAndGithub/trail/recordingFolderHistory/index
2025-08-02T09:19:15.829Z - info: [17:19:15] Reload for file change: /Users/damithch/Repos/nus-cs2103/cs2103-website-base/book/gitAndGithub/branchRename/text.md
2025-08-02T09:19:15.829Z - info: Synchronizing opened pages list before reload
2025-08-02T09:19:15.829Z - info: Current opened pages, from most-to-least recent:
2025-08-02T09:19:15.829Z - info: 1. book/gitAndGithub/trail/recordingFolderHistory/index
2025-08-02T09:19:16.833Z - info: No pages needed to be rebuilt
2025-08-02T09:22:35.610Z - info: [17:22:35] Reload for file change: /Users/damithch/Repos/nus-cs2103/cs2103-website-base/admin/appendixE-gitHub.md
2025-08-02T09:22:35.611Z - info: Synchronizing opened pages list before reload
2025-08-02T09:22:35.612Z - info: Current opened pages, from most-to-least recent:
2025-08-02T09:22:35.612Z - info: 1. book/gitAndGithub/trail/recordingFolderHistory/index
2025-08-02T09:22:35.612Z - info: [17:22:35] Reload for file change: /Users/damithch/Repos/nus-cs2103/cs2103-website-base/programming/monty/monty-fragment.md
2025-08-02T09:22:35.613Z - info: Synchronizing opened pages list before reload
2025-08-02T09:22:35.613Z - info: Current opened pages, from most-to-least recent:
2025-08-02T09:22:35.613Z - info: 1. book/gitAndGithub/trail/recordingFolderHistory/index
2025-08-02T09:22:35.613Z - info: [17:22:35] Reload for file change: /Users/damithch/Repos/nus-cs2103/cs2103-website-base/admin/ip-tasks-fragment.md
2025-08-02T09:22:35.613Z - info: Synchronizing opened pages list before reload
2025-08-02T09:22:35.613Z - info: Current opened pages, from most-to-least recent:
2025-08-02T09:22:35.613Z - info: 1. book/gitAndGithub/trail/recordingFolderHistory/index
2025-08-02T09:22:35.614Z - info: [17:22:35] Reload for file change: /Users/damithch/Repos/nus-cs2103/cs2103-website-base/admin/common-commentary-fragment.md
2025-08-02T09:22:35.614Z - info: Synchronizing opened pages list before reload
2025-08-02T09:22:35.614Z - info: Current opened pages, from most-to-least recent:
2025-08-02T09:22:35.614Z - info: 1. book/gitAndGithub/trail/recordingFolderHistory/index
2025-08-02T09:22:35.616Z - info: [17:22:35] Reload for file change: /Users/damithch/Repos/nus-cs2103/cs2103-website-base/book/gitAndGithub/merge/text.md
2025-08-02T09:22:35.616Z - info: Synchronizing opened pages list before reload
2025-08-02T09:22:35.616Z - info: Current opened pages, from most-to-least recent:
2025-08-02T09:22:35.616Z - info: 1. book/gitAndGithub/trail/recordingFolderHistory/index
2025-08-02T09:22:35.617Z - info: [17:22:35] Reload for file change: /Users/damithch/Repos/nus-cs2103/cs2103-website-base/README.md
2025-08-02T09:22:35.617Z - info: Synchronizing opened pages list before reload
2025-08-02T09:22:35.617Z - info: Current opened pages, from most-to-least recent:
2025-08-02T09:22:35.617Z - info: 1. book/gitAndGithub/trail/recordingFolderHistory/index
2025-08-02T09:22:35.641Z - info: [17:22:35] Reload for file change: /Users/damithch/Repos/nus-cs2103/cs2103-website-base/book/gitAndGithub/branchDelete/text.md
2025-08-02T09:22:35.641Z - info: Synchronizing opened pages list before reload
2025-08-02T09:22:35.641Z - info: Current opened pages, from most-to-least recent:
2025-08-02T09:22:35.641Z - info: 1. book/gitAndGithub/trail/recordingFolderHistory/index
2025-08-02T09:22:36.642Z - info: No pages needed to be rebuilt
2025-08-02T09:22:36.646Z - info: Assets built
2025-08-02T09:22:40.773Z - info: Website generation started at 17:22:39
2025-08-02T09:22:41.175Z - warn: ENOENT: no such file or directory, open '/Users/damithch/Repos/nus-cs2103/cs2103-website-base/node_modules/.cache/gh-pages/https!github.com!nus-cs2103-AY2526S1!website.git/book/_markbind/variables.md'
2025-08-02T09:22:41.175Z - warn: ENOENT: no such file or directory, open '/Users/damithch/Repos/nus-cs2103/cs2103-website-base/node_modules/.cache/gh-pages/https!github.com!nus-cs2103-AY2526S1!website.git/_markbind/variables.md'
2025-08-02T09:22:41.195Z - info: Building assets...
2025-08-02T09:22:43.770Z - info: Assets built
2025-08-02T09:22:43.771Z - info: Generating pages...
2025-08-02T09:22:50.595Z - debug:  
2025-08-02T09:22:50.595Z - debug:  
2025-08-02T09:22:50.595Z - debug:  
2025-08-02T09:22:50.595Z - debug:  
2025-08-02T09:22:50.595Z - debug:  
2025-08-02T09:22:50.595Z - debug:  
2025-08-02T09:22:50.596Z - debug:  
2025-08-02T09:22:50.596Z - debug:  
2025-08-02T09:22:50.596Z - debug:  
2025-08-02T09:22:50.596Z - debug:  
2025-08-02T09:22:50.596Z - debug:  
2025-08-02T09:22:53.460Z - debug:  
2025-08-02T09:22:53.461Z - debug:  
2025-08-02T09:22:53.514Z - debug:  
2025-08-02T09:22:53.535Z - debug:  
2025-08-02T09:22:53.558Z - debug:  
2025-08-02T09:22:53.573Z - debug:  
2025-08-02T09:23:02.932Z - debug:  
2025-08-02T09:24:01.485Z - debug:  
2025-08-02T09:24:14.142Z - debug:  
2025-08-02T09:24:14.143Z - debug:  
2025-08-02T09:24:20.806Z - info: Pages built
2025-08-02T09:24:20.884Z - info: Site data built
2025-08-02T09:24:20.884Z - info: Website generation complete! Total build time: 101.271s
2025-08-02T09:24:20.884Z - info: Build success!
2025-08-02T09:24:49.316Z - info: The website has been deployed at: https://nus-cs2103-ay2526s1.github.io/website
