2025-08-14T09:49:35.396Z - info: Website generation (lazy) started at 17:49:34
2025-08-14T09:49:35.974Z - warn: ENOENT: no such file or directory, open '/Users/damithch/Repos/nus-cs2103/cs2103-website-base/node_modules/.cache/gh-pages/https!github.com!nus-cs2103-AY2526S1!website.git/book/_markbind/variables.md'
2025-08-14T09:49:35.974Z - warn: ENOENT: no such file or directory, open '/Users/damithch/Repos/nus-cs2103/cs2103-website-base/node_modules/.cache/gh-pages/https!github.com!nus-cs2103-AY2526S1!website.git/_markbind/variables.md'
2025-08-14T09:49:35.993Z - info: Building assets...
2025-08-14T09:49:38.900Z - info: Assets built
2025-08-14T09:49:38.901Z - info: Generating landing page...
2025-08-14T09:49:39.329Z - info: Landing page built, other pages will be built as you navigate to them!
2025-08-14T09:49:39.408Z - info: Site data built
2025-08-14T09:49:39.409Z - info: Website generation (lazy) complete! Total build time: 5.319s
2025-08-14T09:49:39.421Z - info: Serving "/Users/damithch/Repos/nus-cs2103/cs2103-website-base/_site" at http://127.0.0.1:8080
2025-08-14T09:49:39.421Z - info: Press CTRL+C to stop ...
2025-08-14T09:50:23.284Z - info: Building /Users/damithch/Repos/nus-cs2103/cs2103-website-base/se-book-adapted/git-trail/index as some of its dependencies were changed since the last visit
2025-08-14T09:50:23.652Z - info: Site data built
2025-08-14T09:50:23.652Z - info: Lazy website regeneration complete! Total build time: 0.369s
2025-08-14T09:50:36.104Z - info: Building /Users/damithch/Repos/nus-cs2103/cs2103-website-base/book/gitAndGithub/stage/index as some of its dependencies were changed since the last visit
2025-08-14T09:50:36.390Z - info: Site data built
2025-08-14T09:50:36.390Z - info: Lazy website regeneration complete! Total build time: 0.286s
2025-08-14T09:52:18.351Z - info: [17:52:18] Reload for file change: /Users/damithch/Repos/nus-cs2103/cs2103-website-base/book/gitAndGithub/common/protip-multiple-files-notation-fragment.md
2025-08-14T09:52:18.352Z - info: Synchronizing opened pages list before reload
2025-08-14T09:52:18.353Z - info: Current opened pages, from most-to-least recent:
2025-08-14T09:52:18.353Z - info: 1. book/gitAndGithub/stage/index
2025-08-14T09:52:18.353Z - info: 2. se-book-adapted/git-trail/index
2025-08-14T09:52:19.361Z - info: Rebuilding 1 pages
2025-08-14T09:52:19.566Z - info: Site data built
2025-08-14T09:52:19.566Z - info: Pages rebuilt
2025-08-14T09:52:19.566Z - info: Website regeneration complete! Total build time: 0.208s
2025-08-14T09:52:37.113Z - info: [17:52:37] Reload for file change: /Users/damithch/Repos/nus-cs2103/cs2103-website-base/book/gitAndGithub/common/protip-multiple-files-notation-fragment.md
2025-08-14T09:52:37.113Z - info: Synchronizing opened pages list before reload
2025-08-14T09:52:37.113Z - info: Current opened pages, from most-to-least recent:
2025-08-14T09:52:37.114Z - info: 1. book/gitAndGithub/stage/index
2025-08-14T09:52:38.125Z - info: Rebuilding 1 pages
2025-08-14T09:52:38.342Z - info: Site data built
2025-08-14T09:52:38.342Z - info: Pages rebuilt
2025-08-14T09:52:38.342Z - info: Website regeneration complete! Total build time: 0.22s
2025-08-14T09:53:24.535Z - info: [17:53:24] Reload for file change: /Users/damithch/Repos/nus-cs2103/cs2103-website-base/book/gitAndGithub/common/protip-multiple-files-notation-fragment.md
2025-08-14T09:53:24.537Z - info: Synchronizing opened pages list before reload
2025-08-14T09:53:24.539Z - info: Current opened pages, from most-to-least recent:
2025-08-14T09:53:24.539Z - info: 1. book/gitAndGithub/stage/index
2025-08-14T09:53:25.549Z - info: Rebuilding 1 pages
2025-08-14T09:53:25.770Z - info: Site data built
2025-08-14T09:53:25.770Z - info: Pages rebuilt
2025-08-14T09:53:25.770Z - info: Website regeneration complete! Total build time: 0.223s
2025-08-14T09:54:23.695Z - info: [17:54:23] Reload for file change: /Users/damithch/Repos/nus-cs2103/cs2103-website-base/book/gitAndGithub/common/protip-multiple-files-notation-fragment.md
2025-08-14T09:54:23.697Z - info: Synchronizing opened pages list before reload
2025-08-14T09:54:23.697Z - info: Current opened pages, from most-to-least recent:
2025-08-14T09:54:23.697Z - info: 1. book/gitAndGithub/stage/index
2025-08-14T09:54:24.702Z - info: Rebuilding 1 pages
2025-08-14T09:54:24.955Z - info: Site data built
2025-08-14T09:54:24.955Z - info: Pages rebuilt
2025-08-14T09:54:24.955Z - info: Website regeneration complete! Total build time: 0.255s
2025-08-14T09:54:31.208Z - info: [17:54:31] Reload for file change: /Users/damithch/Repos/nus-cs2103/cs2103-website-base/book/gitAndGithub/common/protip-multiple-files-notation-fragment.md
2025-08-14T09:54:31.208Z - info: Synchronizing opened pages list before reload
2025-08-14T09:54:31.209Z - info: Current opened pages, from most-to-least recent:
2025-08-14T09:54:31.209Z - info: 1. book/gitAndGithub/stage/index
2025-08-14T09:54:32.214Z - info: Rebuilding 1 pages
2025-08-14T09:54:32.395Z - info: Site data built
2025-08-14T09:54:32.395Z - info: Pages rebuilt
2025-08-14T09:54:32.395Z - info: Website regeneration complete! Total build time: 0.182s
2025-08-14T09:54:54.162Z - info: [17:54:54] Reload for file change: /Users/damithch/Repos/nus-cs2103/cs2103-website-base/book/gitAndGithub/common/protip-multiple-files-notation-fragment.md
2025-08-14T09:54:54.162Z - info: Synchronizing opened pages list before reload
2025-08-14T09:54:54.162Z - info: Current opened pages, from most-to-least recent:
2025-08-14T09:54:54.162Z - info: 1. book/gitAndGithub/stage/index
2025-08-14T09:54:55.174Z - info: Rebuilding 1 pages
2025-08-14T09:54:55.395Z - info: Site data built
2025-08-14T09:54:55.395Z - info: Pages rebuilt
2025-08-14T09:54:55.395Z - info: Website regeneration complete! Total build time: 0.223s
2025-08-14T09:58:33.845Z - info: [17:58:33] Reload for file change: /Users/damithch/Repos/nus-cs2103/cs2103-website-base/book/gitAndGithub/common/protip-multiple-files-notation-fragment.md
2025-08-14T09:58:33.879Z - info: Synchronizing opened pages list before reload
2025-08-14T09:58:33.881Z - info: Current opened pages, from most-to-least recent:
2025-08-14T09:58:33.882Z - info: 1. book/gitAndGithub/stage/index
2025-08-14T09:58:33.882Z - info: 2. se-book-adapted/git-trail/index
2025-08-14T09:58:34.896Z - info: Rebuilding 1 pages
2025-08-14T09:58:35.149Z - info: Site data built
2025-08-14T09:58:35.149Z - info: Pages rebuilt
2025-08-14T09:58:35.149Z - info: Website regeneration complete! Total build time: 0.255s
2025-08-14T09:59:04.100Z - info: [17:59:04] Reload for file change: /Users/damithch/Repos/nus-cs2103/cs2103-website-base/book/gitAndGithub/common/protip-multiple-files-notation-fragment.md
2025-08-14T09:59:04.101Z - info: Synchronizing opened pages list before reload
2025-08-14T09:59:04.101Z - info: No pages are currently opened
2025-08-14T09:59:05.108Z - info: No pages needed to be rebuilt
2025-08-14T09:59:10.126Z - info: Building /Users/damithch/Repos/nus-cs2103/cs2103-website-base/book/gitAndGithub/stage/index as some of its dependencies were changed since the last visit
2025-08-14T09:59:10.360Z - info: Site data built
2025-08-14T09:59:10.360Z - info: Lazy website regeneration complete! Total build time: 0.235s
2025-08-14T09:59:41.516Z - info: [17:59:41] Reload for file change: /Users/damithch/Repos/nus-cs2103/cs2103-website-base/book/gitAndGithub/common/protip-multiple-files-notation-fragment.md
2025-08-14T09:59:41.518Z - info: Synchronizing opened pages list before reload
2025-08-14T09:59:41.520Z - info: Current opened pages, from most-to-least recent:
2025-08-14T09:59:41.520Z - info: 1. book/gitAndGithub/stage/index
2025-08-14T09:59:42.525Z - info: Rebuilding 1 pages
2025-08-14T09:59:42.734Z - info: Site data built
2025-08-14T09:59:42.734Z - info: Pages rebuilt
2025-08-14T09:59:42.735Z - info: Website regeneration complete! Total build time: 0.211s
2025-08-14T10:00:37.020Z - info: [18:00:37] Reload for file change: /Users/damithch/Repos/nus-cs2103/cs2103-website-base/book/gitAndGithub/common/protip-multiple-files-notation-fragment.md
2025-08-14T10:00:37.023Z - info: Synchronizing opened pages list before reload
2025-08-14T10:00:37.024Z - info: Current opened pages, from most-to-least recent:
2025-08-14T10:00:37.024Z - info: 1. book/gitAndGithub/stage/index
2025-08-14T10:00:38.031Z - info: Rebuilding 1 pages
2025-08-14T10:00:38.258Z - info: Site data built
2025-08-14T10:00:38.258Z - info: Pages rebuilt
2025-08-14T10:00:38.258Z - info: Website regeneration complete! Total build time: 0.23s
2025-08-14T10:01:35.064Z - info: [18:01:35] Reload for file change: /Users/damithch/Repos/nus-cs2103/cs2103-website-base/book/gitAndGithub/common/protip-multiple-files-notation-fragment.md
2025-08-14T10:01:35.066Z - info: Synchronizing opened pages list before reload
2025-08-14T10:01:35.067Z - info: Current opened pages, from most-to-least recent:
2025-08-14T10:01:35.067Z - info: 1. book/gitAndGithub/stage/index
2025-08-14T10:01:36.076Z - info: Rebuilding 1 pages
2025-08-14T10:01:36.320Z - info: Site data built
2025-08-14T10:01:36.320Z - info: Pages rebuilt
2025-08-14T10:01:36.320Z - info: Website regeneration complete! Total build time: 0.247s
2025-08-14T10:02:17.071Z - info: [18:02:17] Reload for file change: /Users/damithch/Repos/nus-cs2103/cs2103-website-base/book/gitAndGithub/common/protip-multiple-files-notation-fragment.md
2025-08-14T10:02:17.072Z - info: Synchronizing opened pages list before reload
2025-08-14T10:02:17.072Z - info: Current opened pages, from most-to-least recent:
2025-08-14T10:02:17.072Z - info: 1. book/gitAndGithub/stage/index
2025-08-14T10:02:18.088Z - info: Rebuilding 1 pages
2025-08-14T10:02:18.303Z - info: Site data built
2025-08-14T10:02:18.303Z - info: Pages rebuilt
2025-08-14T10:02:18.303Z - info: Website regeneration complete! Total build time: 0.217s
2025-08-14T10:03:11.358Z - info: [18:03:11] Reload for file change: /Users/damithch/Repos/nus-cs2103/cs2103-website-base/book/gitAndGithub/common/protip-multiple-files-notation-fragment.md
2025-08-14T10:03:11.359Z - info: Synchronizing opened pages list before reload
2025-08-14T10:03:11.359Z - info: Current opened pages, from most-to-least recent:
2025-08-14T10:03:11.359Z - info: 1. book/gitAndGithub/stage/index
2025-08-14T10:03:12.365Z - info: Rebuilding 1 pages
2025-08-14T10:03:12.563Z - info: Site data built
2025-08-14T10:03:12.563Z - info: Pages rebuilt
2025-08-14T10:03:12.564Z - info: Website regeneration complete! Total build time: 0.201s
2025-08-14T10:03:46.459Z - info: [18:03:46] Reload for file change: /Users/damithch/Repos/nus-cs2103/cs2103-website-base/book/gitAndGithub/common/protip-multiple-files-notation-fragment.md
2025-08-14T10:03:46.460Z - info: Synchronizing opened pages list before reload
2025-08-14T10:03:46.461Z - info: Current opened pages, from most-to-least recent:
2025-08-14T10:03:46.461Z - info: 1. book/gitAndGithub/stage/index
2025-08-14T10:03:47.470Z - info: Rebuilding 1 pages
2025-08-14T10:03:47.702Z - info: Site data built
2025-08-14T10:03:47.702Z - info: Pages rebuilt
2025-08-14T10:03:47.702Z - info: Website regeneration complete! Total build time: 0.234s
2025-08-14T10:04:50.122Z - info: [18:04:50] Reload for file change: /Users/damithch/Repos/nus-cs2103/cs2103-website-base/book/gitAndGithub/common/protip-multiple-files-notation-fragment.md
2025-08-14T10:04:50.123Z - info: Synchronizing opened pages list before reload
2025-08-14T10:04:50.124Z - info: Current opened pages, from most-to-least recent:
2025-08-14T10:04:50.124Z - info: 1. book/gitAndGithub/stage/index
2025-08-14T10:04:51.146Z - info: Rebuilding 1 pages
2025-08-14T10:04:51.375Z - info: Site data built
2025-08-14T10:04:51.375Z - info: Pages rebuilt
2025-08-14T10:04:51.376Z - info: Website regeneration complete! Total build time: 0.233s
2025-08-14T10:05:35.183Z - info: [18:05:35] Reload for file change: /Users/damithch/Repos/nus-cs2103/cs2103-website-base/book/gitAndGithub/common/protip-multiple-files-notation-fragment.md
2025-08-14T10:05:35.184Z - info: Synchronizing opened pages list before reload
2025-08-14T10:05:35.185Z - info: Current opened pages, from most-to-least recent:
2025-08-14T10:05:35.186Z - info: 1. book/gitAndGithub/stage/index
2025-08-14T10:05:36.200Z - info: Rebuilding 1 pages
2025-08-14T10:05:36.427Z - info: Site data built
2025-08-14T10:05:36.427Z - info: Pages rebuilt
2025-08-14T10:05:36.427Z - info: Website regeneration complete! Total build time: 0.229s
2025-08-14T10:05:43.972Z - info: [18:05:43] Reload for file change: /Users/damithch/Repos/nus-cs2103/cs2103-website-base/book/gitAndGithub/common/protip-multiple-files-notation-fragment.md
2025-08-14T10:05:43.973Z - info: Synchronizing opened pages list before reload
2025-08-14T10:05:43.973Z - info: Current opened pages, from most-to-least recent:
2025-08-14T10:05:43.973Z - info: 1. book/gitAndGithub/stage/index
2025-08-14T10:05:44.982Z - info: Rebuilding 1 pages
2025-08-14T10:05:45.207Z - info: Site data built
2025-08-14T10:05:45.207Z - info: Pages rebuilt
2025-08-14T10:05:45.207Z - info: Website regeneration complete! Total build time: 0.227s
2025-08-14T10:06:02.639Z - info: [18:06:02] Reload for file change: /Users/damithch/Repos/nus-cs2103/cs2103-website-base/book/gitAndGithub/common/protip-multiple-files-notation-fragment.md
2025-08-14T10:06:02.643Z - info: Synchronizing opened pages list before reload
2025-08-14T10:06:02.643Z - info: Current opened pages, from most-to-least recent:
2025-08-14T10:06:02.644Z - info: 1. book/gitAndGithub/stage/index
2025-08-14T10:06:03.650Z - info: Rebuilding 1 pages
2025-08-14T10:06:03.906Z - info: Site data built
2025-08-14T10:06:03.906Z - info: Pages rebuilt
2025-08-14T10:06:03.906Z - info: Website regeneration complete! Total build time: 0.259s
2025-08-14T10:10:11.631Z - info: [18:10:11] Reload for file change: /Users/damithch/Repos/nus-cs2103/cs2103-website-base/book/gitAndGithub/stage/detour-unstagingChanges-fragment.md
2025-08-14T10:10:11.641Z - info: Synchronizing opened pages list before reload
2025-08-14T10:10:11.642Z - info: Current opened pages, from most-to-least recent:
2025-08-14T10:10:11.642Z - info: 1. book/gitAndGithub/stage/index
2025-08-14T10:10:12.648Z - info: Rebuilding 1 pages
2025-08-14T10:10:12.864Z - info: Site data built
2025-08-14T10:10:12.864Z - info: Pages rebuilt
2025-08-14T10:10:12.864Z - info: Website regeneration complete! Total build time: 0.219s
2025-08-14T10:11:32.952Z - info: [18:11:32] Reload for file change: /Users/damithch/Repos/nus-cs2103/cs2103-website-base/book/gitAndGithub/stage/cli-stage-new-file-fragment.md
2025-08-14T10:11:32.952Z - info: Synchronizing opened pages list before reload
2025-08-14T10:11:32.952Z - info: Current opened pages, from most-to-least recent:
2025-08-14T10:11:32.952Z - info: 1. book/gitAndGithub/stage/index
2025-08-14T10:11:33.962Z - info: Rebuilding 1 pages
2025-08-14T10:11:34.188Z - info: Site data built
2025-08-14T10:11:34.188Z - info: Pages rebuilt
2025-08-14T10:11:34.188Z - info: Website regeneration complete! Total build time: 0.227s
2025-08-14T10:12:24.667Z - info: [18:12:24] Reload for file change: /Users/damithch/Repos/nus-cs2103/cs2103-website-base/book/gitAndGithub/common/protip-multiple-files-notation-fragment.md
2025-08-14T10:12:24.669Z - info: Synchronizing opened pages list before reload
2025-08-14T10:12:24.669Z - info: Current opened pages, from most-to-least recent:
2025-08-14T10:12:24.669Z - info: 1. book/gitAndGithub/stage/index
2025-08-14T10:12:25.674Z - info: Rebuilding 1 pages
2025-08-14T10:12:25.938Z - info: Site data built
2025-08-14T10:12:25.938Z - info: Pages rebuilt
2025-08-14T10:12:25.938Z - info: Website regeneration complete! Total build time: 0.266s
2025-08-14T10:13:31.022Z - info: [18:13:31] Reload for file change: /Users/damithch/Repos/nus-cs2103/cs2103-website-base/book/gitAndGithub/stage/cli-stage-new-file-fragment.md
2025-08-14T10:13:31.023Z - info: Synchronizing opened pages list before reload
2025-08-14T10:13:31.024Z - info: Current opened pages, from most-to-least recent:
2025-08-14T10:13:31.024Z - info: 1. book/gitAndGithub/stage/index
2025-08-14T10:13:32.029Z - info: Rebuilding 1 pages
2025-08-14T10:13:32.276Z - info: Site data built
2025-08-14T10:13:32.276Z - info: Pages rebuilt
2025-08-14T10:13:32.276Z - info: Website regeneration complete! Total build time: 0.249s
2025-08-14T10:17:21.119Z - info: [18:17:21] Reload for file change: /Users/damithch/Repos/nus-cs2103/cs2103-website-base/book/gitAndGithub/stage/detour-unstagingChanges-fragment.md
2025-08-14T10:17:21.120Z - info: Synchronizing opened pages list before reload
2025-08-14T10:17:21.121Z - info: Current opened pages, from most-to-least recent:
2025-08-14T10:17:21.121Z - info: 1. book/gitAndGithub/stage/index
2025-08-14T10:17:22.127Z - info: Rebuilding 1 pages
2025-08-14T10:17:22.372Z - info: Site data built
2025-08-14T10:17:22.372Z - info: Pages rebuilt
2025-08-14T10:17:22.372Z - info: Website regeneration complete! Total build time: 0.247s
2025-08-14T10:17:58.469Z - info: [18:17:58] Reload for file change: /Users/damithch/Repos/nus-cs2103/cs2103-website-base/book/gitAndGithub/stage/detour-unstagingChanges-fragment.md
2025-08-14T10:17:58.470Z - info: Synchronizing opened pages list before reload
2025-08-14T10:17:58.470Z - info: Current opened pages, from most-to-least recent:
2025-08-14T10:17:58.470Z - info: 1. book/gitAndGithub/stage/index
2025-08-14T10:17:59.475Z - info: Rebuilding 1 pages
2025-08-14T10:17:59.698Z - info: Site data built
2025-08-14T10:17:59.698Z - info: Pages rebuilt
2025-08-14T10:17:59.698Z - info: Website regeneration complete! Total build time: 0.226s
2025-08-14T10:19:32.577Z - info: [18:19:32] Reload for file change: /Users/damithch/Repos/nus-cs2103/cs2103-website-base/book/gitAndGithub/stage/detour-unstagingChanges-fragment.md
2025-08-14T10:19:32.578Z - info: Synchronizing opened pages list before reload
2025-08-14T10:19:32.579Z - info: Current opened pages, from most-to-least recent:
2025-08-14T10:19:32.579Z - info: 1. book/gitAndGithub/stage/index
2025-08-14T10:19:33.586Z - info: Rebuilding 1 pages
2025-08-14T10:19:33.823Z - info: Site data built
2025-08-14T10:19:33.823Z - info: Pages rebuilt
2025-08-14T10:19:33.823Z - info: Website regeneration complete! Total build time: 0.24s
2025-08-14T10:19:53.986Z - info: [18:19:53] Reload for file change: /Users/damithch/Repos/nus-cs2103/cs2103-website-base/book/gitAndGithub/stage/detour-unstagingChanges-fragment.md
2025-08-14T10:19:53.987Z - info: Synchronizing opened pages list before reload
2025-08-14T10:19:53.987Z - info: Current opened pages, from most-to-least recent:
2025-08-14T10:19:53.987Z - info: 1. book/gitAndGithub/stage/index
2025-08-14T10:19:54.991Z - info: Rebuilding 1 pages
2025-08-14T10:19:55.182Z - info: Site data built
2025-08-14T10:19:55.182Z - info: Pages rebuilt
2025-08-14T10:19:55.182Z - info: Website regeneration complete! Total build time: 0.193s
2025-08-14T10:20:25.833Z - info: Website generation started at 18:20:24
2025-08-14T10:20:26.296Z - warn: ENOENT: no such file or directory, open '/Users/damithch/Repos/nus-cs2103/cs2103-website-base/node_modules/.cache/gh-pages/https!github.com!nus-cs2103-AY2526S1!website.git/book/_markbind/variables.md'
2025-08-14T10:20:26.297Z - warn: ENOENT: no such file or directory, open '/Users/damithch/Repos/nus-cs2103/cs2103-website-base/node_modules/.cache/gh-pages/https!github.com!nus-cs2103-AY2526S1!website.git/_markbind/variables.md'
2025-08-14T10:20:26.318Z - info: Building assets...
2025-08-14T10:20:29.540Z - info: Assets built
2025-08-14T10:20:29.544Z - info: Generating pages...
2025-08-14T10:20:36.784Z - debug:  
2025-08-14T10:20:36.784Z - debug:  
2025-08-14T10:20:36.784Z - debug:  
2025-08-14T10:20:36.784Z - debug:  
2025-08-14T10:20:36.784Z - debug:  
2025-08-14T10:20:36.784Z - debug:  
2025-08-14T10:20:36.784Z - debug:  
2025-08-14T10:20:36.784Z - debug:  
2025-08-14T10:20:36.784Z - debug:  
2025-08-14T10:20:36.784Z - debug:  
2025-08-14T10:20:36.784Z - debug:  
2025-08-14T10:20:38.937Z - debug:  
2025-08-14T10:20:39.036Z - debug:  
2025-08-14T10:20:39.058Z - debug:  
2025-08-14T10:20:39.061Z - debug:  
2025-08-14T10:20:39.067Z - debug:  
2025-08-14T10:20:39.088Z - debug:  
2025-08-14T10:20:48.759Z - debug:  
2025-08-14T10:20:52.681Z - warn: Empty reference in /Users/damithch/Repos/nus-cs2103/cs2103-website-base/book/gitAndGithub/log/unit-inElsewhere-asFlat.md:
Segment '#title' in file: /Users/damithch/Repos/nus-cs2103/cs2103-website-base/book/gitAndGithub/log/text.md is empty
2025-08-14T10:21:44.161Z - debug:  
2025-08-14T10:21:56.713Z - debug:  
2025-08-14T10:21:56.981Z - debug:  
2025-08-14T10:22:04.599Z - info: Pages built
2025-08-14T10:22:04.674Z - info: Site data built
2025-08-14T10:22:04.674Z - info: Website generation complete! Total build time: 99.994s
2025-08-14T10:22:04.674Z - info: Build success!
2025-08-14T10:22:32.145Z - info: The website has been deployed at: https://nus-cs2103-ay2526s1.github.io/website
2025-08-14T12:14:56.150Z - info: Website generation started at 20:14:54
2025-08-14T12:14:56.577Z - warn: ENOENT: no such file or directory, open '/Users/damithch/Repos/nus-cs2103/cs2103-website-base/node_modules/.cache/gh-pages/https!github.com!nus-cs2103-AY2526S1!website.git/book/_markbind/variables.md'
2025-08-14T12:14:56.578Z - warn: ENOENT: no such file or directory, open '/Users/damithch/Repos/nus-cs2103/cs2103-website-base/node_modules/.cache/gh-pages/https!github.com!nus-cs2103-AY2526S1!website.git/_markbind/variables.md'
2025-08-14T12:14:56.596Z - info: Building assets...
2025-08-14T12:14:59.166Z - info: Assets built
2025-08-14T12:14:59.167Z - info: Generating pages...
2025-08-14T12:15:04.258Z - debug:  
2025-08-14T12:15:04.258Z - debug:  
2025-08-14T12:15:07.684Z - debug:  
2025-08-14T12:15:07.684Z - debug:  
2025-08-14T12:15:07.685Z - debug:  
2025-08-14T12:15:07.685Z - debug:  
2025-08-14T12:15:07.685Z - debug:  
2025-08-14T12:15:07.685Z - debug:  
2025-08-14T12:15:07.685Z - debug:  
2025-08-14T12:15:07.685Z - debug:  
2025-08-14T12:15:07.685Z - debug:  
2025-08-14T12:15:09.745Z - debug:  
2025-08-14T12:15:10.045Z - debug:  
2025-08-14T12:15:10.089Z - debug:  
2025-08-14T12:15:10.122Z - debug:  
2025-08-14T12:15:10.127Z - debug:  
2025-08-14T12:15:10.129Z - debug:  
2025-08-14T12:15:19.383Z - debug:  
2025-08-14T12:15:23.514Z - warn: Empty reference in /Users/damithch/Repos/nus-cs2103/cs2103-website-base/book/gitAndGithub/log/unit-inElsewhere-asFlat.md:
Segment '#title' in file: /Users/damithch/Repos/nus-cs2103/cs2103-website-base/book/gitAndGithub/log/text.md is empty
2025-08-14T12:16:16.677Z - debug:  
2025-08-14T12:16:28.643Z - debug:  
2025-08-14T12:16:28.897Z - debug:  
2025-08-14T12:16:35.586Z - info: Pages built
2025-08-14T12:16:35.653Z - info: Site data built
2025-08-14T12:16:35.653Z - info: Website generation complete! Total build time: 100.768s
2025-08-14T12:16:35.653Z - info: Build success!
2025-08-14T12:17:02.401Z - info: The website has been deployed at: https://nus-cs2103-ay2526s1.github.io/website
2025-08-14T12:31:31.374Z - info: Website generation (lazy) started at 20:31:30
2025-08-14T12:31:31.812Z - warn: ENOENT: no such file or directory, open '/Users/damithch/Repos/nus-cs2103/cs2103-website-base/node_modules/.cache/gh-pages/https!github.com!nus-cs2103-AY2526S1!website.git/book/_markbind/variables.md'
2025-08-14T12:31:31.813Z - warn: ENOENT: no such file or directory, open '/Users/damithch/Repos/nus-cs2103/cs2103-website-base/node_modules/.cache/gh-pages/https!github.com!nus-cs2103-AY2526S1!website.git/_markbind/variables.md'
2025-08-14T12:31:31.832Z - info: Building assets...
2025-08-14T12:31:35.024Z - info: Assets built
2025-08-14T12:31:35.025Z - info: Generating landing page...
2025-08-14T12:31:35.401Z - info: Landing page built, other pages will be built as you navigate to them!
2025-08-14T12:31:35.477Z - info: Site data built
2025-08-14T12:31:35.478Z - info: Website generation (lazy) complete! Total build time: 5.396s
2025-08-14T12:31:35.488Z - info: Serving "/Users/damithch/Repos/nus-cs2103/cs2103-website-base/_site" at http://127.0.0.1:8080
2025-08-14T12:31:35.488Z - info: Press CTRL+C to stop ...
2025-08-14T12:31:41.950Z - info: Building /Users/damithch/Repos/nus-cs2103/cs2103-website-base/admin/instructors as some of its dependencies were changed since the last visit
2025-08-14T12:31:42.196Z - info: Site data built
2025-08-14T12:31:42.196Z - info: Lazy website regeneration complete! Total build time: 0.246s
2025-08-14T12:33:39.830Z - info: [20:33:39] Reload for file change: /Users/damithch/Repos/nus-cs2103/cs2103-website-base/admin/tutors-info.md
2025-08-14T12:33:39.832Z - info: Synchronizing opened pages list before reload
2025-08-14T12:33:39.833Z - info: Current opened pages, from most-to-least recent:
2025-08-14T12:33:39.833Z - info: 1. admin/instructors
2025-08-14T12:33:40.858Z - info: Rebuilding 1 pages
2025-08-14T12:33:41.027Z - info: Site data built
2025-08-14T12:33:41.027Z - info: Pages rebuilt
2025-08-14T12:33:41.027Z - info: Website regeneration complete! Total build time: 0.18s
2025-08-14T12:34:29.416Z - info: [20:34:29] Reload for file change: /Users/damithch/Repos/nus-cs2103/cs2103-website-base/admin/tutors-info.md
2025-08-14T12:34:29.417Z - info: Synchronizing opened pages list before reload
2025-08-14T12:34:29.417Z - info: Current opened pages, from most-to-least recent:
2025-08-14T12:34:29.418Z - info: 1. admin/instructors
2025-08-14T12:34:30.437Z - info: Rebuilding 1 pages
2025-08-14T12:34:30.639Z - info: Site data built
2025-08-14T12:34:30.639Z - info: Pages rebuilt
2025-08-14T12:34:30.639Z - info: Website regeneration complete! Total build time: 0.206s
2025-08-14T12:37:02.913Z - info: [20:37:02] Reload for file change: /Users/damithch/Repos/nus-cs2103/cs2103-website-base/_course-CS2103/studentData-fragment.md
2025-08-14T12:37:02.915Z - info: Synchronizing opened pages list before reload
2025-08-14T12:37:02.916Z - info: Current opened pages, from most-to-least recent:
2025-08-14T12:37:02.916Z - info: 1. admin/instructors
2025-08-14T12:37:03.933Z - info: Rebuilding 1 pages
2025-08-14T12:37:04.194Z - info: Site data built
2025-08-14T12:37:04.194Z - info: Pages rebuilt
2025-08-14T12:37:04.194Z - info: Website regeneration complete! Total build time: 0.264s
2025-08-14T12:39:11.685Z - info: Website generation started at 20:39:10
2025-08-14T12:39:12.023Z - warn: ENOENT: no such file or directory, open '/Users/damithch/Repos/nus-cs2103/cs2103-website-base/node_modules/.cache/gh-pages/https!github.com!nus-cs2103-AY2526S1!website.git/book/_markbind/variables.md'
2025-08-14T12:39:12.024Z - warn: ENOENT: no such file or directory, open '/Users/damithch/Repos/nus-cs2103/cs2103-website-base/node_modules/.cache/gh-pages/https!github.com!nus-cs2103-AY2526S1!website.git/_markbind/variables.md'
2025-08-14T12:39:12.043Z - info: Building assets...
2025-08-14T12:39:15.168Z - info: Assets built
2025-08-14T12:39:15.169Z - info: Generating pages...
2025-08-14T12:39:20.595Z - debug:  
2025-08-14T12:39:20.595Z - debug:  
2025-08-14T12:39:23.930Z - debug:  
2025-08-14T12:39:23.931Z - debug:  
2025-08-14T12:39:23.931Z - debug:  
2025-08-14T12:39:23.931Z - debug:  
2025-08-14T12:39:23.931Z - debug:  
2025-08-14T12:39:23.931Z - debug:  
2025-08-14T12:39:23.931Z - debug:  
2025-08-14T12:39:23.931Z - debug:  
2025-08-14T12:39:23.931Z - debug:  
2025-08-14T12:39:26.201Z - debug:  
2025-08-14T12:39:26.303Z - debug:  
2025-08-14T12:39:26.312Z - debug:  
2025-08-14T12:39:26.312Z - debug:  
2025-08-14T12:39:26.317Z - debug:  
2025-08-14T12:39:26.317Z - debug:  
2025-08-14T12:39:35.700Z - debug:  
2025-08-14T12:39:39.761Z - warn: Empty reference in /Users/damithch/Repos/nus-cs2103/cs2103-website-base/book/gitAndGithub/log/unit-inElsewhere-asFlat.md:
Segment '#title' in file: /Users/damithch/Repos/nus-cs2103/cs2103-website-base/book/gitAndGithub/log/text.md is empty
2025-08-14T12:40:33.193Z - debug:  
2025-08-14T12:40:45.211Z - debug:  
2025-08-14T12:40:45.256Z - debug:  
2025-08-14T12:40:52.143Z - info: Pages built
2025-08-14T12:40:52.216Z - info: Site data built
2025-08-14T12:40:52.216Z - info: Website generation complete! Total build time: 101.624s
2025-08-14T12:40:52.216Z - info: Build success!
2025-08-14T12:41:17.447Z - info: The website has been deployed at: https://nus-cs2103-ay2526s1.github.io/website
