2025-09-29T04:43:48.410Z - info: Website generation (lazy) started at 12:43:47
2025-09-29T04:43:48.970Z - warn: ENOENT: no such file or directory, open '/Users/damithch/Repos/nus-cs2103/cs2103-website-base/node_modules/.cache/gh-pages/https!github.com!nus-cs2103-AY2526S1!website.git/book/_markbind/variables.md'
2025-09-29T04:43:48.970Z - warn: ENOENT: no such file or directory, open '/Users/damithch/Repos/nus-cs2103/cs2103-website-base/node_modules/.cache/gh-pages/https!github.com!nus-cs2103-AY2526S1!website.git/_markbind/variables.md'
2025-09-29T04:43:48.991Z - info: Building assets...
2025-09-29T04:43:51.632Z - info: Assets built
2025-09-29T04:43:51.633Z - info: Generating landing page...
2025-09-29T04:43:51.834Z - info: Landing page built, other pages will be built as you navigate to them!
2025-09-29T04:43:51.910Z - info: Site data built
2025-09-29T04:43:51.911Z - info: Website generation (lazy) complete! Total build time: 4.781s
2025-09-29T04:43:51.921Z - info: Serving "/Users/damithch/Repos/nus-cs2103/cs2103-website-base/_site" at http://127.0.0.1:8080
2025-09-29T04:43:51.921Z - info: Press CTRL+C to stop ...
2025-09-29T04:43:57.323Z - info: Building /Users/damithch/Repos/nus-cs2103/cs2103-website-base/admin/mid-semester-survey-results as some of its dependencies were changed since the last visit
2025-09-29T04:43:57.482Z - info: Site data built
2025-09-29T04:43:57.482Z - info: Lazy website regeneration complete! Total build time: 0.16s
2025-09-29T04:46:59.132Z - info: Building /Users/damithch/Repos/nus-cs2103/cs2103-website-base/admin/index as some of its dependencies were changed since the last visit
2025-09-29T04:47:00.033Z - info: Site data built
2025-09-29T04:47:00.034Z - info: Lazy website regeneration complete! Total build time: 0.903s
2025-09-29T05:05:53.636Z - info: [13:05:53] Reload for file change: /Users/damithch/Repos/nus-cs2103/cs2103-website-base/_course-TIC2002/mid-semester-survey-results.md
2025-09-29T05:05:53.638Z - info: Synchronizing opened pages list before reload
2025-09-29T05:05:53.638Z - info: Current opened pages, from most-to-least recent:
2025-09-29T05:05:53.639Z - info: 1. admin/index
2025-09-29T05:05:54.646Z - info: No pages needed to be rebuilt
2025-09-29T05:05:58.781Z - info: Building /Users/damithch/Repos/nus-cs2103/cs2103-website-base/admin/mid-semester-survey-results as some of its dependencies were changed since the last visit
2025-09-29T05:05:58.931Z - info: Site data built
2025-09-29T05:05:58.931Z - info: Lazy website regeneration complete! Total build time: 0.15s
2025-09-29T05:07:44.934Z - info: Building /Users/damithch/Repos/nus-cs2103/cs2103-website-base/schedule/week6/topics as some of its dependencies were changed since the last visit
2025-09-29T05:07:49.113Z - debug:  
2025-09-29T05:07:49.320Z - debug:  
2025-09-29T05:07:49.387Z - debug:  
2025-09-29T05:07:49.400Z - debug:  
2025-09-29T05:07:49.415Z - debug:  
2025-09-29T05:07:49.441Z - debug:  
2025-09-29T05:07:49.441Z - debug:  
2025-09-29T05:07:49.463Z - debug:  
2025-09-29T05:07:49.463Z - debug:  
2025-09-29T05:07:49.475Z - debug:  
2025-09-29T05:07:49.475Z - debug:  
2025-09-29T05:07:49.536Z - info: Site data built
2025-09-29T05:07:49.536Z - info: Lazy website regeneration complete! Total build time: 4.603s
2025-09-29T05:09:26.192Z - info: [13:09:26] Reload for file change: /Users/damithch/Repos/nus-cs2103/cs2103-website-base/_course-TIC2002/mid-semester-survey-results.md
2025-09-29T05:09:26.196Z - info: Synchronizing opened pages list before reload
2025-09-29T05:09:26.197Z - info: Current opened pages, from most-to-least recent:
2025-09-29T05:09:26.198Z - info: 1. schedule/week6/topics
2025-09-29T05:09:26.198Z - info: 2. admin/mid-semester-survey-results
2025-09-29T05:09:27.205Z - info: Rebuilding 1 pages
2025-09-29T05:09:27.322Z - info: Site data built
2025-09-29T05:09:27.322Z - info: Pages rebuilt
2025-09-29T05:09:27.322Z - info: Website regeneration complete! Total build time: 0.119s
2025-09-29T05:11:39.890Z - info: [13:11:39] Reload for file change: /Users/damithch/Repos/nus-cs2103/cs2103-website-base/_course-TIC2002/mid-semester-survey-results.md
2025-09-29T05:11:39.891Z - info: Synchronizing opened pages list before reload
2025-09-29T05:11:39.892Z - info: Current opened pages, from most-to-least recent:
2025-09-29T05:11:39.892Z - info: 1. schedule/week6/topics
2025-09-29T05:11:39.892Z - info: 2. admin/mid-semester-survey-results
2025-09-29T05:11:40.900Z - info: Rebuilding 1 pages
2025-09-29T05:11:41.002Z - info: Site data built
2025-09-29T05:11:41.002Z - info: Pages rebuilt
2025-09-29T05:11:41.002Z - info: Website regeneration complete! Total build time: 0.106s
2025-09-29T05:13:23.600Z - info: [13:13:23] Reload for file change: /Users/damithch/Repos/nus-cs2103/cs2103-website-base/_course-TIC2002/mid-semester-survey-results.md
2025-09-29T05:13:23.602Z - info: Synchronizing opened pages list before reload
2025-09-29T05:13:23.604Z - info: Current opened pages, from most-to-least recent:
2025-09-29T05:13:23.604Z - info: 1. admin/mid-semester-survey-results
2025-09-29T05:13:24.612Z - info: Rebuilding 1 pages
2025-09-29T05:13:24.788Z - info: Site data built
2025-09-29T05:13:24.788Z - info: Pages rebuilt
2025-09-29T05:13:24.788Z - info: Website regeneration complete! Total build time: 0.178s
2025-09-29T05:15:00.839Z - info: [13:15:00] Reload for file change: /Users/damithch/Repos/nus-cs2103/cs2103-website-base/_course-TIC2002/mid-semester-survey-results.md
2025-09-29T05:15:00.840Z - info: Synchronizing opened pages list before reload
2025-09-29T05:15:00.841Z - info: Current opened pages, from most-to-least recent:
2025-09-29T05:15:00.841Z - info: 1. admin/mid-semester-survey-results
2025-09-29T05:15:01.860Z - info: Rebuilding 1 pages
2025-09-29T05:15:01.943Z - info: Site data built
2025-09-29T05:15:01.943Z - info: Pages rebuilt
2025-09-29T05:15:01.943Z - info: Website regeneration complete! Total build time: 0.086s
2025-09-29T05:15:21.811Z - info: Website generation started at 13:15:20
2025-09-29T05:15:22.359Z - warn: ENOENT: no such file or directory, open '/Users/damithch/Repos/nus-cs2103/cs2103-website-base/node_modules/.cache/gh-pages/https!github.com!nus-cs2103-AY2526S1!website.git/book/_markbind/variables.md'
2025-09-29T05:15:22.359Z - warn: ENOENT: no such file or directory, open '/Users/damithch/Repos/nus-cs2103/cs2103-website-base/node_modules/.cache/gh-pages/https!github.com!nus-cs2103-AY2526S1!website.git/_markbind/variables.md'
2025-09-29T05:15:22.380Z - info: Building assets...
