2025-09-30T16:00:35.571Z - info: The website has been deployed at: https://nus-cs2103-ay2526s1.github.io/website
2025-09-30T17:22:05.490Z - info: Website generation started at 01:22:04
2025-09-30T17:22:06.100Z - warn: ENOENT: no such file or directory, open '/Users/damithch/Repos/nus-cs2103/cs2103-website-base/node_modules/.cache/gh-pages/https!github.com!nus-cs2103-AY2526S1!website.git/book/_markbind/variables.md'
2025-09-30T17:22:06.100Z - warn: ENOENT: no such file or directory, open '/Users/damithch/Repos/nus-cs2103/cs2103-website-base/node_modules/.cache/gh-pages/https!github.com!nus-cs2103-AY2526S1!website.git/_markbind/variables.md'
2025-09-30T17:22:06.120Z - info: Building assets...
2025-09-30T17:22:09.046Z - info: Assets built
2025-09-30T17:22:09.046Z - info: Generating pages...
2025-09-30T17:22:16.933Z - debug:  
2025-09-30T17:22:16.934Z - debug:  
2025-09-30T17:22:20.922Z - debug:  
2025-09-30T17:22:20.922Z - debug:  
2025-09-30T17:22:20.922Z - debug:  
2025-09-30T17:22:20.922Z - debug:  
2025-09-30T17:22:20.922Z - debug:  
2025-09-30T17:22:20.922Z - debug:  
2025-09-30T17:22:20.922Z - debug:  
2025-09-30T17:22:20.922Z - debug:  
2025-09-30T17:22:20.922Z - debug:  
2025-09-30T17:22:23.552Z - debug:  
2025-09-30T17:22:23.627Z - debug:  
2025-09-30T17:22:23.653Z - debug:  
2025-09-30T17:22:23.661Z - debug:  
2025-09-30T17:22:23.671Z - debug:  
2025-09-30T17:22:23.674Z - debug:  
2025-09-30T17:22:33.672Z - debug:  
2025-09-30T17:23:35.401Z - debug:  
2025-09-30T17:23:48.393Z - debug:  
2025-09-30T17:23:48.409Z - debug:  
2025-09-30T17:23:57.961Z - info: Pages built
2025-09-30T17:23:58.034Z - info: Site data built
2025-09-30T17:23:58.034Z - info: Website generation complete! Total build time: 113.825s
2025-09-30T17:23:58.034Z - info: Build success!
2025-09-30T17:24:28.646Z - info: The website has been deployed at: https://nus-cs2103-ay2526s1.github.io/website
2025-09-30T17:39:53.217Z - info: Website generation started at 01:39:51
2025-09-30T17:39:53.743Z - warn: ENOENT: no such file or directory, open '/Users/damithch/Repos/nus-cs2103/cs2103-website-base/node_modules/.cache/gh-pages/https!github.com!nus-cs2103-AY2526S1!website.git/book/_markbind/variables.md'
2025-09-30T17:39:53.743Z - warn: ENOENT: no such file or directory, open '/Users/damithch/Repos/nus-cs2103/cs2103-website-base/node_modules/.cache/gh-pages/https!github.com!nus-cs2103-AY2526S1!website.git/_markbind/variables.md'
2025-09-30T17:39:53.764Z - info: Building assets...
2025-09-30T17:39:56.634Z - info: Assets built
2025-09-30T17:39:56.635Z - info: Generating pages...
2025-09-30T17:40:02.449Z - debug:  
2025-09-30T17:40:02.450Z - debug:  
2025-09-30T17:40:05.648Z - debug:  
2025-09-30T17:40:05.648Z - debug:  
2025-09-30T17:40:05.648Z - debug:  
2025-09-30T17:40:05.648Z - debug:  
2025-09-30T17:40:05.648Z - debug:  
2025-09-30T17:40:05.648Z - debug:  
2025-09-30T17:40:05.648Z - debug:  
2025-09-30T17:40:05.648Z - debug:  
2025-09-30T17:40:05.648Z - debug:  
2025-09-30T17:40:07.919Z - debug:  
2025-09-30T17:40:07.979Z - debug:  
2025-09-30T17:40:07.980Z - debug:  
2025-09-30T17:40:07.987Z - debug:  
2025-09-30T17:40:07.995Z - debug:  
2025-09-30T17:40:08.004Z - debug:  
2025-09-30T17:40:17.794Z - debug:  
2025-09-30T17:41:18.642Z - debug:  
2025-09-30T17:41:31.439Z - debug:  
2025-09-30T17:41:31.542Z - debug:  
2025-09-30T17:41:40.453Z - info: Pages built
2025-09-30T17:41:40.519Z - info: Site data built
2025-09-30T17:41:40.519Z - info: Website generation complete! Total build time: 108.933s
2025-09-30T17:41:40.519Z - info: Build success!
2025-09-30T17:42:09.774Z - info: The website has been deployed at: https://nus-cs2103-ay2526s1.github.io/website
2025-10-01T09:00:07.407Z - info: Website generation started at 17:00:06
2025-10-01T09:00:08.002Z - warn: ENOENT: no such file or directory, open '/Users/damithch/Repos/nus-cs2103/cs2103-website-base/node_modules/.cache/gh-pages/https!github.com!nus-cs2103-AY2526S1!website.git/book/_markbind/variables.md'
2025-10-01T09:00:08.003Z - warn: ENOENT: no such file or directory, open '/Users/damithch/Repos/nus-cs2103/cs2103-website-base/node_modules/.cache/gh-pages/https!github.com!nus-cs2103-AY2526S1!website.git/_markbind/variables.md'
2025-10-01T09:00:08.029Z - info: Building assets...
2025-10-01T09:00:12.570Z - info: Assets built
2025-10-01T09:00:12.572Z - info: Generating pages...
2025-10-01T09:00:19.066Z - debug:  
2025-10-01T09:00:19.067Z - debug:  
2025-10-01T09:00:23.277Z - debug:  
2025-10-01T09:00:23.277Z - debug:  
2025-10-01T09:00:23.278Z - debug:  
2025-10-01T09:00:23.278Z - debug:  
2025-10-01T09:00:23.278Z - debug:  
2025-10-01T09:00:23.278Z - debug:  
2025-10-01T09:00:23.278Z - debug:  
2025-10-01T09:00:23.278Z - debug:  
2025-10-01T09:00:23.278Z - debug:  
2025-10-01T09:00:26.681Z - debug:  
2025-10-01T09:00:27.072Z - debug:  
2025-10-01T09:00:27.215Z - debug:  
2025-10-01T09:00:27.472Z - debug:  
2025-10-01T09:00:27.486Z - debug:  
2025-10-01T09:00:27.493Z - debug:  
2025-10-01T09:00:37.757Z - debug:  
2025-10-01T09:01:47.819Z - debug:  
2025-10-01T09:02:02.198Z - debug:  
2025-10-01T09:02:02.227Z - debug:  
2025-10-01T09:02:13.359Z - info: Pages built
2025-10-01T09:02:13.441Z - info: Site data built
2025-10-01T09:02:13.441Z - info: Website generation complete! Total build time: 127.27s
2025-10-01T09:02:13.441Z - info: Build success!
2025-10-01T09:02:38.511Z - info: The website has been deployed at: https://nus-cs2103-ay2526s1.github.io/website
