2025-10-24T12:41:36.315Z - info: Website generation (lazy) started at 20:41:34
2025-10-24T12:41:37.020Z - warn: ENOENT: no such file or directory, open '/Users/damithch/Repos/nus-cs2103/cs2103-website-base/node_modules/.cache/gh-pages/https!github.com!nus-cs2103-AY2526S1!website.git/book/_markbind/variables.md'
2025-10-24T12:41:37.020Z - warn: ENOENT: no such file or directory, open '/Users/damithch/Repos/nus-cs2103/cs2103-website-base/node_modules/.cache/gh-pages/https!github.com!nus-cs2103-AY2526S1!website.git/_markbind/variables.md'
2025-10-24T12:41:37.041Z - info: Building assets...
2025-10-24T12:41:40.397Z - info: Assets built
2025-10-24T12:41:40.399Z - info: Generating landing page...
2025-10-24T12:41:40.945Z - info: Landing page built, other pages will be built as you navigate to them!
2025-10-24T12:41:41.023Z - info: Site data built
2025-10-24T12:41:41.024Z - info: Website generation (lazy) complete! Total build time: 6.072s
2025-10-24T12:41:42.058Z - info: Serving "/Users/damithch/Repos/nus-cs2103/cs2103-website-base/_site" at http://127.0.0.1:50167
2025-10-24T12:41:42.059Z - info: Press CTRL+C to stop ...
2025-10-24T12:42:32.280Z - info: Building /Users/damithch/Repos/nus-cs2103/cs2103-website-base/schedule/week11/project as some of its dependencies were changed since the last visit
2025-10-24T12:42:34.387Z - info: Site data built
2025-10-24T12:42:34.387Z - info: Lazy website regeneration complete! Total build time: 2.116s
2025-10-24T12:43:33.483Z - info: [20:43:33] Reload for file change: /Users/damithch/Repos/nus-cs2103/cs2103-website-base/admin/tp-tasks-fragment.md
2025-10-24T12:43:33.518Z - info: Synchronizing opened pages list before reload
2025-10-24T12:43:33.528Z - info: Current opened pages, from most-to-least recent:
2025-10-24T12:43:33.528Z - info: 1. schedule/week11/project
2025-10-24T12:43:34.555Z - info: Rebuilding 1 pages
2025-10-24T12:43:36.588Z - info: Site data built
2025-10-24T12:43:36.588Z - info: Pages rebuilt
2025-10-24T12:43:36.588Z - info: Website regeneration complete! Total build time: 2.036s
2025-10-24T12:44:02.982Z - info: Website generation started at 20:44:02
2025-10-24T12:44:03.456Z - warn: ENOENT: no such file or directory, open '/Users/damithch/Repos/nus-cs2103/cs2103-website-base/node_modules/.cache/gh-pages/https!github.com!nus-cs2103-AY2526S1!website.git/book/_markbind/variables.md'
2025-10-24T12:44:03.457Z - warn: ENOENT: no such file or directory, open '/Users/damithch/Repos/nus-cs2103/cs2103-website-base/node_modules/.cache/gh-pages/https!github.com!nus-cs2103-AY2526S1!website.git/_markbind/variables.md'
2025-10-24T12:44:03.490Z - info: Building assets...
2025-10-24T12:44:06.737Z - info: Assets built
2025-10-24T12:44:06.738Z - info: Generating pages...
2025-10-24T12:44:14.307Z - debug:  
2025-10-24T12:44:14.307Z - debug:  
2025-10-24T12:44:14.307Z - debug:  
2025-10-24T12:44:14.307Z - debug:  
2025-10-24T12:44:14.307Z - debug:  
2025-10-24T12:44:14.307Z - debug:  
2025-10-24T12:44:14.307Z - debug:  
2025-10-24T12:44:14.307Z - debug:  
2025-10-24T12:44:14.307Z - debug:  
2025-10-24T12:44:14.307Z - debug:  
2025-10-24T12:44:14.307Z - debug:  
2025-10-24T12:44:14.307Z - debug:  
2025-10-24T12:44:16.506Z - debug:  
2025-10-24T12:44:16.538Z - debug:  
2025-10-24T12:44:16.575Z - debug:  
2025-10-24T12:44:16.576Z - debug:  
2025-10-24T12:44:16.581Z - debug:  
2025-10-24T12:44:16.584Z - debug:  
2025-10-24T12:44:26.645Z - debug:  
2025-10-24T12:45:25.273Z - debug:  
2025-10-24T12:45:40.439Z - debug:  
2025-10-24T12:45:40.456Z - debug:  
2025-10-24T12:45:50.614Z - info: Pages built
2025-10-24T12:45:50.693Z - info: Site data built
2025-10-24T12:45:50.693Z - info: Website generation complete! Total build time: 108.688s
2025-10-24T12:45:50.693Z - info: Build success!
2025-10-24T12:46:18.406Z - info: The website has been deployed at: https://nus-cs2103-ay2526s1.github.io/website
