2025-09-12T03:12:59.699Z - info: Website generation (lazy) started at 11:12:58
2025-09-12T03:13:00.369Z - warn: ENOENT: no such file or directory, open '/Users/damithch/Repos/nus-cs2103/cs2103-website-base/node_modules/.cache/gh-pages/https!github.com!nus-cs2103-AY2526S1!website.git/book/_markbind/variables.md'
2025-09-12T03:13:00.369Z - warn: ENOENT: no such file or directory, open '/Users/damithch/Repos/nus-cs2103/cs2103-website-base/node_modules/.cache/gh-pages/https!github.com!nus-cs2103-AY2526S1!website.git/_markbind/variables.md'
2025-09-12T03:13:00.390Z - info: Building assets...
2025-09-12T03:13:03.684Z - info: Assets built
2025-09-12T03:13:03.684Z - info: Generating landing page...
2025-09-12T03:13:04.169Z - info: Landing page built, other pages will be built as you navigate to them!
2025-09-12T03:13:04.233Z - info: Site data built
2025-09-12T03:13:04.233Z - info: Website generation (lazy) complete! Total build time: 5.788s
2025-09-12T03:13:04.241Z - info: Serving "/Users/damithch/Repos/nus-cs2103/cs2103-website-base/_site" at http://127.0.0.1:8080
2025-09-12T03:13:04.242Z - info: Press CTRL+C to stop ...
2025-09-12T03:13:08.417Z - info: Building /Users/damithch/Repos/nus-cs2103/cs2103-website-base/schedule/week5/project as some of its dependencies were changed since the last visit
2025-09-12T03:13:09.535Z - info: Site data built
2025-09-12T03:13:09.535Z - info: Lazy website regeneration complete! Total build time: 1.118s
2025-09-12T03:14:35.376Z - info: [11:14:35] Reload for file change: /Users/damithch/Repos/nus-cs2103/cs2103-website-base/admin/tp-tasks-fragment.md
2025-09-12T03:14:35.377Z - info: Synchronizing opened pages list before reload
2025-09-12T03:14:35.378Z - info: Current opened pages, from most-to-least recent:
2025-09-12T03:14:35.379Z - info: 1. schedule/week5/project
2025-09-12T03:14:36.399Z - info: Rebuilding 1 pages
2025-09-12T03:14:37.362Z - info: Site data built
2025-09-12T03:14:37.362Z - info: Pages rebuilt
2025-09-12T03:14:37.362Z - info: Website regeneration complete! Total build time: 0.966s
2025-09-12T03:14:48.929Z - info: [11:14:48] Reload for file change: /Users/damithch/Repos/nus-cs2103/cs2103-website-base/admin/tp-tasks-fragment.md
2025-09-12T03:14:48.930Z - info: Synchronizing opened pages list before reload
2025-09-12T03:14:48.930Z - info: Current opened pages, from most-to-least recent:
2025-09-12T03:14:48.931Z - info: 1. schedule/week5/project
2025-09-12T03:14:49.940Z - info: Rebuilding 1 pages
2025-09-12T03:14:51.000Z - info: Site data built
2025-09-12T03:14:51.000Z - info: Pages rebuilt
2025-09-12T03:14:51.000Z - info: Website regeneration complete! Total build time: 1.063s
2025-09-12T03:14:51.966Z - info: Building /Users/damithch/Repos/nus-cs2103/cs2103-website-base/se-book-adapted/chapters/specifyingRequirements as some of its dependencies were changed since the last visit
2025-09-12T03:14:52.260Z - info: Site data built
2025-09-12T03:14:52.260Z - info: Lazy website regeneration complete! Total build time: 0.295s
2025-09-12T03:15:29.153Z - info: [11:15:29] Reload for file change: /Users/damithch/Repos/nus-cs2103/cs2103-website-base/admin/tp-tasks-fragment.md
2025-09-12T03:15:29.155Z - info: Synchronizing opened pages list before reload
2025-09-12T03:15:29.157Z - info: Current opened pages, from most-to-least recent:
2025-09-12T03:15:29.157Z - info: 1. se-book-adapted/chapters/specifyingRequirements
2025-09-12T03:15:30.165Z - info: No pages needed to be rebuilt
2025-09-12T03:15:33.639Z - info: Building /Users/damithch/Repos/nus-cs2103/cs2103-website-base/schedule/week5/project as some of its dependencies were changed since the last visit
2025-09-12T03:15:34.623Z - info: Site data built
2025-09-12T03:15:34.623Z - info: Lazy website regeneration complete! Total build time: 0.984s
2025-09-12T03:16:25.554Z - info: Website generation started at 11:16:24
2025-09-12T03:16:25.939Z - warn: ENOENT: no such file or directory, open '/Users/damithch/Repos/nus-cs2103/cs2103-website-base/node_modules/.cache/gh-pages/https!github.com!nus-cs2103-AY2526S1!website.git/book/_markbind/variables.md'
2025-09-12T03:16:25.939Z - warn: ENOENT: no such file or directory, open '/Users/damithch/Repos/nus-cs2103/cs2103-website-base/node_modules/.cache/gh-pages/https!github.com!nus-cs2103-AY2526S1!website.git/_markbind/variables.md'
2025-09-12T03:16:25.958Z - info: Building assets...
2025-09-12T03:16:28.535Z - info: Assets built
2025-09-12T03:16:28.536Z - info: Generating pages...
2025-09-12T03:16:34.231Z - debug:  
2025-09-12T03:16:34.623Z - debug:  
2025-09-12T03:16:37.361Z - debug:  
2025-09-12T03:16:37.362Z - debug:  
2025-09-12T03:16:37.362Z - debug:  
2025-09-12T03:16:37.362Z - debug:  
2025-09-12T03:16:37.362Z - debug:  
2025-09-12T03:16:37.362Z - debug:  
2025-09-12T03:16:37.362Z - debug:  
2025-09-12T03:16:37.362Z - debug:  
2025-09-12T03:16:37.362Z - debug:  
2025-09-12T03:16:39.729Z - debug:  
2025-09-12T03:16:39.732Z - debug:  
2025-09-12T03:16:39.756Z - debug:  
2025-09-12T03:16:39.820Z - debug:  
2025-09-12T03:16:39.835Z - debug:  
2025-09-12T03:16:39.835Z - debug:  
2025-09-12T03:16:50.177Z - debug:  
2025-09-12T03:17:45.236Z - debug:  
2025-09-12T03:18:00.385Z - debug:  
2025-09-12T03:18:00.392Z - debug:  
2025-09-12T03:18:10.630Z - info: Pages built
2025-09-12T03:18:10.698Z - info: Site data built
2025-09-12T03:18:10.698Z - info: Website generation complete! Total build time: 106.097s
2025-09-12T03:18:10.698Z - info: Build success!
2025-09-12T03:18:36.174Z - info: The website has been deployed at: https://nus-cs2103-ay2526s1.github.io/website
2025-09-12T15:08:29.711Z - info: Website generation started at 23:08:28
2025-09-12T15:08:30.423Z - warn: ENOENT: no such file or directory, open '/Users/damithch/Repos/nus-cs2103/cs2103-website-base/node_modules/.cache/gh-pages/https!github.com!nus-cs2103-AY2526S1!website.git/book/_markbind/variables.md'
2025-09-12T15:08:30.424Z - warn: ENOENT: no such file or directory, open '/Users/damithch/Repos/nus-cs2103/cs2103-website-base/node_modules/.cache/gh-pages/https!github.com!nus-cs2103-AY2526S1!website.git/_markbind/variables.md'
2025-09-12T15:08:30.444Z - info: Building assets...
2025-09-12T15:08:33.632Z - info: Assets built
2025-09-12T15:08:33.633Z - info: Generating pages...
2025-09-12T15:08:40.297Z - debug:  
2025-09-12T15:08:40.436Z - debug:  
2025-09-12T15:08:43.461Z - debug:  
2025-09-12T15:08:43.461Z - debug:  
2025-09-12T15:08:43.461Z - debug:  
2025-09-12T15:08:43.461Z - debug:  
2025-09-12T15:08:43.461Z - debug:  
2025-09-12T15:08:43.461Z - debug:  
2025-09-12T15:08:43.461Z - debug:  
2025-09-12T15:08:43.461Z - debug:  
2025-09-12T15:08:43.461Z - debug:  
2025-09-12T15:08:45.468Z - debug:  
2025-09-12T15:08:45.881Z - debug:  
2025-09-12T15:08:45.883Z - debug:  
2025-09-12T15:08:45.893Z - debug:  
2025-09-12T15:08:45.924Z - debug:  
2025-09-12T15:08:45.945Z - debug:  
2025-09-12T15:08:55.796Z - debug:  
2025-09-12T15:09:57.713Z - debug:  
2025-09-12T15:10:10.194Z - debug:  
2025-09-12T15:10:10.197Z - debug:  
2025-09-12T15:10:19.719Z - info: Pages built
2025-09-12T15:10:19.798Z - info: Site data built
2025-09-12T15:10:19.798Z - info: Website generation complete! Total build time: 111.416s
2025-09-12T15:10:19.798Z - info: Build success!
2025-09-12T15:10:45.250Z - info: The website has been deployed at: https://nus-cs2103-ay2526s1.github.io/website
