2025-09-27T04:59:42.660Z - info: Website generation (lazy) started at 12:59:41
2025-09-27T04:59:43.312Z - warn: ENOENT: no such file or directory, open '/Users/damithch/Repos/nus-cs2103/cs2103-website-base/node_modules/.cache/gh-pages/https!github.com!nus-cs2103-AY2526S1!website.git/book/_markbind/variables.md'
2025-09-27T04:59:43.312Z - warn: ENOENT: no such file or directory, open '/Users/damithch/Repos/nus-cs2103/cs2103-website-base/node_modules/.cache/gh-pages/https!github.com!nus-cs2103-AY2526S1!website.git/_markbind/variables.md'
2025-09-27T04:59:43.333Z - info: Building assets...
2025-09-27T04:59:46.494Z - info: Assets built
2025-09-27T04:59:46.494Z - info: Generating landing page...
2025-09-27T04:59:47.015Z - info: Landing page built, other pages will be built as you navigate to them!
2025-09-27T04:59:47.081Z - info: Site data built
2025-09-27T04:59:47.081Z - info: Website generation (lazy) complete! Total build time: 5.813s
2025-09-27T04:59:47.092Z - info: Serving "/Users/damithch/Repos/nus-cs2103/cs2103-website-base/_site" at http://127.0.0.1:8080
2025-09-27T04:59:47.092Z - info: Press CTRL+C to stop ...
2025-09-27T04:59:54.061Z - info: Building /Users/damithch/Repos/nus-cs2103/cs2103-website-base/admin/appendixG-troubleshooting as some of its dependencies were changed since the last visit
2025-09-27T04:59:54.253Z - info: Site data built
2025-09-27T04:59:54.254Z - info: Lazy website regeneration complete! Total build time: 0.193s
2025-09-27T05:00:18.454Z - info: Building /Users/damithch/Repos/nus-cs2103/cs2103-website-base/schedule/week6/index as some of its dependencies were changed since the last visit
2025-09-27T05:00:18.877Z - info: Site data built
2025-09-27T05:00:18.877Z - info: Lazy website regeneration complete! Total build time: 0.423s
2025-09-27T05:00:21.235Z - info: Building /Users/damithch/Repos/nus-cs2103/cs2103-website-base/schedule/week6/project as some of its dependencies were changed since the last visit
2025-09-27T05:00:22.445Z - info: Site data built
2025-09-27T05:00:22.445Z - info: Lazy website regeneration complete! Total build time: 1.21s
2025-09-27T05:01:01.065Z - info: [13:01:01] Reload for file change: /Users/damithch/Repos/nus-cs2103/cs2103-website-base/admin/ip-tasks-fragment.md
2025-09-27T05:01:01.071Z - info: Synchronizing opened pages list before reload
2025-09-27T05:01:01.076Z - info: Current opened pages, from most-to-least recent:
2025-09-27T05:01:01.076Z - info: 1. schedule/week6/project
2025-09-27T05:01:02.085Z - info: Rebuilding 1 pages
2025-09-27T05:01:03.580Z - info: Site data built
2025-09-27T05:01:03.580Z - info: Pages rebuilt
2025-09-27T05:01:03.580Z - info: Website regeneration complete! Total build time: 1.497s
2025-09-27T05:01:04.564Z - info: [13:01:04] Reload for file change: /Users/damithch/Repos/nus-cs2103/cs2103-website-base/admin/ip-tasks-fragment.md
2025-09-27T05:01:04.564Z - info: Synchronizing opened pages list before reload
2025-09-27T05:01:04.564Z - info: Current opened pages, from most-to-least recent:
2025-09-27T05:01:04.565Z - info: 1. schedule/week6/project
2025-09-27T05:01:05.578Z - info: Rebuilding 1 pages
2025-09-27T05:01:06.755Z - info: Site data built
2025-09-27T05:01:06.755Z - info: Pages rebuilt
2025-09-27T05:01:06.755Z - info: Website regeneration complete! Total build time: 1.179s
2025-09-27T05:01:27.506Z - info: [13:01:27] Reload for file change: /Users/damithch/Repos/nus-cs2103/cs2103-website-base/admin/troubleshooting-fragment.md
2025-09-27T05:01:27.506Z - info: Synchronizing opened pages list before reload
2025-09-27T05:01:27.507Z - info: Current opened pages, from most-to-least recent:
2025-09-27T05:01:27.507Z - info: 1. schedule/week6/project
2025-09-27T05:01:28.523Z - info: Rebuilding 1 pages
2025-09-27T05:01:29.822Z - info: Site data built
2025-09-27T05:01:29.822Z - info: Pages rebuilt
2025-09-27T05:01:29.822Z - info: Website regeneration complete! Total build time: 1.301s
2025-09-27T05:01:58.428Z - info: Website generation started at 13:01:57
2025-09-27T05:01:58.694Z - warn: ENOENT: no such file or directory, open '/Users/damithch/Repos/nus-cs2103/cs2103-website-base/node_modules/.cache/gh-pages/https!github.com!nus-cs2103-AY2526S1!website.git/book/_markbind/variables.md'
2025-09-27T05:01:58.695Z - warn: ENOENT: no such file or directory, open '/Users/damithch/Repos/nus-cs2103/cs2103-website-base/node_modules/.cache/gh-pages/https!github.com!nus-cs2103-AY2526S1!website.git/_markbind/variables.md'
2025-09-27T05:01:58.716Z - info: Building assets...
2025-09-27T05:02:02.084Z - info: Assets built
2025-09-27T05:02:02.085Z - info: Generating pages...
2025-09-27T05:02:07.660Z - debug:  
2025-09-27T05:02:08.195Z - debug:  
2025-09-27T05:02:11.334Z - debug:  
2025-09-27T05:02:11.334Z - debug:  
2025-09-27T05:02:11.334Z - debug:  
2025-09-27T05:02:11.334Z - debug:  
2025-09-27T05:02:11.334Z - debug:  
2025-09-27T05:02:11.334Z - debug:  
2025-09-27T05:02:11.334Z - debug:  
2025-09-27T05:02:11.334Z - debug:  
2025-09-27T05:02:11.334Z - debug:  
2025-09-27T05:02:14.474Z - debug:  
2025-09-27T05:02:14.604Z - debug:  
2025-09-27T05:02:14.647Z - debug:  
2025-09-27T05:02:14.666Z - debug:  
2025-09-27T05:02:14.686Z - debug:  
2025-09-27T05:02:14.711Z - debug:  
2025-09-27T05:02:24.391Z - debug:  
2025-09-27T05:03:26.100Z - debug:  
2025-09-27T05:03:39.005Z - debug:  
2025-09-27T05:03:39.016Z - debug:  
2025-09-27T05:03:49.711Z - info: Pages built
2025-09-27T05:03:49.780Z - info: Site data built
2025-09-27T05:03:49.780Z - info: Website generation complete! Total build time: 112.546s
2025-09-27T05:03:49.780Z - info: Build success!
2025-09-27T05:04:16.078Z - info: The website has been deployed at: https://nus-cs2103-ay2526s1.github.io/website
2025-09-27T05:18:00.490Z - info: Website generation (lazy) started at 13:17:58
2025-09-27T05:18:00.912Z - warn: ENOENT: no such file or directory, open '/Users/damithch/Repos/nus-cs2103/cs2103-website-base/node_modules/.cache/gh-pages/https!github.com!nus-cs2103-AY2526S1!website.git/book/_markbind/variables.md'
2025-09-27T05:18:00.913Z - warn: ENOENT: no such file or directory, open '/Users/damithch/Repos/nus-cs2103/cs2103-website-base/node_modules/.cache/gh-pages/https!github.com!nus-cs2103-AY2526S1!website.git/_markbind/variables.md'
2025-09-27T05:18:00.932Z - info: Building assets...
2025-09-27T05:18:04.102Z - info: Assets built
2025-09-27T05:18:04.103Z - info: Generating landing page...
2025-09-27T05:18:04.619Z - info: Landing page built, other pages will be built as you navigate to them!
2025-09-27T05:18:04.685Z - info: Site data built
2025-09-27T05:18:04.685Z - info: Website generation (lazy) complete! Total build time: 5.693s
2025-09-27T05:18:04.694Z - info: Serving "/Users/damithch/Repos/nus-cs2103/cs2103-website-base/_site" at http://127.0.0.1:8080
2025-09-27T05:18:04.695Z - info: Press CTRL+C to stop ...
2025-09-27T05:18:16.184Z - info: Building /Users/damithch/Repos/nus-cs2103/cs2103-website-base/admin/appendixG-troubleshooting as some of its dependencies were changed since the last visit
2025-09-27T05:18:16.368Z - info: Site data built
2025-09-27T05:18:16.369Z - info: Lazy website regeneration complete! Total build time: 0.185s
2025-09-27T05:19:11.612Z - info: [13:19:11] Reload for file change: /Users/damithch/Repos/nus-cs2103/cs2103-website-base/admin/troubleshooting-fragment.md
2025-09-27T05:19:11.614Z - info: Synchronizing opened pages list before reload
2025-09-27T05:19:11.614Z - info: Current opened pages, from most-to-least recent:
2025-09-27T05:19:11.614Z - info: 1. admin/appendixG-troubleshooting
2025-09-27T05:19:12.621Z - info: Rebuilding 1 pages
2025-09-27T05:19:12.727Z - info: Site data built
2025-09-27T05:19:12.727Z - info: Pages rebuilt
2025-09-27T05:19:12.727Z - info: Website regeneration complete! Total build time: 0.108s
2025-09-27T05:21:00.465Z - info: [13:21:00] Reload for file change: /Users/damithch/Repos/nus-cs2103/cs2103-website-base/admin/troubleshooting-fragment.md
2025-09-27T05:21:00.466Z - info: Synchronizing opened pages list before reload
2025-09-27T05:21:00.466Z - info: Current opened pages, from most-to-least recent:
2025-09-27T05:21:00.467Z - info: 1. admin/appendixG-troubleshooting
2025-09-27T05:21:01.473Z - info: Rebuilding 1 pages
2025-09-27T05:21:01.595Z - info: Site data built
2025-09-27T05:21:01.595Z - info: Pages rebuilt
2025-09-27T05:21:01.595Z - info: Website regeneration complete! Total build time: 0.124s
2025-09-27T05:21:13.480Z - info: [13:21:13] Reload for file change: /Users/damithch/Repos/nus-cs2103/cs2103-website-base/admin/troubleshooting-fragment.md
2025-09-27T05:21:13.480Z - info: Synchronizing opened pages list before reload
2025-09-27T05:21:13.480Z - info: Current opened pages, from most-to-least recent:
2025-09-27T05:21:13.480Z - info: 1. admin/appendixG-troubleshooting
2025-09-27T05:21:14.483Z - info: Rebuilding 1 pages
2025-09-27T05:21:14.598Z - info: Site data built
2025-09-27T05:21:14.598Z - info: Pages rebuilt
2025-09-27T05:21:14.598Z - info: Website regeneration complete! Total build time: 0.116s
2025-09-27T05:21:17.330Z - info: Building /Users/damithch/Repos/nus-cs2103/cs2103-website-base/admin/ip-showcase as some of its dependencies were changed since the last visit
2025-09-27T05:21:18.218Z - info: Site data built
2025-09-27T05:21:18.218Z - info: Lazy website regeneration complete! Total build time: 0.888s
2025-09-27T05:22:30.999Z - info: [13:22:30] Reload for file change: /Users/damithch/Repos/nus-cs2103/cs2103-website-base/admin/troubleshooting-fragment.md
2025-09-27T05:22:31.001Z - info: Synchronizing opened pages list before reload
2025-09-27T05:22:31.002Z - info: No pages are currently opened
2025-09-27T05:22:32.015Z - info: No pages needed to be rebuilt
2025-09-27T05:26:56.439Z - info: [13:26:56] Reload for file change: /Users/damithch/Repos/nus-cs2103/cs2103-website-base/admin/appendixG-troubleshooting.md
2025-09-27T05:26:56.442Z - info: Synchronizing opened pages list before reload
2025-09-27T05:26:56.443Z - info: No pages are currently opened
2025-09-27T05:26:56.445Z - info: [13:26:56] Reload for file change: /Users/damithch/Repos/nus-cs2103/cs2103-website-base/admin/ip-tasks-fragment.md
2025-09-27T05:26:56.445Z - info: Synchronizing opened pages list before reload
2025-09-27T05:26:56.445Z - info: No pages are currently opened
2025-09-27T05:26:56.446Z - info: [13:26:56] Reload for file change: /Users/damithch/Repos/nus-cs2103/cs2103-website-base/admin/troubleshooting-fragment.md
2025-09-27T05:26:56.447Z - info: Synchronizing opened pages list before reload
2025-09-27T05:26:56.447Z - info: No pages are currently opened
2025-09-27T05:26:57.453Z - info: No pages needed to be rebuilt
2025-09-27T05:27:35.891Z - info: [13:27:35] Reload for file change: /Users/damithch/Repos/nus-cs2103/cs2103-website-base/admin/ip-tasks-fragment.md
2025-09-27T05:27:35.891Z - info: Synchronizing opened pages list before reload
2025-09-27T05:27:35.892Z - info: No pages are currently opened
2025-09-27T05:27:36.902Z - info: No pages needed to be rebuilt
2025-09-27T05:27:38.911Z - info: [13:27:38] Reload for file change: /Users/damithch/Repos/nus-cs2103/cs2103-website-base/admin/ip-tasks-fragment.md
2025-09-27T05:27:38.911Z - info: Synchronizing opened pages list before reload
2025-09-27T05:27:38.911Z - info: No pages are currently opened
2025-09-27T05:27:39.922Z - info: No pages needed to be rebuilt
2025-09-27T05:27:50.701Z - info: Building /Users/damithch/Repos/nus-cs2103/cs2103-website-base/admin/appendixG-troubleshooting as some of its dependencies were changed since the last visit
2025-09-27T05:27:50.860Z - info: Site data built
2025-09-27T05:27:50.860Z - info: Lazy website regeneration complete! Total build time: 0.159s
2025-09-27T05:30:33.005Z - info: [13:30:33] Reload for file change: /Users/damithch/Repos/nus-cs2103/cs2103-website-base/admin/troubleshooting-fragment.md
2025-09-27T05:30:33.007Z - info: Synchronizing opened pages list before reload
2025-09-27T05:30:33.010Z - info: Current opened pages, from most-to-least recent:
2025-09-27T05:30:33.012Z - info: 1. admin/appendixG-troubleshooting
2025-09-27T05:30:34.022Z - info: Rebuilding 1 pages
2025-09-27T05:30:34.143Z - info: Site data built
2025-09-27T05:30:34.144Z - info: Pages rebuilt
2025-09-27T05:30:34.144Z - info: Website regeneration complete! Total build time: 0.124s
2025-09-27T05:30:56.818Z - info: Website generation started at 13:30:55
2025-09-27T05:30:57.310Z - warn: ENOENT: no such file or directory, open '/Users/damithch/Repos/nus-cs2103/cs2103-website-base/node_modules/.cache/gh-pages/https!github.com!nus-cs2103-AY2526S1!website.git/book/_markbind/variables.md'
2025-09-27T05:30:57.310Z - warn: ENOENT: no such file or directory, open '/Users/damithch/Repos/nus-cs2103/cs2103-website-base/node_modules/.cache/gh-pages/https!github.com!nus-cs2103-AY2526S1!website.git/_markbind/variables.md'
2025-09-27T05:30:57.330Z - info: Building assets...
2025-09-27T05:31:00.339Z - info: Assets built
2025-09-27T05:31:00.341Z - info: Generating pages...
2025-09-27T05:31:06.244Z - debug:  
2025-09-27T05:31:06.244Z - debug:  
2025-09-27T05:31:08.991Z - debug:  
2025-09-27T05:31:08.992Z - debug:  
2025-09-27T05:31:08.992Z - debug:  
2025-09-27T05:31:08.992Z - debug:  
2025-09-27T05:31:08.992Z - debug:  
2025-09-27T05:31:08.992Z - debug:  
2025-09-27T05:31:08.992Z - debug:  
2025-09-27T05:31:08.992Z - debug:  
2025-09-27T05:31:08.992Z - debug:  
2025-09-27T05:31:10.987Z - debug:  
2025-09-27T05:31:11.227Z - debug:  
2025-09-27T05:31:11.272Z - debug:  
2025-09-27T05:31:11.328Z - debug:  
2025-09-27T05:31:11.328Z - debug:  
2025-09-27T05:31:11.352Z - debug:  
2025-09-27T05:31:21.220Z - debug:  
2025-09-27T05:32:21.116Z - debug:  
2025-09-27T05:32:35.392Z - debug:  
2025-09-27T05:32:35.412Z - debug:  
2025-09-27T05:32:45.750Z - info: Pages built
2025-09-27T05:32:45.835Z - info: Site data built
2025-09-27T05:32:45.835Z - info: Website generation complete! Total build time: 110.12s
2025-09-27T05:32:45.835Z - info: Build success!
2025-09-27T05:33:11.512Z - info: The website has been deployed at: https://nus-cs2103-ay2526s1.github.io/website
2025-09-27T06:02:23.225Z - info: Website generation (lazy) started at 14:02:21
2025-09-27T06:02:23.894Z - warn: ENOENT: no such file or directory, open '/Users/damithch/Repos/nus-cs2103/cs2103-website-base/node_modules/.cache/gh-pages/https!github.com!nus-cs2103-AY2526S1!website.git/book/_markbind/variables.md'
2025-09-27T06:02:23.894Z - warn: ENOENT: no such file or directory, open '/Users/damithch/Repos/nus-cs2103/cs2103-website-base/node_modules/.cache/gh-pages/https!github.com!nus-cs2103-AY2526S1!website.git/_markbind/variables.md'
2025-09-27T06:02:23.915Z - info: Building assets...
2025-09-27T06:02:26.471Z - info: Assets built
2025-09-27T06:02:26.471Z - info: Generating landing page...
2025-09-27T06:02:26.977Z - info: Landing page built, other pages will be built as you navigate to them!
2025-09-27T06:02:27.045Z - info: Site data built
2025-09-27T06:02:27.046Z - info: Website generation (lazy) complete! Total build time: 5.238s
2025-09-27T06:02:27.055Z - info: Serving "/Users/damithch/Repos/nus-cs2103/cs2103-website-base/_site" at http://127.0.0.1:8080
2025-09-27T06:02:27.055Z - info: Press CTRL+C to stop ...
2025-09-27T06:02:34.922Z - info: Building /Users/damithch/Repos/nus-cs2103/cs2103-website-base/admin/appendixG-troubleshooting as some of its dependencies were changed since the last visit
2025-09-27T06:02:35.104Z - info: Site data built
2025-09-27T06:02:35.104Z - info: Lazy website regeneration complete! Total build time: 0.183s
2025-09-27T06:03:05.103Z - info: [14:03:05] Reload for file change: /Users/damithch/Repos/nus-cs2103/cs2103-website-base/admin/appendixG-troubleshooting.md
2025-09-27T06:03:05.103Z - info: Synchronizing opened pages list before reload
2025-09-27T06:03:05.104Z - info: Current opened pages, from most-to-least recent:
2025-09-27T06:03:05.104Z - info: 1. admin/appendixG-troubleshooting
2025-09-27T06:03:06.115Z - info: Rebuilding 1 pages
2025-09-27T06:03:06.221Z - info: Site data built
2025-09-27T06:03:06.221Z - info: Pages rebuilt
2025-09-27T06:03:06.221Z - info: Website regeneration complete! Total build time: 0.107s
2025-09-27T06:03:18.430Z - info: Building /Users/damithch/Repos/nus-cs2103/cs2103-website-base/schedule/week6/index as some of its dependencies were changed since the last visit
2025-09-27T06:03:18.795Z - info: Site data built
2025-09-27T06:03:18.795Z - info: Lazy website regeneration complete! Total build time: 0.365s
2025-09-27T06:03:20.847Z - info: Building /Users/damithch/Repos/nus-cs2103/cs2103-website-base/schedule/week6/project as some of its dependencies were changed since the last visit
2025-09-27T06:03:22.046Z - info: Site data built
2025-09-27T06:03:22.046Z - info: Lazy website regeneration complete! Total build time: 1.199s
2025-09-27T06:04:36.796Z - info: [14:04:36] Reload for file change: /Users/damithch/Repos/nus-cs2103/cs2103-website-base/admin/ip-tasks-fragment.md
2025-09-27T06:04:36.798Z - info: Synchronizing opened pages list before reload
2025-09-27T06:04:36.802Z - info: Current opened pages, from most-to-least recent:
2025-09-27T06:04:36.804Z - info: 1. schedule/week6/project
2025-09-27T06:04:37.814Z - info: Rebuilding 1 pages
2025-09-27T06:04:39.267Z - info: Site data built
2025-09-27T06:04:39.267Z - info: Pages rebuilt
2025-09-27T06:04:39.267Z - info: Website regeneration complete! Total build time: 1.455s
2025-09-27T06:04:49.312Z - info: [14:04:49] Reload for file change: /Users/damithch/Repos/nus-cs2103/cs2103-website-base/admin/ip-tasks-fragment.md
2025-09-27T06:04:49.313Z - info: Synchronizing opened pages list before reload
2025-09-27T06:04:49.313Z - info: Current opened pages, from most-to-least recent:
2025-09-27T06:04:49.314Z - info: 1. schedule/week6/project
2025-09-27T06:04:50.320Z - info: Rebuilding 1 pages
2025-09-27T06:04:51.677Z - info: Site data built
2025-09-27T06:04:51.677Z - info: Pages rebuilt
2025-09-27T06:04:51.678Z - info: Website regeneration complete! Total build time: 1.359s
2025-09-27T06:04:59.501Z - info: [14:04:59] Reload for file change: /Users/damithch/Repos/nus-cs2103/cs2103-website-base/admin/ip-tasks-fragment.md
2025-09-27T06:04:59.501Z - info: Synchronizing opened pages list before reload
2025-09-27T06:04:59.501Z - info: Current opened pages, from most-to-least recent:
2025-09-27T06:04:59.501Z - info: 1. schedule/week6/project
2025-09-27T06:05:00.520Z - info: Rebuilding 1 pages
2025-09-27T06:05:01.908Z - info: Site data built
2025-09-27T06:05:01.908Z - info: Pages rebuilt
2025-09-27T06:05:01.908Z - info: Website regeneration complete! Total build time: 1.39s
2025-09-27T06:06:04.355Z - info: [14:06:04] Reload for file change: /Users/damithch/Repos/nus-cs2103/cs2103-website-base/admin/ip-tasks-fragment.md
2025-09-27T06:06:04.386Z - info: Synchronizing opened pages list before reload
2025-09-27T06:06:04.400Z - info: Current opened pages, from most-to-least recent:
2025-09-27T06:06:04.402Z - info: 1. schedule/week6/project
2025-09-27T06:06:05.432Z - info: Rebuilding 1 pages
2025-09-27T06:06:06.771Z - info: Site data built
2025-09-27T06:06:06.771Z - info: Pages rebuilt
2025-09-27T06:06:06.771Z - info: Website regeneration complete! Total build time: 1.343s
2025-09-27T06:07:03.832Z - info: [14:07:03] Reload for file change: /Users/damithch/Repos/nus-cs2103/cs2103-website-base/admin/ip-tasks-fragment.md
2025-09-27T06:07:03.833Z - info: Synchronizing opened pages list before reload
2025-09-27T06:07:03.834Z - info: Current opened pages, from most-to-least recent:
2025-09-27T06:07:03.834Z - info: 1. schedule/week6/project
2025-09-27T06:07:04.845Z - info: Rebuilding 1 pages
2025-09-27T06:07:06.042Z - info: Site data built
2025-09-27T06:07:06.042Z - info: Pages rebuilt
2025-09-27T06:07:06.042Z - info: Website regeneration complete! Total build time: 1.199s
2025-09-27T06:07:11.852Z - info: [14:07:11] Reload for file change: /Users/damithch/Repos/nus-cs2103/cs2103-website-base/admin/ip-tasks-fragment.md
2025-09-27T06:07:11.852Z - info: Synchronizing opened pages list before reload
2025-09-27T06:07:11.853Z - info: Current opened pages, from most-to-least recent:
2025-09-27T06:07:11.853Z - info: 1. schedule/week6/project
2025-09-27T06:07:12.869Z - info: Rebuilding 1 pages
2025-09-27T06:07:14.043Z - info: Site data built
2025-09-27T06:07:14.043Z - info: Pages rebuilt
2025-09-27T06:07:14.043Z - info: Website regeneration complete! Total build time: 1.176s
2025-09-27T06:07:33.795Z - info: [14:07:33] Reload for file change: /Users/damithch/Repos/nus-cs2103/cs2103-website-base/admin/ip-tasks-fragment.md
2025-09-27T06:07:33.796Z - info: Synchronizing opened pages list before reload
2025-09-27T06:07:33.797Z - info: Current opened pages, from most-to-least recent:
2025-09-27T06:07:33.797Z - info: 1. schedule/week6/project
2025-09-27T06:07:34.804Z - info: Rebuilding 1 pages
2025-09-27T06:07:36.017Z - info: Site data built
2025-09-27T06:07:36.017Z - info: Pages rebuilt
2025-09-27T06:07:36.017Z - info: Website regeneration complete! Total build time: 1.215s
2025-09-27T06:11:39.109Z - info: Website generation started at 14:11:37
2025-09-27T06:11:39.485Z - warn: ENOENT: no such file or directory, open '/Users/damithch/Repos/nus-cs2103/cs2103-website-base/node_modules/.cache/gh-pages/https!github.com!nus-cs2103-AY2526S1!website.git/book/_markbind/variables.md'
2025-09-27T06:11:39.486Z - warn: ENOENT: no such file or directory, open '/Users/damithch/Repos/nus-cs2103/cs2103-website-base/node_modules/.cache/gh-pages/https!github.com!nus-cs2103-AY2526S1!website.git/_markbind/variables.md'
2025-09-27T06:11:39.505Z - info: Building assets...
2025-09-27T06:11:43.181Z - info: Assets built
2025-09-27T06:11:43.182Z - info: Generating pages...
2025-09-27T06:11:48.592Z - debug:  
2025-09-27T06:11:48.592Z - debug:  
2025-09-27T06:11:51.646Z - debug:  
2025-09-27T06:11:51.646Z - debug:  
2025-09-27T06:11:51.646Z - debug:  
2025-09-27T06:11:51.646Z - debug:  
2025-09-27T06:11:51.646Z - debug:  
2025-09-27T06:11:51.646Z - debug:  
2025-09-27T06:11:51.646Z - debug:  
2025-09-27T06:11:51.646Z - debug:  
2025-09-27T06:11:51.646Z - debug:  
2025-09-27T06:11:55.071Z - debug:  
2025-09-27T06:11:55.079Z - debug:  
2025-09-27T06:11:55.079Z - debug:  
2025-09-27T06:11:55.080Z - debug:  
2025-09-27T06:11:55.085Z - debug:  
2025-09-27T06:11:55.132Z - debug:  
2025-09-27T06:12:05.064Z - debug:  
2025-09-27T06:13:03.416Z - debug:  
2025-09-27T06:13:16.366Z - debug:  
2025-09-27T06:13:16.390Z - debug:  
2025-09-27T06:13:26.263Z - info: Pages built
2025-09-27T06:13:26.335Z - info: Site data built
2025-09-27T06:13:26.335Z - info: Website generation complete! Total build time: 108.352s
2025-09-27T06:13:26.335Z - info: Build success!
2025-09-27T06:13:50.907Z - info: The website has been deployed at: https://nus-cs2103-ay2526s1.github.io/website
