2025-10-08T17:24:05.425Z - info: Website generation (lazy) started at 01:24:03
2025-10-08T17:24:06.105Z - warn: ENOENT: no such file or directory, open '/Users/damithch/Repos/nus-cs2103/cs2103-website-base/node_modules/.cache/gh-pages/https!github.com!nus-cs2103-AY2526S1!website.git/book/_markbind/variables.md'
2025-10-08T17:24:06.106Z - warn: ENOENT: no such file or directory, open '/Users/damithch/Repos/nus-cs2103/cs2103-website-base/node_modules/.cache/gh-pages/https!github.com!nus-cs2103-AY2526S1!website.git/_markbind/variables.md'
2025-10-08T17:24:06.126Z - info: Building assets...
2025-10-08T17:24:09.838Z - info: Assets built
2025-10-08T17:24:09.839Z - info: Generating landing page...
2025-10-08T17:24:10.402Z - info: Landing page built, other pages will be built as you navigate to them!
2025-10-08T17:24:10.469Z - info: Site data built
2025-10-08T17:24:10.469Z - info: Website generation (lazy) complete! Total build time: 6.805s
2025-10-08T17:24:10.482Z - info: Serving "/Users/damithch/Repos/nus-cs2103/cs2103-website-base/_site" at http://127.0.0.1:8080
2025-10-08T17:24:10.482Z - info: Press CTRL+C to stop ...
2025-10-08T17:25:39.011Z - info: [01:25:39] Reload for file change: /Users/damithch/Repos/nus-cs2103/cs2103-website-base/admin/common-tutorials-fragment.md
2025-10-08T17:25:39.013Z - info: Synchronizing opened pages list before reload
2025-10-08T17:25:39.013Z - info: Current opened pages, from most-to-least recent:
2025-10-08T17:25:39.014Z - info: 1. index
2025-10-08T17:25:40.020Z - info: Assets built
2025-10-08T17:25:42.682Z - info: Building /Users/damithch/Repos/nus-cs2103/cs2103-website-base/schedule/week8/tutorial as some of its dependencies were changed since the last visit
2025-10-08T17:25:43.042Z - info: Site data built
2025-10-08T17:25:43.042Z - info: Lazy website regeneration complete! Total build time: 0.36s
2025-10-08T17:25:50.306Z - info: Building /Users/damithch/Repos/nus-cs2103/cs2103-website-base/schedule/week9/tutorial as some of its dependencies were changed since the last visit
2025-10-08T17:25:50.505Z - info: Site data built
2025-10-08T17:25:50.505Z - info: Lazy website regeneration complete! Total build time: 0.199s
2025-10-08T17:26:10.570Z - info: [01:26:10] Reload for file change: /Users/damithch/Repos/nus-cs2103/cs2103-website-base/admin/common-tutorials-fragment.md
2025-10-08T17:26:10.570Z - info: Synchronizing opened pages list before reload
2025-10-08T17:26:10.571Z - info: Current opened pages, from most-to-least recent:
2025-10-08T17:26:10.571Z - info: 1. schedule/week9/tutorial
2025-10-08T17:26:11.583Z - info: Rebuilding 1 pages
2025-10-08T17:26:11.826Z - info: Site data built
2025-10-08T17:26:11.826Z - info: Pages rebuilt
2025-10-08T17:26:11.826Z - info: Website regeneration complete! Total build time: 0.245s
