2025-10-25T04:01:36.227Z - info: Website generation (lazy) started at 12:01:34
2025-10-25T04:01:36.910Z - warn: ENOENT: no such file or directory, open '/Users/damithch/Repos/nus-cs2103/cs2103-website-base/node_modules/.cache/gh-pages/https!github.com!nus-cs2103-AY2526S1!website.git/book/_markbind/variables.md'
2025-10-25T04:01:36.910Z - warn: ENOENT: no such file or directory, open '/Users/damithch/Repos/nus-cs2103/cs2103-website-base/node_modules/.cache/gh-pages/https!github.com!nus-cs2103-AY2526S1!website.git/_markbind/variables.md'
2025-10-25T04:01:36.931Z - info: Building assets...
2025-10-25T04:01:39.703Z - info: Assets built
2025-10-25T04:01:39.704Z - info: Generating landing page...
2025-10-25T04:01:40.703Z - info: Landing page built, other pages will be built as you navigate to them!
2025-10-25T04:01:40.775Z - info: Site data built
2025-10-25T04:01:40.775Z - info: Website generation (lazy) complete! Total build time: 5.892s
2025-10-25T04:01:40.787Z - info: Serving "/Users/damithch/Repos/nus-cs2103/cs2103-website-base/_site" at http://127.0.0.1:8080
2025-10-25T04:01:40.787Z - info: Press CTRL+C to stop ...
2025-10-25T04:03:19.039Z - info: [12:03:19] Reload for file change: /Users/damithch/Repos/nus-cs2103/cs2103-website-base/schedule/week11/notices-cs2103-fragment.md
2025-10-25T04:03:19.044Z - info: Synchronizing opened pages list before reload
2025-10-25T04:03:19.048Z - info: Current opened pages, from most-to-least recent:
2025-10-25T04:03:19.049Z - info: 1. index
2025-10-25T04:03:20.066Z - info: Rebuilding 1 pages
2025-10-25T04:03:20.740Z - info: Site data built
2025-10-25T04:03:20.740Z - info: Pages rebuilt
2025-10-25T04:03:20.740Z - info: Website regeneration complete! Total build time: 0.678s
2025-10-25T04:03:44.761Z - info: Building /Users/damithch/Repos/nus-cs2103/cs2103-website-base/admin/tp-ped as some of its dependencies were changed since the last visit
2025-10-25T04:03:45.760Z - info: Site data built
2025-10-25T04:03:45.760Z - info: Lazy website regeneration complete! Total build time: 0.999s
2025-10-25T04:06:11.873Z - info: [12:06:11] Reload for file change: /Users/damithch/Repos/nus-cs2103/cs2103-website-base/admin/tp-ped-fragment.md
2025-10-25T04:06:11.877Z - info: Synchronizing opened pages list before reload
2025-10-25T04:06:11.878Z - info: Current opened pages, from most-to-least recent:
2025-10-25T04:06:11.879Z - info: 1. admin/tp-ped
2025-10-25T04:06:12.889Z - info: Rebuilding 1 pages
2025-10-25T04:06:13.764Z - info: Site data built
2025-10-25T04:06:13.764Z - info: Pages rebuilt
2025-10-25T04:06:13.764Z - info: Website regeneration complete! Total build time: 0.877s
2025-10-25T04:06:31.300Z - info: [12:06:31] Reload for file change: /Users/damithch/Repos/nus-cs2103/cs2103-website-base/admin/tp-ped-fragment.md
2025-10-25T04:06:31.301Z - info: Synchronizing opened pages list before reload
2025-10-25T04:06:31.301Z - info: Current opened pages, from most-to-least recent:
2025-10-25T04:06:31.301Z - info: 1. admin/tp-ped
2025-10-25T04:06:32.318Z - info: Rebuilding 1 pages
2025-10-25T04:06:33.173Z - info: Site data built
2025-10-25T04:06:33.173Z - info: Pages rebuilt
2025-10-25T04:06:33.173Z - info: Website regeneration complete! Total build time: 0.857s
2025-10-25T04:07:24.941Z - info: [12:07:24] Reload for file change: /Users/damithch/Repos/nus-cs2103/cs2103-website-base/admin/tp-ped-fragment.md
2025-10-25T04:07:24.944Z - info: Synchronizing opened pages list before reload
2025-10-25T04:07:24.945Z - info: Current opened pages, from most-to-least recent:
2025-10-25T04:07:24.945Z - info: 1. admin/tp-ped
2025-10-25T04:07:25.951Z - info: Rebuilding 1 pages
2025-10-25T04:07:26.836Z - info: Site data built
2025-10-25T04:07:26.836Z - info: Pages rebuilt
2025-10-25T04:07:26.836Z - info: Website regeneration complete! Total build time: 0.888s
2025-10-25T04:09:05.932Z - info: [12:09:05] Reload for file change: /Users/damithch/Repos/nus-cs2103/cs2103-website-base/admin/tp-ped-fragment.md
2025-10-25T04:09:05.950Z - info: Synchronizing opened pages list before reload
2025-10-25T04:09:05.968Z - info: Current opened pages, from most-to-least recent:
2025-10-25T04:09:05.968Z - info: 1. admin/tp-ped
2025-10-25T04:09:06.981Z - info: Rebuilding 1 pages
2025-10-25T04:09:07.878Z - info: Site data built
2025-10-25T04:09:07.878Z - info: Pages rebuilt
2025-10-25T04:09:07.878Z - info: Website regeneration complete! Total build time: 0.9s
2025-10-25T04:09:41.860Z - info: [12:09:41] Reload for file change: /Users/damithch/Repos/nus-cs2103/cs2103-website-base/admin/tp-ped-fragment.md
2025-10-25T04:09:41.863Z - info: Synchronizing opened pages list before reload
2025-10-25T04:09:41.863Z - info: Current opened pages, from most-to-least recent:
2025-10-25T04:09:41.863Z - info: 1. admin/tp-ped
2025-10-25T04:09:42.872Z - info: Rebuilding 1 pages
2025-10-25T04:09:43.744Z - info: Site data built
2025-10-25T04:09:43.744Z - info: Pages rebuilt
2025-10-25T04:09:43.744Z - info: Website regeneration complete! Total build time: 0.875s
2025-10-25T04:12:46.274Z - info: [12:12:46] Reload for file change: /Users/damithch/Repos/nus-cs2103/cs2103-website-base/admin/tp-ped-fragment.md
2025-10-25T04:12:46.283Z - info: Synchronizing opened pages list before reload
2025-10-25T04:12:46.285Z - info: Current opened pages, from most-to-least recent:
2025-10-25T04:12:46.285Z - info: 1. admin/tp-ped
2025-10-25T04:12:47.298Z - info: Rebuilding 1 pages
2025-10-25T04:12:48.214Z - info: Site data built
2025-10-25T04:12:48.214Z - info: Pages rebuilt
2025-10-25T04:12:48.214Z - info: Website regeneration complete! Total build time: 0.92s
2025-10-25T04:13:55.791Z - info: [12:13:55] Reload for file change: /Users/damithch/Repos/nus-cs2103/cs2103-website-base/admin/tp-ped-fragment.md
2025-10-25T04:13:55.793Z - info: Synchronizing opened pages list before reload
2025-10-25T04:13:55.793Z - info: Current opened pages, from most-to-least recent:
2025-10-25T04:13:55.794Z - info: 1. admin/tp-ped
2025-10-25T04:13:56.801Z - info: Rebuilding 1 pages
2025-10-25T04:13:57.649Z - info: Site data built
2025-10-25T04:13:57.649Z - info: Pages rebuilt
2025-10-25T04:13:57.649Z - info: Website regeneration complete! Total build time: 0.851s
2025-10-25T04:15:57.229Z - info: [12:15:57] Reload for file change: /Users/damithch/Repos/nus-cs2103/cs2103-website-base/admin/tp-testing-fragment.md
2025-10-25T04:15:57.233Z - info: Synchronizing opened pages list before reload
2025-10-25T04:15:57.239Z - info: Current opened pages, from most-to-least recent:
2025-10-25T04:15:57.239Z - info: 1. admin/tp-ped
2025-10-25T04:15:58.245Z - info: Rebuilding 1 pages
2025-10-25T04:15:59.129Z - info: Site data built
2025-10-25T04:15:59.129Z - info: Pages rebuilt
2025-10-25T04:15:59.129Z - info: Website regeneration complete! Total build time: 0.886s
2025-10-25T04:18:41.301Z - info: [12:18:41] Reload for file change: /Users/damithch/Repos/nus-cs2103/cs2103-website-base/admin/tp-pe-fragment.md
2025-10-25T04:18:41.305Z - info: Synchronizing opened pages list before reload
2025-10-25T04:18:41.306Z - info: Current opened pages, from most-to-least recent:
2025-10-25T04:18:41.306Z - info: 1. admin/tp-ped
2025-10-25T04:18:42.313Z - info: Rebuilding 1 pages
2025-10-25T04:18:43.208Z - info: Site data built
2025-10-25T04:18:43.208Z - info: Pages rebuilt
2025-10-25T04:18:43.208Z - info: Website regeneration complete! Total build time: 0.896s
2025-10-25T04:19:46.143Z - info: [12:19:46] Reload for file change: /Users/damithch/Repos/nus-cs2103/cs2103-website-base/admin/tp-ped-fragment.md
2025-10-25T04:19:46.148Z - info: Synchronizing opened pages list before reload
2025-10-25T04:19:46.151Z - info: Current opened pages, from most-to-least recent:
2025-10-25T04:19:46.152Z - info: 1. admin/tp-ped
2025-10-25T04:19:47.160Z - info: Rebuilding 1 pages
2025-10-25T04:19:48.031Z - info: Site data built
2025-10-25T04:19:48.031Z - info: Pages rebuilt
2025-10-25T04:19:48.031Z - info: Website regeneration complete! Total build time: 0.873s
2025-10-25T04:22:14.440Z - info: [12:22:14] Reload for file change: /Users/damithch/Repos/nus-cs2103/cs2103-website-base/admin/tp-testing-fragment.md
2025-10-25T04:22:14.452Z - info: Synchronizing opened pages list before reload
2025-10-25T04:22:14.455Z - info: Current opened pages, from most-to-least recent:
2025-10-25T04:22:14.456Z - info: 1. admin/tp-ped
2025-10-25T04:22:15.467Z - info: Rebuilding 1 pages
2025-10-25T04:22:16.337Z - info: Site data built
2025-10-25T04:22:16.338Z - info: Pages rebuilt
2025-10-25T04:22:16.338Z - info: Website regeneration complete! Total build time: 0.875s
2025-10-25T04:23:02.701Z - info: Website generation started at 12:23:01
2025-10-25T04:23:03.083Z - warn: ENOENT: no such file or directory, open '/Users/damithch/Repos/nus-cs2103/cs2103-website-base/node_modules/.cache/gh-pages/https!github.com!nus-cs2103-AY2526S1!website.git/book/_markbind/variables.md'
2025-10-25T04:23:03.083Z - warn: ENOENT: no such file or directory, open '/Users/damithch/Repos/nus-cs2103/cs2103-website-base/node_modules/.cache/gh-pages/https!github.com!nus-cs2103-AY2526S1!website.git/_markbind/variables.md'
2025-10-25T04:23:03.103Z - info: Building assets...
2025-10-25T04:23:06.365Z - info: Assets built
2025-10-25T04:23:06.366Z - info: Generating pages...
2025-10-25T04:23:12.247Z - debug:  
2025-10-25T04:23:12.247Z - debug:  
2025-10-25T04:23:12.247Z - debug:  
2025-10-25T04:23:15.525Z - debug:  
2025-10-25T04:23:15.525Z - debug:  
2025-10-25T04:23:15.525Z - debug:  
2025-10-25T04:23:15.526Z - debug:  
2025-10-25T04:23:15.526Z - debug:  
2025-10-25T04:23:15.526Z - debug:  
2025-10-25T04:23:15.526Z - debug:  
2025-10-25T04:23:15.526Z - debug:  
2025-10-25T04:23:15.526Z - debug:  
2025-10-25T04:23:18.574Z - debug:  
2025-10-25T04:23:18.576Z - debug:  
2025-10-25T04:23:18.604Z - debug:  
2025-10-25T04:23:18.604Z - debug:  
2025-10-25T04:23:18.633Z - debug:  
2025-10-25T04:23:18.678Z - debug:  
2025-10-25T04:23:27.560Z - debug:  
2025-10-25T04:24:29.223Z - debug:  
2025-10-25T04:24:41.326Z - debug:  
2025-10-25T04:24:41.342Z - debug:  
2025-10-25T04:24:51.114Z - info: Pages built
2025-10-25T04:24:51.197Z - info: Site data built
2025-10-25T04:24:51.197Z - info: Website generation complete! Total build time: 109.596s
2025-10-25T04:24:51.197Z - info: Build success!
2025-10-25T04:25:17.902Z - info: The website has been deployed at: https://nus-cs2103-ay2526s1.github.io/website
2025-10-25T04:32:05.310Z - info: Website generation (lazy) started at 12:32:03
2025-10-25T04:32:05.754Z - warn: ENOENT: no such file or directory, open '/Users/damithch/Repos/nus-cs2103/cs2103-website-base/node_modules/.cache/gh-pages/https!github.com!nus-cs2103-AY2526S1!website.git/book/_markbind/variables.md'
2025-10-25T04:32:05.754Z - warn: ENOENT: no such file or directory, open '/Users/damithch/Repos/nus-cs2103/cs2103-website-base/node_modules/.cache/gh-pages/https!github.com!nus-cs2103-AY2526S1!website.git/_markbind/variables.md'
2025-10-25T04:32:05.775Z - info: Building assets...
2025-10-25T04:32:08.590Z - info: Assets built
2025-10-25T04:32:08.590Z - info: Generating landing page...
2025-10-25T04:32:10.133Z - info: Landing page built, other pages will be built as you navigate to them!
2025-10-25T04:32:10.220Z - info: Site data built
2025-10-25T04:32:10.220Z - info: Website generation (lazy) complete! Total build time: 6.309s
2025-10-25T04:32:10.240Z - info: Serving "/Users/damithch/Repos/nus-cs2103/cs2103-website-base/_site" at http://127.0.0.1:8080
2025-10-25T04:32:10.240Z - info: Press CTRL+C to stop ...
2025-10-25T04:34:21.942Z - info: [12:34:21] Reload for file change: /Users/damithch/Repos/nus-cs2103/cs2103-website-base/admin/tp-testing-fragment.md
2025-10-25T04:34:21.946Z - info: Synchronizing opened pages list before reload
2025-10-25T04:34:21.947Z - info: Current opened pages, from most-to-least recent:
2025-10-25T04:34:21.947Z - info: 1. index
2025-10-25T04:34:21.951Z - info: [12:34:21] Reload for file change: /Users/damithch/Repos/nus-cs2103/cs2103-website-base/admin/tp-ped-fragment.md
2025-10-25T04:34:21.951Z - info: Synchronizing opened pages list before reload
2025-10-25T04:34:21.952Z - info: Current opened pages, from most-to-least recent:
2025-10-25T04:34:21.952Z - info: 1. index
2025-10-25T04:34:22.963Z - info: Assets built
2025-10-25T04:34:26.624Z - info: Building /Users/damithch/Repos/nus-cs2103/cs2103-website-base/admin/tp-ped as some of its dependencies were changed since the last visit
2025-10-25T04:34:27.875Z - info: Site data built
2025-10-25T04:34:27.875Z - info: Lazy website regeneration complete! Total build time: 1.251s
2025-10-25T04:35:06.299Z - info: [12:35:06] Reload for file change: /Users/damithch/Repos/nus-cs2103/cs2103-website-base/admin/tp-testing-fragment.md
2025-10-25T04:35:06.301Z - info: Synchronizing opened pages list before reload
2025-10-25T04:35:06.302Z - info: Current opened pages, from most-to-least recent:
2025-10-25T04:35:06.303Z - info: 1. admin/tp-ped
2025-10-25T04:35:07.314Z - info: Rebuilding 1 pages
2025-10-25T04:35:08.233Z - info: Site data built
2025-10-25T04:35:08.233Z - info: Pages rebuilt
2025-10-25T04:35:08.233Z - info: Website regeneration complete! Total build time: 0.921s
2025-10-25T04:35:32.818Z - info: [12:35:32] Reload for file change: /Users/damithch/Repos/nus-cs2103/cs2103-website-base/admin/tp-ped-fragment.md
2025-10-25T04:35:32.819Z - info: Synchronizing opened pages list before reload
2025-10-25T04:35:32.819Z - info: Current opened pages, from most-to-least recent:
2025-10-25T04:35:32.819Z - info: 1. admin/tp-ped
2025-10-25T04:35:33.836Z - info: Rebuilding 1 pages
2025-10-25T04:35:34.649Z - info: Site data built
2025-10-25T04:35:34.649Z - info: Pages rebuilt
2025-10-25T04:35:34.649Z - info: Website regeneration complete! Total build time: 0.815s
2025-10-25T04:36:05.423Z - info: [12:36:05] Reload for file change: /Users/damithch/Repos/nus-cs2103/cs2103-website-base/admin/tp-testing-fragment.md
2025-10-25T04:36:05.424Z - info: Synchronizing opened pages list before reload
2025-10-25T04:36:05.425Z - info: Current opened pages, from most-to-least recent:
2025-10-25T04:36:05.425Z - info: 1. admin/tp-ped
2025-10-25T04:36:06.432Z - info: Rebuilding 1 pages
2025-10-25T04:36:07.282Z - info: Site data built
2025-10-25T04:36:07.282Z - info: Pages rebuilt
2025-10-25T04:36:07.282Z - info: Website regeneration complete! Total build time: 0.853s
2025-10-25T04:37:08.293Z - info: [12:37:08] Reload for file change: /Users/damithch/Repos/nus-cs2103/cs2103-website-base/admin/tp-ped-fragment.md
2025-10-25T04:37:08.295Z - info: Synchronizing opened pages list before reload
2025-10-25T04:37:08.295Z - info: Current opened pages, from most-to-least recent:
2025-10-25T04:37:08.296Z - info: 1. admin/tp-ped
2025-10-25T04:37:09.308Z - info: Rebuilding 1 pages
2025-10-25T04:37:10.125Z - info: Site data built
2025-10-25T04:37:10.126Z - info: Pages rebuilt
2025-10-25T04:37:10.126Z - info: Website regeneration complete! Total build time: 0.82s
2025-10-25T04:39:29.621Z - info: [12:39:29] Reload for file change: /Users/damithch/Repos/nus-cs2103/cs2103-website-base/admin/tp-ped-fragment.md
2025-10-25T04:39:29.622Z - info: Synchronizing opened pages list before reload
2025-10-25T04:39:29.623Z - info: Current opened pages, from most-to-least recent:
2025-10-25T04:39:29.623Z - info: 1. admin/tp-ped
2025-10-25T04:39:30.637Z - info: Rebuilding 1 pages
2025-10-25T04:39:31.535Z - info: Site data built
2025-10-25T04:39:31.535Z - info: Pages rebuilt
2025-10-25T04:39:31.535Z - info: Website regeneration complete! Total build time: 0.9s
2025-10-25T04:40:41.646Z - info: [12:40:41] Reload for file change: /Users/damithch/Repos/nus-cs2103/cs2103-website-base/admin/tp-ped-fragment.md
2025-10-25T04:40:41.650Z - info: Synchronizing opened pages list before reload
2025-10-25T04:40:41.651Z - info: Current opened pages, from most-to-least recent:
2025-10-25T04:40:41.651Z - info: 1. admin/tp-ped
2025-10-25T04:40:42.658Z - info: Rebuilding 1 pages
2025-10-25T04:40:43.502Z - info: Site data built
2025-10-25T04:40:43.502Z - info: Pages rebuilt
2025-10-25T04:40:43.502Z - info: Website regeneration complete! Total build time: 0.848s
2025-10-25T04:40:58.335Z - info: [12:40:58] Reload for file change: /Users/damithch/Repos/nus-cs2103/cs2103-website-base/admin/tp-testing-fragment.md
2025-10-25T04:40:58.336Z - info: Synchronizing opened pages list before reload
2025-10-25T04:40:58.337Z - info: Current opened pages, from most-to-least recent:
2025-10-25T04:40:58.337Z - info: 1. admin/tp-ped
2025-10-25T04:40:59.345Z - info: Rebuilding 1 pages
2025-10-25T04:41:00.172Z - info: Site data built
2025-10-25T04:41:00.172Z - info: Pages rebuilt
2025-10-25T04:41:00.172Z - info: Website regeneration complete! Total build time: 0.83s
2025-10-25T04:43:44.427Z - info: [12:43:44] Reload for file change: /Users/damithch/Repos/nus-cs2103/cs2103-website-base/admin/tp-ped-fragment.md
2025-10-25T04:43:44.429Z - info: Synchronizing opened pages list before reload
2025-10-25T04:43:44.430Z - info: Current opened pages, from most-to-least recent:
2025-10-25T04:43:44.430Z - info: 1. admin/tp-ped
2025-10-25T04:43:44.523Z - info: [12:43:44] Reload for file change: /Users/damithch/Repos/nus-cs2103/cs2103-website-base/admin/tp-pe-fragment.md
2025-10-25T04:43:44.524Z - info: Synchronizing opened pages list before reload
2025-10-25T04:43:44.525Z - info: Current opened pages, from most-to-least recent:
2025-10-25T04:43:44.525Z - info: 1. admin/tp-ped
2025-10-25T04:43:45.437Z - info: Rebuilding 1 pages
2025-10-25T04:43:46.284Z - info: Site data built
2025-10-25T04:43:46.284Z - info: Pages rebuilt
2025-10-25T04:43:46.284Z - info: Website regeneration complete! Total build time: 0.85s
2025-10-25T04:44:05.465Z - info: Building /Users/damithch/Repos/nus-cs2103/cs2103-website-base/admin/tp-pe as some of its dependencies were changed since the last visit
2025-10-25T04:44:06.321Z - info: Site data built
2025-10-25T04:44:06.321Z - info: Lazy website regeneration complete! Total build time: 0.857s
2025-10-25T04:46:15.637Z - info: [12:46:15] Reload for file change: /Users/damithch/Repos/nus-cs2103/cs2103-website-base/admin/tp-pe-fragment.md
2025-10-25T04:46:15.639Z - info: Synchronizing opened pages list before reload
2025-10-25T04:46:15.641Z - info: Current opened pages, from most-to-least recent:
2025-10-25T04:46:15.641Z - info: 1. admin/tp-pe
2025-10-25T04:46:16.652Z - info: Rebuilding 1 pages
2025-10-25T04:46:17.520Z - info: Site data built
2025-10-25T04:46:17.520Z - info: Pages rebuilt
2025-10-25T04:46:17.520Z - info: Website regeneration complete! Total build time: 0.87s
2025-10-25T04:47:28.828Z - info: [12:47:28] Reload for file change: /Users/damithch/Repos/nus-cs2103/cs2103-website-base/admin/tp-pe-fragment.md
2025-10-25T04:47:28.829Z - info: Synchronizing opened pages list before reload
2025-10-25T04:47:28.831Z - info: Current opened pages, from most-to-least recent:
2025-10-25T04:47:28.831Z - info: 1. admin/tp-pe
2025-10-25T04:47:29.872Z - info: Rebuilding 1 pages
2025-10-25T04:47:30.739Z - info: Site data built
2025-10-25T04:47:30.739Z - info: Pages rebuilt
2025-10-25T04:47:30.739Z - info: Website regeneration complete! Total build time: 0.874s
2025-10-25T04:48:01.479Z - info: [12:48:01] Reload for file change: /Users/damithch/Repos/nus-cs2103/cs2103-website-base/admin/tp-ped-fragment.md
2025-10-25T04:48:01.480Z - info: Synchronizing opened pages list before reload
2025-10-25T04:48:01.482Z - info: Current opened pages, from most-to-least recent:
2025-10-25T04:48:01.482Z - info: 1. admin/tp-pe
2025-10-25T04:48:02.497Z - info: Rebuilding 1 pages
2025-10-25T04:48:03.430Z - info: Site data built
2025-10-25T04:48:03.430Z - info: Pages rebuilt
2025-10-25T04:48:03.430Z - info: Website regeneration complete! Total build time: 0.939s
2025-10-25T04:49:56.224Z - info: [12:49:56] Reload for file change: /Users/damithch/Repos/nus-cs2103/cs2103-website-base/admin/tp-ped-fragment.md
2025-10-25T04:49:56.226Z - info: Synchronizing opened pages list before reload
2025-10-25T04:49:56.228Z - info: Current opened pages, from most-to-least recent:
2025-10-25T04:49:56.228Z - info: 1. admin/tp-pe
2025-10-25T04:49:57.236Z - info: Rebuilding 1 pages
2025-10-25T04:49:58.090Z - info: Site data built
2025-10-25T04:49:58.090Z - info: Pages rebuilt
2025-10-25T04:49:58.090Z - info: Website regeneration complete! Total build time: 0.857s
2025-10-25T04:51:56.575Z - info: [12:51:56] Reload for file change: /Users/damithch/Repos/nus-cs2103/cs2103-website-base/admin/tp-ped-fragment.md
2025-10-25T04:51:56.576Z - info: Synchronizing opened pages list before reload
2025-10-25T04:51:56.576Z - info: Current opened pages, from most-to-least recent:
2025-10-25T04:51:56.576Z - info: 1. admin/tp-pe
2025-10-25T04:51:57.584Z - info: Rebuilding 1 pages
2025-10-25T04:51:58.452Z - info: Site data built
2025-10-25T04:51:58.452Z - info: Pages rebuilt
2025-10-25T04:51:58.452Z - info: Website regeneration complete! Total build time: 0.872s
2025-10-25T04:53:27.021Z - info: [12:53:27] Reload for file change: /Users/damithch/Repos/nus-cs2103/cs2103-website-base/admin/tp-pe-fragment.md
2025-10-25T04:53:27.024Z - info: Synchronizing opened pages list before reload
2025-10-25T04:53:27.025Z - info: Current opened pages, from most-to-least recent:
2025-10-25T04:53:27.025Z - info: 1. admin/tp-pe
2025-10-25T04:53:28.032Z - info: Rebuilding 1 pages
2025-10-25T04:53:28.962Z - info: Site data built
2025-10-25T04:53:28.962Z - info: Pages rebuilt
2025-10-25T04:53:28.962Z - info: Website regeneration complete! Total build time: 0.932s
2025-10-25T04:54:36.857Z - info: [12:54:36] Reload for file change: /Users/damithch/Repos/nus-cs2103/cs2103-website-base/admin/tp-pe-fragment.md
2025-10-25T04:54:36.862Z - info: Synchronizing opened pages list before reload
2025-10-25T04:54:36.866Z - info: Current opened pages, from most-to-least recent:
2025-10-25T04:54:36.866Z - info: 1. admin/tp-pe
2025-10-25T04:54:37.876Z - info: Rebuilding 1 pages
2025-10-25T04:54:38.851Z - info: Site data built
2025-10-25T04:54:38.851Z - info: Pages rebuilt
2025-10-25T04:54:38.851Z - info: Website regeneration complete! Total build time: 0.977s
2025-10-25T04:55:08.571Z - info: [12:55:08] Reload for file change: /Users/damithch/Repos/nus-cs2103/cs2103-website-base/admin/tp-pe-fragment.md
2025-10-25T04:55:08.573Z - info: Synchronizing opened pages list before reload
2025-10-25T04:55:08.574Z - info: Current opened pages, from most-to-least recent:
2025-10-25T04:55:08.574Z - info: 1. admin/tp-pe
2025-10-25T04:55:09.579Z - info: Rebuilding 1 pages
2025-10-25T04:55:10.396Z - info: Site data built
2025-10-25T04:55:10.396Z - info: Pages rebuilt
2025-10-25T04:55:10.396Z - info: Website regeneration complete! Total build time: 0.819s
2025-10-25T04:57:03.601Z - info: Website generation started at 12:57:02
2025-10-25T04:57:04.040Z - warn: ENOENT: no such file or directory, open '/Users/damithch/Repos/nus-cs2103/cs2103-website-base/node_modules/.cache/gh-pages/https!github.com!nus-cs2103-AY2526S1!website.git/book/_markbind/variables.md'
2025-10-25T04:57:04.041Z - warn: ENOENT: no such file or directory, open '/Users/damithch/Repos/nus-cs2103/cs2103-website-base/node_modules/.cache/gh-pages/https!github.com!nus-cs2103-AY2526S1!website.git/_markbind/variables.md'
2025-10-25T04:57:04.060Z - info: Building assets...
2025-10-25T04:57:07.278Z - info: Assets built
2025-10-25T04:57:07.279Z - info: Generating pages...
2025-10-25T04:57:16.271Z - debug:  
2025-10-25T04:57:16.272Z - debug:  
2025-10-25T04:57:16.272Z - debug:  
2025-10-25T04:57:16.272Z - debug:  
2025-10-25T04:57:16.272Z - debug:  
2025-10-25T04:57:16.272Z - debug:  
2025-10-25T04:57:16.272Z - debug:  
2025-10-25T04:57:16.272Z - debug:  
2025-10-25T04:57:16.272Z - debug:  
2025-10-25T04:57:16.272Z - debug:  
2025-10-25T04:57:16.272Z - debug:  
2025-10-25T04:57:16.272Z - debug:  
2025-10-25T04:57:18.477Z - debug:  
2025-10-25T04:57:18.715Z - debug:  
2025-10-25T04:57:18.715Z - debug:  
2025-10-25T04:57:18.767Z - debug:  
2025-10-25T04:57:18.823Z - debug:  
2025-10-25T04:57:18.825Z - debug:  
2025-10-25T04:57:28.901Z - debug:  
2025-10-25T04:58:29.360Z - debug:  
2025-10-25T04:58:42.811Z - debug:  
2025-10-25T04:58:42.846Z - debug:  
2025-10-25T04:58:51.933Z - info: Pages built
2025-10-25T04:58:52.018Z - info: Site data built
2025-10-25T04:58:52.018Z - info: Website generation complete! Total build time: 109.5s
2025-10-25T04:58:52.018Z - info: Build success!
2025-10-25T04:59:17.658Z - info: The website has been deployed at: https://nus-cs2103-ay2526s1.github.io/website
2025-10-25T05:39:10.190Z - info: Website generation (lazy) started at 13:39:08
2025-10-25T05:39:10.707Z - warn: ENOENT: no such file or directory, open '/Users/damithch/Repos/nus-cs2103/cs2103-website-base/node_modules/.cache/gh-pages/https!github.com!nus-cs2103-AY2526S1!website.git/book/_markbind/variables.md'
2025-10-25T05:39:10.708Z - warn: ENOENT: no such file or directory, open '/Users/damithch/Repos/nus-cs2103/cs2103-website-base/node_modules/.cache/gh-pages/https!github.com!nus-cs2103-AY2526S1!website.git/_markbind/variables.md'
2025-10-25T05:39:10.727Z - info: Building assets...
2025-10-25T05:39:13.964Z - info: Assets built
2025-10-25T05:39:13.975Z - info: Generating landing page...
2025-10-25T05:39:14.801Z - info: Landing page built, other pages will be built as you navigate to them!
2025-10-25T05:39:14.878Z - info: Site data built
2025-10-25T05:39:14.878Z - info: Website generation (lazy) complete! Total build time: 6.015s
2025-10-25T05:39:14.888Z - info: Serving "/Users/damithch/Repos/nus-cs2103/cs2103-website-base/_site" at http://127.0.0.1:8080
2025-10-25T05:39:14.888Z - info: Press CTRL+C to stop ...
2025-10-25T05:39:29.152Z - info: Building /Users/damithch/Repos/nus-cs2103/cs2103-website-base/admin/appendixC-faq as some of its dependencies were changed since the last visit
2025-10-25T05:39:31.360Z - info: Site data built
2025-10-25T05:39:31.360Z - info: Lazy website regeneration complete! Total build time: 2.209s
2025-10-25T05:40:31.428Z - info: Building /Users/damithch/Repos/nus-cs2103/cs2103-website-base/admin/tp-pe as some of its dependencies were changed since the last visit
2025-10-25T05:40:32.269Z - info: Site data built
2025-10-25T05:40:32.270Z - info: Lazy website regeneration complete! Total build time: 0.843s
2025-10-25T05:55:02.060Z - info: [13:55:02] Reload for file change: /Users/damithch/Repos/nus-cs2103/cs2103-website-base/admin/faq-fragment.md
2025-10-25T05:55:02.067Z - info: Synchronizing opened pages list before reload
2025-10-25T05:55:02.070Z - info: Current opened pages, from most-to-least recent:
2025-10-25T05:55:02.071Z - info: 1. admin/tp-pe
2025-10-25T05:55:03.082Z - info: Rebuilding 1 pages
2025-10-25T05:55:03.943Z - info: Site data built
2025-10-25T05:55:03.943Z - info: Pages rebuilt
2025-10-25T05:55:03.944Z - info: Website regeneration complete! Total build time: 0.866s
2025-10-25T05:55:57.081Z - info: [13:55:57] Reload for file change: /Users/damithch/Repos/nus-cs2103/cs2103-website-base/admin/appendixC-faq.md
2025-10-25T05:55:57.085Z - info: Synchronizing opened pages list before reload
2025-10-25T05:55:57.090Z - info: Current opened pages, from most-to-least recent:
2025-10-25T05:55:57.091Z - info: 1. admin/tp-pe
2025-10-25T05:55:58.105Z - info: No pages needed to be rebuilt
2025-10-25T05:56:05.233Z - info: [13:56:05] Reload for file change: /Users/damithch/Repos/nus-cs2103/cs2103-website-base/admin/appendixC-faq.md
2025-10-25T05:56:05.233Z - info: Synchronizing opened pages list before reload
2025-10-25T05:56:05.233Z - info: Current opened pages, from most-to-least recent:
2025-10-25T05:56:05.233Z - info: 1. admin/tp-pe
2025-10-25T05:56:06.245Z - info: No pages needed to be rebuilt
2025-10-25T05:56:08.563Z - info: [13:56:08] Reload for file change: /Users/damithch/Repos/nus-cs2103/cs2103-website-base/admin/appendixC-faq.md
2025-10-25T05:56:08.564Z - info: Synchronizing opened pages list before reload
2025-10-25T05:56:08.564Z - info: Current opened pages, from most-to-least recent:
2025-10-25T05:56:08.564Z - info: 1. admin/tp-pe
2025-10-25T05:56:09.569Z - info: No pages needed to be rebuilt
2025-10-25T05:56:13.599Z - info: Building /Users/damithch/Repos/nus-cs2103/cs2103-website-base/admin/appendixC-faq as some of its dependencies were changed since the last visit
2025-10-25T05:56:15.835Z - info: Site data built
2025-10-25T05:56:15.835Z - info: Lazy website regeneration complete! Total build time: 2.236s
2025-10-25T05:56:50.507Z - info: [13:56:50] Reload for file change: /Users/damithch/Repos/nus-cs2103/cs2103-website-base/admin/faq-fragment.md
2025-10-25T05:56:50.509Z - info: Synchronizing opened pages list before reload
2025-10-25T05:56:50.510Z - info: Current opened pages, from most-to-least recent:
2025-10-25T05:56:50.510Z - info: 1. admin/appendixC-faq
2025-10-25T05:56:51.527Z - info: Rebuilding 1 pages
2025-10-25T05:56:53.660Z - info: Site data built
2025-10-25T05:56:53.660Z - info: Pages rebuilt
2025-10-25T05:56:53.660Z - info: Website regeneration complete! Total build time: 2.136s
2025-10-25T05:59:08.621Z - info: [13:59:08] Reload for file change: /Users/damithch/Repos/nus-cs2103/cs2103-website-base/admin/appendixC-faq.md
2025-10-25T05:59:08.626Z - info: Synchronizing opened pages list before reload
2025-10-25T05:59:08.631Z - info: Current opened pages, from most-to-least recent:
2025-10-25T05:59:08.632Z - info: 1. admin/appendixC-faq
2025-10-25T05:59:08.634Z - info: [13:59:08] Reload for file change: /Users/damithch/Repos/nus-cs2103/cs2103-website-base/admin/faq-fragment.md
2025-10-25T05:59:08.635Z - info: Synchronizing opened pages list before reload
2025-10-25T05:59:08.635Z - info: Current opened pages, from most-to-least recent:
2025-10-25T05:59:08.635Z - info: 1. admin/appendixC-faq
2025-10-25T05:59:09.667Z - info: Rebuilding 1 pages
2025-10-25T05:59:11.835Z - info: Site data built
2025-10-25T05:59:11.836Z - info: Pages rebuilt
2025-10-25T05:59:11.836Z - info: Website regeneration complete! Total build time: 2.178s
2025-10-25T05:59:35.531Z - info: Building /Users/damithch/Repos/nus-cs2103/cs2103-website-base/admin/tp-ped as some of its dependencies were changed since the last visit
2025-10-25T05:59:36.486Z - info: Site data built
2025-10-25T05:59:36.486Z - info: Lazy website regeneration complete! Total build time: 0.956s
2025-10-25T06:01:03.647Z - info: [14:01:03] Reload for file change: /Users/damithch/Repos/nus-cs2103/cs2103-website-base/admin/tp-pe-fragment.md
2025-10-25T06:01:03.650Z - info: Synchronizing opened pages list before reload
2025-10-25T06:01:03.687Z - info: Current opened pages, from most-to-least recent:
2025-10-25T06:01:03.687Z - info: 1. admin/tp-ped
2025-10-25T06:01:04.698Z - info: Rebuilding 1 pages
2025-10-25T06:01:04.956Z - error: No such segment '#faq--Q' in file: /Users/damithch/Repos/nus-cs2103/cs2103-website-base/admin/faq-fragment.md
Missing reference in /Users/damithch/Repos/nus-cs2103/cs2103-website-base/admin/tp-pe-fragment.md
2025-10-25T06:01:04.966Z - error: No such segment '#faq--A' in file: /Users/damithch/Repos/nus-cs2103/cs2103-website-base/admin/faq-fragment.md
Missing reference in /Users/damithch/Repos/nus-cs2103/cs2103-website-base/admin/tp-pe-fragment.md
2025-10-25T06:01:05.636Z - info: Site data built
2025-10-25T06:01:05.636Z - info: Pages rebuilt
2025-10-25T06:01:05.636Z - info: Website regeneration complete! Total build time: 0.942s
2025-10-25T06:01:15.991Z - info: [14:01:15] Reload for file change: /Users/damithch/Repos/nus-cs2103/cs2103-website-base/admin/tp-pe-fragment.md
2025-10-25T06:01:15.992Z - info: Synchronizing opened pages list before reload
2025-10-25T06:01:15.992Z - info: Current opened pages, from most-to-least recent:
2025-10-25T06:01:15.992Z - info: 1. admin/tp-ped
2025-10-25T06:01:17.008Z - info: Rebuilding 1 pages
2025-10-25T06:01:17.871Z - info: Site data built
2025-10-25T06:01:17.871Z - info: Pages rebuilt
2025-10-25T06:01:17.871Z - info: Website regeneration complete! Total build time: 0.865s
2025-10-25T06:01:38.198Z - info: Building /Users/damithch/Repos/nus-cs2103/cs2103-website-base/admin/tp-pe as some of its dependencies were changed since the last visit
2025-10-25T06:01:39.150Z - info: Site data built
2025-10-25T06:01:39.151Z - info: Lazy website regeneration complete! Total build time: 0.954s
2025-10-25T06:02:04.945Z - info: [14:02:04] Reload for file change: /Users/damithch/Repos/nus-cs2103/cs2103-website-base/admin/tp-pe-fragment.md
2025-10-25T06:02:04.947Z - info: Synchronizing opened pages list before reload
2025-10-25T06:02:04.947Z - info: Current opened pages, from most-to-least recent:
2025-10-25T06:02:04.947Z - info: 1. admin/tp-pe
2025-10-25T06:02:05.956Z - info: Rebuilding 1 pages
2025-10-25T06:02:06.082Z - error: No such segment '#faq--Q' in file: /Users/damithch/Repos/nus-cs2103/cs2103-website-base/admin/faq-fragment.md
Missing reference in /Users/damithch/Repos/nus-cs2103/cs2103-website-base/admin/tp-pe-fragment.md
2025-10-25T06:02:06.101Z - error: No such segment '#faq--A' in file: /Users/damithch/Repos/nus-cs2103/cs2103-website-base/admin/faq-fragment.md
Missing reference in /Users/damithch/Repos/nus-cs2103/cs2103-website-base/admin/tp-pe-fragment.md
2025-10-25T06:02:06.836Z - info: Site data built
2025-10-25T06:02:06.836Z - info: Pages rebuilt
2025-10-25T06:02:06.836Z - info: Website regeneration complete! Total build time: 0.882s
2025-10-25T06:02:15.077Z - info: [14:02:15] Reload for file change: /Users/damithch/Repos/nus-cs2103/cs2103-website-base/admin/tp-pe-fragment.md
2025-10-25T06:02:15.077Z - info: Synchronizing opened pages list before reload
2025-10-25T06:02:15.077Z - info: Current opened pages, from most-to-least recent:
2025-10-25T06:02:15.077Z - info: 1. admin/tp-pe
2025-10-25T06:02:16.082Z - info: Rebuilding 1 pages
2025-10-25T06:02:16.954Z - info: Site data built
2025-10-25T06:02:16.954Z - info: Pages rebuilt
2025-10-25T06:02:16.954Z - info: Website regeneration complete! Total build time: 0.873s
2025-10-25T06:02:34.896Z - info: [14:02:34] Reload for file change: /Users/damithch/Repos/nus-cs2103/cs2103-website-base/admin/tp-pe-fragment.md
2025-10-25T06:02:34.897Z - info: Synchronizing opened pages list before reload
2025-10-25T06:02:34.898Z - info: Current opened pages, from most-to-least recent:
2025-10-25T06:02:34.898Z - info: 1. admin/tp-pe
2025-10-25T06:02:35.903Z - info: Rebuilding 1 pages
2025-10-25T06:02:36.842Z - info: Site data built
2025-10-25T06:02:36.842Z - info: Pages rebuilt
2025-10-25T06:02:36.842Z - info: Website regeneration complete! Total build time: 0.942s
2025-10-25T06:03:54.675Z - info: Website generation started at 14:03:53
2025-10-25T06:03:55.042Z - warn: ENOENT: no such file or directory, open '/Users/damithch/Repos/nus-cs2103/cs2103-website-base/node_modules/.cache/gh-pages/https!github.com!nus-cs2103-AY2526S1!website.git/book/_markbind/variables.md'
2025-10-25T06:03:55.042Z - warn: ENOENT: no such file or directory, open '/Users/damithch/Repos/nus-cs2103/cs2103-website-base/node_modules/.cache/gh-pages/https!github.com!nus-cs2103-AY2526S1!website.git/_markbind/variables.md'
2025-10-25T06:03:55.061Z - info: Building assets...
2025-10-25T06:03:58.480Z - info: Assets built
2025-10-25T06:03:58.481Z - info: Generating pages...
2025-10-25T06:04:04.341Z - debug:  
2025-10-25T06:04:04.595Z - debug:  
2025-10-25T06:04:04.596Z - debug:  
2025-10-25T06:04:06.955Z - debug:  
2025-10-25T06:04:06.955Z - debug:  
2025-10-25T06:04:06.955Z - debug:  
2025-10-25T06:04:06.955Z - debug:  
2025-10-25T06:04:06.955Z - debug:  
2025-10-25T06:04:06.955Z - debug:  
2025-10-25T06:04:06.955Z - debug:  
2025-10-25T06:04:06.955Z - debug:  
2025-10-25T06:04:06.955Z - debug:  
2025-10-25T06:04:09.109Z - debug:  
2025-10-25T06:04:09.179Z - debug:  
2025-10-25T06:04:09.203Z - debug:  
2025-10-25T06:04:09.227Z - debug:  
2025-10-25T06:04:09.227Z - debug:  
2025-10-25T06:04:09.237Z - debug:  
2025-10-25T06:04:18.442Z - debug:  
2025-10-25T06:05:20.839Z - debug:  
2025-10-25T06:05:33.192Z - debug:  
2025-10-25T06:05:33.518Z - debug:  
2025-10-25T06:05:43.177Z - info: Pages built
2025-10-25T06:05:43.251Z - info: Site data built
2025-10-25T06:05:43.251Z - info: Website generation complete! Total build time: 109.643s
2025-10-25T06:05:43.251Z - info: Build success!
2025-10-25T06:06:12.840Z - info: The website has been deployed at: https://nus-cs2103-ay2526s1.github.io/website
2025-10-25T06:52:17.174Z - info: Website generation (lazy) started at 14:52:15
2025-10-25T06:52:17.719Z - warn: ENOENT: no such file or directory, open '/Users/damithch/Repos/nus-cs2103/cs2103-website-base/node_modules/.cache/gh-pages/https!github.com!nus-cs2103-AY2526S1!website.git/book/_markbind/variables.md'
2025-10-25T06:52:17.719Z - warn: ENOENT: no such file or directory, open '/Users/damithch/Repos/nus-cs2103/cs2103-website-base/node_modules/.cache/gh-pages/https!github.com!nus-cs2103-AY2526S1!website.git/_markbind/variables.md'
2025-10-25T06:52:17.742Z - info: Building assets...
2025-10-25T06:52:20.475Z - info: Assets built
2025-10-25T06:52:20.476Z - info: Generating landing page...
2025-10-25T06:52:21.016Z - info: Landing page built, other pages will be built as you navigate to them!
2025-10-25T06:52:21.096Z - info: Site data built
2025-10-25T06:52:21.096Z - info: Website generation (lazy) complete! Total build time: 5.279s
2025-10-25T06:52:21.106Z - info: Serving "/Users/damithch/Repos/nus-cs2103/cs2103-website-base/_site" at http://127.0.0.1:8080
2025-10-25T06:52:21.106Z - info: Press CTRL+C to stop ...
2025-10-25T06:52:25.346Z - info: Building /Users/damithch/Repos/nus-cs2103/cs2103-website-base/admin/tp-ped as some of its dependencies were changed since the last visit
2025-10-25T06:52:26.277Z - info: Site data built
2025-10-25T06:52:26.277Z - info: Lazy website regeneration complete! Total build time: 0.932s
2025-10-25T06:53:58.066Z - info: [14:53:58] Reload for file change: /Users/damithch/Repos/nus-cs2103/cs2103-website-base/admin/tp-ped-fragment.md
2025-10-25T06:53:58.068Z - info: Synchronizing opened pages list before reload
2025-10-25T06:53:58.077Z - info: Current opened pages, from most-to-least recent:
2025-10-25T06:53:58.079Z - info: 1. admin/tp-ped
2025-10-25T06:53:59.094Z - info: Rebuilding 1 pages
2025-10-25T06:54:00.042Z - info: Site data built
2025-10-25T06:54:00.042Z - info: Pages rebuilt
2025-10-25T06:54:00.043Z - info: Website regeneration complete! Total build time: 0.951s
2025-10-25T06:55:39.607Z - info: [14:55:39] Reload for file change: /Users/damithch/Repos/nus-cs2103/cs2103-website-base/admin/tp-ped-fragment.md
2025-10-25T06:55:39.608Z - info: Synchronizing opened pages list before reload
2025-10-25T06:55:39.609Z - info: Current opened pages, from most-to-least recent:
2025-10-25T06:55:39.610Z - info: 1. admin/tp-ped
2025-10-25T06:55:40.630Z - info: Rebuilding 1 pages
2025-10-25T06:55:41.512Z - info: Site data built
2025-10-25T06:55:41.512Z - info: Pages rebuilt
2025-10-25T06:55:41.512Z - info: Website regeneration complete! Total build time: 0.885s
2025-10-25T06:56:07.538Z - info: [14:56:07] Reload for file change: /Users/damithch/Repos/nus-cs2103/cs2103-website-base/admin/tp-ped-fragment.md
2025-10-25T06:56:07.552Z - info: Synchronizing opened pages list before reload
2025-10-25T06:56:07.557Z - info: Current opened pages, from most-to-least recent:
2025-10-25T06:56:07.560Z - info: 1. admin/tp-ped
2025-10-25T06:56:08.590Z - info: Rebuilding 1 pages
2025-10-25T06:56:09.494Z - info: Site data built
2025-10-25T06:56:09.494Z - info: Pages rebuilt
2025-10-25T06:56:09.494Z - info: Website regeneration complete! Total build time: 0.908s
2025-10-25T06:56:22.671Z - info: Website generation started at 14:56:21
2025-10-25T06:56:23.194Z - warn: ENOENT: no such file or directory, open '/Users/damithch/Repos/nus-cs2103/cs2103-website-base/node_modules/.cache/gh-pages/https!github.com!nus-cs2103-AY2526S1!website.git/book/_markbind/variables.md'
2025-10-25T06:56:23.195Z - warn: ENOENT: no such file or directory, open '/Users/damithch/Repos/nus-cs2103/cs2103-website-base/node_modules/.cache/gh-pages/https!github.com!nus-cs2103-AY2526S1!website.git/_markbind/variables.md'
2025-10-25T06:56:23.241Z - info: Building assets...
2025-10-25T06:56:26.668Z - info: Assets built
2025-10-25T06:56:26.669Z - info: Generating pages...
2025-10-25T06:56:31.359Z - debug:  
2025-10-25T06:56:31.672Z - debug:  
2025-10-25T06:56:31.672Z - debug:  
2025-10-25T06:56:34.360Z - debug:  
2025-10-25T06:56:34.360Z - debug:  
2025-10-25T06:56:34.360Z - debug:  
2025-10-25T06:56:34.360Z - debug:  
2025-10-25T06:56:34.360Z - debug:  
2025-10-25T06:56:34.360Z - debug:  
2025-10-25T06:56:34.360Z - debug:  
2025-10-25T06:56:34.360Z - debug:  
2025-10-25T06:56:34.360Z - debug:  
2025-10-25T06:56:37.252Z - debug:  
2025-10-25T06:56:37.287Z - debug:  
2025-10-25T06:56:37.306Z - debug:  
2025-10-25T06:56:37.330Z - debug:  
2025-10-25T06:56:37.344Z - debug:  
2025-10-25T06:56:37.372Z - debug:  
2025-10-25T06:56:47.806Z - debug:  
2025-10-25T06:57:49.911Z - debug:  
2025-10-25T06:58:02.223Z - debug:  
2025-10-25T06:58:02.541Z - debug:  
2025-10-25T06:58:13.853Z - info: Pages built
2025-10-25T06:58:13.937Z - info: Site data built
2025-10-25T06:58:13.937Z - info: Website generation complete! Total build time: 112.36s
2025-10-25T06:58:13.938Z - info: Build success!
2025-10-25T06:58:40.703Z - info: The website has been deployed at: https://nus-cs2103-ay2526s1.github.io/website
