2025-07-27T17:52:25.478Z - info: Website generation started at 01:52:24
2025-07-27T17:52:26.114Z - warn: ENOENT: no such file or directory, open '/Users/damithch/Repos/nus-cs2103/cs2103-website-base/node_modules/.cache/gh-pages/https!github.com!nus-cs2103-AY2526S1!website.git/book/_markbind/variables.md'
2025-07-27T17:52:26.115Z - warn: ENOENT: no such file or directory, open '/Users/damithch/Repos/nus-cs2103/cs2103-website-base/node_modules/.cache/gh-pages/https!github.com!nus-cs2103-AY2526S1!website.git/_markbind/variables.md'
2025-07-27T17:52:26.133Z - info: Building assets...
2025-07-27T17:52:29.527Z - info: Assets built
2025-07-27T17:52:29.529Z - info: Generating pages...
2025-07-27T17:52:36.137Z - debug:  
2025-07-27T17:52:36.138Z - debug:  
2025-07-27T17:52:36.138Z - debug:  
2025-07-27T17:52:36.138Z - debug:  
2025-07-27T17:52:36.138Z - debug:  
2025-07-27T17:52:36.138Z - debug:  
2025-07-27T17:52:36.138Z - debug:  
2025-07-27T17:52:36.138Z - debug:  
2025-07-27T17:52:36.138Z - debug:  
2025-07-27T17:52:36.138Z - debug:  
2025-07-27T17:52:38.813Z - debug:  
2025-07-27T17:52:38.859Z - debug:  
2025-07-27T17:52:38.896Z - debug:  
2025-07-27T17:52:38.897Z - debug:  
2025-07-27T17:52:38.905Z - debug:  
2025-07-27T17:52:38.927Z - debug:  
2025-07-27T17:52:39.858Z - debug:  
2025-07-27T17:52:48.563Z - debug:  
2025-07-27T17:53:38.965Z - debug:  
2025-07-27T17:53:50.078Z - debug:  
2025-07-27T17:53:50.084Z - debug:  
2025-07-27T17:53:55.730Z - info: Pages built
2025-07-27T17:53:55.811Z - info: Site data built
2025-07-27T17:53:55.811Z - info: Website generation complete! Total build time: 91.734s
2025-07-27T17:53:55.811Z - info: Build success!
2025-07-27T17:54:19.898Z - info: The website has been deployed at: https://nus-cs2113-ay2526s1.github.io/website
2025-07-27T17:59:04.621Z - info: Website generation started at 01:59:03
2025-07-27T17:59:05.232Z - warn: ENOENT: no such file or directory, open '/Users/damithch/Repos/nus-cs2103/cs2103-website-base/node_modules/.cache/gh-pages/https!github.com!nus-cs2113-AY2526S1!website.git/book/_markbind/variables.md'
2025-07-27T17:59:05.233Z - warn: ENOENT: no such file or directory, open '/Users/damithch/Repos/nus-cs2103/cs2103-website-base/node_modules/.cache/gh-pages/https!github.com!nus-cs2113-AY2526S1!website.git/_markbind/variables.md'
2025-07-27T17:59:05.253Z - info: Building assets...
